[  3%] [32mBuilding CXX object CMakeFiles/path_follower_lib.dir/src/path_follower.cpp.o[0m
[  3%] Built target _path_follower_generate_messages_check_deps_PointLoad
[  3%] Built target _path_follower_generate_messages_check_deps_Nearest
[  3%] Built target _path_follower_generate_messages_check_deps_GoalLoad
[  3%] Built target _path_follower_generate_messages_check_deps_PoseList
[  3%] Built target std_msgs_generate_messages_py
[  3%] Built target geometry_msgs_generate_messages_py
[  3%] Built target _path_follower_generate_messages_check_deps_PointList
[  3%] Built target std_msgs_generate_messages_nodejs
[  3%] Built target geometry_msgs_generate_messages_nodejs
[  3%] Built target std_msgs_generate_messages_lisp
[  3%] Built target geometry_msgs_generate_messages_lisp
[  3%] Built target geometry_msgs_generate_messages_eus
[  3%] Built target std_msgs_generate_messages_eus
[  3%] Built target geometry_msgs_generate_messages_cpp
[  3%] Built target std_msgs_generate_messages_cpp
[ 26%] Built target path_follower_generate_messages_py
[ 43%] Built target path_follower_generate_messages_nodejs
[ 60%] Built target path_follower_generate_messages_lisp
[ 80%] Built target path_follower_generate_messages_eus
[35m[1mScanning dependencies of target path_follower_generate_messages_cpp[0m
[ 83%] [34m[1mGenerating C++ code from path_follower/PointList.msg[0m
[ 86%] [34m[1mGenerating C++ code from path_follower/PoseList.msg[0m
[ 90%] [34m[1mGenerating C++ code from path_follower/PointLoad.srv[0m
[ 93%] [34m[1mGenerating C++ code from path_follower/Nearest.srv[0m
[ 96%] [34m[1mGenerating C++ code from path_follower/GoalLoad.srv[0m
[ 96%] Built target path_follower_generate_messages_cpp
[35m[1mScanning dependencies of target path_follower_generate_messages[0m
[ 96%] Built target path_follower_generate_messages
[100%] [32m[1mLinking CXX shared library /home/katomaran-ros/catkin_ws8/devel/.private/path_follower/lib/libpath_follower_lib.so[0m
[100%] Built target path_follower_lib
