[  0%] Built target _path_follower_generate_messages_check_deps_PointLoad
[  0%] Built target _path_follower_generate_messages_check_deps_Nearest
[  6%] Built target path_follower_lib
[  6%] Built target std_msgs_generate_messages_py
[  6%] Built target geometry_msgs_generate_messages_py
[  6%] Built target _path_follower_generate_messages_check_deps_GoalLoad
[  6%] Built target _path_follower_generate_messages_check_deps_PoseList
[  6%] Built target std_msgs_generate_messages_nodejs
[  6%] Built target _path_follower_generate_messages_check_deps_PointList
[  6%] Built target std_msgs_generate_messages_lisp
[  6%] Built target geometry_msgs_generate_messages_nodejs
[  6%] Built target geometry_msgs_generate_messages_lisp
[  6%] Built target geometry_msgs_generate_messages_eus
[  6%] Built target std_msgs_generate_messages_eus
[  6%] Built target geometry_msgs_generate_messages_cpp
[  6%] Built target std_msgs_generate_messages_cpp
[ 30%] Built target path_follower_generate_messages_py
[ 46%] Built target path_follower_generate_messages_nodejs
[ 63%] Built target path_follower_generate_messages_lisp
[ 83%] Built target path_follower_generate_messages_eus
[100%] Built target path_follower_generate_messages_cpp
[100%] Built target path_follower_generate_messages
