Symlinking /home/katomaran-ros/catkin_ws8/devel/share/path_follower/cmake/path_followerConfig.cmake
Symlinking /home/katomaran-ros/catkin_ws8/devel/share/path_follower/cmake/path_follower-msg-extras.cmake
Symlinking /home/katomaran-ros/catkin_ws8/devel/share/path_follower/cmake/path_follower-msg-paths.cmake
Symlinking /home/katomaran-ros/catkin_ws8/devel/share/path_follower/cmake/path_followerConfig-version.cmake
Symlinking /home/katomaran-ros/catkin_ws8/devel/share/roseus/ros/path_follower/manifest.l
Symlinking /home/katomaran-ros/catkin_ws8/devel/share/roseus/ros/path_follower/msg/PointList.l
Symlinking /home/katomaran-ros/catkin_ws8/devel/share/roseus/ros/path_follower/msg/PoseList.l
Symlinking /home/katomaran-ros/catkin_ws8/devel/share/roseus/ros/path_follower/srv/Nearest.l
Symlinking /home/katomaran-ros/catkin_ws8/devel/share/roseus/ros/path_follower/srv/PointLoad.l
Symlinking /home/katomaran-ros/catkin_ws8/devel/share/roseus/ros/path_follower/srv/GoalLoad.l
Symlinking /home/katomaran-ros/catkin_ws8/devel/share/gennodejs/ros/path_follower/_index.js
Symlinking /home/katomaran-ros/catkin_ws8/devel/share/gennodejs/ros/path_follower/msg/_index.js
Symlinking /home/katomaran-ros/catkin_ws8/devel/share/gennodejs/ros/path_follower/msg/PoseList.js
Symlinking /home/katomaran-ros/catkin_ws8/devel/share/gennodejs/ros/path_follower/msg/PointList.js
Symlinking /home/katomaran-ros/catkin_ws8/devel/share/gennodejs/ros/path_follower/srv/Nearest.js
Symlinking /home/katomaran-ros/catkin_ws8/devel/share/gennodejs/ros/path_follower/srv/_index.js
Symlinking /home/katomaran-ros/catkin_ws8/devel/share/gennodejs/ros/path_follower/srv/PointLoad.js
Symlinking /home/katomaran-ros/catkin_ws8/devel/share/gennodejs/ros/path_follower/srv/GoalLoad.js
Symlinking /home/katomaran-ros/catkin_ws8/devel/share/common-lisp/ros/path_follower/msg/_package.lisp
Symlinking /home/katomaran-ros/catkin_ws8/devel/share/common-lisp/ros/path_follower/msg/PoseList.lisp
Symlinking /home/katomaran-ros/catkin_ws8/devel/share/common-lisp/ros/path_follower/msg/_package_PoseList.lisp
Symlinking /home/katomaran-ros/catkin_ws8/devel/share/common-lisp/ros/path_follower/msg/PointList.lisp
Symlinking /home/katomaran-ros/catkin_ws8/devel/share/common-lisp/ros/path_follower/msg/_package_PointList.lisp
Symlinking /home/katomaran-ros/catkin_ws8/devel/share/common-lisp/ros/path_follower/msg/path_follower-msg.asd
Symlinking /home/katomaran-ros/catkin_ws8/devel/share/common-lisp/ros/path_follower/srv/_package_Nearest.lisp
Symlinking /home/katomaran-ros/catkin_ws8/devel/share/common-lisp/ros/path_follower/srv/_package.lisp
Symlinking /home/katomaran-ros/catkin_ws8/devel/share/common-lisp/ros/path_follower/srv/path_follower-srv.asd
Symlinking /home/katomaran-ros/catkin_ws8/devel/share/common-lisp/ros/path_follower/srv/GoalLoad.lisp
Symlinking /home/katomaran-ros/catkin_ws8/devel/share/common-lisp/ros/path_follower/srv/_package_GoalLoad.lisp
Symlinking /home/katomaran-ros/catkin_ws8/devel/share/common-lisp/ros/path_follower/srv/Nearest.lisp
Symlinking /home/katomaran-ros/catkin_ws8/devel/share/common-lisp/ros/path_follower/srv/PointLoad.lisp
Symlinking /home/katomaran-ros/catkin_ws8/devel/share/common-lisp/ros/path_follower/srv/_package_PointLoad.lisp
Symlinking /home/katomaran-ros/catkin_ws8/devel/lib/libpath_follower_lib.so
Symlinking /home/katomaran-ros/catkin_ws8/devel/lib/pkgconfig/path_follower.pc
Symlinking /home/katomaran-ros/catkin_ws8/devel/lib/python2.7/dist-packages/path_follower/__init__.py
Symlinking /home/katomaran-ros/catkin_ws8/devel/lib/python2.7/dist-packages/path_follower/msg/_PointList.py
Symlinking /home/katomaran-ros/catkin_ws8/devel/lib/python2.7/dist-packages/path_follower/msg/__init__.py
Symlinking /home/katomaran-ros/catkin_ws8/devel/lib/python2.7/dist-packages/path_follower/msg/_PoseList.py
Symlinking /home/katomaran-ros/catkin_ws8/devel/lib/python2.7/dist-packages/path_follower/srv/_GoalLoad.py
Symlinking /home/katomaran-ros/catkin_ws8/devel/lib/python2.7/dist-packages/path_follower/srv/__init__.py
Symlinking /home/katomaran-ros/catkin_ws8/devel/lib/python2.7/dist-packages/path_follower/srv/_PointLoad.py
Symlinking /home/katomaran-ros/catkin_ws8/devel/lib/python2.7/dist-packages/path_follower/srv/_Nearest.py
Symlinking /home/katomaran-ros/catkin_ws8/devel/include/path_follower/NearestResponse.h
Symlinking /home/katomaran-ros/catkin_ws8/devel/include/path_follower/PointList.h
Symlinking /home/katomaran-ros/catkin_ws8/devel/include/path_follower/NearestRequest.h
Symlinking /home/katomaran-ros/catkin_ws8/devel/include/path_follower/GoalLoadRequest.h
Symlinking /home/katomaran-ros/catkin_ws8/devel/include/path_follower/Nearest.h
Symlinking /home/katomaran-ros/catkin_ws8/devel/include/path_follower/GoalLoadResponse.h
Symlinking /home/katomaran-ros/catkin_ws8/devel/include/path_follower/PoseList.h
Symlinking /home/katomaran-ros/catkin_ws8/devel/include/path_follower/GoalLoad.h
Symlinking /home/katomaran-ros/catkin_ws8/devel/include/path_follower/PointLoadRequest.h
Symlinking /home/katomaran-ros/catkin_ws8/devel/include/path_follower/PointLoad.h
Symlinking /home/katomaran-ros/catkin_ws8/devel/include/path_follower/PointLoadResponse.h
