Determining if the pthread_create exist failed with the following output:
Change Dir: /home/katomaran-ros/catkin_ws8/build/depthimage_to_laserscan/CMakeFiles/CMakeTmp

Run Build Command:"/usr/bin/make" "cmTC_56f92/fast"
/usr/bin/make -f CMakeFiles/cmTC_56f92.dir/build.make CMakeFiles/cmTC_56f92.dir/build
make[1]: Entering directory '/home/katomaran-ros/catkin_ws8/build/depthimage_to_laserscan/CMakeFiles/CMakeTmp'
Building C object CMakeFiles/cmTC_56f92.dir/CheckSymbolExists.c.o
/usr/bin/cc     -o CMakeFiles/cmTC_56f92.dir/CheckSymbolExists.c.o   -c /home/katomaran-ros/catkin_ws8/build/depthimage_to_laserscan/CMakeFiles/CMakeTmp/CheckSymbolExists.c
Linking C executable cmTC_56f92
/usr/bin/cmake -E cmake_link_script CMakeFiles/cmTC_56f92.dir/link.txt --verbose=1
/usr/bin/cc       CMakeFiles/cmTC_56f92.dir/CheckSymbolExists.c.o  -o cmTC_56f92 -rdynamic 
CMakeFiles/cmTC_56f92.dir/CheckSymbolExists.c.o: In function `main':
CheckSymbolExists.c:(.text+0x16): undefined reference to `pthread_create'
collect2: error: ld returned 1 exit status
CMakeFiles/cmTC_56f92.dir/build.make:97: recipe for target 'cmTC_56f92' failed
make[1]: *** [cmTC_56f92] Error 1
make[1]: Leaving directory '/home/katomaran-ros/catkin_ws8/build/depthimage_to_laserscan/CMakeFiles/CMakeTmp'
Makefile:126: recipe for target 'cmTC_56f92/fast' failed
make: *** [cmTC_56f92/fast] Error 2

File /home/katomaran-ros/catkin_ws8/build/depthimage_to_laserscan/CMakeFiles/CMakeTmp/CheckSymbolExists.c:
/* */
#include <pthread.h>

int main(int argc, char** argv)
{
  (void)argv;
#ifndef pthread_create
  return ((int*)(&pthread_create))[argc];
#else
  (void)argc;
  return 0;
#endif
}

Determining if the function pthread_create exists in the pthreads failed with the following output:
Change Dir: /home/katomaran-ros/catkin_ws8/build/depthimage_to_laserscan/CMakeFiles/CMakeTmp

Run Build Command:"/usr/bin/make" "cmTC_bc3bd/fast"
/usr/bin/make -f CMakeFiles/cmTC_bc3bd.dir/build.make CMakeFiles/cmTC_bc3bd.dir/build
make[1]: Entering directory '/home/katomaran-ros/catkin_ws8/build/depthimage_to_laserscan/CMakeFiles/CMakeTmp'
Building C object CMakeFiles/cmTC_bc3bd.dir/CheckFunctionExists.c.o
/usr/bin/cc    -DCHECK_FUNCTION_EXISTS=pthread_create   -o CMakeFiles/cmTC_bc3bd.dir/CheckFunctionExists.c.o   -c /usr/share/cmake-3.5/Modules/CheckFunctionExists.c
Linking C executable cmTC_bc3bd
/usr/bin/cmake -E cmake_link_script CMakeFiles/cmTC_bc3bd.dir/link.txt --verbose=1
/usr/bin/cc   -DCHECK_FUNCTION_EXISTS=pthread_create    CMakeFiles/cmTC_bc3bd.dir/CheckFunctionExists.c.o  -o cmTC_bc3bd -rdynamic -lpthreads 
/usr/bin/ld: cannot find -lpthreads
collect2: error: ld returned 1 exit status
CMakeFiles/cmTC_bc3bd.dir/build.make:97: recipe for target 'cmTC_bc3bd' failed
make[1]: *** [cmTC_bc3bd] Error 1
make[1]: Leaving directory '/home/katomaran-ros/catkin_ws8/build/depthimage_to_laserscan/CMakeFiles/CMakeTmp'
Makefile:126: recipe for target 'cmTC_bc3bd/fast' failed
make: *** [cmTC_bc3bd/fast] Error 2


