[  0%] Built target geometry_msgs_generate_messages_lisp
[  0%] Built target std_msgs_generate_messages_lisp
[  0%] Built target _robo_waiter_generate_messages_check_deps_Pause
[  0%] Built target _robo_waiter_generate_messages_check_deps_Obstacle
[  0%] Built target _robo_waiter_generate_messages_check_deps_Table
[  0%] Built target _robo_waiter_generate_messages_check_deps_Tabled
[  0%] Built target geometry_msgs_generate_messages_eus
[  0%] Built target std_msgs_generate_messages_eus
[  0%] Built target std_msgs_generate_messages_py
[  0%] Built target _robo_waiter_generate_messages_check_deps_Park
[  0%] Built target geometry_msgs_generate_messages_py
[  0%] Built target _robo_waiter_generate_messages_check_deps_Tl_gl
[  0%] Built target geometry_msgs_generate_messages_cpp
[  0%] Built target geometry_msgs_generate_messages_nodejs
[  0%] Built target std_msgs_generate_messages_nodejs
[  0%] Built target std_msgs_generate_messages_cpp
[  3%] [34m[1mGenerating Lisp code from robo_waiter/Tl_gl.srv[0m
[  6%] [34m[1mGenerating Javascript code from robo_waiter/Tl_gl.srv[0m
[  9%] [34m[1mGenerating EusLisp code from robo_waiter/Tl_gl.srv[0m
[ 12%] [34m[1mGenerating Python code from SRV robo_waiter/Tl_gl[0m
[ 27%] Built target robo_waiter_generate_messages_lisp
[ 30%] [34m[1mGenerating Python msg __init__.py for robo_waiter[0m
[ 45%] Built target robo_waiter_generate_messages_nodejs
[ 48%] [34m[1mGenerating Python srv __init__.py for robo_waiter[0m
[ 66%] Built target robo_waiter_generate_messages_eus
[ 81%] Built target robo_waiter_generate_messages_py
[ 84%] [34m[1mGenerating C++ code from robo_waiter/Tl_gl.srv[0m
[100%] Built target robo_waiter_generate_messages_cpp
[100%] Built target robo_waiter_generate_messages
