[  0%] Built target geometry_msgs_generate_messages_lisp
[35m[1mScanning dependencies of target _robo_waiter_generate_messages_check_deps_Mile[0m
[  0%] Built target std_msgs_generate_messages_lisp
[  0%] Built target _robo_waiter_generate_messages_check_deps_Table
[  0%] Built target _robo_waiter_generate_messages_check_deps_Obstacle
[  0%] Built target _robo_waiter_generate_messages_check_deps_Mile
[  0%] Built target _robo_waiter_generate_messages_check_deps_Pause
[  0%] Built target std_msgs_generate_messages_eus
[  0%] Built target _robo_waiter_generate_messages_check_deps_Tabled
[  0%] Built target _robo_waiter_generate_messages_check_deps_Tl_gl
[  0%] Built target geometry_msgs_generate_messages_eus
[  0%] Built target _robo_waiter_generate_messages_check_deps_Park
[  0%] Built target std_msgs_generate_messages_py
[  0%] Built target geometry_msgs_generate_messages_py
[  0%] Built target std_msgs_generate_messages_cpp
[  0%] Built target geometry_msgs_generate_messages_nodejs
[  0%] Built target geometry_msgs_generate_messages_cpp
[  0%] Built target std_msgs_generate_messages_nodejs
[  2%] [34m[1mGenerating Lisp code from robo_waiter/Mile.msg[0m
[  7%] [34m[1mGenerating EusLisp code from robo_waiter/Mile.msg[0m
[  7%] [34m[1mGenerating Python from MSG robo_waiter/Mile[0m
[ 10%] [34m[1mGenerating C++ code from robo_waiter/Mile.msg[0m
[ 13%] [34m[1mGenerating Python msg __init__.py for robo_waiter[0m
[ 28%] Built target robo_waiter_generate_messages_lisp
[ 31%] [34m[1mGenerating Python srv __init__.py for robo_waiter[0m
[ 50%] Built target robo_waiter_generate_messages_eus
[ 65%] Built target robo_waiter_generate_messages_py
[ 68%] [34m[1mGenerating Javascript code from robo_waiter/Mile.msg[0m
[ 84%] Built target robo_waiter_generate_messages_nodejs
[100%] Built target robo_waiter_generate_messages_cpp
[100%] Built target robo_waiter_generate_messages
