Symlinking /home/katomaran-ros/catkin_ws8/devel/share/roseus/ros/robo_waiter/manifest.l
Symlinking /home/katomaran-ros/catkin_ws8/devel/share/roseus/ros/robo_waiter/msg/Tabled.l
Symlinking /home/katomaran-ros/catkin_ws8/devel/share/roseus/ros/robo_waiter/srv/Obstacle.l
Symlinking /home/katomaran-ros/catkin_ws8/devel/share/roseus/ros/robo_waiter/srv/Pause.l
Symlinking /home/katomaran-ros/catkin_ws8/devel/share/roseus/ros/robo_waiter/srv/Tl_gl.l
Symlinking /home/katomaran-ros/catkin_ws8/devel/share/roseus/ros/robo_waiter/srv/Park.l
Symlinking /home/katomaran-ros/catkin_ws8/devel/share/roseus/ros/robo_waiter/srv/Table.l
Symlinking /home/katomaran-ros/catkin_ws8/devel/share/gennodejs/ros/robo_waiter/_index.js
Symlinking /home/katomaran-ros/catkin_ws8/devel/share/gennodejs/ros/robo_waiter/msg/_index.js
Symlinking /home/katomaran-ros/catkin_ws8/devel/share/gennodejs/ros/robo_waiter/msg/Tabled.js
Symlinking /home/katomaran-ros/catkin_ws8/devel/share/gennodejs/ros/robo_waiter/srv/_index.js
Symlinking /home/katomaran-ros/catkin_ws8/devel/share/gennodejs/ros/robo_waiter/srv/Table.js
Symlinking /home/katomaran-ros/catkin_ws8/devel/share/gennodejs/ros/robo_waiter/srv/Park.js
Symlinking /home/katomaran-ros/catkin_ws8/devel/share/gennodejs/ros/robo_waiter/srv/Pause.js
Symlinking /home/katomaran-ros/catkin_ws8/devel/share/gennodejs/ros/robo_waiter/srv/Obstacle.js
Symlinking /home/katomaran-ros/catkin_ws8/devel/share/gennodejs/ros/robo_waiter/srv/Tl_gl.js
Symlinking /home/katomaran-ros/catkin_ws8/devel/share/common-lisp/ros/robo_waiter/msg/Tabled.lisp
Symlinking /home/katomaran-ros/catkin_ws8/devel/share/common-lisp/ros/robo_waiter/msg/_package.lisp
Symlinking /home/katomaran-ros/catkin_ws8/devel/share/common-lisp/ros/robo_waiter/msg/robo_waiter-msg.asd
Symlinking /home/katomaran-ros/catkin_ws8/devel/share/common-lisp/ros/robo_waiter/msg/_package_Tabled.lisp
Symlinking /home/katomaran-ros/catkin_ws8/devel/share/common-lisp/ros/robo_waiter/srv/Tl_gl.lisp
Symlinking /home/katomaran-ros/catkin_ws8/devel/share/common-lisp/ros/robo_waiter/srv/_package_Table.lisp
Symlinking /home/katomaran-ros/catkin_ws8/devel/share/common-lisp/ros/robo_waiter/srv/_package.lisp
Symlinking /home/katomaran-ros/catkin_ws8/devel/share/common-lisp/ros/robo_waiter/srv/_package_Park.lisp
Symlinking /home/katomaran-ros/catkin_ws8/devel/share/common-lisp/ros/robo_waiter/srv/_package_Obstacle.lisp
Symlinking /home/katomaran-ros/catkin_ws8/devel/share/common-lisp/ros/robo_waiter/srv/Pause.lisp
Symlinking /home/katomaran-ros/catkin_ws8/devel/share/common-lisp/ros/robo_waiter/srv/robo_waiter-srv.asd
Symlinking /home/katomaran-ros/catkin_ws8/devel/share/common-lisp/ros/robo_waiter/srv/Table.lisp
Symlinking /home/katomaran-ros/catkin_ws8/devel/share/common-lisp/ros/robo_waiter/srv/Obstacle.lisp
Symlinking /home/katomaran-ros/catkin_ws8/devel/share/common-lisp/ros/robo_waiter/srv/Park.lisp
Symlinking /home/katomaran-ros/catkin_ws8/devel/share/common-lisp/ros/robo_waiter/srv/_package_Tl_gl.lisp
Symlinking /home/katomaran-ros/catkin_ws8/devel/share/common-lisp/ros/robo_waiter/srv/_package_Pause.lisp
Symlinking /home/katomaran-ros/catkin_ws8/devel/share/robo_waiter/cmake/robo_waiterConfig.cmake
Symlinking /home/katomaran-ros/catkin_ws8/devel/share/robo_waiter/cmake/robo_waiter-msg-paths.cmake
Symlinking /home/katomaran-ros/catkin_ws8/devel/share/robo_waiter/cmake/robo_waiterConfig-version.cmake
Symlinking /home/katomaran-ros/catkin_ws8/devel/share/robo_waiter/cmake/robo_waiter-msg-extras.cmake
Symlinking /home/katomaran-ros/catkin_ws8/devel/lib/pkgconfig/robo_waiter.pc
Symlinking /home/katomaran-ros/catkin_ws8/devel/lib/python2.7/dist-packages/robo_waiter/__init__.py
Symlinking /home/katomaran-ros/catkin_ws8/devel/lib/python2.7/dist-packages/robo_waiter/msg/__init__.py
Symlinking /home/katomaran-ros/catkin_ws8/devel/lib/python2.7/dist-packages/robo_waiter/msg/_Tabled.py
Symlinking /home/katomaran-ros/catkin_ws8/devel/lib/python2.7/dist-packages/robo_waiter/srv/_Tl_gl.py
Symlinking /home/katomaran-ros/catkin_ws8/devel/lib/python2.7/dist-packages/robo_waiter/srv/__init__.py
Symlinking /home/katomaran-ros/catkin_ws8/devel/lib/python2.7/dist-packages/robo_waiter/srv/_Park.py
Symlinking /home/katomaran-ros/catkin_ws8/devel/lib/python2.7/dist-packages/robo_waiter/srv/_Table.py
Symlinking /home/katomaran-ros/catkin_ws8/devel/lib/python2.7/dist-packages/robo_waiter/srv/_Pause.py
Symlinking /home/katomaran-ros/catkin_ws8/devel/lib/python2.7/dist-packages/robo_waiter/srv/_Obstacle.py
Symlinking /home/katomaran-ros/catkin_ws8/devel/include/robo_waiter/TableRequest.h
Symlinking /home/katomaran-ros/catkin_ws8/devel/include/robo_waiter/ParkResponse.h
Symlinking /home/katomaran-ros/catkin_ws8/devel/include/robo_waiter/Tabled.h
Symlinking /home/katomaran-ros/catkin_ws8/devel/include/robo_waiter/PauseRequest.h
Symlinking /home/katomaran-ros/catkin_ws8/devel/include/robo_waiter/Park.h
Symlinking /home/katomaran-ros/catkin_ws8/devel/include/robo_waiter/Pause.h
Symlinking /home/katomaran-ros/catkin_ws8/devel/include/robo_waiter/Table.h
Symlinking /home/katomaran-ros/catkin_ws8/devel/include/robo_waiter/Tl_gl.h
Symlinking /home/katomaran-ros/catkin_ws8/devel/include/robo_waiter/ParkRequest.h
Symlinking /home/katomaran-ros/catkin_ws8/devel/include/robo_waiter/PauseResponse.h
Symlinking /home/katomaran-ros/catkin_ws8/devel/include/robo_waiter/TableResponse.h
Symlinking /home/katomaran-ros/catkin_ws8/devel/include/robo_waiter/Obstacle.h
Symlinking /home/katomaran-ros/catkin_ws8/devel/include/robo_waiter/ObstacleResponse.h
Symlinking /home/katomaran-ros/catkin_ws8/devel/include/robo_waiter/Tl_glResponse.h
Symlinking /home/katomaran-ros/catkin_ws8/devel/include/robo_waiter/ObstacleRequest.h
Symlinking /home/katomaran-ros/catkin_ws8/devel/include/robo_waiter/Tl_glRequest.h
