[35m[1mScanning dependencies of target geometry_msgs_generate_messages_lisp[0m
[35m[1mScanning dependencies of target std_msgs_generate_messages_lisp[0m
[35m[1mScanning dependencies of target _robo_waiter_generate_messages_check_deps_Table[0m
[35m[1mScanning dependencies of target _robo_waiter_generate_messages_check_deps_Obstacle[0m
[  0%] Built target std_msgs_generate_messages_lisp
[  0%] Built target geometry_msgs_generate_messages_lisp
[35m[1mScanning dependencies of target _robo_waiter_generate_messages_check_deps_Tabled[0m
[35m[1mScanning dependencies of target _robo_waiter_generate_messages_check_deps_Pause[0m
[  0%] Built target _robo_waiter_generate_messages_check_deps_Table
[  0%] Built target _robo_waiter_generate_messages_check_deps_Obstacle
[35m[1mScanning dependencies of target _robo_waiter_generate_messages_check_deps_Tl_gl[0m
[35m[1mScanning dependencies of target _robo_waiter_generate_messages_check_deps_Park[0m
[  0%] Built target _robo_waiter_generate_messages_check_deps_Tabled
[  0%] Built target _robo_waiter_generate_messages_check_deps_Pause
[35m[1mScanning dependencies of target std_msgs_generate_messages_eus[0m
[35m[1mScanning dependencies of target geometry_msgs_generate_messages_eus[0m
[  0%] Built target std_msgs_generate_messages_eus
[  0%] Built target _robo_waiter_generate_messages_check_deps_Tl_gl
[  0%] Built target geometry_msgs_generate_messages_eus
[  0%] Built target _robo_waiter_generate_messages_check_deps_Park
[35m[1mScanning dependencies of target std_msgs_generate_messages_py[0m
[35m[1mScanning dependencies of target geometry_msgs_generate_messages_py[0m
[35m[1mScanning dependencies of target geometry_msgs_generate_messages_cpp[0m
[35m[1mScanning dependencies of target std_msgs_generate_messages_cpp[0m
[  0%] Built target std_msgs_generate_messages_py
[  0%] Built target geometry_msgs_generate_messages_py
[  0%] Built target geometry_msgs_generate_messages_cpp
[  0%] Built target std_msgs_generate_messages_cpp
[35m[1mScanning dependencies of target geometry_msgs_generate_messages_nodejs[0m
[35m[1mScanning dependencies of target std_msgs_generate_messages_nodejs[0m
[35m[1mScanning dependencies of target robo_waiter_generate_messages_lisp[0m
[35m[1mScanning dependencies of target robo_waiter_generate_messages_eus[0m
[  0%] Built target geometry_msgs_generate_messages_nodejs
[  0%] Built target std_msgs_generate_messages_nodejs
[  3%] [34m[1mGenerating Lisp code from robo_waiter/Tabled.msg[0m
[  6%] [34m[1mGenerating EusLisp code from robo_waiter/Tabled.msg[0m
[35m[1mScanning dependencies of target robo_waiter_generate_messages_py[0m
[35m[1mScanning dependencies of target robo_waiter_generate_messages_cpp[0m
[  9%] [34m[1mGenerating Python from MSG robo_waiter/Tabled[0m
[ 12%] [34m[1mGenerating C++ code from robo_waiter/Tabled.msg[0m
[ 15%] [34m[1mGenerating Python code from SRV robo_waiter/Park[0m
[ 18%] [34m[1mGenerating Lisp code from robo_waiter/Park.srv[0m
[ 21%] [34m[1mGenerating Python code from SRV robo_waiter/Table[0m
[ 24%] [34m[1mGenerating Lisp code from robo_waiter/Table.srv[0m
[ 27%] [34m[1mGenerating EusLisp code from robo_waiter/Park.srv[0m
[ 30%] [34m[1mGenerating Python code from SRV robo_waiter/Obstacle[0m
[ 33%] [34m[1mGenerating Lisp code from robo_waiter/Obstacle.srv[0m
[ 36%] [34m[1mGenerating Python code from SRV robo_waiter/Tl_gl[0m
[ 39%] [34m[1mGenerating Lisp code from robo_waiter/Tl_gl.srv[0m
[ 42%] [34m[1mGenerating EusLisp code from robo_waiter/Table.srv[0m
[ 45%] [34m[1mGenerating Python code from SRV robo_waiter/Pause[0m
[ 48%] [34m[1mGenerating C++ code from robo_waiter/Park.srv[0m
[ 51%] [34m[1mGenerating Lisp code from robo_waiter/Pause.srv[0m
[ 54%] [34m[1mGenerating EusLisp code from robo_waiter/Obstacle.srv[0m
[ 57%] [34m[1mGenerating Python msg __init__.py for robo_waiter[0m
[ 57%] Built target robo_waiter_generate_messages_lisp
[35m[1mScanning dependencies of target robo_waiter_generate_messages_nodejs[0m
[ 60%] [34m[1mGenerating Javascript code from robo_waiter/Tabled.msg[0m
[ 63%] [34m[1mGenerating Python srv __init__.py for robo_waiter[0m
[ 66%] [34m[1mGenerating EusLisp code from robo_waiter/Tl_gl.srv[0m
[ 66%] Built target robo_waiter_generate_messages_py
[ 69%] [34m[1mGenerating Javascript code from robo_waiter/Park.srv[0m
[ 72%] [34m[1mGenerating C++ code from robo_waiter/Table.srv[0m
[ 75%] [34m[1mGenerating EusLisp code from robo_waiter/Pause.srv[0m
[ 78%] [34m[1mGenerating Javascript code from robo_waiter/Table.srv[0m
[ 81%] [34m[1mGenerating EusLisp manifest code for robo_waiter[0m
[ 84%] [34m[1mGenerating Javascript code from robo_waiter/Obstacle.srv[0m
[ 87%] [34m[1mGenerating C++ code from robo_waiter/Obstacle.srv[0m
[ 90%] [34m[1mGenerating Javascript code from robo_waiter/Tl_gl.srv[0m
[ 93%] [34m[1mGenerating Javascript code from robo_waiter/Pause.srv[0m
[ 93%] Built target robo_waiter_generate_messages_nodejs
[ 96%] [34m[1mGenerating C++ code from robo_waiter/Tl_gl.srv[0m
[100%] [34m[1mGenerating C++ code from robo_waiter/Pause.srv[0m
[100%] Built target robo_waiter_generate_messages_cpp
[100%] Built target robo_waiter_generate_messages_eus
[35m[1mScanning dependencies of target robo_waiter_generate_messages[0m
[100%] Built target robo_waiter_generate_messages
