Linked: (/home/katomaran-ros/catkin_ws8/devel/.private/robo_waiter/share/roseus/ros/robo_waiter/manifest.l, /home/katomaran-ros/catkin_ws8/devel/share/roseus/ros/robo_waiter/manifest.l)
Linked: (/home/katomaran-ros/catkin_ws8/devel/.private/robo_waiter/share/roseus/ros/robo_waiter/msg/Tabled.l, /home/katomaran-ros/catkin_ws8/devel/share/roseus/ros/robo_waiter/msg/Tabled.l)
Linked: (/home/katomaran-ros/catkin_ws8/devel/.private/robo_waiter/share/roseus/ros/robo_waiter/srv/Obstacle.l, /home/katomaran-ros/catkin_ws8/devel/share/roseus/ros/robo_waiter/srv/Obstacle.l)
Linked: (/home/katomaran-ros/catkin_ws8/devel/.private/robo_waiter/share/roseus/ros/robo_waiter/srv/Pause.l, /home/katomaran-ros/catkin_ws8/devel/share/roseus/ros/robo_waiter/srv/Pause.l)
Linked: (/home/katomaran-ros/catkin_ws8/devel/.private/robo_waiter/share/roseus/ros/robo_waiter/srv/Tl_gl.l, /home/katomaran-ros/catkin_ws8/devel/share/roseus/ros/robo_waiter/srv/Tl_gl.l)
Linked: (/home/katomaran-ros/catkin_ws8/devel/.private/robo_waiter/share/roseus/ros/robo_waiter/srv/Park.l, /home/katomaran-ros/catkin_ws8/devel/share/roseus/ros/robo_waiter/srv/Park.l)
Linked: (/home/katomaran-ros/catkin_ws8/devel/.private/robo_waiter/share/roseus/ros/robo_waiter/srv/Table.l, /home/katomaran-ros/catkin_ws8/devel/share/roseus/ros/robo_waiter/srv/Table.l)
Linked: (/home/katomaran-ros/catkin_ws8/devel/.private/robo_waiter/share/gennodejs/ros/robo_waiter/_index.js, /home/katomaran-ros/catkin_ws8/devel/share/gennodejs/ros/robo_waiter/_index.js)
Linked: (/home/katomaran-ros/catkin_ws8/devel/.private/robo_waiter/share/gennodejs/ros/robo_waiter/msg/_index.js, /home/katomaran-ros/catkin_ws8/devel/share/gennodejs/ros/robo_waiter/msg/_index.js)
Linked: (/home/katomaran-ros/catkin_ws8/devel/.private/robo_waiter/share/gennodejs/ros/robo_waiter/msg/Tabled.js, /home/katomaran-ros/catkin_ws8/devel/share/gennodejs/ros/robo_waiter/msg/Tabled.js)
Linked: (/home/katomaran-ros/catkin_ws8/devel/.private/robo_waiter/share/gennodejs/ros/robo_waiter/srv/_index.js, /home/katomaran-ros/catkin_ws8/devel/share/gennodejs/ros/robo_waiter/srv/_index.js)
Linked: (/home/katomaran-ros/catkin_ws8/devel/.private/robo_waiter/share/gennodejs/ros/robo_waiter/srv/Table.js, /home/katomaran-ros/catkin_ws8/devel/share/gennodejs/ros/robo_waiter/srv/Table.js)
Linked: (/home/katomaran-ros/catkin_ws8/devel/.private/robo_waiter/share/gennodejs/ros/robo_waiter/srv/Park.js, /home/katomaran-ros/catkin_ws8/devel/share/gennodejs/ros/robo_waiter/srv/Park.js)
Linked: (/home/katomaran-ros/catkin_ws8/devel/.private/robo_waiter/share/gennodejs/ros/robo_waiter/srv/Pause.js, /home/katomaran-ros/catkin_ws8/devel/share/gennodejs/ros/robo_waiter/srv/Pause.js)
Linked: (/home/katomaran-ros/catkin_ws8/devel/.private/robo_waiter/share/gennodejs/ros/robo_waiter/srv/Obstacle.js, /home/katomaran-ros/catkin_ws8/devel/share/gennodejs/ros/robo_waiter/srv/Obstacle.js)
Linked: (/home/katomaran-ros/catkin_ws8/devel/.private/robo_waiter/share/gennodejs/ros/robo_waiter/srv/Tl_gl.js, /home/katomaran-ros/catkin_ws8/devel/share/gennodejs/ros/robo_waiter/srv/Tl_gl.js)
Linked: (/home/katomaran-ros/catkin_ws8/devel/.private/robo_waiter/share/common-lisp/ros/robo_waiter/msg/Tabled.lisp, /home/katomaran-ros/catkin_ws8/devel/share/common-lisp/ros/robo_waiter/msg/Tabled.lisp)
Linked: (/home/katomaran-ros/catkin_ws8/devel/.private/robo_waiter/share/common-lisp/ros/robo_waiter/msg/_package.lisp, /home/katomaran-ros/catkin_ws8/devel/share/common-lisp/ros/robo_waiter/msg/_package.lisp)
Linked: (/home/katomaran-ros/catkin_ws8/devel/.private/robo_waiter/share/common-lisp/ros/robo_waiter/msg/robo_waiter-msg.asd, /home/katomaran-ros/catkin_ws8/devel/share/common-lisp/ros/robo_waiter/msg/robo_waiter-msg.asd)
Linked: (/home/katomaran-ros/catkin_ws8/devel/.private/robo_waiter/share/common-lisp/ros/robo_waiter/msg/_package_Tabled.lisp, /home/katomaran-ros/catkin_ws8/devel/share/common-lisp/ros/robo_waiter/msg/_package_Tabled.lisp)
Linked: (/home/katomaran-ros/catkin_ws8/devel/.private/robo_waiter/share/common-lisp/ros/robo_waiter/srv/Tl_gl.lisp, /home/katomaran-ros/catkin_ws8/devel/share/common-lisp/ros/robo_waiter/srv/Tl_gl.lisp)
Linked: (/home/katomaran-ros/catkin_ws8/devel/.private/robo_waiter/share/common-lisp/ros/robo_waiter/srv/_package_Table.lisp, /home/katomaran-ros/catkin_ws8/devel/share/common-lisp/ros/robo_waiter/srv/_package_Table.lisp)
Linked: (/home/katomaran-ros/catkin_ws8/devel/.private/robo_waiter/share/common-lisp/ros/robo_waiter/srv/_package.lisp, /home/katomaran-ros/catkin_ws8/devel/share/common-lisp/ros/robo_waiter/srv/_package.lisp)
Linked: (/home/katomaran-ros/catkin_ws8/devel/.private/robo_waiter/share/common-lisp/ros/robo_waiter/srv/_package_Park.lisp, /home/katomaran-ros/catkin_ws8/devel/share/common-lisp/ros/robo_waiter/srv/_package_Park.lisp)
Linked: (/home/katomaran-ros/catkin_ws8/devel/.private/robo_waiter/share/common-lisp/ros/robo_waiter/srv/_package_Obstacle.lisp, /home/katomaran-ros/catkin_ws8/devel/share/common-lisp/ros/robo_waiter/srv/_package_Obstacle.lisp)
Linked: (/home/katomaran-ros/catkin_ws8/devel/.private/robo_waiter/share/common-lisp/ros/robo_waiter/srv/Pause.lisp, /home/katomaran-ros/catkin_ws8/devel/share/common-lisp/ros/robo_waiter/srv/Pause.lisp)
Linked: (/home/katomaran-ros/catkin_ws8/devel/.private/robo_waiter/share/common-lisp/ros/robo_waiter/srv/robo_waiter-srv.asd, /home/katomaran-ros/catkin_ws8/devel/share/common-lisp/ros/robo_waiter/srv/robo_waiter-srv.asd)
Linked: (/home/katomaran-ros/catkin_ws8/devel/.private/robo_waiter/share/common-lisp/ros/robo_waiter/srv/Table.lisp, /home/katomaran-ros/catkin_ws8/devel/share/common-lisp/ros/robo_waiter/srv/Table.lisp)
Linked: (/home/katomaran-ros/catkin_ws8/devel/.private/robo_waiter/share/common-lisp/ros/robo_waiter/srv/Obstacle.lisp, /home/katomaran-ros/catkin_ws8/devel/share/common-lisp/ros/robo_waiter/srv/Obstacle.lisp)
Linked: (/home/katomaran-ros/catkin_ws8/devel/.private/robo_waiter/share/common-lisp/ros/robo_waiter/srv/Park.lisp, /home/katomaran-ros/catkin_ws8/devel/share/common-lisp/ros/robo_waiter/srv/Park.lisp)
Linked: (/home/katomaran-ros/catkin_ws8/devel/.private/robo_waiter/share/common-lisp/ros/robo_waiter/srv/_package_Tl_gl.lisp, /home/katomaran-ros/catkin_ws8/devel/share/common-lisp/ros/robo_waiter/srv/_package_Tl_gl.lisp)
Linked: (/home/katomaran-ros/catkin_ws8/devel/.private/robo_waiter/share/common-lisp/ros/robo_waiter/srv/_package_Pause.lisp, /home/katomaran-ros/catkin_ws8/devel/share/common-lisp/ros/robo_waiter/srv/_package_Pause.lisp)
Linked: (/home/katomaran-ros/catkin_ws8/devel/.private/robo_waiter/share/robo_waiter/cmake/robo_waiterConfig.cmake, /home/katomaran-ros/catkin_ws8/devel/share/robo_waiter/cmake/robo_waiterConfig.cmake)
Linked: (/home/katomaran-ros/catkin_ws8/devel/.private/robo_waiter/share/robo_waiter/cmake/robo_waiter-msg-paths.cmake, /home/katomaran-ros/catkin_ws8/devel/share/robo_waiter/cmake/robo_waiter-msg-paths.cmake)
Linked: (/home/katomaran-ros/catkin_ws8/devel/.private/robo_waiter/share/robo_waiter/cmake/robo_waiterConfig-version.cmake, /home/katomaran-ros/catkin_ws8/devel/share/robo_waiter/cmake/robo_waiterConfig-version.cmake)
Linked: (/home/katomaran-ros/catkin_ws8/devel/.private/robo_waiter/share/robo_waiter/cmake/robo_waiter-msg-extras.cmake, /home/katomaran-ros/catkin_ws8/devel/share/robo_waiter/cmake/robo_waiter-msg-extras.cmake)
Linked: (/home/katomaran-ros/catkin_ws8/devel/.private/robo_waiter/lib/pkgconfig/robo_waiter.pc, /home/katomaran-ros/catkin_ws8/devel/lib/pkgconfig/robo_waiter.pc)
Linked: (/home/katomaran-ros/catkin_ws8/devel/.private/robo_waiter/lib/python2.7/dist-packages/robo_waiter/__init__.py, /home/katomaran-ros/catkin_ws8/devel/lib/python2.7/dist-packages/robo_waiter/__init__.py)
Linked: (/home/katomaran-ros/catkin_ws8/devel/.private/robo_waiter/lib/python2.7/dist-packages/robo_waiter/msg/__init__.py, /home/katomaran-ros/catkin_ws8/devel/lib/python2.7/dist-packages/robo_waiter/msg/__init__.py)
Linked: (/home/katomaran-ros/catkin_ws8/devel/.private/robo_waiter/lib/python2.7/dist-packages/robo_waiter/msg/_Tabled.py, /home/katomaran-ros/catkin_ws8/devel/lib/python2.7/dist-packages/robo_waiter/msg/_Tabled.py)
Linked: (/home/katomaran-ros/catkin_ws8/devel/.private/robo_waiter/lib/python2.7/dist-packages/robo_waiter/srv/_Tl_gl.py, /home/katomaran-ros/catkin_ws8/devel/lib/python2.7/dist-packages/robo_waiter/srv/_Tl_gl.py)
Linked: (/home/katomaran-ros/catkin_ws8/devel/.private/robo_waiter/lib/python2.7/dist-packages/robo_waiter/srv/__init__.py, /home/katomaran-ros/catkin_ws8/devel/lib/python2.7/dist-packages/robo_waiter/srv/__init__.py)
Linked: (/home/katomaran-ros/catkin_ws8/devel/.private/robo_waiter/lib/python2.7/dist-packages/robo_waiter/srv/_Park.py, /home/katomaran-ros/catkin_ws8/devel/lib/python2.7/dist-packages/robo_waiter/srv/_Park.py)
Linked: (/home/katomaran-ros/catkin_ws8/devel/.private/robo_waiter/lib/python2.7/dist-packages/robo_waiter/srv/_Table.py, /home/katomaran-ros/catkin_ws8/devel/lib/python2.7/dist-packages/robo_waiter/srv/_Table.py)
Linked: (/home/katomaran-ros/catkin_ws8/devel/.private/robo_waiter/lib/python2.7/dist-packages/robo_waiter/srv/_Pause.py, /home/katomaran-ros/catkin_ws8/devel/lib/python2.7/dist-packages/robo_waiter/srv/_Pause.py)
Linked: (/home/katomaran-ros/catkin_ws8/devel/.private/robo_waiter/lib/python2.7/dist-packages/robo_waiter/srv/_Obstacle.py, /home/katomaran-ros/catkin_ws8/devel/lib/python2.7/dist-packages/robo_waiter/srv/_Obstacle.py)
Linked: (/home/katomaran-ros/catkin_ws8/devel/.private/robo_waiter/include/robo_waiter/TableRequest.h, /home/katomaran-ros/catkin_ws8/devel/include/robo_waiter/TableRequest.h)
Linked: (/home/katomaran-ros/catkin_ws8/devel/.private/robo_waiter/include/robo_waiter/ParkResponse.h, /home/katomaran-ros/catkin_ws8/devel/include/robo_waiter/ParkResponse.h)
Linked: (/home/katomaran-ros/catkin_ws8/devel/.private/robo_waiter/include/robo_waiter/Tabled.h, /home/katomaran-ros/catkin_ws8/devel/include/robo_waiter/Tabled.h)
Linked: (/home/katomaran-ros/catkin_ws8/devel/.private/robo_waiter/include/robo_waiter/PauseRequest.h, /home/katomaran-ros/catkin_ws8/devel/include/robo_waiter/PauseRequest.h)
Linked: (/home/katomaran-ros/catkin_ws8/devel/.private/robo_waiter/include/robo_waiter/Park.h, /home/katomaran-ros/catkin_ws8/devel/include/robo_waiter/Park.h)
Linked: (/home/katomaran-ros/catkin_ws8/devel/.private/robo_waiter/include/robo_waiter/Pause.h, /home/katomaran-ros/catkin_ws8/devel/include/robo_waiter/Pause.h)
Linked: (/home/katomaran-ros/catkin_ws8/devel/.private/robo_waiter/include/robo_waiter/Table.h, /home/katomaran-ros/catkin_ws8/devel/include/robo_waiter/Table.h)
Linked: (/home/katomaran-ros/catkin_ws8/devel/.private/robo_waiter/include/robo_waiter/Tl_gl.h, /home/katomaran-ros/catkin_ws8/devel/include/robo_waiter/Tl_gl.h)
Linked: (/home/katomaran-ros/catkin_ws8/devel/.private/robo_waiter/include/robo_waiter/ParkRequest.h, /home/katomaran-ros/catkin_ws8/devel/include/robo_waiter/ParkRequest.h)
Linked: (/home/katomaran-ros/catkin_ws8/devel/.private/robo_waiter/include/robo_waiter/PauseResponse.h, /home/katomaran-ros/catkin_ws8/devel/include/robo_waiter/PauseResponse.h)
Linked: (/home/katomaran-ros/catkin_ws8/devel/.private/robo_waiter/include/robo_waiter/TableResponse.h, /home/katomaran-ros/catkin_ws8/devel/include/robo_waiter/TableResponse.h)
Linked: (/home/katomaran-ros/catkin_ws8/devel/.private/robo_waiter/include/robo_waiter/Obstacle.h, /home/katomaran-ros/catkin_ws8/devel/include/robo_waiter/Obstacle.h)
Linked: (/home/katomaran-ros/catkin_ws8/devel/.private/robo_waiter/include/robo_waiter/ObstacleResponse.h, /home/katomaran-ros/catkin_ws8/devel/include/robo_waiter/ObstacleResponse.h)
Linked: (/home/katomaran-ros/catkin_ws8/devel/.private/robo_waiter/include/robo_waiter/Tl_glResponse.h, /home/katomaran-ros/catkin_ws8/devel/include/robo_waiter/Tl_glResponse.h)
Linked: (/home/katomaran-ros/catkin_ws8/devel/.private/robo_waiter/include/robo_waiter/ObstacleRequest.h, /home/katomaran-ros/catkin_ws8/devel/include/robo_waiter/ObstacleRequest.h)
Linked: (/home/katomaran-ros/catkin_ws8/devel/.private/robo_waiter/include/robo_waiter/Tl_glRequest.h, /home/katomaran-ros/catkin_ws8/devel/include/robo_waiter/Tl_glRequest.h)
