Determining if the pthread_create exist failed with the following output:
Change Dir: /home/katomaran-ros/catkin_ws8/build/catkin_tools_prebuild/CMakeFiles/CMakeTmp

Run Build Command:"/usr/bin/make" "cmTC_b513c/fast"
/usr/bin/make -f CMakeFiles/cmTC_b513c.dir/build.make CMakeFiles/cmTC_b513c.dir/build
make[1]: Entering directory '/home/katomaran-ros/catkin_ws8/build/catkin_tools_prebuild/CMakeFiles/CMakeTmp'
Building C object CMakeFiles/cmTC_b513c.dir/CheckSymbolExists.c.o
/usr/bin/cc     -o CMakeFiles/cmTC_b513c.dir/CheckSymbolExists.c.o   -c /home/katomaran-ros/catkin_ws8/build/catkin_tools_prebuild/CMakeFiles/CMakeTmp/CheckSymbolExists.c
Linking C executable cmTC_b513c
/usr/bin/cmake -E cmake_link_script CMakeFiles/cmTC_b513c.dir/link.txt --verbose=1
/usr/bin/cc       CMakeFiles/cmTC_b513c.dir/CheckSymbolExists.c.o  -o cmTC_b513c -rdynamic 
CMakeFiles/cmTC_b513c.dir/CheckSymbolExists.c.o: In function `main':
CheckSymbolExists.c:(.text+0x16): undefined reference to `pthread_create'
collect2: error: ld returned 1 exit status
CMakeFiles/cmTC_b513c.dir/build.make:97: recipe for target 'cmTC_b513c' failed
make[1]: *** [cmTC_b513c] Error 1
make[1]: Leaving directory '/home/katomaran-ros/catkin_ws8/build/catkin_tools_prebuild/CMakeFiles/CMakeTmp'
Makefile:126: recipe for target 'cmTC_b513c/fast' failed
make: *** [cmTC_b513c/fast] Error 2

File /home/katomaran-ros/catkin_ws8/build/catkin_tools_prebuild/CMakeFiles/CMakeTmp/CheckSymbolExists.c:
/* */
#include <pthread.h>

int main(int argc, char** argv)
{
  (void)argv;
#ifndef pthread_create
  return ((int*)(&pthread_create))[argc];
#else
  (void)argc;
  return 0;
#endif
}

Determining if the function pthread_create exists in the pthreads failed with the following output:
Change Dir: /home/katomaran-ros/catkin_ws8/build/catkin_tools_prebuild/CMakeFiles/CMakeTmp

Run Build Command:"/usr/bin/make" "cmTC_90ced/fast"
/usr/bin/make -f CMakeFiles/cmTC_90ced.dir/build.make CMakeFiles/cmTC_90ced.dir/build
make[1]: Entering directory '/home/katomaran-ros/catkin_ws8/build/catkin_tools_prebuild/CMakeFiles/CMakeTmp'
Building C object CMakeFiles/cmTC_90ced.dir/CheckFunctionExists.c.o
/usr/bin/cc    -DCHECK_FUNCTION_EXISTS=pthread_create   -o CMakeFiles/cmTC_90ced.dir/CheckFunctionExists.c.o   -c /usr/share/cmake-3.5/Modules/CheckFunctionExists.c
Linking C executable cmTC_90ced
/usr/bin/cmake -E cmake_link_script CMakeFiles/cmTC_90ced.dir/link.txt --verbose=1
/usr/bin/cc   -DCHECK_FUNCTION_EXISTS=pthread_create    CMakeFiles/cmTC_90ced.dir/CheckFunctionExists.c.o  -o cmTC_90ced -rdynamic -lpthreads 
/usr/bin/ld: cannot find -lpthreads
collect2: error: ld returned 1 exit status
CMakeFiles/cmTC_90ced.dir/build.make:97: recipe for target 'cmTC_90ced' failed
make[1]: *** [cmTC_90ced] Error 1
make[1]: Leaving directory '/home/katomaran-ros/catkin_ws8/build/catkin_tools_prebuild/CMakeFiles/CMakeTmp'
Makefile:126: recipe for target 'cmTC_90ced/fast' failed
make: *** [cmTC_90ced/fast] Error 2


