Determining if the pthread_create exist failed with the following output:
Change Dir: /home/katomaran-ros/catkin_ws8/build/column/CMakeFiles/CMakeTmp

Run Build Command:"/usr/bin/make" "cmTC_0bd1b/fast"
/usr/bin/make -f CMakeFiles/cmTC_0bd1b.dir/build.make CMakeFiles/cmTC_0bd1b.dir/build
make[1]: Entering directory '/home/katomaran-ros/catkin_ws8/build/column/CMakeFiles/CMakeTmp'
Building C object CMakeFiles/cmTC_0bd1b.dir/CheckSymbolExists.c.o
/usr/bin/cc     -o CMakeFiles/cmTC_0bd1b.dir/CheckSymbolExists.c.o   -c /home/katomaran-ros/catkin_ws8/build/column/CMakeFiles/CMakeTmp/CheckSymbolExists.c
Linking C executable cmTC_0bd1b
/usr/bin/cmake -E cmake_link_script CMakeFiles/cmTC_0bd1b.dir/link.txt --verbose=1
/usr/bin/cc       CMakeFiles/cmTC_0bd1b.dir/CheckSymbolExists.c.o  -o cmTC_0bd1b -rdynamic 
CMakeFiles/cmTC_0bd1b.dir/CheckSymbolExists.c.o: In function `main':
CheckSymbolExists.c:(.text+0x16): undefined reference to `pthread_create'
collect2: error: ld returned 1 exit status
CMakeFiles/cmTC_0bd1b.dir/build.make:97: recipe for target 'cmTC_0bd1b' failed
make[1]: *** [cmTC_0bd1b] Error 1
make[1]: Leaving directory '/home/katomaran-ros/catkin_ws8/build/column/CMakeFiles/CMakeTmp'
Makefile:126: recipe for target 'cmTC_0bd1b/fast' failed
make: *** [cmTC_0bd1b/fast] Error 2

File /home/katomaran-ros/catkin_ws8/build/column/CMakeFiles/CMakeTmp/CheckSymbolExists.c:
/* */
#include <pthread.h>

int main(int argc, char** argv)
{
  (void)argv;
#ifndef pthread_create
  return ((int*)(&pthread_create))[argc];
#else
  (void)argc;
  return 0;
#endif
}

Determining if the function pthread_create exists in the pthreads failed with the following output:
Change Dir: /home/katomaran-ros/catkin_ws8/build/column/CMakeFiles/CMakeTmp

Run Build Command:"/usr/bin/make" "cmTC_3a359/fast"
/usr/bin/make -f CMakeFiles/cmTC_3a359.dir/build.make CMakeFiles/cmTC_3a359.dir/build
make[1]: Entering directory '/home/katomaran-ros/catkin_ws8/build/column/CMakeFiles/CMakeTmp'
Building C object CMakeFiles/cmTC_3a359.dir/CheckFunctionExists.c.o
/usr/bin/cc    -DCHECK_FUNCTION_EXISTS=pthread_create   -o CMakeFiles/cmTC_3a359.dir/CheckFunctionExists.c.o   -c /usr/share/cmake-3.5/Modules/CheckFunctionExists.c
Linking C executable cmTC_3a359
/usr/bin/cmake -E cmake_link_script CMakeFiles/cmTC_3a359.dir/link.txt --verbose=1
/usr/bin/cc   -DCHECK_FUNCTION_EXISTS=pthread_create    CMakeFiles/cmTC_3a359.dir/CheckFunctionExists.c.o  -o cmTC_3a359 -rdynamic -lpthreads 
/usr/bin/ld: cannot find -lpthreads
collect2: error: ld returned 1 exit status
CMakeFiles/cmTC_3a359.dir/build.make:97: recipe for target 'cmTC_3a359' failed
make[1]: *** [cmTC_3a359] Error 1
make[1]: Leaving directory '/home/katomaran-ros/catkin_ws8/build/column/CMakeFiles/CMakeTmp'
Makefile:126: recipe for target 'cmTC_3a359/fast' failed
make: *** [cmTC_3a359/fast] Error 2


