Starting object 1
1578317648474,14552,14552,6,0.088,-0.111,-0.044,1,0.000,3,0.000,4,0.000,255,0,
1578317648474,0,14552,1,0.000,0.000,0.000,255,0,
1578317648474,0,14552,3,0.197,0.000,0.000,255,0,
1578317648474,0,14552,4,-0.118,-0.111,0.000,255,0,
1578317658523,10049,24601,1,0.000,0.000,0.000,255,0,
1578317658523,0,24601,3,0.197,0.000,0.000,255,0,
1578317658523,0,24601,4,-0.118,-0.111,0.000,255,0,
1578317812923,154400,179001,4,-0.118,-0.111,0.000,255,0,
1578317812924,1,179002,6,0.050,0.002,-0.048,1,0.160,3,0.141,4,0.221,255,0,
1578317812924,0,179002,1,0.000,0.000,0.000,255,0,
1578317812924,0,179002,3,0.197,0.000,0.000,255,0,
1578317813154,230,179232,6,0.050,0.003,-0.050,1,0.075,3,0.151,4,0.209,255,0,
1578317813171,17,179249,6,0.050,0.005,-0.053,1,0.075,3,0.151,4,0.209,255,0,
1578317813337,166,179415,6,0.050,0.005,-0.053,1,0.082,3,0.163,4,0.222,255,0,
1578317817064,3727,183142,6,0.050,0.005,-0.053,1,0.083,3,0.168,4,0.228,255,0,
1578317817170,106,183248,6,0.050,0.005,-0.053,1,0.082,3,0.168,4,0.228,255,0,
1578317817321,151,183399,6,0.050,0.005,-0.053,1,0.084,3,0.167,4,0.230,255,0,
1578317817488,167,183566,6,0.050,0.005,-0.053,1,0.086,3,0.164,4,0.228,255,0,
1578317817591,103,183669,6,0.050,0.004,-0.055,1,0.087,3,0.165,4,0.228,255,0,
1578317817746,155,183824,6,0.046,0.024,-0.059,1,0.086,3,0.166,4,0.227,255,0,
1578317817874,128,183952,6,0.046,0.029,-0.059,1,0.088,3,0.164,4,0.227,255,0,
1578317818034,160,184112,6,0.045,0.034,-0.058,1,0.088,3,0.164,4,0.227,255,0,
1578317818155,121,184233,6,0.046,0.034,-0.060,1,0.086,3,0.161,4,0.229,255,0,
1578317818323,168,184401,6,0.047,0.032,-0.061,1,0.087,3,0.164,4,0.231,255,0,
1578317818459,136,184537,6,0.047,0.030,-0.063,1,0.084,3,0.163,4,0.228,255,0,
1578317818602,143,184680,6,0.047,0.029,-0.064,1,0.087,3,0.165,4,0.229,255,0,
1578317818758,156,184836,6,0.048,0.030,-0.063,1,0.087,3,0.165,4,0.229,255,0,
1578317818838,80,184916,6,0.048,0.031,-0.062,1,0.087,3,0.165,4,0.229,255,0,
1578317819128,290,185206,6,0.048,0.033,-0.061,1,0.086,3,0.166,4,0.230,255,0,
1578317819278,150,185356,6,0.048,0.033,-0.061,1,0.083,3,0.164,4,0.229,255,0,
1578317819417,139,185495,6,0.048,0.033,-0.061,1,0.087,3,0.164,4,0.229,255,0,
1578318022236,202819,388314,1,0.000,0.000,0.000,255,0,
1578318022236,0,388314,3,0.197,0.000,0.000,255,0,
1578318022236,0,388314,4,-0.118,-0.111,0.000,255,0,
1578318022236,0,388314,6,0.096,-0.080,-0.031,1,0.087,3,0.165,4,0.229,255,0,
1578318032246,10010,398324,4,-0.118,-0.111,0.000,255,0,
1578318032246,0,398324,1,0.000,0.000,0.000,255,0,
1578318032246,0,398324,3,0.197,0.000,0.000,255,0,
1578318038196,5950,404274,255,0.000,0.000,0.000,255,0,
