Starting object 1
1578314997579,22438,22438,6,0.160,0.058,-0.016,1,0.169,3,0.162,4,0.352,255,0,
1578315002044,4465,26903,6,0.161,0.058,-0.013,1,0.172,3,0.163,4,0.353,255,0,
1578315003142,1098,28001,6,0.161,0.058,-0.013,1,0.172,3,0.162,4,0.353,255,0,
1578315006027,2885,30886,4,-0.146,-0.115,0.000,255,0,
1578315006027,0,30886,1,0.000,0.000,0.000,255,0,
1578315006027,0,30886,3,0.313,0.000,0.000,255,0,
1578315007430,1403,32289,6,0.161,0.058,-0.013,1,0.173,3,0.161,4,0.357,255,0,
1578315011910,4480,36769,6,0.161,0.058,-0.013,1,0.171,3,0.162,4,0.352,255,0,
1578315016043,4133,40902,1,0.000,0.000,0.000,255,0,
1578315016043,0,40902,3,0.313,0.000,0.000,255,0,
1578315016043,0,40902,4,-0.146,-0.115,0.000,255,0,
1578315019822,3779,44681,6,0.161,0.058,-0.013,1,0.171,3,0.163,4,0.352,255,0,
1578315019936,114,44795,6,0.161,0.058,-0.013,1,0.170,3,0.168,4,0.352,255,0,
1578315020101,165,44960,6,0.161,0.058,-0.012,1,0.169,3,0.171,4,0.349,255,0,
1578315020213,112,45072,6,0.161,0.057,-0.009,1,0.169,3,0.171,4,0.349,255,0,
1578315020351,138,45210,6,0.161,0.057,-0.007,1,0.169,3,0.170,4,0.348,255,0,
1578315020507,156,45366,6,0.161,0.056,-0.007,1,0.169,3,0.172,4,0.348,255,0,
1578315020681,174,45540,6,0.159,0.056,-0.012,1,0.171,3,0.171,4,0.347,255,0,
1578315020854,173,45713,6,0.157,0.056,-0.021,1,0.172,3,0.172,4,0.351,255,0,
1578315021026,172,45885,6,0.156,0.055,-0.027,1,0.169,3,0.169,4,0.347,255,0,
1578315021193,167,46052,6,0.156,0.055,-0.033,1,0.172,3,0.170,4,0.346,255,0,
1578315021287,94,46146,6,0.155,0.054,-0.037,1,0.172,3,0.170,4,0.346,255,0,
1578315021662,375,46521,6,0.155,0.053,-0.040,1,0.170,3,0.171,4,0.346,255,0,
1578315021846,184,46705,6,0.155,0.051,-0.042,1,0.171,3,0.171,4,0.347,255,0,
1578315022035,189,46894,6,0.156,0.050,-0.043,1,0.178,3,0.168,4,0.352,255,0,
1578315026073,4038,50932,4,-0.146,-0.115,0.000,255,0,
1578315026073,0,50932,1,0.000,0.000,0.000,255,0,
1578315026073,0,50932,3,0.313,0.000,0.000,255,0,
1578315031881,5808,56740,6,0.155,0.049,-0.043,1,0.165,3,0.164,4,0.347,255,0,
1578315032049,168,56908,6,0.155,0.049,-0.043,1,0.171,3,0.162,4,0.347,255,0,
1578315032156,107,57015,6,0.156,0.048,-0.045,1,0.173,3,0.161,4,0.346,255,0,
1578315032345,189,57204,6,0.156,0.048,-0.047,1,0.175,3,0.161,4,0.344,255,0,
1578315032444,99,57303,6,0.155,0.051,-0.049,1,0.175,3,0.161,4,0.344,255,0,
1578315032622,178,57481,6,0.158,0.048,-0.037,1,0.176,3,0.163,4,0.345,255,0,
1578315032770,148,57629,6,0.160,0.044,-0.036,1,0.176,3,0.163,4,0.345,255,0,
1578315032893,123,57752,6,0.160,0.041,-0.038,1,0.177,3,0.159,4,0.345,255,0,
1578315033016,123,57875,6,0.161,0.034,-0.043,1,0.175,3,0.160,4,0.347,255,0,
1578315033142,126,58001,6,0.162,0.032,-0.047,1,0.180,3,0.163,4,0.347,255,0,
1578315033265,123,58124,6,0.162,0.029,-0.051,1,0.175,3,0.159,4,0.344,255,0,
1578315033412,147,58271,6,0.163,0.027,-0.054,1,0.178,3,0.160,4,0.345,255,0,
1578315033548,136,58407,6,0.164,0.026,-0.055,1,0.175,3,0.162,4,0.343,255,0,
1578315033689,141,58548,6,0.164,0.024,-0.056,1,0.177,3,0.161,4,0.345,255,0,
1578315033821,132,58680,6,0.165,0.023,-0.057,1,0.176,3,0.159,4,0.343,255,0,
1578315033978,157,58837,6,0.164,0.022,-0.058,1,0.176,3,0.160,4,0.344,255,0,
1578315034255,277,59114,6,0.164,0.020,-0.058,1,0.175,3,0.160,4,0.346,255,0,
1578315034581,326,59440,6,0.164,0.019,-0.058,1,0.176,3,0.160,4,0.344,255,0,
1578315034655,74,59514,6,0.164,0.019,-0.058,1,0.176,3,0.160,4,0.344,255,0,
1578315034810,155,59669,6,0.164,0.019,-0.058,1,0.175,3,0.160,4,0.346,255,0,
1578315034953,143,59812,6,0.164,0.019,-0.057,1,0.178,3,0.163,4,0.344,255,0,
1578315035120,167,59979,6,0.164,0.020,-0.056,1,0.177,3,0.163,4,0.347,255,0,
1578315035283,163,60142,6,0.164,0.021,-0.056,1,0.177,3,0.160,4,0.347,255,0,
1578315035443,160,60302,6,0.164,0.021,-0.056,1,0.177,3,0.163,4,0.348,255,0,
1578315035623,180,60482,6,0.164,0.022,-0.057,1,0.177,3,0.160,4,0.345,255,0,
1578315035765,142,60624,6,0.164,0.023,-0.058,1,0.177,3,0.160,4,0.345,255,0,
1578315035916,151,60775,6,0.164,0.025,-0.058,1,0.177,3,0.160,4,0.345,255,0,
1578315036076,160,60935,1,0.000,0.000,0.000,255,0,
1578315036076,0,60935,3,0.313,0.000,0.000,255,0,
1578315036076,0,60935,4,-0.146,-0.115,0.000,255,0,
1578315036185,109,61044,6,0.164,0.026,-0.057,1,0.176,3,0.160,4,0.344,255,0,
1578315036437,252,61296,6,0.164,0.026,-0.056,1,0.176,3,0.161,4,0.345,255,0,
1578315036602,165,61461,6,0.164,0.024,-0.056,1,0.175,3,0.161,4,0.348,255,0,
1578315036767,165,61626,6,0.164,0.023,-0.057,1,0.175,3,0.161,4,0.345,255,0,
1578315036926,159,61785,6,0.165,0.022,-0.058,1,0.179,3,0.159,4,0.343,255,0,
1578315037087,161,61946,6,0.165,0.022,-0.058,1,0.176,3,0.160,4,0.345,255,0,
1578315037256,169,62115,6,0.164,0.023,-0.056,1,0.175,3,0.161,4,0.344,255,0,
1578315037359,103,62218,6,0.164,0.023,-0.055,1,0.175,3,0.161,4,0.344,255,0,
1578315037565,206,62424,6,0.165,0.021,-0.056,1,0.176,3,0.163,4,0.348,255,0,
1578315037737,172,62596,6,0.165,0.019,-0.057,1,0.178,3,0.161,4,0.347,255,0,
1578315037880,143,62739,6,0.164,0.019,-0.058,1,0.175,3,0.159,4,0.343,255,0,
1578315038022,142,62881,6,0.164,0.022,-0.057,1,0.175,3,0.161,4,0.345,255,0,
1578315038165,143,63024,6,0.164,0.024,-0.056,1,0.175,3,0.159,4,0.344,255,0,
1578315038313,148,63172,6,0.164,0.026,-0.055,1,0.177,3,0.162,4,0.344,255,0,
1578315038473,160,63332,6,0.164,0.025,-0.055,1,0.175,3,0.160,4,0.344,255,0,
1578315038656,183,63515,6,0.164,0.023,-0.055,1,0.173,3,0.163,4,0.345,255,0,
1578315038800,144,63659,6,0.164,0.021,-0.056,1,0.175,3,0.161,4,0.346,255,0,
1578315038819,19,63678,6,0.164,0.020,-0.056,1,0.175,3,0.161,4,0.346,255,0,
1578315038969,150,63828,6,0.164,0.020,-0.057,1,0.174,3,0.161,4,0.344,255,0,
1578315039114,145,63973,6,0.164,0.021,-0.057,1,0.173,3,0.162,4,0.344,255,0,
1578315039261,147,64120,6,0.163,0.023,-0.056,1,0.167,3,0.168,4,0.344,255,0,
1578315039407,146,64266,6,0.163,0.025,-0.054,1,0.168,3,0.167,4,0.344,255,0,
1578315039575,168,64434,6,0.163,0.025,-0.054,1,0.167,3,0.167,4,0.346,255,0,
1578315039731,156,64590,6,0.162,0.028,-0.052,1,0.167,3,0.166,4,0.345,255,0,
1578315039908,177,64767,6,0.160,0.033,-0.048,1,0.164,3,0.167,4,0.345,255,0,
1578315040075,167,64934,6,0.159,0.037,-0.045,1,0.164,3,0.169,4,0.346,255,0,
1578315040234,159,65093,6,0.157,0.041,-0.040,1,0.166,3,0.167,4,0.344,255,0,
1578315040382,148,65241,6,0.156,0.044,-0.035,1,0.167,3,0.167,4,0.343,255,0,
1578315040549,167,65408,6,0.156,0.046,-0.032,1,0.167,3,0.166,4,0.344,255,0,
1578315040638,89,65497,6,0.155,0.047,-0.029,1,0.165,3,0.166,4,0.344,255,0,
1578315040901,263,65760,6,0.155,0.046,-0.028,1,0.165,3,0.166,4,0.346,255,0,
1578315041045,144,65904,6,0.155,0.045,-0.030,1,0.165,3,0.167,4,0.345,255,0,
1578315041194,149,66053,6,0.155,0.044,-0.031,1,0.165,3,0.168,4,0.345,255,0,
1578315041345,151,66204,6,0.155,0.045,-0.030,1,0.168,3,0.165,4,0.346,255,0,
1578315041757,412,66616,6,0.156,0.047,-0.027,1,0.169,3,0.153,4,0.346,255,0,
1578315046077,4320,70936,4,-0.146,-0.115,0.000,255,0,
1578315046077,0,70936,1,0.000,0.000,0.000,255,0,
1578315046077,0,70936,3,0.313,0.000,0.000,255,0,
1578315056125,10048,80984,4,-0.146,-0.115,0.000,255,0,
1578315056125,0,80984,1,0.000,0.000,0.000,255,0,
1578315056125,0,80984,3,0.313,0.000,0.000,255,0,
1578315066170,10045,91029,1,0.000,0.000,0.000,255,0,
1578315066170,0,91029,3,0.313,0.000,0.000,255,0,
1578315066170,0,91029,4,-0.146,-0.115,0.000,255,0,
1578315076210,10040,101069,1,0.000,0.000,0.000,255,0,
1578315076211,1,101070,3,0.313,0.000,0.000,255,0,
1578315076211,0,101070,4,-0.146,-0.115,0.000,255,0,
1578315086213,10002,111072,1,0.000,0.000,0.000,255,0,
1578315086213,0,111072,3,0.313,0.000,0.000,255,0,
1578315086213,0,111072,4,-0.146,-0.115,0.000,255,0,
1578315090480,4267,115339,6,0.155,0.049,-0.024,1,0.160,3,0.153,4,0.370,255,0,
1578315092843,2363,117702,6,0.156,0.048,-0.025,1,0.432,3,0.151,4,0.636,255,0,
1578315093398,555,118257,6,0.153,0.048,-0.025,1,0.443,3,0.152,4,0.620,255,0,
1578315096223,2825,121082,1,0.000,0.000,0.000,255,0,
1578315096223,0,121082,3,0.313,0.000,0.000,255,0,
1578315096223,0,121082,4,-0.146,-0.115,0.000,255,0,
1578315099120,2897,123979,6,0.144,0.046,-0.026,1,0.451,3,0.152,4,0.615,255,0,
1578315099225,105,124084,6,0.139,0.045,-0.025,1,0.451,3,0.152,4,0.615,255,0,
1578315100896,1671,125755,6,0.184,0.038,-0.024,1,0.451,3,0.152,4,0.512,255,0,
1578315106240,5344,131099,4,-0.146,-0.115,0.000,255,0,
1578315106240,0,131099,1,0.000,0.000,0.000,255,0,
1578315106240,0,131099,3,0.313,0.000,0.000,255,0,
1578315116287,10047,141146,1,0.000,0.000,0.000,255,0,
1578315116287,0,141146,3,0.313,0.000,0.000,255,0,
1578315116287,0,141146,4,-0.146,-0.115,0.000,255,0,
1578315126310,10023,151169,4,-0.146,-0.115,0.000,255,0,
1578315126310,0,151169,1,0.000,0.000,0.000,255,0,
1578315126310,0,151169,3,0.313,0.000,0.000,255,0,
1578315136342,10032,161201,1,0.000,0.000,0.000,255,0,
1578315136342,0,161201,3,0.313,0.000,0.000,255,0,
1578315136342,0,161201,4,-0.146,-0.115,0.000,255,0,
1578315146378,10036,171237,1,0.000,0.000,0.000,255,0,
1578315146378,0,171237,3,0.313,0.000,0.000,255,0,
1578315146378,0,171237,4,-0.146,-0.115,0.000,255,0,
1578315156388,10010,181247,4,-0.146,-0.115,0.000,255,0,
1578315156388,0,181247,1,0.000,0.000,0.000,255,0,
1578315156388,0,181247,3,0.313,0.000,0.000,255,0,
1578315166433,10045,191292,1,0.000,0.000,0.000,255,0,
1578315166433,0,191292,3,0.313,0.000,0.000,255,0,
1578315166433,0,191292,4,-0.146,-0.115,0.000,255,0,
1578315176469,10036,201328,1,0.000,0.000,0.000,255,0,
1578315176469,0,201328,3,0.313,0.000,0.000,255,0,
1578315176469,0,201328,4,-0.146,-0.115,0.000,255,0,
1578315186481,10012,211340,1,0.000,0.000,0.000,255,0,
1578315186481,0,211340,3,0.313,0.000,0.000,255,0,
1578315186481,0,211340,4,-0.146,-0.115,0.000,255,0,
1578315196491,10010,221350,1,0.000,0.000,0.000,255,0,
1578315196491,0,221350,3,0.313,0.000,0.000,255,0,
1578315196491,0,221350,4,-0.146,-0.115,0.000,255,0,
1578315206551,10060,231410,4,-0.146,-0.115,0.000,255,0,
1578315206551,0,231410,1,0.000,0.000,0.000,255,0,
1578315206551,0,231410,3,0.313,0.000,0.000,255,0,
1578315216579,10028,241438,1,0.000,0.000,0.000,255,0,
1578315216579,0,241438,3,0.313,0.000,0.000,255,0,
1578315216579,0,241438,4,-0.146,-0.115,0.000,255,0,
1578315226610,10031,251469,4,-0.146,-0.115,0.000,255,0,
1578315226610,0,251469,1,0.000,0.000,0.000,255,0,
1578315226610,0,251469,3,0.313,0.000,0.000,255,0,
1578315236676,10066,261535,1,0.000,0.000,0.000,255,0,
1578315236676,0,261535,3,0.313,0.000,0.000,255,0,
1578315236676,0,261535,4,-0.146,-0.115,0.000,255,0,
1578315246690,10014,271549,4,-0.146,-0.115,0.000,255,0,
1578315246691,1,271550,1,0.000,0.000,0.000,255,0,
1578315246691,0,271550,3,0.313,0.000,0.000,255,0,
1578315256737,10046,281596,1,0.000,0.000,0.000,255,0,
1578315256737,0,281596,3,0.313,0.000,0.000,255,0,
1578315256737,0,281596,4,-0.146,-0.115,0.000,255,0,
1578315266749,10012,291608,1,0.000,0.000,0.000,255,0,
1578315266749,0,291608,3,0.313,0.000,0.000,255,0,
1578315266749,0,291608,4,-0.146,-0.115,0.000,255,0,
1578315276757,10008,301616,4,-0.146,-0.115,0.000,255,0,
1578315276757,0,301616,1,0.000,0.000,0.000,255,0,
1578315276757,0,301616,3,0.313,0.000,0.000,255,0,
1578315286808,10051,311667,1,0.000,0.000,0.000,255,0,
1578315286808,0,311667,3,0.313,0.000,0.000,255,0,
1578315286808,0,311667,4,-0.146,-0.115,0.000,255,0,
1578315296862,10054,321721,4,-0.146,-0.115,0.000,255,0,
1578315296862,0,321721,1,0.000,0.000,0.000,255,0,
1578315296862,0,321721,3,0.313,0.000,0.000,255,0,
1578315306864,10002,331723,4,-0.146,-0.115,0.000,255,0,
1578315306864,0,331723,1,0.000,0.000,0.000,255,0,
1578315306864,0,331723,3,0.313,0.000,0.000,255,0,
1578315316943,10079,341802,1,0.000,0.000,0.000,255,0,
1578315316943,0,341802,3,0.313,0.000,0.000,255,0,
1578315316943,0,341802,4,-0.146,-0.115,0.000,255,0,
1578315326982,10039,351841,1,0.000,0.000,0.000,255,0,
1578315326982,0,351841,3,0.313,0.000,0.000,255,0,
1578315326982,0,351841,4,-0.146,-0.115,0.000,255,0,
1578315337029,10047,361888,1,0.000,0.000,0.000,255,0,
1578315337029,0,361888,3,0.313,0.000,0.000,255,0,
1578315337029,0,361888,4,-0.146,-0.115,0.000,255,0,
1578315347077,10048,371936,1,0.000,0.000,0.000,255,0,
1578315347077,0,371936,3,0.313,0.000,0.000,255,0,
1578315347077,0,371936,4,-0.146,-0.115,0.000,255,0,
1578315357090,10013,381949,1,0.000,0.000,0.000,255,0,
1578315357090,0,381949,3,0.313,0.000,0.000,255,0,
1578315357090,0,381949,4,-0.146,-0.115,0.000,255,0,
1578315367094,10004,391953,1,0.000,0.000,0.000,255,0,
1578315367094,0,391953,3,0.313,0.000,0.000,255,0,
1578315367094,0,391953,4,-0.146,-0.115,0.000,255,0,
1578315377150,10056,402009,1,0.000,0.000,0.000,255,0,
1578315377150,0,402009,3,0.313,0.000,0.000,255,0,
1578315377150,0,402009,4,-0.146,-0.115,0.000,255,0,
1578315387159,10009,412018,1,0.000,0.000,0.000,255,0,
1578315387159,0,412018,3,0.313,0.000,0.000,255,0,
1578315387159,0,412018,4,-0.146,-0.115,0.000,255,0,
1578315397213,10054,422072,4,-0.146,-0.115,0.000,255,0,
1578315397213,0,422072,1,0.000,0.000,0.000,255,0,
1578315397213,0,422072,3,0.313,0.000,0.000,255,0,
1578315407217,10004,432076,1,0.000,0.000,0.000,255,0,
1578315407217,0,432076,3,0.313,0.000,0.000,255,0,
1578315407217,0,432076,4,-0.146,-0.115,0.000,255,0,
1578315417262,10045,442121,1,0.000,0.000,0.000,255,0,
1578315417262,0,442121,3,0.313,0.000,0.000,255,0,
1578315417262,0,442121,4,-0.146,-0.115,0.000,255,0,
1578315427281,10019,452140,4,-0.146,-0.115,0.000,255,0,
1578315427281,0,452140,1,0.000,0.000,0.000,255,0,
1578315427281,0,452140,3,0.313,0.000,0.000,255,0,
1578315437314,10033,462173,1,0.000,0.000,0.000,255,0,
1578315437314,0,462173,3,0.313,0.000,0.000,255,0,
1578315437314,0,462173,4,-0.146,-0.115,0.000,255,0,
1578315447350,10036,472209,4,-0.146,-0.115,0.000,255,0,
1578315447350,0,472209,1,0.000,0.000,0.000,255,0,
1578315447350,0,472209,3,0.313,0.000,0.000,255,0,
1578315457373,10023,482232,4,-0.146,-0.115,0.000,255,0,
1578315457373,0,482232,1,0.000,0.000,0.000,255,0,
1578315457373,0,482232,3,0.313,0.000,0.000,255,0,
1578315467422,10049,492281,1,0.000,0.000,0.000,255,0,
1578315467422,0,492281,3,0.313,0.000,0.000,255,0,
1578315467422,0,492281,4,-0.146,-0.115,0.000,255,0,
1578315477433,10011,502292,1,0.000,0.000,0.000,255,0,
1578315477433,0,502292,3,0.313,0.000,0.000,255,0,
1578315477433,0,502292,4,-0.146,-0.115,0.000,255,0,
1578315487488,10055,512347,1,0.000,0.000,0.000,255,0,
1578315487488,0,512347,3,0.313,0.000,0.000,255,0,
1578315487488,0,512347,4,-0.146,-0.115,0.000,255,0,
1578315497526,10038,522385,1,0.000,0.000,0.000,255,0,
1578315497526,0,522385,3,0.313,0.000,0.000,255,0,
1578315497526,0,522385,4,-0.146,-0.115,0.000,255,0,
1578315507529,10003,532388,1,0.000,0.000,0.000,255,0,
1578315507529,0,532388,3,0.313,0.000,0.000,255,0,
1578315507529,0,532388,4,-0.146,-0.115,0.000,255,0,
1578315517536,10007,542395,1,0.000,0.000,0.000,255,0,
1578315517536,0,542395,3,0.313,0.000,0.000,255,0,
1578315517536,0,542395,4,-0.146,-0.115,0.000,255,0,
1578315527594,10058,552453,1,0.000,0.000,0.000,255,0,
1578315527594,0,552453,3,0.313,0.000,0.000,255,0,
1578315527594,0,552453,4,-0.146,-0.115,0.000,255,0,
1578315537601,10007,562460,4,-0.146,-0.115,0.000,255,0,
1578315537601,0,562460,1,0.000,0.000,0.000,255,0,
1578315537601,0,562460,3,0.313,0.000,0.000,255,0,
1578315547653,10052,572512,4,-0.146,-0.115,0.000,255,0,
1578315547653,0,572512,1,0.000,0.000,0.000,255,0,
1578315547653,0,572512,3,0.313,0.000,0.000,255,0,
1578315557654,10001,582513,1,0.000,0.000,0.000,255,0,
1578315557654,0,582513,3,0.313,0.000,0.000,255,0,
1578315557654,0,582513,4,-0.146,-0.115,0.000,255,0,
