Starting object 1
1578408364511,15614,15614,1,0.000,0.000,0.000,255,0,
1578408364511,0,15614,3,7.863,0.000,0.000,255,0,
1578408364511,0,15614,4,3.008,-1.785,0.000,255,0,
1578408364511,0,15614,6,0.801,-0.960,-2.569,1,0.000,3,0.000,4,0.000,255,0,
1578408368692,4181,19795,6,0.797,-0.966,-2.567,1,2.855,3,9.128,4,3.482,255,0,
1578408368865,173,19968,6,0.800,-0.961,-2.568,1,2.856,3,7.569,4,3.486,255,0,
1578408368998,133,20101,6,0.800,-0.961,-2.568,1,2.855,3,7.571,4,3.485,255,0,
1578408369107,109,20210,6,0.800,-0.961,-2.568,1,2.857,3,7.576,4,3.485,255,0,
1578408374562,5455,25665,1,0.000,0.000,0.000,255,0,
1578408374562,0,25665,3,7.863,0.000,0.000,255,0,
1578408374562,0,25665,4,3.008,-1.785,0.000,255,0,
1578408384607,10045,35710,4,3.008,-1.785,0.000,255,0,
1578408384607,0,35710,1,0.000,0.000,0.000,255,0,
1578408384607,0,35710,3,7.863,0.000,0.000,255,0,
1578408385496,889,36599,6,0.800,-0.961,-2.568,1,2.857,3,7.590,4,3.483,255,0,
1578408386468,972,37571,6,0.800,-0.961,-2.568,1,2.858,3,7.597,4,3.484,255,0,
1578408386629,161,37732,6,0.800,-0.961,-2.568,1,2.860,3,7.594,4,3.484,255,0,
1578408386746,117,37849,6,0.801,-0.959,-2.568,1,2.858,3,7.596,4,3.484,255,0,
1578408387050,304,38153,6,0.802,-0.956,-2.569,1,2.860,3,7.584,4,3.484,255,0,
1578408387156,106,38259,6,0.799,-0.961,-2.567,1,2.859,3,7.600,4,3.485,255,0,
1578408387344,188,38447,6,0.789,-0.981,-2.563,1,2.859,3,7.586,4,3.483,255,0,
1578408387465,121,38568,6,0.786,-0.987,-2.563,1,2.859,3,7.586,4,3.483,255,0,
1578408387590,125,38693,6,0.785,-0.990,-2.563,1,2.857,3,7.588,4,3.487,255,0,
1578408387744,154,38847,6,0.786,-0.990,-2.563,1,2.857,3,7.586,4,3.484,255,0,
1578408387884,140,38987,6,0.786,-0.990,-2.563,1,2.857,3,7.590,4,3.484,255,0,
1578408388074,190,39177,6,0.787,-0.987,-2.563,1,2.856,3,7.586,4,3.484,255,0,
1578408388244,170,39347,6,0.788,-0.985,-2.564,1,2.859,3,7.596,4,3.486,255,0,
1578408388453,209,39556,6,0.788,-0.983,-2.564,1,2.857,3,7.591,4,3.485,255,0,
1578408388607,154,39710,6,0.788,-0.983,-2.563,1,2.857,3,7.590,4,3.485,255,0,
1578408388693,86,39796,6,0.788,-0.983,-2.563,1,2.856,3,7.590,4,3.485,255,0,
1578408389114,421,40217,6,0.787,-0.984,-2.562,1,2.858,3,7.606,4,3.488,255,0,
1578408389540,426,40643,6,0.787,-0.985,-2.562,1,2.857,3,7.601,4,3.486,255,0,
1578408392163,2623,43266,6,0.786,-0.986,-2.562,1,2.858,3,9.139,4,3.485,255,0,
1578408392424,261,43527,6,0.785,-0.987,-2.562,1,2.856,3,9.144,4,3.485,255,0,
1578408392619,195,43722,6,0.784,-0.988,-2.562,1,2.857,3,7.579,4,3.488,255,0,
1578408392985,366,44088,6,0.781,-0.994,-2.560,1,2.858,3,7.577,4,3.486,255,0,
1578408393712,727,44815,6,0.777,-1.002,-2.559,1,2.858,3,7.585,4,3.487,255,0,
1578408393825,113,44928,6,0.830,-0.912,-2.645,1,2.858,3,7.588,4,3.486,255,0,
1578408393973,148,45076,6,0.824,-0.921,-2.628,1,2.859,3,7.589,4,3.483,255,0,
1578408394253,280,45356,6,0.808,-0.947,-2.593,1,2.860,3,7.579,4,3.484,255,0,
1578408394393,140,45496,6,0.639,-1.230,-2.276,1,2.859,3,7.596,4,3.486,255,0,
1578408394526,133,45629,6,0.506,-1.456,-2.030,1,2.859,3,7.585,4,3.486,255,0,
1578408394623,97,45726,4,3.008,-1.785,0.000,255,0,
1578408394623,0,45726,1,0.000,0.000,0.000,255,0,
1578408394623,0,45726,3,7.863,0.000,0.000,255,0,
1578408394696,73,45799,6,0.548,-1.386,-2.110,1,2.857,3,7.592,4,3.484,255,0,
1578408394831,135,45934,6,0.633,-1.245,-2.268,1,2.857,3,7.592,4,3.484,255,0,
1578408394981,150,46084,6,0.762,-1.029,-2.510,1,2.857,3,7.585,4,3.484,255,0,
1578408395123,142,46226,6,0.779,-1.000,-2.544,1,2.858,3,7.598,4,3.484,255,0,
1578408395260,137,46363,6,0.785,-0.989,-2.556,1,2.860,3,7.591,4,3.480,255,0,
1578408395409,149,46512,6,0.787,-0.985,-2.562,1,2.858,3,7.593,4,3.481,255,0,
1578408395553,144,46656,6,0.786,-0.985,-2.562,1,2.860,3,7.583,4,3.483,255,0,
1578408396638,1085,47741,6,0.785,-0.989,-2.561,1,2.861,3,7.585,4,3.483,255,0,
1578408396774,136,47877,6,0.786,-0.990,-2.562,1,2.861,3,7.585,4,3.483,255,0,
1578408397355,581,48458,6,0.786,-0.991,-2.562,1,2.858,3,9.128,4,3.485,255,0,
1578408397486,131,48589,6,0.787,-0.990,-2.562,1,2.858,3,7.597,4,3.485,255,0,
1578408397643,157,48746,6,0.788,-0.989,-2.563,1,2.861,3,7.588,4,3.483,255,0,
1578408397816,173,48919,6,0.790,-0.985,-2.564,1,2.858,3,7.601,4,3.483,255,0,
1578408397977,161,49080,6,0.790,-0.985,-2.564,1,2.860,3,7.593,4,3.485,255,0,
1578408398218,241,49321,6,0.787,-0.990,-2.563,1,2.859,3,7.584,4,3.484,255,0,
1578408398267,49,49370,6,0.784,-0.992,-2.562,1,2.859,3,7.584,4,3.484,255,0,
1578408398452,185,49555,6,0.782,-0.994,-2.562,1,2.857,3,7.591,4,3.486,255,0,
1578408398613,161,49716,6,0.783,-0.994,-2.562,1,2.859,3,7.594,4,3.484,255,0,
1578408398791,178,49894,6,0.784,-0.991,-2.563,1,2.862,3,7.588,4,3.487,255,0,
1578408403672,4881,54775,6,0.786,-0.988,-2.563,1,2.861,3,7.591,4,3.484,255,0,
1578408403811,139,54914,6,0.786,-0.988,-2.563,1,2.858,3,7.580,4,3.484,255,0,
1578408403946,135,55049,6,0.787,-0.987,-2.564,1,2.859,3,7.591,4,3.484,255,0,
1578408404372,426,55475,6,0.787,-0.986,-2.564,1,2.857,3,7.569,4,3.485,255,0,
1578408404529,157,55632,6,0.786,-0.988,-2.564,1,2.857,3,7.578,4,3.487,255,0,
1578408404640,111,55743,1,0.000,0.000,0.000,255,0,
1578408404640,0,55743,3,7.863,0.000,0.000,255,0,
1578408404640,0,55743,4,3.008,-1.785,0.000,255,0,
1578408404641,1,55744,6,0.790,-0.985,-2.565,1,2.857,3,7.578,4,3.487,255,0,
1578408404783,142,55886,6,0.791,-0.982,-2.566,1,2.858,3,7.585,4,3.485,255,0,
1578408404918,135,56021,6,0.792,-0.980,-2.566,1,2.858,3,7.580,4,3.484,255,0,
1578408414683,9765,65786,4,3.008,-1.785,0.000,255,0,
1578408414683,0,65786,1,0.000,0.000,0.000,255,0,
1578408414683,0,65786,3,7.863,0.000,0.000,255,0,
1578408418661,3978,69764,6,0.795,-0.971,-2.566,1,2.859,3,9.131,4,3.486,255,0,
1578408418826,165,69929,6,0.796,-0.969,-2.567,1,2.863,3,7.654,4,3.484,255,0,
1578408418941,115,70044,6,0.797,-0.966,-2.567,1,2.859,3,7.576,4,3.483,255,0,
1578408419103,162,70206,6,0.801,-0.959,-2.568,1,2.858,3,7.594,4,3.483,255,0,
1578408419241,138,70344,6,0.806,-0.950,-2.570,1,2.860,3,7.578,4,3.483,255,0,
1578408419820,579,70923,6,0.792,-0.976,-2.565,1,2.861,3,7.593,4,3.485,255,0,
1578408419957,137,71060,6,0.785,-0.991,-2.562,1,2.860,3,7.588,4,3.484,255,0,
1578408420047,90,71150,6,0.781,-0.998,-2.561,1,2.860,3,7.588,4,3.484,255,0,
1578408420190,143,71293,6,0.779,-1.002,-2.560,1,2.859,3,7.581,4,3.483,255,0,
1578408420328,138,71431,6,0.782,-0.998,-2.561,1,2.860,3,7.585,4,3.484,255,0,
1578408420471,143,71574,6,0.790,-0.984,-2.564,1,2.860,3,7.587,4,3.487,255,0,
1578408420615,144,71718,6,0.791,-0.984,-2.565,1,2.857,3,7.588,4,3.484,255,0,
1578408420824,209,71927,6,0.791,-0.983,-2.565,1,2.857,3,7.586,4,3.485,255,0,
1578408420902,78,72005,6,0.792,-0.982,-2.565,1,2.858,3,7.577,4,3.487,255,0,
1578408421037,135,72140,6,0.792,-0.980,-2.565,1,2.858,3,7.577,4,3.487,255,0,
1578408421176,139,72279,6,0.792,-0.978,-2.565,1,2.859,3,7.589,4,3.486,255,0,
1578408421316,140,72419,6,0.793,-0.975,-2.566,1,2.858,3,7.585,4,3.486,255,0,
1578408421454,138,72557,6,0.793,-0.972,-2.566,1,2.860,3,7.587,4,3.486,255,0,
1578408421598,144,72701,6,0.794,-0.971,-2.566,1,2.858,3,7.591,4,3.485,255,0,
1578408421772,174,72875,6,0.793,-0.972,-2.566,1,2.858,3,7.586,4,3.488,255,0,
1578408421919,147,73022,6,0.792,-0.974,-2.566,1,2.858,3,7.588,4,3.486,255,0,
1578408422091,172,73194,6,0.791,-0.976,-2.566,1,2.860,3,7.591,4,3.484,255,0,
1578408422248,157,73351,6,0.790,-0.978,-2.566,1,2.858,3,7.587,4,3.485,255,0,
1578408422412,164,73515,6,0.790,-0.979,-2.565,1,2.860,3,7.582,4,3.489,255,0,
1578408422581,169,73684,6,0.789,-0.982,-2.564,1,2.856,3,7.583,4,3.487,255,0,
1578408422757,176,73860,6,0.789,-0.984,-2.564,1,2.858,3,7.582,4,3.486,255,0,
1578408422914,157,74017,6,0.789,-0.983,-2.564,1,2.858,3,7.582,4,3.486,255,0,
1578408423060,146,74163,6,0.790,-0.980,-2.565,1,2.861,3,7.590,4,3.487,255,0,
1578408423161,101,74264,6,0.792,-0.974,-2.566,1,2.861,3,7.590,4,3.487,255,0,
1578408423323,162,74426,6,0.792,-0.971,-2.567,1,2.863,3,7.591,4,3.486,255,0,
1578408423477,154,74580,6,0.792,-0.971,-2.567,1,2.860,3,7.596,4,3.487,255,0,
1578408423665,188,74768,6,0.791,-0.974,-2.566,1,2.859,3,7.594,4,3.485,255,0,
1578408423853,188,74956,6,0.789,-0.979,-2.566,1,2.858,3,7.585,4,3.486,255,0,
1578408423942,89,75045,6,0.788,-0.982,-2.566,1,2.859,3,7.584,4,3.486,255,0,
1578408424102,160,75205,6,0.786,-0.987,-2.565,1,2.859,3,7.580,4,3.488,255,0,
1578408424334,232,75437,6,0.786,-0.987,-2.565,1,2.860,3,7.586,4,3.487,255,0,
1578408424351,17,75454,6,0.788,-0.983,-2.565,1,2.860,3,7.586,4,3.487,255,0,
1578408424518,167,75621,6,0.790,-0.979,-2.565,1,2.859,3,7.589,4,3.487,255,0,
1578408424681,163,75784,6,0.791,-0.977,-2.566,1,2.859,3,7.579,4,3.488,255,0,
1578408424686,5,75789,1,0.000,0.000,0.000,255,0,
1578408424686,0,75789,3,7.863,0.000,0.000,255,0,
1578408424686,0,75789,4,3.008,-1.785,0.000,255,0,
1578408424867,181,75970,6,0.791,-0.976,-2.566,1,2.859,3,7.585,4,3.484,255,0,
1578408424963,96,76066,6,0.791,-0.975,-2.567,1,2.860,3,7.591,4,3.485,255,0,
1578408425045,82,76148,6,0.791,-0.975,-2.567,1,2.860,3,7.591,4,3.485,255,0,
1578408425191,146,76294,6,0.791,-0.975,-2.567,1,2.859,3,7.575,4,3.485,255,0,
1578408425522,331,76625,6,0.790,-0.978,-2.566,1,2.858,3,7.588,4,3.484,255,0,
1578408425600,78,76703,6,0.791,-0.979,-2.565,1,2.858,3,7.588,4,3.484,255,0,
1578408425822,222,76925,6,0.791,-0.979,-2.565,1,2.859,3,7.582,4,3.485,255,0,
1578408427405,1583,78508,6,0.792,-0.977,-2.566,1,2.859,3,9.127,4,3.486,255,0,
1578408427542,137,78645,6,0.792,-0.977,-2.566,1,2.860,3,7.586,4,3.485,255,0,
1578408427682,140,78785,6,0.791,-0.978,-2.565,1,2.860,3,7.573,4,3.487,255,0,
1578408427824,142,78927,6,0.790,-0.980,-2.565,1,2.860,3,7.579,4,3.487,255,0,
1578408428114,290,79217,6,0.789,-0.982,-2.565,1,2.858,3,7.584,4,3.484,255,0,
1578408428653,539,79756,6,0.793,-0.975,-2.567,1,2.858,3,8.805,4,3.486,255,0,
1578408428949,296,80052,6,0.795,-0.973,-2.568,1,2.860,3,7.583,4,3.485,255,0,
1578408429085,136,80188,6,0.796,-0.971,-2.568,1,2.859,3,7.578,4,3.484,255,0,
1578408429218,133,80321,6,0.796,-0.971,-2.568,1,2.858,3,7.579,4,3.485,255,0,
1578408429351,133,80454,6,0.795,-0.972,-2.567,1,2.863,3,7.584,4,3.485,255,0,
1578408429487,136,80590,6,0.794,-0.974,-2.566,1,2.859,3,7.578,4,3.484,255,0,
1578408429635,148,80738,6,0.795,-0.973,-2.566,1,2.858,3,7.586,4,3.487,255,0,
1578408429782,147,80885,6,0.796,-0.972,-2.567,1,2.859,3,7.588,4,3.486,255,0,
1578408429920,138,81023,6,0.796,-0.971,-2.567,1,2.859,3,7.588,4,3.485,255,0,
1578408430084,164,81187,6,0.796,-0.971,-2.568,1,2.858,3,7.603,4,3.485,255,0,
1578408430223,139,81326,6,0.795,-0.973,-2.567,1,2.859,3,7.594,4,3.487,255,0,
1578408430354,131,81457,6,0.793,-0.975,-2.567,1,2.860,3,7.606,4,3.484,255,0,
1578408430501,147,81604,6,0.791,-0.977,-2.566,1,2.858,3,7.635,4,3.484,255,0,
1578408430719,218,81822,6,0.787,-0.985,-2.565,1,2.858,3,7.589,4,3.483,255,0,
1578408430736,17,81839,6,0.780,-0.996,-2.562,1,2.858,3,7.589,4,3.483,255,0,
1578408430886,150,81989,6,0.775,-1.006,-2.560,1,2.858,3,7.595,4,3.483,255,0,
1578408431034,148,82137,6,0.770,-1.014,-2.558,1,2.860,3,7.601,4,3.484,255,0,
1578408431204,170,82307,6,0.772,-1.012,-2.558,1,2.858,3,7.632,4,3.484,255,0,
1578408431444,240,82547,6,0.777,-1.003,-2.559,1,2.860,3,9.139,4,3.483,255,0,
1578408431664,220,82767,6,0.777,-1.003,-2.559,1,2.859,3,7.585,4,3.486,255,0,
1578408433813,2149,84916,6,0.774,-1.008,-2.558,1,2.858,3,7.582,4,3.483,255,0,
1578408433936,123,85039,6,0.774,-1.009,-2.558,1,2.858,3,7.582,4,3.483,255,0,
1578408434218,282,85321,6,0.772,-1.011,-2.558,1,2.859,3,7.589,4,3.485,255,0,
1578408434745,527,85848,1,0.000,0.000,0.000,255,0,
1578408434745,0,85848,3,7.863,0.000,0.000,255,0,
1578408434745,0,85848,4,3.008,-1.785,0.000,255,0,
1578408437129,2384,88232,6,0.771,-1.011,-2.558,1,2.857,3,7.581,4,3.486,255,0,
1578408437285,156,88388,6,0.773,-1.009,-2.558,1,2.858,3,7.573,4,3.485,255,0,
1578408437402,117,88505,6,0.789,-0.983,-2.564,1,2.855,3,7.577,4,3.485,255,0,
1578408437539,137,88642,6,0.790,-0.981,-2.564,1,2.855,3,7.577,4,3.485,255,0,
1578408437679,140,88782,6,0.791,-0.981,-2.564,1,2.855,3,7.579,4,3.482,255,0,
1578408437820,141,88923,6,0.794,-0.973,-2.566,1,2.854,3,7.579,4,3.484,255,0,
1578408437973,153,89076,6,0.796,-0.969,-2.566,1,2.857,3,7.581,4,3.484,255,0,
1578408438136,163,89239,6,0.797,-0.967,-2.566,1,2.934,3,7.575,4,3.484,255,0,
1578408438371,235,89474,6,0.796,-0.963,-2.563,1,2.864,3,7.576,4,3.485,255,0,
1578408438530,159,89633,6,0.800,-0.956,-2.565,1,2.868,3,7.730,4,3.486,255,0,
1578408438870,340,89973,6,0.800,-0.961,-2.568,1,2.866,3,7.606,4,3.471,255,0,
1578408438961,91,90064,6,0.795,-0.983,-2.570,1,2.822,3,7.582,4,3.462,255,0,
1578408439148,187,90251,6,0.788,-1.008,-2.572,1,2.786,3,7.631,4,3.453,255,0,
1578408439320,172,90423,6,0.771,-1.046,-2.567,1,2.714,3,7.650,4,3.459,255,0,
1578408439466,146,90569,6,0.768,-1.053,-2.565,1,2.638,3,7.643,4,3.460,255,0,
1578408439484,18,90587,6,0.765,-1.050,-2.552,1,2.638,3,7.643,4,3.460,255,0,
1578408439646,162,90749,6,0.768,-1.047,-2.551,1,2.577,3,7.573,4,3.421,255,0,
1578408439811,165,90914,6,0.754,-1.034,-2.529,1,2.539,3,7.569,4,3.398,255,0,
1578408439980,169,91083,6,0.724,-1.002,-2.479,1,2.530,3,7.568,4,3.419,255,0,
1578408440124,144,91227,6,0.704,-0.952,-2.423,1,2.459,3,7.686,4,3.533,255,0,
1578408440298,174,91401,6,0.703,-0.946,-2.415,1,2.459,3,7.644,4,3.644,255,0,
1578408440380,82,91483,6,0.701,-0.909,-2.373,1,2.459,3,7.644,4,3.644,255,0,
1578408440572,192,91675,6,0.699,-0.873,-2.354,1,2.215,3,8.123,4,3.685,255,0,
1578408440594,22,91697,6,0.689,-0.758,-2.361,1,2.215,3,8.123,4,3.685,255,0,
1578408440762,168,91865,6,0.656,-0.650,-2.362,1,2.310,3,7.455,4,3.564,255,0,
1578408440936,174,92039,6,0.539,-0.514,-2.311,1,2.379,3,7.225,4,3.363,255,0,
1578408441108,172,92211,6,0.485,-0.466,-2.268,1,2.490,3,7.083,4,3.279,255,0,
1578408441269,161,92372,6,0.441,-0.422,-2.180,1,2.698,3,6.724,4,3.136,255,0,
1578408441449,180,92552,6,0.452,-0.417,-2.175,1,2.698,3,6.724,4,3.136,255,0,
1578408441737,288,92840,6,0.602,-0.354,-2.162,1,2.918,3,6.076,4,2.794,255,0,
1578408441936,199,93039,6,0.828,-0.286,-2.185,1,2.918,3,6.076,4,2.704,255,0,
1578408442125,189,93228,6,1.039,-0.230,-2.210,1,3.038,3,5.907,4,2.586,255,0,
1578408442406,281,93509,6,1.192,-0.197,-2.228,1,3.258,3,5.637,4,2.535,255,0,
1578408442575,169,93678,6,1.403,-0.183,-2.199,1,3.441,3,5.435,4,2.492,255,0,
1578408442823,248,93926,6,1.745,-0.186,-2.119,1,3.507,3,0.000,4,2.484,255,0,
1578408443085,262,94188,6,1.978,-0.205,-2.055,1,3.584,3,5.260,4,2.535,255,0,
1578408443232,147,94335,6,2.185,-0.234,-2.010,1,3.659,3,5.211,4,2.546,255,0,
1578408443387,155,94490,6,2.414,-0.258,-1.976,1,3.704,3,5.173,4,2.404,255,0,
1578408443534,147,94637,6,2.543,-0.262,-1.969,1,3.753,3,5.134,4,2.383,255,0,
1578408443672,138,94775,6,2.725,-0.254,-1.967,1,3.784,3,5.091,4,2.360,255,0,
1578408443834,162,94937,6,2.904,-0.260,-1.973,1,3.815,3,5.080,4,2.379,255,0,
1578408443976,142,95079,6,3.000,-0.300,-1.976,1,3.832,3,5.073,4,2.396,255,0,
1578408444143,167,95246,6,3.073,-0.361,-1.978,1,3.867,3,5.060,4,2.396,255,0,
1578408444272,129,95375,6,3.122,-0.414,-1.977,1,3.963,3,5.035,4,2.391,255,0,
1578408444462,190,95565,6,3.158,-0.452,-1.979,1,3.982,3,5.004,4,2.398,255,0,
1578408444480,18,95583,6,3.193,-0.479,-1.988,1,3.982,3,5.004,4,2.398,255,0,
1578408444631,151,95734,6,3.220,-0.498,-1.999,1,3.998,3,5.012,4,2.394,255,0,
1578408444785,154,95888,4,3.008,-1.785,0.000,255,0,
1578408444786,1,95889,6,3.252,-0.524,-2.015,1,4.102,3,5.012,4,2.427,255,0,
1578408444786,0,95889,1,0.000,0.000,0.000,255,0,
1578408444786,0,95889,3,7.863,0.000,0.000,255,0,
1578408444947,161,96050,6,3.281,-0.551,-2.030,1,4.150,3,5.001,4,2.432,255,0,
1578408445031,84,96134,6,3.318,-0.593,-2.053,1,4.150,3,5.001,4,2.432,255,0,
1578408445187,156,96290,6,3.321,-0.597,-2.055,1,4.170,3,5.007,4,2.437,255,0,
1578408445338,151,96441,6,3.346,-0.640,-2.081,1,4.042,3,5.011,4,2.439,255,0,
1578408445496,158,96599,6,3.373,-0.692,-2.113,1,4.031,3,5.021,4,2.438,255,0,
1578408445641,145,96744,6,3.398,-0.738,-2.145,1,4.027,3,5.024,4,2.440,255,0,
1578408445782,141,96885,6,3.406,-0.750,-2.154,1,4.025,3,5.025,4,2.443,255,0,
1578408445929,147,97032,6,3.405,-0.741,-2.158,1,4.020,3,5.023,4,2.439,255,0,
1578408446085,156,97188,6,3.389,-0.703,-2.146,1,4.173,3,5.027,4,2.440,255,0,
1578408446216,131,97319,6,3.370,-0.662,-2.133,1,4.168,3,5.027,4,2.441,255,0,
1578408446377,161,97480,6,3.362,-0.647,-2.128,1,4.124,3,5.029,4,2.443,255,0,
1578408446546,169,97649,6,3.367,-0.667,-2.137,1,4.111,3,5.028,4,2.441,255,0,
1578408446622,76,97725,6,3.384,-0.718,-2.158,1,4.111,3,5.028,4,2.441,255,0,
1578408446771,149,97874,6,3.403,-0.772,-2.181,1,4.106,3,5.030,4,2.441,255,0,
1578408446929,158,98032,6,3.413,-0.800,-2.194,1,4.144,3,5.029,4,2.443,255,0,
1578408447063,134,98166,6,3.415,-0.807,-2.198,1,4.120,3,5.030,4,2.442,255,0,
1578408447230,167,98333,6,3.411,-0.798,-2.195,1,4.015,3,5.028,4,2.444,255,0,
1578408447394,164,98497,6,3.411,-0.799,-2.196,1,4.030,3,5.028,4,2.445,255,0,
1578408447552,158,98655,6,3.413,-0.806,-2.199,1,4.030,3,5.028,4,2.445,255,0,
1578408447720,168,98823,6,3.417,-0.817,-2.205,1,4.018,3,5.029,4,2.440,255,0,
1578408447877,157,98980,6,3.408,-0.792,-2.194,1,4.016,3,5.037,4,2.439,255,0,
1578408448019,142,99122,6,3.386,-0.730,-2.167,1,4.012,3,5.034,4,2.434,255,0,
1578408448175,156,99278,6,3.358,-0.658,-2.133,1,3.982,3,5.029,4,2.444,255,0,
1578408448344,169,99447,6,3.340,-0.614,-2.111,1,4.007,3,5.027,4,2.456,255,0,
1578408448364,20,99467,6,3.336,-0.608,-2.108,1,4.007,3,5.027,4,2.456,255,0,
1578408448525,161,99628,6,3.336,-0.616,-2.112,1,4.013,3,5.019,4,2.471,255,0,
1578408448678,153,99781,6,3.339,-0.620,-2.119,1,4.008,3,5.026,4,2.449,255,0,
1578408448839,161,99942,6,3.339,-0.606,-2.121,1,4.009,3,5.031,4,2.445,255,0,
1578408448989,150,100092,6,3.341,-0.595,-2.121,1,4.012,3,5.027,4,2.460,255,0,
1578408449135,146,100238,6,3.341,-0.594,-2.121,1,4.019,3,5.019,4,2.499,255,0,
1578408449276,141,100379,6,3.343,-0.597,-2.121,1,4.020,3,5.017,4,2.482,255,0,
1578408449456,180,100559,6,3.345,-0.598,-2.123,1,4.021,3,5.020,4,2.446,255,0,
1578408449477,21,100580,6,3.347,-0.593,-2.126,1,4.021,3,5.020,4,2.446,255,0,
1578408449639,162,100742,6,3.349,-0.586,-2.129,1,4.015,3,5.023,4,2.482,255,0,
1578408449877,238,100980,6,3.352,-0.582,-2.131,1,4.005,3,5.026,4,2.447,255,0,
1578408449891,14,100994,6,3.354,-0.587,-2.131,1,4.005,3,5.026,4,2.447,255,0,
1578408450038,147,101141,6,3.355,-0.595,-2.130,1,4.008,3,5.021,4,2.445,255,0,
1578408450178,140,101281,6,3.355,-0.596,-2.129,1,4.008,3,5.024,4,2.448,255,0,
1578408450319,141,101422,6,3.353,-0.600,-2.126,1,4.005,3,5.022,4,2.448,255,0,
1578408450473,154,101576,6,3.349,-0.603,-2.121,1,4.005,3,5.024,4,2.449,255,0,
1578408450739,266,101842,6,3.349,-0.603,-2.121,1,4.007,3,5.025,4,2.448,255,0,
1578408450981,242,102084,6,3.348,-0.604,-2.118,1,4.009,3,5.025,4,2.450,255,0,
1578408451060,79,102163,6,3.347,-0.603,-2.117,1,4.005,3,5.025,4,2.451,255,0,
1578408451201,141,102304,6,3.347,-0.604,-2.116,1,4.005,3,5.025,4,2.451,255,0,
1578408451349,148,102452,6,3.346,-0.604,-2.117,1,4.006,3,5.024,4,2.447,255,0,
1578408451483,134,102586,6,3.346,-0.606,-2.119,1,4.004,3,5.024,4,2.449,255,0,
1578408451614,131,102717,6,3.346,-0.605,-2.119,1,4.006,3,5.023,4,2.450,255,0,
1578408451722,108,102825,6,3.346,-0.604,-2.118,1,4.006,3,5.023,4,2.450,255,0,
1578408452029,307,103132,6,3.345,-0.602,-2.117,1,4.007,3,5.025,4,2.449,255,0,
1578408452172,143,103275,6,3.345,-0.602,-2.117,1,4.007,3,5.025,4,2.449,255,0,
1578408452393,221,103496,6,3.346,-0.602,-2.117,1,4.008,3,5.027,4,2.448,255,0,
1578408452543,150,103646,6,3.346,-0.603,-2.117,1,4.005,3,5.027,4,2.448,255,0,
1578408452700,157,103803,6,3.346,-0.603,-2.117,1,4.013,3,5.028,4,2.448,255,0,
1578408452864,164,103967,6,3.345,-0.604,-2.117,1,4.013,3,5.028,4,2.453,255,0,
1578408452971,107,104074,6,3.345,-0.605,-2.118,1,4.005,3,5.030,4,2.450,255,0,
1578408453116,145,104219,6,3.345,-0.607,-2.119,1,4.005,3,5.030,4,2.449,255,0,
1578408453259,143,104362,6,3.346,-0.609,-2.121,1,4.004,3,5.031,4,2.447,255,0,
1578408453502,243,104605,6,3.345,-0.610,-2.122,1,4.005,3,5.030,4,2.448,255,0,
1578408453833,331,104936,6,3.344,-0.610,-2.122,1,4.006,3,5.027,4,2.446,255,0,
1578408454059,226,105162,6,3.344,-0.609,-2.122,1,4.006,3,5.028,4,2.446,255,0,
1578408454219,160,105322,6,3.343,-0.608,-2.121,1,4.009,3,5.028,4,2.450,255,0,
1578408454372,153,105475,6,3.343,-0.607,-2.120,1,4.011,3,5.028,4,2.450,255,0,
1578408454533,161,105636,6,3.343,-0.606,-2.118,1,4.008,3,5.026,4,2.450,255,0,
1578408454612,79,105715,6,3.343,-0.608,-2.119,1,4.008,3,5.026,4,2.450,255,0,
1578408454763,151,105866,6,3.343,-0.610,-2.120,1,4.011,3,5.026,4,2.453,255,0,
1578408454916,153,106019,1,0.000,0.000,0.000,255,0,
1578408454916,0,106019,3,7.863,0.000,0.000,255,0,
1578408454916,0,106019,4,3.008,-1.785,0.000,255,0,
1578408454916,0,106019,6,3.344,-0.610,-2.121,1,4.004,3,5.025,4,2.451,255,0,
1578408455067,151,106170,6,3.346,-0.611,-2.123,1,3.964,3,5.044,4,2.449,255,0,
1578408455216,149,106319,6,3.348,-0.610,-2.123,1,3.933,3,5.068,4,2.439,255,0,
1578408455365,149,106468,6,3.349,-0.608,-2.123,1,3.904,3,5.093,4,2.436,255,0,
1578408455509,144,106612,6,3.346,-0.601,-2.120,1,3.890,3,5.100,4,2.429,255,0,
1578408455649,140,106752,6,3.334,-0.589,-2.113,1,3.896,3,5.105,4,2.421,255,0,
1578408455805,156,106908,6,3.313,-0.577,-2.105,1,3.906,3,5.103,4,2.423,255,0,
1578408455953,148,107056,6,3.289,-0.567,-2.096,1,3.900,3,5.114,4,2.434,255,0,
1578408456098,145,107201,6,3.268,-0.563,-2.090,1,3.900,3,5.111,4,2.435,255,0,
1578408456195,97,107298,6,3.254,-0.566,-2.087,1,3.900,3,5.111,4,2.435,255,0,
1578408456331,136,107434,6,3.247,-0.571,-2.087,1,3.902,3,5.116,4,2.436,255,0,
1578408456480,149,107583,6,3.243,-0.576,-2.090,1,3.902,3,5.114,4,2.435,255,0,
1578408456613,133,107716,6,3.240,-0.577,-2.094,1,3.905,3,5.116,4,2.438,255,0,
1578408456844,231,107947,6,3.238,-0.576,-2.096,1,3.903,3,5.116,4,2.438,255,0,
1578408457063,219,108166,6,3.237,-0.576,-2.098,1,3.904,3,5.112,4,2.437,255,0,
1578408457223,160,108326,6,3.236,-0.575,-2.100,1,3.905,3,5.114,4,2.441,255,0,
1578408457367,144,108470,6,3.236,-0.575,-2.103,1,3.905,3,5.114,4,2.441,255,0,
1578408457534,167,108637,6,3.237,-0.576,-2.104,1,3.851,3,5.124,4,2.433,255,0,
1578408457686,152,108789,6,3.239,-0.580,-2.107,1,3.884,3,5.114,4,2.454,255,0,
1578408457841,155,108944,6,3.237,-0.578,-2.104,1,3.913,3,5.085,4,2.463,255,0,
1578408458002,161,109105,6,3.229,-0.571,-2.099,1,3.966,3,5.018,4,2.479,255,0,
1578408458129,127,109232,6,3.218,-0.559,-2.091,1,4.071,3,4.946,4,2.534,255,0,
1578408458265,136,109368,6,3.212,-0.544,-2.085,1,4.144,3,4.886,4,2.593,255,0,
1578408458411,146,109514,6,3.225,-0.534,-2.084,1,4.201,3,4.858,4,2.646,255,0,
1578408458547,136,109650,6,3.268,-0.521,-2.092,1,4.216,3,4.851,4,2.664,255,0,
1578408458699,152,109802,6,3.336,-0.502,-2.107,1,4.259,3,4.883,4,2.704,255,0,
1578408458863,164,109966,6,3.398,-0.482,-2.125,1,4.270,3,4.911,4,2.747,255,0,
1578408459005,142,110108,6,3.463,-0.459,-2.152,1,4.298,3,4.916,4,2.788,255,0,
1578408459195,190,110298,6,3.512,-0.442,-2.185,1,4.307,3,4.906,4,2.802,255,0,
1578408459414,219,110517,6,3.534,-0.438,-2.219,1,4.314,3,4.895,4,2.816,255,0,
1578408459505,91,110608,6,3.547,-0.433,-2.261,1,4.321,3,4.894,4,2.829,255,0,
1578408459652,147,110755,6,3.555,-0.428,-2.302,1,4.321,3,4.894,4,2.829,255,0,
1578408459803,151,110906,6,3.563,-0.417,-2.328,1,4.317,3,4.894,4,2.821,255,0,
1578408459967,164,111070,6,3.574,-0.397,-2.349,1,4.320,3,4.894,4,2.827,255,0,
1578408460107,140,111210,6,3.585,-0.377,-2.360,1,4.324,3,4.896,4,2.814,255,0,
1578408460254,147,111357,6,3.589,-0.371,-2.362,1,4.324,3,4.896,4,2.833,255,0,
1578408460418,164,111521,6,3.592,-0.366,-2.364,1,4.324,3,4.895,4,2.831,255,0,
1578408460558,140,111661,6,3.594,-0.364,-2.365,1,4.324,3,4.895,4,2.834,255,0,
1578408460580,22,111683,6,3.595,-0.365,-2.367,1,4.324,3,4.895,4,2.834,255,0,
1578408460746,166,111849,6,3.595,-0.365,-2.368,1,4.321,3,4.902,4,2.828,255,0,
1578408461000,254,112103,6,3.596,-0.361,-2.370,1,4.323,3,4.903,4,2.826,255,0,
1578408461154,154,112257,6,3.596,-0.358,-2.372,1,4.323,3,4.902,4,2.822,255,0,
1578408461299,145,112402,6,3.595,-0.359,-2.373,1,4.324,3,4.901,4,2.823,255,0,
1578408461444,145,112547,6,3.595,-0.360,-2.373,1,4.325,3,4.904,4,2.838,255,0,
1578408461585,141,112688,6,3.593,-0.368,-2.373,1,4.329,3,4.902,4,2.848,255,0,
1578408461732,147,112835,6,3.591,-0.374,-2.374,1,4.335,3,4.902,4,2.844,255,0,
1578408461881,149,112984,6,3.591,-0.373,-2.375,1,4.339,3,4.897,4,2.846,255,0,
1578408462044,163,113147,6,3.591,-0.368,-2.377,1,4.343,3,4.894,4,2.849,255,0,
1578408462194,150,113297,6,3.592,-0.362,-2.380,1,4.341,3,4.893,4,2.847,255,0,
1578408462362,168,113465,6,3.594,-0.359,-2.384,1,4.291,3,4.874,4,2.789,255,0,
1578408462497,135,113600,6,3.598,-0.357,-2.389,1,4.195,3,4.877,4,2.742,255,0,
1578408462662,165,113765,6,3.604,-0.360,-2.396,1,4.195,3,4.877,4,2.742,255,0,
1578408462826,164,113929,6,3.612,-0.358,-2.408,1,4.154,3,4.854,4,2.657,255,0,
1578408463087,261,114190,6,3.608,-0.356,-2.392,1,4.127,3,4.838,4,2.580,255,0,
1578408463243,156,114346,6,3.590,-0.350,-2.338,1,4.104,3,4.834,4,2.574,255,0,
1578408463382,139,114485,6,3.573,-0.346,-2.288,1,4.081,3,4.846,4,2.556,255,0,
1578408463535,153,114638,6,3.554,-0.343,-2.227,1,4.068,3,4.846,4,2.547,255,0,
1578408463679,144,114782,6,3.543,-0.346,-2.185,1,4.048,3,4.872,4,2.533,255,0,
1578408463874,195,114977,6,3.529,-0.354,-2.129,1,4.044,3,4.875,4,2.531,255,0,
1578408463912,38,115015,6,3.515,-0.361,-2.100,1,4.044,3,4.875,4,2.531,255,0,
1578408464079,167,115182,6,3.507,-0.358,-2.075,1,4.066,3,5.167,4,2.540,255,0,
1578408464231,152,115334,6,3.497,-0.348,-2.052,1,4.096,3,5.172,4,2.551,255,0,
1578408464390,159,115493,6,3.468,-0.379,-2.062,1,4.108,3,4.819,4,2.560,255,0,
1578408464543,153,115646,6,3.422,-0.455,-2.107,1,4.109,3,4.827,4,2.558,255,0,
1578408464701,158,115804,6,3.410,-0.479,-2.124,1,4.092,3,4.837,4,2.568,255,0,
1578408464860,159,115963,6,3.388,-0.547,-2.169,1,4.059,3,4.959,4,2.632,255,0,
1578408465002,142,116105,4,3.008,-1.785,0.000,255,0,
1578408465002,0,116105,6,3.410,-0.543,-2.169,1,4.069,3,4.974,4,2.659,255,0,
1578408465002,0,116105,1,0.000,0.000,0.000,255,0,
1578408465002,0,116105,3,7.863,0.000,0.000,255,0,
1578408465028,26,116131,6,3.447,-0.500,-2.145,1,4.069,3,4.974,4,2.659,255,0,
1578408465190,162,116293,6,3.485,-0.440,-2.112,1,4.075,3,4.952,4,2.612,255,0,
1578408465363,173,116466,6,3.490,-0.385,-2.109,1,4.070,3,4.946,4,2.592,255,0,
1578408465454,91,116557,6,3.467,-0.359,-2.134,1,4.070,3,4.946,4,2.592,255,0,
1578408465602,148,116705,6,3.443,-0.344,-2.163,1,4.046,3,4.946,4,2.584,255,0,
1578408465855,253,116958,6,3.441,-0.344,-2.167,1,4.041,3,4.943,4,2.607,255,0,
1578408465997,142,117100,6,3.433,-0.360,-2.176,1,4.034,3,4.940,4,2.603,255,0,
1578408466167,170,117270,6,3.429,-0.376,-2.170,1,4.034,3,4.956,4,2.594,255,0,
1578408466330,163,117433,6,3.427,-0.379,-2.162,1,4.031,3,4.959,4,2.592,255,0,
1578408466410,80,117513,6,3.423,-0.373,-2.148,1,4.031,3,4.959,4,2.592,255,0,
1578408466563,153,117666,6,3.417,-0.358,-2.132,1,4.044,3,4.958,4,2.619,255,0,
1578408466712,149,117815,6,3.412,-0.353,-2.126,1,4.071,3,4.956,4,2.621,255,0,
1578408466860,148,117963,6,3.408,-0.353,-2.126,1,4.069,3,4.966,4,2.635,255,0,
1578408467008,148,118111,6,3.406,-0.354,-2.131,1,4.070,3,4.973,4,2.595,255,0,
1578408467151,143,118254,6,3.407,-0.355,-2.136,1,4.070,3,4.980,4,2.636,255,0,
1578408467304,153,118407,6,3.410,-0.360,-2.148,1,4.068,3,4.981,4,2.611,255,0,
1578408467460,156,118563,6,3.418,-0.360,-2.154,1,4.067,3,5.203,4,2.645,255,0,
1578408467604,144,118707,6,3.417,-0.375,-2.165,1,4.064,3,4.980,4,2.637,255,0,
1578408467741,137,118844,6,3.407,-0.397,-2.183,1,4.068,3,4.973,4,2.627,255,0,
1578408467895,154,118998,6,3.392,-0.421,-2.202,1,4.067,3,4.992,4,2.650,255,0,
1578408468082,187,119185,6,3.373,-0.444,-2.223,1,4.063,3,4.995,4,2.637,255,0,
1578408468243,161,119346,6,3.370,-0.443,-2.226,1,4.059,3,4.973,4,2.696,255,0,
1578408468474,231,119577,6,3.374,-0.425,-2.221,1,4.063,3,4.941,4,2.635,255,0,
1578408468495,21,119598,6,3.382,-0.401,-2.214,1,4.063,3,4.941,4,2.635,255,0,
1578408468640,145,119743,6,3.392,-0.374,-2.204,1,4.063,3,4.941,4,2.627,255,0,
1578408468780,140,119883,6,3.399,-0.352,-2.195,1,4.065,3,4.942,4,2.634,255,0,
1578408468932,152,120035,6,3.406,-0.344,-2.182,1,4.074,3,4.937,4,2.628,255,0,
1578408469092,160,120195,6,3.417,-0.338,-2.164,1,4.084,3,4.926,4,2.643,255,0,
1578408469249,157,120352,6,3.418,-0.338,-2.163,1,4.084,3,4.919,4,2.642,255,0,
1578408469394,145,120497,6,3.424,-0.339,-2.158,1,4.085,3,4.924,4,2.639,255,0,
1578408469528,134,120631,6,3.430,-0.338,-2.157,1,4.084,3,4.922,4,2.642,255,0,
1578408469661,133,120764,6,3.437,-0.337,-2.158,1,4.079,3,4.928,4,2.646,255,0,
1578408469810,149,120913,6,3.443,-0.334,-2.158,1,4.079,3,4.930,4,2.634,255,0,
1578408469953,143,121056,6,3.447,-0.330,-2.158,1,4.077,3,4.933,4,2.625,255,0,
1578408470092,139,121195,6,3.449,-0.328,-2.158,1,4.073,3,4.939,4,2.628,255,0,
1578408470297,205,121400,6,3.448,-0.327,-2.158,1,4.057,3,4.945,4,2.611,255,0,
1578408470454,157,121557,6,3.447,-0.330,-2.159,1,4.052,3,4.946,4,2.600,255,0,
1578408470659,205,121762,6,3.445,-0.338,-2.159,1,4.051,3,4.957,4,3.337,255,0,
1578408470732,73,121835,6,3.440,-0.390,-2.162,1,4.044,3,4.951,4,3.337,255,0,
1578408470880,148,121983,6,3.436,-0.412,-2.160,1,4.044,3,4.951,4,2.599,255,0,
1578408471035,155,122138,6,3.428,-0.345,-2.147,1,4.038,3,4.966,4,2.590,255,0,
1578408471191,156,122294,6,3.423,-0.228,-2.131,1,4.036,3,4.972,4,2.578,255,0,
1578408471333,142,122436,6,3.416,-0.058,-2.110,1,4.037,3,4.973,4,2.576,255,0,
1578408471493,160,122596,6,3.414,-0.053,-2.109,1,4.032,3,4.972,4,2.595,255,0,
1578408471639,146,122742,6,3.409,-0.118,-2.115,1,4.037,3,4.976,4,2.587,255,0,
1578408471782,143,122885,6,3.403,-0.233,-2.126,1,4.040,3,4.980,4,2.645,255,0,
1578408471941,159,123044,6,3.399,-0.341,-2.136,1,4.052,3,4.974,4,2.649,255,0,
1578408471963,22,123066,6,3.396,-0.374,-2.139,1,4.052,3,4.974,4,2.649,255,0,
1578408472101,138,123204,6,3.394,-0.388,-2.142,1,4.034,3,4.978,4,2.651,255,0,
1578408472256,155,123359,6,3.394,-0.380,-2.147,1,4.040,3,4.983,4,2.640,255,0,
1578408472405,149,123508,6,3.394,-0.359,-2.155,1,4.074,3,4.981,4,2.668,255,0,
1578408472549,144,123652,6,3.394,-0.338,-2.162,1,4.085,3,4.984,4,2.676,255,0,
1578408472706,157,123809,6,3.393,-0.336,-2.163,1,4.081,3,4.982,4,2.655,255,0,
1578408472847,141,123950,6,3.394,-0.329,-2.170,1,4.083,3,4.979,4,2.677,255,0,
1578408472995,148,124098,6,3.398,-0.332,-2.182,1,4.079,3,4.965,4,2.677,255,0,
1578408473155,160,124258,6,3.402,-0.338,-2.194,1,4.073,3,4.964,4,2.654,255,0,
1578408473380,225,124483,6,3.407,-0.344,-2.203,1,4.081,3,4.967,4,2.648,255,0,
1578408473544,164,124647,6,3.411,-0.341,-2.205,1,4.079,3,4.965,4,2.651,255,0,
1578408473630,86,124733,6,3.414,-0.333,-2.203,1,4.079,3,4.965,4,2.651,255,0,
1578408473797,167,124900,6,3.416,-0.325,-2.198,1,4.081,3,4.963,4,2.651,255,0,
1578408474030,233,125133,6,3.418,-0.319,-2.193,1,4.078,3,4.966,4,2.656,255,0,
1578408474045,15,125148,6,3.420,-0.326,-2.190,1,4.078,3,4.966,4,2.656,255,0,
1578408474218,173,125321,6,3.421,-0.335,-2.190,1,4.075,3,4.970,4,2.641,255,0,
1578408474368,150,125471,6,3.422,-0.340,-2.190,1,4.075,3,4.972,4,2.648,255,0,
1578408474503,135,125606,6,3.422,-0.346,-2.191,1,4.083,3,4.961,4,2.637,255,0,
1578408474656,153,125759,6,3.420,-0.349,-2.191,1,4.084,3,4.963,4,2.633,255,0,
1578408474793,137,125896,6,3.420,-0.350,-2.191,1,4.079,3,4.958,4,2.658,255,0,
1578408474933,140,126036,6,3.419,-0.358,-2.191,1,4.079,3,4.960,4,2.661,255,0,
1578408475096,163,126199,1,0.000,0.000,0.000,255,0,
1578408475096,0,126199,3,7.863,0.000,0.000,255,0,
1578408475096,0,126199,4,3.008,-1.785,0.000,255,0,
1578408475096,0,126199,6,3.420,-0.364,-2.190,1,4.083,3,4.961,4,2.650,255,0,
1578408475231,135,126334,6,3.421,-0.364,-2.190,1,4.077,3,4.958,4,2.656,255,0,
1578408475342,111,126445,6,3.423,-0.358,-2.189,1,4.077,3,4.958,4,2.656,255,0,
1578408475490,148,126593,6,3.425,-0.350,-2.190,1,4.065,3,4.961,4,2.613,255,0,
1578408475632,142,126735,6,3.426,-0.348,-2.190,1,4.060,3,4.978,4,2.650,255,0,
1578408475787,155,126890,6,3.427,-0.351,-2.187,1,4.058,3,4.976,4,2.640,255,0,
1578408475939,152,127042,6,3.425,-0.358,-2.184,1,4.054,3,4.980,4,2.639,255,0,
1578408476108,169,127211,6,3.422,-0.362,-2.181,1,4.056,3,4.993,4,2.623,255,0,
1578408476244,136,127347,6,3.417,-0.360,-2.179,1,4.057,3,4.994,4,2.632,255,0,
1578408479186,2942,130289,6,3.409,-0.354,-2.178,1,4.070,3,4.976,4,2.621,255,0,
1578408479313,127,130416,6,3.405,-0.354,-2.179,1,4.070,3,4.976,4,2.621,255,0,
1578408479444,131,130547,6,3.401,-0.356,-2.181,1,4.074,3,4.969,4,2.620,255,0,
1578408479581,137,130684,6,3.397,-0.358,-2.181,1,4.089,3,4.969,4,2.614,255,0,
1578408479723,142,130826,6,3.398,-0.361,-2.181,1,4.045,3,5.004,4,2.639,255,0,
1578408479903,180,131006,6,3.417,-0.401,-2.183,1,4.031,3,5.035,4,2.680,255,0,
1578408480030,127,131133,6,3.418,-0.403,-2.184,1,4.031,3,5.035,4,2.680,255,0,
1578408480174,144,131277,6,3.415,-0.402,-2.187,1,4.030,3,5.042,4,2.664,255,0,
1578408480319,145,131422,6,3.405,-0.391,-2.190,1,4.029,3,5.042,4,2.670,255,0,
1578408480465,146,131568,6,3.391,-0.373,-2.196,1,4.024,3,5.053,4,2.645,255,0,
1578408480676,211,131779,6,3.372,-0.351,-2.205,1,4.007,3,5.026,4,2.598,255,0,
1578408480696,20,131799,6,3.360,-0.343,-2.211,1,4.007,3,5.026,4,2.598,255,0,
1578408480843,147,131946,6,3.352,-0.340,-2.215,1,4.006,3,5.027,4,2.585,255,0,
1578408480986,143,132089,6,3.347,-0.346,-2.214,1,4.005,3,5.025,4,2.587,255,0,
1578408481112,126,132215,6,3.346,-0.358,-2.205,1,4.002,3,5.027,4,2.596,255,0,
1578408481251,139,132354,6,3.345,-0.379,-2.187,1,4.009,3,5.025,4,2.599,255,0,
1578408481462,211,132565,6,3.345,-0.381,-2.184,1,4.013,3,5.025,4,2.604,255,0,
1578408481607,145,132710,6,3.345,-0.392,-2.173,1,4.022,3,5.020,4,2.607,255,0,
1578408481736,129,132839,6,3.344,-0.397,-2.168,1,4.022,3,5.015,4,2.606,255,0,
1578408481868,132,132971,6,3.345,-0.396,-2.167,1,4.027,3,5.023,4,2.607,255,0,
1578408482019,151,133122,6,3.347,-0.394,-2.169,1,3.992,3,5.017,4,2.589,255,0,
1578408482169,150,133272,6,3.351,-0.393,-2.174,1,3.990,3,5.018,4,2.562,255,0,
1578408482308,139,133411,6,3.355,-0.393,-2.176,1,3.990,3,5.018,4,2.562,255,0,
1578408482482,174,133585,6,3.355,-0.396,-2.175,1,3.990,3,5.007,4,2.557,255,0,
1578408482554,72,133657,6,3.354,-0.401,-2.170,1,3.990,3,5.007,4,2.557,255,0,
1578408482703,149,133806,6,3.351,-0.407,-2.161,1,3.991,3,5.006,4,2.568,255,0,
1578408482839,136,133942,6,3.346,-0.411,-2.152,1,3.996,3,4.971,4,2.535,255,0,
1578408482986,147,134089,6,3.342,-0.416,-2.145,1,4.052,3,4.883,4,2.583,255,0,
1578408483145,159,134248,6,3.338,-0.412,-2.136,1,4.256,3,4.762,4,2.551,255,0,
1578408483288,143,134391,6,3.339,-0.404,-2.132,1,4.296,3,4.691,4,2.532,255,0,
1578408483482,194,134585,6,3.357,-0.389,-2.118,1,4.340,3,4.687,4,2.535,255,0,
1578408483651,169,134754,6,3.397,-0.375,-2.100,1,4.363,3,4.684,4,2.541,255,0,
1578408483800,149,134903,6,3.465,-0.394,-2.089,1,4.346,3,4.675,4,2.557,255,0,
1578408483942,142,135045,6,3.553,-0.444,-2.088,1,4.361,3,4.668,4,2.552,255,0,
1578408484094,152,135197,6,3.629,-0.504,-2.098,1,4.350,3,4.675,4,2.551,255,0,
1578408484257,163,135360,6,3.696,-0.567,-2.115,1,4.366,3,4.670,4,2.556,255,0,
1578408484429,172,135532,6,3.724,-0.589,-2.125,1,4.366,3,4.679,4,2.556,255,0,
1578408484511,82,135614,6,3.738,-0.595,-2.129,1,4.366,3,4.679,4,2.556,255,0,
1578408484676,165,135779,6,3.744,-0.596,-2.131,1,4.359,3,4.687,4,2.563,255,0,
1578408484793,117,135896,6,3.748,-0.599,-2.134,1,4.359,3,4.687,4,2.563,255,0,
1578408484958,165,136061,6,3.750,-0.605,-2.138,1,4.361,3,4.677,4,2.565,255,0,
1578408485096,138,136199,6,3.749,-0.608,-2.144,1,4.359,3,4.680,4,2.563,255,0,
1578408485240,144,136343,1,0.000,0.000,0.000,255,0,
1578408485241,1,136344,3,7.863,0.000,0.000,255,0,
1578408485241,0,136344,4,3.008,-1.785,0.000,255,0,
1578408485424,183,136527,6,3.749,-0.608,-2.145,1,4.355,3,4.684,4,2.562,255,0,
1578408485579,155,136682,6,3.749,-0.602,-2.146,1,4.356,3,4.683,4,2.565,255,0,
1578408485816,237,136919,6,3.749,-0.598,-2.146,1,4.353,3,4.686,4,2.566,255,0,
1578408485836,20,136939,6,3.748,-0.595,-2.145,1,4.353,3,4.686,4,2.566,255,0,
1578408485989,153,137092,6,3.747,-0.594,-2.145,1,4.359,3,4.682,4,2.564,255,0,
1578408486265,276,137368,6,3.745,-0.594,-2.146,1,4.355,3,4.684,4,2.563,255,0,
1578408486414,149,137517,6,3.744,-0.593,-2.146,1,4.355,3,4.684,4,2.563,255,0,
