Starting object 1
1578587597168,671400,671400,3,1.659,4.906,0.000,255,0,
1578587600221,3053,674453,4,0.000,0.000,0.000,255,0,
1578587601105,884,675337,1,1.825,-2.989,0.000,255,0,
1578587602085,980,676317,2,5.050,0.000,0.000,255,0,
1578587607176,5091,681408,3,1.659,4.906,0.000,255,0,
1578587610222,3046,684454,4,0.000,0.000,0.000,255,0,
1578587611110,888,685342,1,1.825,-2.989,0.000,255,0,
1578587612113,1003,686345,2,5.050,0.000,0.000,255,0,
1578587615887,3774,690119,6,1.101,0.165,-2.181,1,3.902,2,4.515,3,5.246,4,2.451,255,0,
1578587616040,153,690272,6,1.110,0.166,-2.145,1,3.902,2,4.515,3,5.246,4,2.451,255,0,
1578587616151,111,690383,6,1.106,0.163,-2.146,1,3.875,2,4.493,3,5.214,4,2.425,255,0,
1578587616347,196,690579,6,1.106,0.163,-2.146,1,3.881,2,4.502,3,5.214,4,2.425,255,0,
1578587616471,124,690703,6,1.106,0.163,-2.146,1,3.876,2,4.502,3,5.209,4,2.423,255,0,
1578587616615,144,690847,6,1.106,0.163,-2.146,1,3.876,2,4.502,3,5.215,4,2.427,255,0,
1578587616734,119,690966,6,1.106,0.163,-2.146,1,3.876,2,4.502,3,5.216,4,2.427,255,0,
1578587616870,136,691102,6,1.106,0.163,-2.146,1,3.876,2,4.502,3,5.216,4,2.426,255,0,
1578587617017,147,691249,6,1.115,0.166,-2.142,1,3.876,2,4.502,3,5.211,4,2.426,255,0,
1578587617164,147,691396,6,1.124,0.170,-2.138,1,3.875,2,4.501,3,5.213,4,2.428,255,0,
1578587617261,97,691493,3,1.659,4.906,0.000,255,0,
1578587617303,42,691535,6,1.134,0.173,-2.134,1,3.875,2,4.501,3,5.213,4,2.425,255,0,
1578587617500,197,691732,6,1.139,0.175,-2.132,1,3.876,2,4.506,3,5.212,4,2.427,255,0,
1578587617646,146,691878,6,1.141,0.175,-2.132,1,3.876,2,4.506,3,5.212,4,2.427,255,0,
1578587617760,114,691992,6,1.143,0.175,-2.131,1,3.876,2,4.503,3,5.212,4,2.429,255,0,
1578587617890,130,692122,6,1.143,0.175,-2.131,1,3.879,2,4.503,3,5.210,4,2.427,255,0,
1578587618186,296,692418,6,1.143,0.175,-2.131,1,3.877,2,4.503,3,5.216,4,2.423,255,0,
1578587618324,138,692556,6,1.144,0.176,-2.131,1,3.874,2,4.503,3,5.216,4,2.423,255,0,
1578587618611,287,692843,6,1.144,0.176,-2.131,1,3.874,2,4.500,3,5.214,4,2.424,255,0,
1578587618763,152,692995,6,1.144,0.176,-2.131,1,3.878,2,4.501,3,5.213,4,2.429,255,0,
1578587618899,136,693131,6,1.143,0.176,-2.131,1,3.875,2,4.503,3,5.214,4,2.430,255,0,
1578587619085,186,693317,6,1.142,0.175,-2.131,1,3.876,2,4.502,3,5.215,4,2.425,255,0,
1578587619219,134,693451,6,1.142,0.175,-2.131,1,3.873,2,4.501,3,5.217,4,2.430,255,0,
1578587619386,167,693618,6,1.141,0.174,-2.132,1,3.874,2,4.501,3,5.217,4,2.430,255,0,
1578587619515,129,693747,6,1.141,0.174,-2.133,1,3.874,2,4.503,3,5.211,4,2.424,255,0,
1578587619644,129,693876,6,1.140,0.174,-2.133,1,3.877,2,4.500,3,5.217,4,2.427,255,0,
1578587619796,152,694028,6,1.140,0.174,-2.134,1,3.875,2,4.500,3,5.214,4,2.426,255,0,
1578587620260,464,694492,6,1.140,0.173,-2.133,1,3.877,2,4.499,3,5.216,4,2.422,255,0,
1578587620260,0,694492,4,0.000,0.000,0.000,255,0,
1578587620341,81,694573,6,1.140,0.173,-2.133,1,3.877,2,4.499,3,5.216,4,2.422,255,0,
1578587620535,194,694767,6,1.140,0.173,-2.133,1,3.877,2,4.499,3,5.216,4,2.422,255,0,
1578587620668,133,694900,6,1.139,0.173,-2.133,1,3.878,2,4.499,3,5.211,4,2.426,255,0,
1578587620828,160,695060,6,1.138,0.173,-2.133,1,3.878,2,4.502,3,5.216,4,2.426,255,0,
1578587620975,147,695207,6,1.137,0.173,-2.133,1,3.876,2,4.502,3,5.211,4,2.424,255,0,
1578587621123,148,695355,6,1.138,0.174,-2.133,1,3.881,2,4.499,3,5.213,4,2.425,255,0,
1578587621123,0,695355,1,1.825,-2.989,0.000,255,0,
1578587621272,149,695504,6,1.140,0.175,-2.132,1,3.878,2,4.500,3,5.215,4,2.427,255,0,
1578587621414,142,695646,6,1.140,0.175,-2.132,1,3.876,2,4.500,3,5.214,4,2.426,255,0,
1578587621550,136,695782,6,1.140,0.176,-2.132,1,3.875,2,4.500,3,5.212,4,2.425,255,0,
1578587621669,119,695901,6,1.139,0.176,-2.133,1,3.875,2,4.500,3,5.212,4,2.425,255,0,
1578587621834,165,696066,6,1.140,0.176,-2.132,1,3.875,2,4.501,3,5.215,4,2.425,255,0,
1578587621986,152,696218,6,1.141,0.176,-2.132,1,3.878,2,4.499,3,5.215,4,2.426,255,0,
1578587622129,143,696361,6,1.142,0.175,-2.131,1,3.877,2,4.500,3,5.217,4,2.425,255,0,
1578587622129,0,696361,2,5.050,0.000,0.000,255,0,
1578587622287,158,696519,6,1.143,0.175,-2.131,1,3.878,2,4.500,3,5.219,4,2.425,255,0,
1578587622520,233,696752,6,1.142,0.174,-2.132,1,3.875,2,4.501,3,5.216,4,2.425,255,0,
1578587622689,169,696921,6,1.140,0.173,-2.133,1,3.874,2,4.494,3,5.214,4,2.425,255,0,
1578587622876,187,697108,6,1.138,0.173,-2.134,1,3.874,2,4.494,3,5.214,4,2.425,255,0,
1578587623012,136,697244,6,1.137,0.174,-2.134,1,3.880,2,4.493,3,5.214,4,2.426,255,0,
1578587623169,157,697401,6,1.137,0.174,-2.133,1,3.896,2,4.495,3,5.213,4,2.423,255,0,
1578587623314,145,697546,6,1.138,0.174,-2.131,1,4.024,2,4.493,3,5.142,4,2.444,255,0,
1578587623472,158,697704,6,1.138,0.170,-2.130,1,4.014,2,4.472,3,5.074,4,2.464,255,0,
1578587623619,147,697851,6,1.135,0.168,-2.132,1,4.050,2,4.476,3,5.032,4,2.417,255,0,
1578587623810,191,698042,6,1.131,0.171,-2.137,1,4.078,2,4.496,3,5.007,4,2.449,255,0,
1578587624001,191,698233,6,1.130,0.183,-2.144,1,4.078,2,4.496,3,5.007,4,2.449,255,0,
1578587624244,243,698476,6,1.130,0.217,-2.147,1,4.082,2,4.505,3,4.985,4,2.455,255,0,
1578587624399,155,698631,6,1.131,0.273,-2.146,1,4.084,2,4.500,3,4.980,4,2.457,255,0,
1578587624543,144,698775,6,1.129,0.327,-2.144,1,4.082,2,4.503,3,4.983,4,2.454,255,0,
1578587624691,148,698923,6,1.123,0.381,-2.143,1,4.083,2,4.503,3,4.988,4,2.458,255,0,
1578587624852,161,699084,6,1.118,0.408,-2.143,1,4.081,2,4.505,3,4.989,4,2.455,255,0,
1578587625010,158,699242,6,1.117,0.422,-2.142,1,4.080,2,4.502,3,4.987,4,2.456,255,0,
1578587625182,172,699414,6,1.119,0.424,-2.141,1,4.083,2,4.500,3,4.989,4,2.451,255,0,
1578587625420,238,699652,6,1.121,0.424,-2.140,1,4.081,2,4.500,3,4.988,4,2.453,255,0,
1578587625569,149,699801,6,1.121,0.424,-2.139,1,4.081,2,4.500,3,4.988,4,2.457,255,0,
1578587625722,153,699954,6,1.121,0.425,-2.138,1,4.084,2,4.500,3,4.983,4,2.455,255,0,
1578587625981,259,700213,6,1.122,0.424,-2.137,1,4.084,2,4.501,3,4.990,4,2.456,255,0,
1578587626137,156,700369,6,1.128,0.425,-2.135,1,4.084,2,4.506,3,4.986,4,2.457,255,0,
1578587626303,166,700535,6,1.135,0.425,-2.132,1,4.084,2,4.501,3,4.986,4,2.457,255,0,
1578587626455,152,700687,6,1.137,0.426,-2.131,1,4.083,2,4.501,3,4.988,4,2.457,255,0,
1578587626602,147,700834,6,1.137,0.427,-2.131,1,4.086,2,4.503,3,4.986,4,2.457,255,0,
1578587626847,245,701079,6,1.133,0.429,-2.134,1,4.081,2,4.511,3,4.980,4,2.456,255,0,
1578587627032,185,701264,6,1.132,0.429,-2.135,1,4.085,2,4.502,3,4.984,4,2.457,255,0,
1578587627181,149,701413,6,1.133,0.428,-2.134,1,4.084,2,4.504,3,4.982,4,2.457,255,0,
1578587627322,141,701554,3,1.659,4.906,0.000,255,0,
1578587627322,0,701554,6,1.134,0.428,-2.134,1,4.084,2,4.504,3,4.985,4,2.455,255,0,
1578587627576,254,701808,6,1.136,0.427,-2.133,1,4.084,2,4.512,3,4.983,4,2.456,255,0,
1578587627733,157,701965,6,1.137,0.427,-2.132,1,4.081,2,4.504,3,4.989,4,2.456,255,0,
1578587627891,158,702123,6,1.137,0.427,-2.132,1,4.084,2,4.503,3,4.985,4,2.455,255,0,
1578587628065,174,702297,6,1.138,0.427,-2.131,1,4.084,2,4.503,3,4.985,4,2.455,255,0,
1578587628218,153,702450,6,1.139,0.427,-2.131,1,4.082,2,4.502,3,4.984,4,2.455,255,0,
1578587628365,147,702597,6,1.140,0.427,-2.131,1,4.082,2,4.510,3,4.989,4,2.456,255,0,
1578587628514,149,702746,6,1.141,0.426,-2.130,1,4.082,2,4.503,3,4.989,4,2.455,255,0,
1578587628698,184,702930,6,1.141,0.426,-2.130,1,4.083,2,4.500,3,4.988,4,2.456,255,0,
1578587628776,78,703008,6,1.141,0.425,-2.130,1,4.082,2,4.502,3,4.988,4,2.459,255,0,
1578587628933,157,703165,6,1.141,0.425,-2.130,1,4.082,2,4.502,3,4.988,4,2.459,255,0,
1578587629034,101,703266,6,1.140,0.425,-2.130,1,4.081,2,4.509,3,4.991,4,2.457,255,0,
1578587629252,218,703484,6,1.140,0.425,-2.131,1,4.084,2,4.501,3,4.991,4,2.461,255,0,
1578587629302,50,703534,6,1.140,0.424,-2.132,1,4.084,2,4.501,3,4.991,4,2.461,255,0,
1578587629536,234,703768,6,1.139,0.424,-2.133,1,4.081,2,4.499,3,4.988,4,2.456,255,0,
1578587629735,199,703967,6,1.139,0.423,-2.134,1,4.081,2,4.508,3,4.990,4,2.461,255,0,
1578587629907,172,704139,6,1.139,0.423,-2.134,1,4.082,2,4.503,3,4.986,4,2.458,255,0,
1578587630076,169,704308,6,1.138,0.423,-2.135,1,4.082,2,4.503,3,4.986,4,2.459,255,0,
1578587630235,159,704467,6,1.138,0.422,-2.135,1,4.082,2,4.500,3,4.992,4,2.459,255,0,
1578587630373,138,704605,4,0.000,0.000,0.000,255,0,
1578587630373,0,704605,6,1.135,0.421,-2.137,1,4.083,2,4.505,3,4.989,4,2.459,255,0,
1578587630535,162,704767,6,1.131,0.419,-2.139,1,4.082,2,4.505,3,4.989,4,2.457,255,0,
1578587630687,152,704919,6,1.127,0.418,-2.141,1,4.081,2,4.505,3,4.994,4,2.458,255,0,
1578587630868,181,705100,6,1.125,0.417,-2.142,1,4.082,2,4.497,3,4.990,4,2.459,255,0,
1578587630948,80,705180,6,1.126,0.418,-2.142,1,4.082,2,4.497,3,4.990,4,2.459,255,0,
1578587631118,170,705350,6,1.129,0.419,-2.140,1,4.081,2,4.497,3,4.992,4,2.460,255,0,
1578587631194,76,705426,1,1.825,-2.989,0.000,255,0,
1578587631277,83,705509,6,1.135,0.420,-2.137,1,4.081,2,4.502,3,4.990,4,2.462,255,0,
1578587631356,79,705588,6,1.140,0.421,-2.135,1,4.081,2,4.501,3,4.988,4,2.460,255,0,
1578587631507,151,705739,6,1.143,0.422,-2.134,1,4.081,2,4.501,3,4.988,4,2.460,255,0,
1578587631956,449,706188,6,1.143,0.421,-2.135,1,4.082,2,4.500,3,4.989,4,2.460,255,0,
1578587632116,160,706348,6,1.143,0.421,-2.134,1,4.082,2,4.500,3,4.989,4,2.460,255,0,
1578587632201,85,706433,2,5.050,0.000,0.000,255,0,
1578587632284,83,706516,6,1.143,0.422,-2.134,1,4.081,2,4.501,3,4.991,4,2.462,255,0,
1578587632362,78,706594,6,1.143,0.422,-2.134,1,4.080,2,4.501,3,4.989,4,2.462,255,0,
1578587632511,149,706743,6,1.143,0.422,-2.135,1,4.080,2,4.501,3,4.989,4,2.462,255,0,
1578587632669,158,706901,6,1.143,0.422,-2.135,1,4.082,2,4.508,3,4.990,4,2.463,255,0,
1578587632829,160,707061,6,1.144,0.422,-2.135,1,4.084,2,4.504,3,4.989,4,2.457,255,0,
1578587632979,150,707211,6,1.146,0.423,-2.135,1,4.082,2,4.504,3,4.994,4,2.459,255,0,
1578587633147,168,707379,6,1.147,0.423,-2.135,1,4.080,2,4.498,3,4.989,4,2.460,255,0,
1578587633248,101,707480,6,1.147,0.423,-2.134,1,4.080,2,4.498,3,4.989,4,2.460,255,0,
1578587633410,162,707642,6,1.146,0.423,-2.134,1,4.083,2,4.506,3,4.989,4,2.460,255,0,
1578587633562,152,707794,6,1.144,0.423,-2.135,1,4.080,2,4.499,3,4.990,4,2.458,255,0,
1578587633700,138,707932,6,1.143,0.422,-2.135,1,4.081,2,4.497,3,4.988,4,2.459,255,0,
1578587633854,154,708086,6,1.142,0.422,-2.135,1,4.083,2,4.497,3,4.989,4,2.459,255,0,
1578587633999,145,708231,6,1.141,0.422,-2.135,1,4.080,2,4.501,3,4.992,4,2.460,255,0,
1578587634361,362,708593,6,1.141,0.422,-2.135,1,4.083,2,4.499,3,4.989,4,2.458,255,0,
1578587634524,163,708756,6,1.141,0.422,-2.135,1,4.083,2,4.499,3,4.988,4,2.458,255,0,
1578587634850,326,709082,6,1.142,0.422,-2.134,1,4.080,2,4.497,3,4.989,4,2.460,255,0,
1578587635091,241,709323,6,1.142,0.423,-2.134,1,4.080,2,4.497,3,4.987,4,2.458,255,0,
1578587635270,179,709502,6,1.143,0.423,-2.134,1,4.084,2,4.501,3,4.989,4,2.459,255,0,
1578587635521,251,709753,6,1.144,0.424,-2.133,1,4.084,2,4.496,3,4.991,4,2.457,255,0,
1578587635685,164,709917,6,1.145,0.424,-2.133,1,4.084,2,4.500,3,4.989,4,2.461,255,0,
1578587635904,219,710136,6,1.144,0.424,-2.134,1,4.084,2,4.499,3,4.984,4,2.458,255,0,
1578587636093,189,710325,6,1.139,0.426,-2.137,1,4.079,2,4.500,3,4.987,4,2.463,255,0,
1578587636252,159,710484,6,1.134,0.428,-2.139,1,4.083,2,4.499,3,4.990,4,2.460,255,0,
1578587636410,158,710642,6,1.128,0.429,-2.141,1,4.083,2,4.501,3,4.988,4,2.460,255,0,
1578587636574,164,710806,6,1.125,0.429,-2.143,1,4.078,2,4.500,3,4.986,4,2.458,255,0,
1578587636717,143,710949,6,1.122,0.426,-2.144,1,4.083,2,4.499,3,4.990,4,2.460,255,0,
1578587636873,156,711105,6,1.120,0.423,-2.146,1,4.084,2,4.500,3,4.993,4,2.461,255,0,
1578587637034,161,711266,6,1.119,0.419,-2.147,1,4.081,2,4.497,3,4.987,4,2.459,255,0,
1578587637195,160,711426,6,1.119,0.416,-2.147,1,4.083,2,4.499,3,4.992,4,2.460,255,0,
1578587637396,202,711628,3,1.659,4.906,0.000,255,0,
1578587637396,0,711628,6,1.119,0.412,-2.148,1,4.083,2,4.500,3,4.992,4,2.461,255,0,
1578587637554,158,711786,6,1.119,0.411,-2.149,1,4.081,2,4.501,3,4.991,4,2.463,255,0,
1578587637729,175,711961,6,1.120,0.411,-2.149,1,4.081,2,4.497,3,4.994,4,2.460,255,0,
1578587637900,171,712132,6,1.120,0.413,-2.149,1,4.082,2,4.502,3,4.991,4,2.459,255,0,
1578587638033,133,712265,6,1.120,0.414,-2.149,1,4.080,2,4.500,3,4.990,4,2.460,255,0,
1578587638204,171,712436,6,1.120,0.413,-2.149,1,4.081,2,4.502,3,4.994,4,2.460,255,0,
1578587638363,159,712595,6,1.120,0.411,-2.150,1,4.079,2,4.496,3,4.993,4,2.460,255,0,
1578587638524,161,712756,6,1.119,0.409,-2.150,1,4.084,2,4.504,3,4.992,4,2.456,255,0,
1578587638667,143,712899,6,1.119,0.407,-2.151,1,4.084,2,4.499,3,4.996,4,2.457,255,0,
1578587638817,150,713049,6,1.119,0.406,-2.151,1,4.084,2,4.499,3,4.996,4,2.457,255,0,
1578587638837,20,713069,6,1.118,0.406,-2.151,1,4.084,2,4.499,3,4.996,4,2.457,255,0,
1578587639018,181,713250,6,1.119,0.405,-2.151,1,4.082,2,4.496,3,4.989,4,2.461,255,0,
1578587639179,161,713411,6,1.118,0.406,-2.150,1,4.082,2,4.496,3,4.989,4,2.461,255,0,
1578587639287,108,713519,6,1.118,0.409,-2.148,1,4.078,2,4.498,3,4.988,4,2.460,255,0,
1578587639435,148,713667,6,1.117,0.413,-2.148,1,4.078,2,4.498,3,4.991,4,2.460,255,0,
1578587639588,153,713820,6,1.117,0.414,-2.148,1,4.081,2,4.505,3,4.986,4,2.460,255,0,
1578587639745,157,713977,6,1.120,0.417,-2.146,1,4.081,2,4.495,3,4.988,4,2.459,255,0,
1578587639904,159,714136,6,1.124,0.418,-2.145,1,4.084,2,4.498,3,4.993,4,2.458,255,0,
1578587640065,161,714297,6,1.127,0.417,-2.143,1,4.084,2,4.499,3,4.988,4,2.456,255,0,
1578587640165,100,714397,6,1.128,0.416,-2.142,1,4.084,2,4.499,3,4.988,4,2.456,255,0,
1578587640335,170,714567,6,1.128,0.417,-2.142,1,4.080,2,4.503,3,4.989,4,2.460,255,0,
1578587640414,79,714646,4,0.000,0.000,0.000,255,0,
1578587640495,81,714727,6,1.126,0.418,-2.142,1,4.080,2,4.500,3,4.987,4,2.457,255,0,
1578587640674,179,714906,6,1.123,0.421,-2.143,1,4.080,2,4.494,3,4.990,4,2.457,255,0,
1578587640840,166,715072,6,1.122,0.424,-2.142,1,4.082,2,4.499,3,4.989,4,2.458,255,0,
1578587641009,169,715241,6,1.121,0.425,-2.142,1,4.083,2,4.498,3,4.990,4,2.457,255,0,
1578587641188,179,715420,6,1.120,0.428,-2.142,1,4.080,2,4.495,3,4.991,4,2.458,255,0,
1578587641194,6,715426,1,1.825,-2.989,0.000,255,0,
1578587641370,176,715602,6,1.119,0.429,-2.143,1,4.080,2,4.495,3,4.991,4,2.458,255,0,
1578587641529,159,715761,6,1.118,0.430,-2.143,1,4.083,2,4.501,3,4.993,4,2.459,255,0,
1578587641672,143,715904,6,1.118,0.431,-2.143,1,4.080,2,4.500,3,4.991,4,2.456,255,0,
1578587641831,159,716063,6,1.119,0.431,-2.143,1,4.085,2,4.500,3,4.991,4,2.461,255,0,
1578587642018,187,716250,6,1.119,0.430,-2.143,1,4.083,2,4.495,3,4.990,4,2.458,255,0,
1578587642169,151,716401,6,1.118,0.429,-2.144,1,4.083,2,4.498,3,4.992,4,2.459,255,0,
1578587642341,172,716573,2,5.050,0.000,0.000,255,0,
1578587642513,172,716745,6,1.118,0.429,-2.145,1,4.080,2,4.500,3,4.992,4,2.458,255,0,
1578587642679,166,716911,6,1.118,0.428,-2.145,1,4.082,2,4.500,3,4.992,4,2.458,255,0,
1578587642836,157,717068,6,1.118,0.428,-2.145,1,4.082,2,4.501,3,4.993,4,2.459,255,0,
1578587642988,152,717220,6,1.119,0.427,-2.145,1,4.082,2,4.496,3,4.996,4,2.459,255,0,
1578587643131,143,717363,6,1.119,0.427,-2.146,1,4.082,2,4.499,3,4.994,4,2.459,255,0,
1578587643323,192,717555,6,1.118,0.426,-2.145,1,4.082,2,4.496,3,4.994,4,2.458,255,0,
1578587643608,285,717840,6,1.116,0.425,-2.142,1,4.084,2,4.498,3,4.998,4,2.461,255,0,
1578587643760,152,717992,6,1.114,0.424,-2.136,1,4.083,2,4.498,3,4.998,4,2.457,255,0,
1578587643948,188,718180,6,1.113,0.423,-2.133,1,4.084,2,4.498,3,4.989,4,2.458,255,0,
1578587644112,164,718344,6,1.113,0.421,-2.132,1,4.082,2,4.496,3,4.989,4,2.457,255,0,
1578587644192,80,718424,6,1.115,0.420,-2.133,1,4.082,2,4.496,3,4.989,4,2.457,255,0,
1578587644362,170,718594,6,1.117,0.417,-2.137,1,4.086,2,4.500,3,4.989,4,2.459,255,0,
1578587644518,156,718750,6,1.118,0.417,-2.139,1,4.084,2,4.498,3,4.989,4,2.458,255,0,
1578587644682,164,718914,6,1.119,0.415,-2.142,1,4.081,2,4.499,3,4.989,4,2.458,255,0,
1578587644826,144,719058,6,1.119,0.414,-2.145,1,4.083,2,4.496,3,4.989,4,2.459,255,0,
1578587645150,324,719382,6,1.119,0.412,-2.146,1,4.094,2,4.499,3,4.990,4,2.457,255,0,
1578587645227,77,719459,6,1.119,0.410,-2.148,1,4.078,2,4.499,3,4.993,4,2.457,255,0,
1578587645378,151,719610,6,1.120,0.409,-2.149,1,4.078,2,4.499,3,4.993,4,2.457,255,0,
1578587645541,163,719773,6,1.120,0.410,-2.149,1,4.084,2,4.498,3,4.999,4,2.459,255,0,
1578587645685,144,719917,6,1.119,0.411,-2.147,1,4.090,2,4.491,3,4.998,4,2.460,255,0,
1578587645854,169,720086,6,1.115,0.418,-2.141,1,4.063,2,4.468,3,4.992,4,2.452,255,0,
1578587646004,150,720236,6,1.113,0.420,-2.142,1,3.891,2,4.395,3,4.983,4,2.405,255,0,
1578587646150,146,720382,6,1.111,0.426,-2.144,1,3.891,2,4.334,3,4.983,4,2.378,255,0,
1578587646260,110,720492,6,1.115,0.429,-2.145,1,3.891,2,4.334,3,4.983,4,2.378,255,0,
1578587646510,250,720742,6,1.113,0.433,-2.122,1,3.895,2,5.500,3,5.196,4,2.653,255,0,
1578587646676,166,720908,6,1.135,0.395,-2.078,1,3.919,2,5.548,3,5.221,4,2.713,255,0,
1578587646909,233,721141,6,1.219,0.360,-2.048,1,3.931,2,5.542,3,5.232,4,2.734,255,0,
1578587646940,31,721172,6,1.319,0.304,-2.072,1,3.931,2,5.542,3,5.232,4,2.734,255,0,
1578587647092,152,721324,6,1.389,0.252,-2.111,1,3.922,2,5.541,3,5.238,4,2.736,255,0,
1578587647253,161,721485,6,1.365,0.124,-2.229,1,3.940,2,5.556,3,5.238,4,2.736,255,0,
1578587647425,172,721657,6,1.137,-0.065,-2.440,1,3.947,2,5.562,3,5.230,4,2.735,255,0,
1578587647425,0,721657,3,1.659,4.906,0.000,255,0,
1578587647518,93,721750,6,0.682,-0.266,-2.501,1,3.947,2,5.562,3,5.230,4,2.735,255,0,
1578587648442,924,722674,6,0.609,-0.285,-2.484,1,3.934,2,4.257,3,5.231,4,2.738,255,0,
1578587648593,151,722825,6,0.531,-0.224,-2.302,1,3.934,2,4.257,3,5.231,4,2.738,255,0,
1578587648730,137,722962,6,0.512,-0.129,-2.099,1,3.932,2,5.558,3,5.231,4,2.739,255,0,
1578587648901,171,723133,6,0.628,0.012,-1.919,1,3.939,2,5.548,3,5.231,4,2.737,255,0,
1578587649031,130,723263,6,0.756,0.097,-1.864,1,3.923,2,5.555,3,5.231,4,2.738,255,0,
1578587649185,154,723417,6,1.119,0.139,-2.088,1,3.938,2,5.566,3,5.231,4,2.735,255,0,
1578587649338,153,723570,6,0.956,-0.059,-2.324,1,3.937,2,5.566,3,5.231,4,2.732,255,0,
1578587649492,154,723724,6,0.673,-0.269,-2.471,1,3.934,2,4.280,3,5.231,4,2.737,255,0,
1578587649596,104,723828,6,0.367,-0.478,-2.597,1,3.934,2,4.280,3,5.231,4,2.737,255,0,
1578587649762,166,723994,6,0.242,-0.563,-2.646,1,3.929,2,4.254,3,5.231,4,2.737,255,0,
1578587649915,153,724147,6,0.339,-0.504,-2.623,1,3.931,2,4.250,3,5.233,4,2.740,255,0,
1578587650070,155,724302,6,0.626,-0.327,-2.542,1,3.929,2,4.243,3,5.229,4,2.736,255,0,
1578587650215,145,724447,6,0.957,-0.125,-2.447,1,3.927,2,4.261,3,5.225,4,2.733,255,0,
1578587650411,196,724643,6,1.167,0.002,-2.385,1,3.927,2,4.252,3,5.222,4,2.898,255,0,
1578587650557,146,724789,4,0.000,0.000,0.000,255,0,
1578587650574,17,724806,6,1.350,0.111,-2.329,1,3.937,2,4.246,3,5.218,4,2.860,255,0,
1578587650750,176,724982,6,1.420,0.159,-2.300,1,3.919,2,4.757,3,5.221,4,2.876,255,0,
1578587650842,92,725074,6,1.435,0.180,-2.284,1,3.919,2,4.757,3,5.221,4,2.876,255,0,
1578587650994,152,725226,6,1.446,0.192,-2.273,1,3.918,2,4.209,3,5.226,4,2.932,255,0,
1578587651163,169,725395,6,1.484,0.201,-2.267,1,3.908,2,4.186,3,5.234,4,2.801,255,0,
1578587651247,84,725479,1,1.825,-2.989,0.000,255,0,
1578587651330,83,725562,6,1.544,0.204,-2.266,1,3.908,2,4.186,3,5.234,4,2.801,255,0,
1578587651474,144,725706,6,1.591,0.204,-2.266,1,3.905,2,4.168,3,5.236,4,2.771,255,0,
1578587651631,157,725863,6,1.594,0.201,-2.265,1,3.910,2,4.148,3,5.225,4,2.787,255,0,
1578587651723,92,725955,6,1.574,0.195,-2.263,1,3.937,2,4.103,3,5.186,4,2.814,255,0,
1578587652068,345,726300,6,1.542,0.189,-2.261,1,3.998,2,3.988,3,5.167,4,2.908,255,0,
1578587652158,90,726390,6,1.546,0.187,-2.259,1,3.998,2,3.988,3,5.167,4,2.908,255,0,
1578587652334,176,726566,6,1.561,0.189,-2.257,1,4.457,2,3.938,3,5.138,4,2.956,255,0,
1578587652407,73,726639,2,5.050,0.000,0.000,255,0,
1578587652495,88,726727,6,1.592,0.197,-2.256,1,4.457,2,3.938,3,5.138,4,2.956,255,0,
1578587652651,156,726883,6,1.615,0.206,-2.257,1,4.113,2,3.926,3,5.126,4,2.954,255,0,
1578587652799,148,727031,6,1.711,0.249,-2.261,1,4.113,2,3.914,3,5.138,4,3.083,255,0,
1578587652985,186,727217,6,1.743,0.264,-2.265,1,4.042,2,3.909,3,5.143,4,3.110,255,0,
1578587653005,20,727237,6,1.795,0.289,-2.275,1,4.042,2,3.909,3,5.143,4,3.110,255,0,
1578587653180,175,727412,6,1.832,0.307,-2.284,1,4.018,2,3.875,3,5.147,4,3.060,255,0,
1578587653348,168,727580,6,1.865,0.320,-2.297,1,4.011,2,3.838,3,5.162,4,3.015,255,0,
1578587653510,162,727742,6,1.883,0.323,-2.303,1,3.969,2,3.810,3,5.192,4,3.041,255,0,
1578587653659,149,727891,6,1.900,0.322,-2.305,1,3.923,2,3.770,3,5.240,4,3.083,255,0,
1578587653849,190,728081,6,1.902,0.321,-2.305,1,3.833,2,3.727,3,5.326,4,3.069,255,0,
1578587653874,25,728106,6,1.923,0.309,-2.300,1,3.833,2,3.727,3,5.326,4,3.069,255,0,
1578587654047,173,728279,6,1.948,0.292,-2.296,1,3.808,2,3.685,3,5.344,4,3.098,255,0,
1578587654201,154,728433,6,1.983,0.258,-2.285,1,3.787,2,3.697,3,5.382,4,3.099,255,0,
1578587654354,153,728586,6,2.021,0.213,-2.273,1,3.758,2,3.684,3,5.404,4,3.099,255,0,
1578587654514,160,728746,6,2.066,0.150,-2.259,1,3.749,2,3.666,3,5.417,4,3.099,255,0,
1578587654680,166,728912,6,2.070,0.143,-2.258,1,3.732,2,3.660,3,5.420,4,3.099,255,0,
1578587654831,151,729063,6,2.100,0.092,-2.250,1,3.672,2,3.665,3,5.517,4,3.164,255,0,
1578587654914,83,729146,6,2.115,0.061,-2.245,1,3.647,2,3.651,3,5.556,4,3.182,255,0,
1578587655065,151,729297,6,2.124,0.038,-2.241,1,3.647,2,3.651,3,5.556,4,3.182,255,0,
1578587655224,159,729456,6,2.133,0.016,-2.237,1,3.640,2,3.646,3,5.626,4,3.181,255,0,
1578587655373,149,729605,6,2.150,-0.021,-2.241,1,3.638,2,3.634,3,5.577,4,3.199,255,0,
1578587655532,159,729764,6,2.167,-0.062,-2.250,1,3.646,2,3.602,3,5.587,4,3.250,255,0,
1578587655709,177,729941,6,2.176,-0.086,-2.256,1,3.650,2,3.571,3,5.621,4,3.262,255,0,
1578587655801,92,730033,6,2.191,-0.123,-2.266,1,3.650,2,3.571,3,5.621,4,3.262,255,0,
1578587655955,154,730187,6,2.202,-0.149,-2.271,1,3.642,2,3.467,3,5.612,4,3.341,255,0,
1578587656098,143,730330,6,2.219,-0.161,-2.273,1,3.647,2,3.442,3,5.629,4,3.375,255,0,
1578587656258,160,730490,6,2.252,-0.166,-2.272,1,3.642,2,3.401,3,5.661,4,3.423,255,0,
1578587656425,167,730657,6,2.309,-0.172,-2.271,1,3.639,2,3.323,3,5.710,4,3.454,255,0,
1578587656576,151,730808,6,2.344,-0.176,-2.270,1,3.644,2,3.285,3,5.710,4,3.543,255,0,
1578587656770,194,731002,6,2.401,-0.186,-2.268,1,3.652,2,3.241,3,5.736,4,3.582,255,0,
1578587656948,178,731180,6,2.448,-0.200,-2.269,1,3.655,2,3.217,3,5.806,4,3.628,255,0,
1578587657098,150,731330,6,2.506,-0.219,-2.270,1,3.656,2,3.185,3,5.825,4,3.680,255,0,
1578587657250,152,731482,6,2.569,-0.240,-2.272,1,3.658,2,3.130,3,5.867,4,3.738,255,0,
1578587657398,148,731630,6,2.631,-0.258,-2.274,1,3.663,2,3.076,3,5.887,4,3.784,255,0,
1578587657570,172,731802,6,2.713,-0.281,-2.277,1,3.714,2,3.031,3,5.915,4,3.784,255,0,
1578587657570,0,731802,3,1.659,4.906,0.000,255,0,
1578587657718,148,731950,6,2.783,-0.301,-2.278,1,3.725,2,2.987,3,6.000,4,3.915,255,0,
1578587657896,178,732128,6,2.844,-0.319,-2.277,1,3.725,2,2.919,3,5.968,4,4.021,255,0,
1578587657986,90,732218,6,2.910,-0.337,-2.275,1,3.725,2,2.919,3,5.968,4,4.021,255,0,
1578587658157,171,732389,6,2.972,-0.353,-2.274,1,3.831,2,2.808,3,6.065,4,4.142,255,0,
1578587658301,144,732533,6,3.047,-0.367,-2.278,1,3.831,2,2.781,3,6.065,4,4.233,255,0,
1578587658496,195,732728,6,3.113,-0.375,-2.287,1,3.847,2,2.749,3,6.083,4,4.255,255,0,
1578587658646,150,732878,6,3.199,-0.377,-2.290,1,3.868,2,2.709,3,6.101,4,4.304,255,0,
1578587658656,10,732888,6,3.248,-0.378,-2.287,1,3.868,2,2.709,3,6.101,4,4.304,255,0,
1578587658829,173,733061,6,3.335,-0.378,-2.277,1,3.894,2,2.697,3,6.116,4,4.370,255,0,
1578587658997,168,733229,6,3.413,-0.383,-2.258,1,3.922,2,2.683,3,6.127,4,4.404,255,0,
1578587659085,88,733317,6,3.516,-0.397,-2.247,1,3.939,2,2.659,3,6.139,4,4.437,255,0,
1578587659244,159,733476,6,3.591,-0.412,-2.250,1,3.959,2,2.648,3,6.148,4,4.482,255,0,
1578587659395,151,733627,6,3.595,-0.414,-2.252,1,3.969,2,2.637,3,6.162,4,4.477,255,0,
1578587659552,157,733784,6,3.664,-0.430,-2.271,1,3.972,2,2.631,3,6.167,4,4.486,255,0,
1578587659780,228,734012,6,3.713,-0.433,-2.282,1,3.971,2,2.627,3,6.174,4,4.514,255,0,
1578587659801,21,734033,6,3.733,-0.429,-2.282,1,3.971,2,2.627,3,6.174,4,4.514,255,0,
1578587659977,176,734209,6,3.759,-0.421,-2.281,1,3.972,2,2.626,3,6.173,4,4.508,255,0,
1578587660237,260,734469,6,3.778,-0.414,-2.281,1,3.977,2,2.625,3,6.173,4,4.499,255,0,
1578587660399,162,734631,6,3.800,-0.405,-2.285,1,3.974,2,2.628,3,6.171,4,4.504,255,0,
1578587660559,160,734791,4,0.000,0.000,0.000,255,0,
1578587661250,691,735482,1,1.825,-2.989,0.000,255,0,
1578587661406,156,735638,6,3.826,-0.396,-2.293,1,7.538,2,2.631,3,6.168,4,4.510,255,0,
1578587661547,141,735779,6,3.846,-0.402,-2.293,1,7.538,2,2.631,3,6.168,4,4.516,255,0,
1578587661687,140,735919,6,3.920,-0.422,-2.296,1,7.533,2,2.628,3,6.167,4,4.512,255,0,
1578587661990,303,736222,6,3.681,-0.336,-2.299,1,7.539,2,2.629,3,6.171,4,4.505,255,0,
1578587662408,418,736640,2,5.050,0.000,0.000,255,0,
1578587662709,301,736941,6,3.058,-0.121,-2.305,1,7.541,2,2.628,3,6.171,4,4.503,255,0,
1578587662859,150,737091,6,0.723,0.685,-2.316,1,7.538,2,2.628,3,6.167,4,4.507,255,0,
1578587663070,211,737302,6,0.579,0.733,-2.314,1,7.539,2,2.631,3,6.173,4,4.506,255,0,
1578587664287,1217,738519,6,0.336,0.816,-2.311,1,3.973,2,2.627,3,6.169,4,4.509,255,0,
1578587664425,138,738657,6,-0.618,1.137,-2.304,1,3.973,2,2.626,3,6.169,4,4.504,255,0,
1578587664571,146,738803,6,-1.587,1.461,-2.292,1,3.974,2,2.630,3,6.165,4,4.510,255,0,
1578587664722,151,738954,6,-1.342,1.377,-2.290,1,3.974,2,2.631,3,6.169,4,4.510,255,0,
1578587664864,142,739096,6,-0.416,1.062,-2.289,1,3.975,2,2.628,3,6.160,4,4.508,255,0,
1578587665006,142,739238,6,3.759,-0.354,-2.299,1,3.973,2,2.625,3,6.171,4,4.507,255,0,
1578587665232,226,739464,6,3.808,-0.371,-2.300,1,3.972,2,2.627,3,6.166,4,4.504,255,0,
1578587665391,159,739623,6,3.824,-0.379,-2.299,1,3.976,2,2.628,3,6.164,4,4.503,255,0,
1578587665558,167,739790,6,3.830,-0.383,-2.297,1,3.976,2,2.628,3,6.164,4,4.503,255,0,
1578587665641,83,739873,6,3.831,-0.387,-2.295,1,3.976,2,2.628,3,6.164,4,4.503,255,0,
1578587665798,157,740030,6,3.831,-0.389,-2.293,1,3.975,2,2.628,3,6.168,4,4.507,255,0,
1578587665955,157,740187,6,3.830,-0.391,-2.292,1,3.974,2,2.626,3,6.166,4,4.507,255,0,
1578587666060,105,740292,6,3.831,-0.390,-2.293,1,3.974,2,2.626,3,6.166,4,4.507,255,0,
1578587666215,155,740447,6,3.830,-0.390,-2.293,1,3.975,2,2.626,3,6.166,4,4.500,255,0,
1578587666364,149,740596,6,3.827,-0.392,-2.291,1,3.977,2,2.630,3,6.172,4,4.502,255,0,
1578587666543,179,740775,6,3.824,-0.394,-2.290,1,3.979,2,2.628,3,6.163,4,4.506,255,0,
1578587666715,172,740947,6,3.821,-0.393,-2.288,1,3.982,2,2.613,3,8.686,4,4.511,255,0,
1578587666794,79,741026,6,3.819,-0.393,-2.288,1,3.982,2,2.613,3,8.686,4,4.511,255,0,
1578587666972,178,741204,6,3.820,-0.394,-2.289,1,3.989,2,2.606,3,6.126,4,4.512,255,0,
1578587667066,94,741298,6,3.825,-0.404,-2.292,1,3.989,2,2.606,3,6.126,4,4.512,255,0,
1578587667227,161,741459,6,3.836,-0.429,-2.299,1,4.103,2,2.435,3,5.881,4,4.401,255,0,
1578587667389,162,741621,6,3.847,-0.452,-2.302,1,4.225,2,2.413,3,5.520,4,4.264,255,0,
1578587667559,170,741791,6,3.852,-0.449,-2.294,1,4.314,2,2.505,3,5.420,4,4.209,255,0,
1578587667725,166,741957,3,1.659,4.906,0.000,255,0,
1578587667725,0,741957,6,3.850,-0.371,-2.244,1,4.314,2,2.536,3,5.420,4,4.225,255,0,
1578587667918,193,742150,6,3.842,-0.291,-2.203,1,4.312,2,2.543,3,5.401,4,4.229,255,0,
1578587668188,270,742420,6,3.812,-0.118,-2.129,1,4.312,2,2.542,3,5.416,4,4.225,255,0,
1578587668451,263,742683,6,3.768,0.044,-2.087,1,4.314,2,2.548,3,5.418,4,4.224,255,0,
1578587668474,23,742706,6,3.723,0.172,-2.072,1,4.314,2,2.548,3,5.418,4,4.224,255,0,
1578587668636,162,742868,6,3.691,0.249,-2.073,1,4.314,2,2.542,3,5.415,4,4.223,255,0,
1578587668797,161,743029,6,3.668,0.289,-2.083,1,4.316,2,2.542,3,5.416,4,4.224,255,0,
1578587669062,265,743294,6,3.657,0.308,-2.088,1,4.314,2,2.546,3,5.419,4,4.227,255,0,
1578587669246,184,743478,6,3.650,0.315,-2.092,1,4.316,2,2.542,3,5.420,4,4.224,255,0,
1578587669422,176,743654,6,3.650,0.315,-2.092,1,4.315,2,2.545,3,5.417,4,4.226,255,0,
1578587669590,168,743822,6,3.647,0.316,-2.094,1,4.314,2,2.544,3,5.417,4,4.224,255,0,
1578587669931,341,744163,6,3.645,0.316,-2.094,1,4.313,2,2.541,3,5.419,4,4.228,255,0,
1578587670088,157,744320,6,3.645,0.316,-2.095,1,4.313,2,2.545,3,5.423,4,4.227,255,0,
1578587670255,167,744487,6,3.645,0.317,-2.095,1,4.315,2,2.545,3,5.422,4,4.228,255,0,
1578587670427,172,744659,6,3.645,0.317,-2.094,1,4.315,2,2.548,3,5.419,4,4.225,255,0,
1578587670576,149,744808,4,0.000,0.000,0.000,255,0,
1578587670576,0,744808,6,3.645,0.316,-2.094,1,4.315,2,2.546,3,5.421,4,4.225,255,0,
1578587670729,153,744961,6,3.644,0.316,-2.094,1,4.314,2,2.545,3,5.419,4,4.223,255,0,
1578587670886,157,745118,6,3.644,0.315,-2.094,1,4.320,2,2.544,3,5.416,4,4.224,255,0,
1578587671031,145,745263,6,3.643,0.315,-2.095,1,4.317,2,2.535,3,5.416,4,4.226,255,0,
1578587671136,105,745368,6,3.641,0.315,-2.096,1,4.317,2,2.535,3,5.416,4,4.226,255,0,
1578587671290,154,745522,6,3.640,0.316,-2.096,1,4.317,2,2.543,3,5.418,4,4.223,255,0,
1578587671290,0,745522,1,1.825,-2.989,0.000,255,0,
1578587671448,158,745680,6,3.642,0.316,-2.094,1,4.317,2,2.539,3,5.417,4,4.225,255,0,
1578587671652,204,745884,6,3.646,0.318,-2.090,1,4.317,2,2.546,3,5.417,4,4.226,255,0,
1578587671868,216,746100,6,3.651,0.319,-2.086,1,4.315,2,2.541,3,5.420,4,4.225,255,0,
1578587671962,94,746194,6,3.655,0.319,-2.083,1,4.316,2,2.542,3,5.419,4,4.225,255,0,
1578587672126,164,746358,6,3.658,0.319,-2.080,1,4.316,2,2.542,3,5.419,4,4.225,255,0,
1578587672287,161,746519,6,3.660,0.319,-2.078,1,4.314,2,2.542,3,5.421,4,4.224,255,0,
1578587672438,151,746670,6,3.662,0.318,-2.076,1,4.317,2,2.542,3,5.421,4,4.226,255,0,
1578587672438,0,746670,2,5.050,0.000,0.000,255,0,
1578587672588,150,746820,6,3.664,0.318,-2.073,1,4.317,2,2.543,3,5.422,4,4.227,255,0,
1578587672687,99,746919,6,3.665,0.318,-2.072,1,4.317,2,2.543,3,5.422,4,4.227,255,0,
1578587672842,155,747074,6,3.666,0.317,-2.072,1,4.315,2,2.543,3,5.419,4,4.226,255,0,
1578587673056,214,747288,6,3.667,0.317,-2.072,1,4.317,2,2.540,3,5.420,4,4.225,255,0,
1578587673146,90,747378,6,3.668,0.317,-2.071,1,4.317,2,2.540,3,5.420,4,4.225,255,0,
1578587673310,164,747542,6,3.669,0.317,-2.070,1,4.318,2,2.546,3,5.419,4,4.227,255,0,
1578587673390,80,747622,6,3.670,0.317,-2.069,1,4.320,2,2.543,3,5.419,4,4.224,255,0,
1578587673563,173,747795,6,3.671,0.317,-2.068,1,4.317,2,2.542,3,5.419,4,4.226,255,0,
1578587673716,153,747948,6,3.669,0.317,-2.070,1,4.315,2,2.544,3,5.419,4,4.225,255,0,
1578587673820,104,748052,6,3.668,0.318,-2.072,1,4.315,2,2.544,3,5.419,4,4.225,255,0,
1578587673968,148,748200,6,3.666,0.318,-2.074,1,4.320,2,2.540,3,5.418,4,4.225,255,0,
1578587674129,161,748361,6,3.665,0.318,-2.075,1,4.316,2,2.539,3,5.410,4,4.224,255,0,
1578587674290,161,748522,6,3.665,0.318,-2.075,1,4.316,2,2.542,3,5.419,4,4.226,255,0,
1578587674450,160,748682,6,3.666,0.319,-2.073,1,4.316,2,2.542,3,5.419,4,4.227,255,0,
1578587674607,157,748839,6,3.666,0.319,-2.073,1,4.316,2,2.539,3,5.419,4,4.227,255,0,
1578587674752,145,748984,6,3.667,0.320,-2.071,1,4.316,2,2.542,3,5.418,4,4.228,255,0,
1578587674905,153,749137,6,3.668,0.320,-2.070,1,4.316,2,2.541,3,5.417,4,4.229,255,0,
1578587675055,150,749287,6,3.669,0.320,-2.068,1,4.316,2,2.543,3,5.418,4,4.227,255,0,
1578587675174,119,749406,6,3.672,0.319,-2.065,1,4.316,2,2.543,3,5.418,4,4.227,255,0,
1578587675326,152,749558,6,3.674,0.319,-2.063,1,4.315,2,2.543,3,5.414,4,4.227,255,0,
1578587675411,85,749643,6,3.676,0.319,-2.061,1,4.315,2,2.543,3,5.414,4,4.227,255,0,
1578587675569,158,749801,6,3.676,0.319,-2.060,1,4.317,2,2.548,3,5.419,4,4.227,255,0,
1578587675728,159,749960,6,3.674,0.319,-2.061,1,4.316,2,2.543,3,5.417,4,4.229,255,0,
1578587675879,151,750111,6,3.673,0.319,-2.062,1,4.318,2,2.540,3,5.417,4,4.225,255,0,
1578587676284,405,750516,6,3.672,0.320,-2.063,1,4.317,2,2.542,3,5.419,4,4.228,255,0,
1578587676507,223,750739,6,3.672,0.320,-2.064,1,4.316,2,2.545,3,5.416,4,4.226,255,0,
1578587676598,91,750830,6,3.672,0.320,-2.066,1,4.314,2,2.542,3,5.418,4,4.226,255,0,
1578587676748,150,750980,6,3.672,0.319,-2.067,1,4.314,2,2.542,3,5.418,4,4.226,255,0,
1578587676890,142,751122,6,3.672,0.319,-2.066,1,4.317,2,2.545,3,5.414,4,4.225,255,0,
1578587677034,144,751266,6,3.674,0.320,-2.063,1,4.317,2,2.541,3,5.417,4,4.224,255,0,
1578587677197,163,751429,6,3.675,0.320,-2.062,1,4.315,2,2.541,3,5.417,4,4.225,255,0,
1578587677349,152,751581,6,3.675,0.320,-2.061,1,4.314,2,2.539,3,5.418,4,4.228,255,0,
1578587677524,175,751756,6,3.674,0.320,-2.062,1,4.315,2,2.542,3,5.418,4,4.225,255,0,
1578587677579,55,751811,6,3.673,0.320,-2.062,1,4.315,2,2.542,3,5.418,4,4.225,255,0,
1578587677747,168,751979,3,1.659,4.906,0.000,255,0,
1578587677747,0,751979,6,3.673,0.320,-2.062,1,4.317,2,2.547,3,5.423,4,4.224,255,0,
1578587677893,146,752125,6,3.675,0.320,-2.060,1,4.318,2,2.542,3,5.423,4,4.225,255,0,
1578587678044,151,752276,6,3.675,0.319,-2.059,1,4.315,2,2.548,3,5.424,4,4.225,255,0,
1578587678200,156,752432,6,3.672,0.318,-2.063,1,4.315,2,2.543,3,5.419,4,4.225,255,0,
1578587678371,171,752603,6,3.671,0.318,-2.066,1,4.316,2,2.543,3,5.420,4,4.223,255,0,
1578587678526,155,752758,6,3.667,0.316,-2.072,1,4.314,2,2.559,3,5.418,4,4.224,255,0,
1578587678684,158,752916,6,3.665,0.316,-2.075,1,7.851,2,2.544,3,5.418,4,4.225,255,0,
1578587678828,144,753060,6,3.664,0.316,-2.077,1,7.851,2,2.544,3,5.418,4,4.227,255,0,
1578587678934,106,753166,6,3.662,0.317,-2.079,1,7.851,2,2.544,3,5.418,4,4.227,255,0,
1578587679099,165,753331,6,3.659,0.319,-2.084,1,4.304,2,2.549,3,5.418,4,4.228,255,0,
1578587679253,154,753485,6,3.656,0.320,-2.089,1,4.303,2,2.569,3,5.422,4,4.226,255,0,
1578587679434,181,753666,6,3.651,0.322,-2.097,1,4.306,2,2.540,3,5.421,4,4.230,255,0,
1578587679462,28,753694,6,3.648,0.322,-2.100,1,4.306,2,2.540,3,5.421,4,4.230,255,0,
1578587679620,158,753852,6,3.648,0.323,-2.100,1,4.308,2,2.551,3,5.420,4,4.233,255,0,
1578587679774,154,754006,6,3.651,0.323,-2.097,1,4.299,2,2.548,3,5.412,4,4.240,255,0,
1578587679926,152,754158,6,3.659,0.320,-2.087,1,4.306,2,2.564,3,5.419,4,4.240,255,0,
1578587680086,160,754318,6,3.662,0.317,-2.084,1,4.304,2,2.545,3,5.422,4,4.216,255,0,
1578587680259,173,754491,6,3.661,0.317,-2.085,1,4.292,2,2.520,3,5.416,4,4.246,255,0,
1578587680343,84,754575,6,3.656,0.316,-2.092,1,4.289,2,2.517,3,5.438,4,4.263,255,0,
1578587680586,243,754818,4,0.000,0.000,0.000,255,0,
1578587680586,0,754818,6,3.651,0.314,-2.098,1,4.282,2,2.527,3,5.435,4,4.216,255,0,
1578587680656,70,754888,6,3.652,0.313,-2.097,1,4.206,2,2.487,3,5.435,4,4.274,255,0,
1578587680908,252,755140,6,3.653,0.314,-2.093,1,7.632,2,2.513,3,5.435,4,4.363,255,0,
1578587681058,150,755290,6,3.651,0.321,-2.082,1,7.542,2,2.542,3,5.979,4,4.478,255,0,
1578587681212,154,755444,6,3.648,0.328,-2.078,1,3.979,2,2.539,3,6.246,4,4.558,255,0,
1578587681302,90,755534,1,1.825,-2.989,0.000,255,0,
1578587681409,107,755641,6,3.662,0.307,-2.085,1,3.491,2,2.700,3,6.246,4,4.500,255,0,
1578587681576,167,755808,6,3.681,0.279,-2.096,1,3.278,2,2.700,3,6.246,4,4.500,255,0,
1578587681751,175,755983,6,3.770,0.085,-2.145,1,3.204,2,3.002,3,9.997,4,4.361,255,0,
1578587681917,166,756149,6,3.835,-0.115,-2.170,1,3.252,2,3.116,3,9.999,4,4.386,255,0,
1578587682072,155,756304,6,3.887,-0.357,-2.171,1,3.287,2,3.142,3,9.961,4,4.431,255,0,
1578587682213,141,756445,6,3.866,-0.670,-2.162,1,3.223,2,3.237,3,0.000,4,4.427,255,0,
1578587682369,156,756601,6,3.780,-0.935,-2.166,1,3.092,2,3.335,3,9.728,4,4.384,255,0,
1578587682495,126,756727,2,5.050,0.000,0.000,255,0,
1578587682495,0,756727,6,3.659,-1.160,-2.207,1,3.092,2,3.335,3,9.728,4,4.384,255,0,
1578587682661,166,756893,6,3.565,-1.301,-2.265,1,2.836,2,3.449,3,7.174,4,4.205,255,0,
1578587682902,241,757134,6,3.490,-1.403,-2.311,1,2.784,2,3.503,3,7.226,4,4.190,255,0,
1578587682974,72,757206,6,3.411,-1.494,-2.320,1,2.753,2,3.578,3,7.303,4,4.219,255,0,
1578587683122,148,757354,6,3.328,-1.581,-2.312,1,2.753,2,3.578,3,7.303,4,4.219,255,0,
1578587683269,147,757501,6,3.255,-1.642,-2.288,1,2.708,2,3.652,3,7.352,4,4.204,255,0,
1578587683412,143,757644,6,3.178,-1.707,-2.254,1,2.664,2,3.718,3,7.377,4,4.178,255,0,
1578587683523,111,757755,6,3.092,-1.792,-2.227,1,2.664,2,3.718,3,7.377,4,4.178,255,0,
1578587683806,283,758038,6,3.072,-1.820,-2.226,1,2.566,2,3.899,3,7.533,4,4.120,255,0,
1578587683957,151,758189,6,3.019,-1.879,-2.231,1,2.511,2,4.001,3,7.658,4,4.157,255,0,
1578587684107,150,758339,6,2.962,-1.933,-2.239,1,2.511,2,4.001,3,7.658,4,4.184,255,0,
1578587684252,145,758484,6,2.895,-1.990,-2.246,1,2.480,2,4.054,3,7.711,4,4.195,255,0,
1578587684399,147,758631,6,2.848,-2.034,-2.251,1,2.429,2,4.089,3,7.741,4,4.206,255,0,
1578587684566,167,758798,6,2.756,-2.150,-2.259,1,2.375,2,4.135,3,7.755,4,4.202,255,0,
1578587684725,159,758957,6,2.723,-2.219,-2.258,1,2.312,2,4.181,3,7.796,4,4.167,255,0,
1578587684922,197,759154,6,2.695,-2.284,-2.260,1,2.218,2,4.249,3,7.834,4,4.089,255,0,
1578587685092,170,759324,6,2.665,-2.352,-2.245,1,2.168,2,4.274,3,7.792,4,4.039,255,0,
1578587685243,151,759475,6,2.642,-2.411,-2.224,1,2.168,2,4.311,3,7.816,4,4.013,255,0,
1578587685395,152,759627,6,2.597,-2.482,-2.178,1,2.168,2,4.346,3,7.830,4,3.995,255,0,
1578587685549,154,759781,6,2.537,-2.536,-2.129,1,2.058,2,4.393,3,7.852,4,3.980,255,0,
1578587685708,159,759940,6,2.447,-2.576,-2.083,1,1.982,2,4.429,3,7.880,4,3.963,255,0,
1578587685958,250,760190,6,2.367,-2.596,-2.055,1,1.759,2,4.449,3,7.902,4,3.881,255,0,
1578587686396,438,760628,6,2.310,-2.610,-2.047,1,1.514,2,4.572,3,7.989,4,3.834,255,0,
1578587686558,162,760790,6,2.253,-2.641,-2.006,1,1.521,2,4.589,3,8.030,4,3.875,255,0,
1578587686720,162,760952,6,2.203,-2.672,-1.959,1,1.531,2,4.601,3,8.033,4,3.874,255,0,
1578587686952,232,761184,6,2.159,-2.703,-1.901,1,1.536,2,4.602,3,8.050,4,3.873,255,0,
1578587687024,72,761256,6,2.097,-2.755,-1.799,1,1.536,2,4.600,3,8.045,4,3.878,255,0,
1578587687162,138,761394,6,2.006,-2.851,-1.653,1,1.536,2,4.600,3,8.045,4,3.878,255,0,
1578587687316,154,761548,6,1.965,-2.900,-1.601,1,1.531,2,4.600,3,8.044,4,3.884,255,0,
1578587687488,172,761720,6,1.936,-2.941,-1.567,1,1.534,2,4.612,3,8.046,4,3.879,255,0,
1578587687678,190,761910,6,1.919,-2.976,-1.543,1,1.532,2,4.599,3,8.044,4,3.879,255,0,
1578587687703,25,761935,6,1.919,-2.981,-1.539,1,1.532,2,4.599,3,8.044,4,3.879,255,0,
1578587687856,153,762088,3,1.659,4.906,0.000,255,0,
1578587687936,80,762168,6,1.922,-2.986,-1.535,1,1.536,2,4.605,3,8.051,4,3.877,255,0,
1578587688008,72,762240,6,1.925,-2.988,-1.532,1,1.527,2,4.603,3,8.048,4,3.899,255,0,
1578587688155,147,762387,6,1.925,-2.990,-1.530,1,1.527,2,4.603,3,8.048,4,3.899,255,0,
1578587688308,153,762540,6,1.921,-2.991,-1.530,1,1.534,2,4.603,3,8.051,4,3.881,255,0,
1578587688479,171,762711,6,1.920,-2.991,-1.530,1,1.533,2,4.603,3,8.050,4,3.882,255,0,
1578587688618,139,762850,6,1.916,-2.992,-1.530,1,1.531,2,4.603,3,8.050,4,3.869,255,0,
1578587688732,114,762964,6,1.917,-2.992,-1.529,1,1.531,2,4.603,3,8.050,4,3.869,255,0,
1578587688892,160,763124,6,1.920,-2.992,-1.528,1,1.533,2,4.596,3,8.046,4,3.885,255,0,
1578587689121,229,763353,6,1.924,-2.992,-1.528,1,1.533,2,4.599,3,8.051,4,3.872,255,0,
1578587689202,81,763434,6,1.925,-2.993,-1.528,1,1.531,2,4.599,3,8.053,4,3.872,255,0,
1578587689348,146,763580,6,1.924,-2.994,-1.528,1,1.531,2,4.599,3,8.053,4,3.872,255,0,
1578587689504,156,763736,6,1.922,-2.994,-1.529,1,1.535,2,4.600,3,8.050,4,3.874,255,0,
1578587689678,174,763910,6,1.919,-2.995,-1.529,1,1.531,2,4.598,3,8.049,4,3.876,255,0,
1578587689768,90,764000,6,1.917,-2.995,-1.530,1,1.531,2,4.598,3,8.049,4,3.876,255,0,
1578587689926,158,764158,6,1.917,-2.995,-1.529,1,1.534,2,4.598,3,8.047,4,3.880,255,0,
1578587690097,171,764329,6,1.916,-2.995,-1.529,1,1.533,2,4.596,3,8.047,4,3.876,255,0,
1578587690250,153,764482,6,1.915,-2.994,-1.529,1,1.531,2,4.598,3,8.048,4,3.881,255,0,
1578587690397,147,764629,6,1.912,-2.994,-1.529,1,1.533,2,4.600,3,8.047,4,3.871,255,0,
1578587690544,147,764776,6,1.911,-2.993,-1.530,1,1.534,2,4.597,3,8.051,4,3.879,255,0,
1578587690710,166,764942,4,0.000,0.000,0.000,255,0,
1578587690710,0,764942,6,1.913,-2.992,-1.530,1,1.534,2,4.596,3,8.047,4,3.877,255,0,
1578587690786,76,765018,6,1.918,-2.991,-1.529,1,1.534,2,4.596,3,8.047,4,3.877,255,0,
1578587690953,167,765185,6,1.924,-2.990,-1.528,1,1.533,2,4.598,3,8.048,4,3.875,255,0,
1578587691309,356,765541,1,1.825,-2.989,0.000,255,0,
1578587691391,82,765623,6,1.927,-2.990,-1.528,1,1.534,2,4.598,3,8.050,4,3.879,255,0,
1578587691468,77,765700,6,1.927,-2.991,-1.529,1,1.534,2,4.598,3,8.048,4,3.879,255,0,
1578587691621,153,765853,6,1.926,-2.991,-1.529,1,1.534,2,4.596,3,8.048,4,3.890,255,0,
1578587691798,177,766030,6,1.926,-2.991,-1.530,1,1.532,2,4.599,3,8.052,4,3.875,255,0,
1578587691963,165,766195,6,1.924,-2.991,-1.530,1,1.532,2,4.601,3,8.052,4,3.876,255,0,
1578587692195,232,766427,6,1.919,-2.992,-1.530,1,1.534,2,4.597,3,8.048,4,3.879,255,0,
1578587692386,191,766618,6,1.918,-2.992,-1.530,1,1.534,2,4.599,3,8.051,4,3.879,255,0,
1578587692534,148,766766,6,1.915,-2.993,-1.530,1,1.534,2,4.595,3,8.054,4,3.879,255,0,
1578587692534,0,766766,2,5.050,0.000,0.000,255,0,
1578587692687,153,766919,6,1.914,-2.993,-1.530,1,1.535,2,4.598,3,8.049,4,3.881,255,0,
1578587692857,170,767089,6,1.913,-2.993,-1.530,1,1.533,2,4.598,3,8.050,4,3.890,255,0,
1578587693021,164,767253,6,1.914,-2.993,-1.531,1,1.532,2,4.596,3,8.049,4,3.875,255,0,
1578587693042,21,767274,6,1.914,-2.993,-1.531,1,1.532,2,4.596,3,8.049,4,3.875,255,0,
1578587693191,149,767423,6,1.914,-2.993,-1.531,1,1.532,2,4.596,3,8.053,4,3.869,255,0,
1578587693342,151,767574,6,1.915,-2.993,-1.531,1,1.531,2,4.600,3,8.050,4,3.894,255,0,
1578587693628,286,767860,6,1.916,-2.992,-1.530,1,1.532,2,4.595,3,8.051,4,3.880,255,0,
1578587693863,235,768095,6,1.917,-2.993,-1.529,1,1.534,2,4.596,3,8.045,4,3.883,255,0,
1578587694035,172,768267,6,1.916,-2.993,-1.529,1,1.532,2,4.596,3,8.050,4,3.889,255,0,
1578587694197,162,768429,6,1.914,-2.993,-1.529,1,1.533,2,4.596,3,8.047,4,3.887,255,0,
1578587694358,161,768590,6,1.912,-2.993,-1.530,1,1.532,2,4.596,3,8.048,4,3.869,255,0,
1578587694590,232,768822,6,1.920,-2.991,-1.530,1,1.531,2,4.591,3,8.048,4,3.879,255,0,
1578587694795,205,769027,6,1.934,-2.990,-1.529,1,1.531,2,4.591,3,8.048,4,3.871,255,0,
1578587694961,166,769193,6,1.944,-2.989,-1.528,1,1.532,2,4.595,3,8.049,4,3.865,255,0,
1578587695120,159,769352,6,1.948,-2.989,-1.527,1,1.534,2,4.594,3,8.052,4,3.886,255,0,
1578587695294,174,769526,6,1.946,-2.989,-1.527,1,1.536,2,4.594,3,8.048,4,3.897,255,0,
1578587695376,82,769608,6,1.936,-2.990,-1.527,1,1.536,2,4.597,3,8.051,4,3.897,255,0,
1578587695525,149,769757,6,1.928,-2.991,-1.527,1,1.536,2,4.597,3,8.051,4,3.908,255,0,
1578587695689,164,769921,6,1.928,-2.991,-1.528,1,1.535,2,4.597,3,8.051,4,3.908,255,0,
1578587695861,172,770093,6,1.927,-2.991,-1.528,1,1.541,2,4.597,3,8.054,4,3.959,255,0,
1578587696013,152,770245,6,1.938,-2.992,-1.529,1,1.534,2,4.601,3,8.055,4,3.888,255,0,
1578587696202,189,770434,6,1.944,-2.992,-1.529,1,1.534,2,4.601,3,8.052,4,3.878,255,0,
1578587696367,165,770599,6,1.955,-2.993,-1.529,1,1.535,2,4.635,3,8.049,4,3.875,255,0,
1578587696520,153,770752,6,1.973,-2.993,-1.528,1,1.534,2,4.635,3,8.048,4,3.884,255,0,
1578587696678,158,770910,6,1.977,-2.994,-1.528,1,1.531,2,4.600,3,8.033,4,3.902,255,0,
1578587696862,184,771094,6,1.969,-2.997,-1.528,1,1.530,2,4.567,3,7.959,4,3.800,255,0,
1578587697028,166,771260,6,1.947,-3.000,-1.526,1,1.600,2,4.579,3,7.901,4,3.752,255,0,
1578587697108,80,771340,6,1.930,-2.999,-1.522,1,1.845,2,4.630,3,7.874,4,3.722,255,0,
1578587697279,171,771511,6,1.924,-2.994,-1.514,1,1.845,2,4.687,3,7.808,4,3.669,255,0,
1578587697435,156,771667,6,1.919,-2.968,-1.514,1,2.016,2,4.834,3,7.808,4,3.669,255,0,
1578587697580,145,771812,6,1.901,-2.902,-1.550,1,2.123,2,5.273,3,7.810,4,3.699,255,0,
1578587697724,144,771956,6,1.833,-2.842,-1.618,1,2.167,2,8.368,3,7.744,4,3.649,255,0,
1578587697900,176,772132,6,1.773,-2.817,-1.672,1,2.069,2,4.816,3,7.691,4,3.584,255,0,
1578587697900,0,772132,3,1.659,4.906,0.000,255,0,
1578587698058,158,772290,6,1.632,-2.770,-1.803,1,2.025,2,4.639,3,7.524,4,3.438,255,0,
1578587698150,92,772382,6,1.522,-2.746,-1.900,1,2.082,2,4.599,3,7.437,4,3.438,255,0,
1578587698249,99,772481,6,1.464,-2.711,-1.974,1,2.082,2,4.599,3,7.437,4,3.438,255,0,
1578587698405,156,772637,6,1.464,-2.668,-2.004,1,2.137,2,4.592,3,7.345,4,3.325,255,0,
1578587698554,149,772786,6,1.510,-2.567,-1.989,1,2.224,2,4.628,3,7.345,4,3.330,255,0,
1578587698909,355,773141,6,1.546,-2.458,-1.962,1,2.516,2,0.000,3,7.042,4,3.302,255,0,
1578587698991,82,773223,6,1.543,-2.394,-1.961,1,2.660,2,0.000,3,7.042,4,3.302,255,0,
1578587699150,159,773382,6,1.537,-2.337,-1.965,1,2.660,2,4.310,3,6.831,4,6.404,255,0,
1578587699327,177,773559,6,1.523,-2.283,-1.987,1,2.815,2,4.105,3,6.549,4,3.114,255,0,
1578587699472,145,773704,6,1.521,-2.234,-2.033,1,4.167,2,3.942,3,6.274,4,3.021,255,0,
1578587699620,148,773852,6,1.588,-1.979,-2.135,1,4.252,2,3.877,3,6.106,4,2.971,255,0,
1578587699778,158,774010,6,1.665,-1.882,-2.138,1,4.252,2,4.855,3,6.100,4,2.990,255,0,
1578587699925,147,774157,6,1.796,-1.649,-2.130,1,4.157,2,4.855,3,6.160,4,3.023,255,0,
1578587700029,104,774261,6,1.796,-1.338,-2.160,1,4.157,2,4.855,3,6.160,4,3.023,255,0,
1578587700184,155,774416,6,1.638,-1.055,-2.257,1,3.156,2,3.861,3,6.091,4,3.076,255,0,
1578587700339,155,774571,6,1.322,-0.798,-2.446,1,3.300,2,3.810,3,5.961,4,3.005,255,0,
1578587700507,168,774739,6,1.064,-0.608,-2.628,1,3.464,2,3.778,3,5.722,4,3.056,255,0,
1578587700587,80,774819,6,1.074,-0.547,-2.681,1,3.567,2,3.794,3,5.602,4,3.006,255,0,
1578587700755,168,774987,4,0.000,0.000,0.000,255,0,
1578587700755,0,774987,6,1.214,-0.563,-2.640,1,3.567,2,3.794,3,5.602,4,2.961,255,0,
1578587700906,151,775138,6,1.552,-0.593,-2.491,1,3.649,2,3.820,3,5.452,4,2.961,255,0,
1578587701051,145,775283,6,1.808,-0.566,-2.357,1,3.761,2,3.855,3,5.337,4,2.961,255,0,
1578587701155,104,775387,6,1.961,-0.472,-2.258,1,4.182,2,3.998,3,5.150,4,2.862,255,0,
1578587701316,161,775548,6,1.984,-0.416,-2.238,1,4.182,2,4.125,3,4.884,4,2.814,255,0,
1578587701316,0,775548,1,1.825,-2.989,0.000,255,0,
1578587701470,154,775702,6,1.979,-0.279,-2.216,1,4.426,2,4.253,3,4.648,4,2.813,255,0,
1578587701638,168,775870,6,1.931,-0.125,-2.212,1,4.536,2,4.312,3,4.525,4,2.837,255,0,
1578587701790,152,776022,6,1.853,0.061,-2.213,1,4.565,2,4.361,3,4.525,4,2.863,255,0,
1578587701940,150,776172,6,1.774,0.226,-2.216,1,4.580,2,4.228,3,4.525,4,2.908,255,0,
1578587702134,194,776366,6,1.664,0.460,-2.223,1,4.809,2,4.256,3,4.310,4,3.082,255,0,
1578587702160,26,776392,6,1.584,0.648,-2.224,1,4.809,2,4.256,3,4.310,4,3.082,255,0,
1578587702316,156,776548,6,1.525,0.808,-2.224,1,4.907,2,4.333,3,4.156,4,3.108,255,0,
1578587702473,157,776705,6,1.527,0.895,-2.222,1,5.069,2,4.432,3,4.043,4,3.161,255,0,
1578587702628,155,776860,6,1.556,0.981,-2.222,1,5.184,2,4.490,3,4.899,4,3.230,255,0,
1578587702628,0,776860,2,5.050,0.000,0.000,255,0,
1578587702806,178,777038,6,1.597,1.135,-2.234,1,5.296,2,4.582,3,4.008,4,3.302,255,0,
1578587702958,152,777190,6,1.599,1.154,-2.238,1,5.537,2,4.632,3,3.692,4,3.322,255,0,
1578587703107,149,777339,6,1.604,1.304,-2.263,1,5.738,2,4.747,3,3.478,4,3.389,255,0,
1578587703210,103,777442,6,1.593,1.441,-2.277,1,5.738,2,4.747,3,3.478,4,3.389,255,0,
1578587703361,151,777593,6,1.576,1.550,-2.282,1,6.070,2,5.168,3,3.269,4,3.682,255,0,
1578587703504,143,777736,6,1.537,1.697,-2.278,1,6.319,2,5.168,3,3.000,4,3.837,255,0,
1578587703669,165,777901,6,1.484,1.854,-2.277,1,6.509,2,5.168,3,2.788,4,3.990,255,0,
1578587703822,153,778054,6,1.410,2.068,-2.277,1,6.593,2,7.915,3,2.684,4,4.084,255,0,
1578587704003,181,778235,6,1.355,2.240,-2.270,1,6.835,2,5.508,3,2.556,4,4.328,255,0,
1578587704085,82,778317,6,1.297,2.504,-2.243,1,6.952,2,5.747,3,2.516,4,4.417,255,0,
1578587704262,177,778494,6,1.269,2.745,-2.203,1,6.952,2,5.747,3,2.516,4,4.417,255,0,
1578587704444,182,778676,6,1.291,2.970,-2.154,1,7.021,2,5.845,3,2.489,4,4.465,255,0,
1578587704522,78,778754,6,1.331,3.164,-2.124,1,7.021,2,5.776,3,2.497,4,4.453,255,0,
1578587704664,142,778896,6,1.371,3.342,-2.114,1,7.021,2,5.776,3,2.497,4,4.453,255,0,
1578587704833,169,779065,6,1.373,3.413,-2.119,1,7.017,2,5.824,3,2.496,4,4.455,255,0,
1578587704983,150,779215,6,1.340,3.538,-2.133,1,7.009,2,5.787,3,2.495,4,4.450,255,0,
1578587705195,212,779427,6,1.297,3.621,-2.139,1,7.014,2,5.829,3,2.496,4,4.448,255,0,
1578587705350,155,779582,6,1.279,3.640,-2.137,1,7.034,2,5.758,3,2.499,4,4.455,255,0,
1578587705493,143,779725,6,1.266,3.659,-2.136,1,7.009,2,5.764,3,2.498,4,4.445,255,0,
1578587705649,156,779881,6,1.278,3.668,-2.137,1,7.017,2,5.771,3,2.496,4,4.445,255,0,
1578587705800,151,780032,6,1.290,3.671,-2.139,1,7.016,2,7.565,3,2.499,4,4.450,255,0,
1578587705962,162,780194,6,1.290,3.673,-2.140,1,7.018,2,5.807,3,2.498,4,4.448,255,0,
1578587706119,157,780351,6,1.277,3.672,-2.137,1,7.013,2,5.763,3,2.498,4,4.448,255,0,
1578587706215,96,780447,6,1.258,3.672,-2.133,1,7.013,2,5.763,3,2.498,4,4.448,255,0,
1578587706375,160,780607,6,1.254,3.671,-2.131,1,7.016,2,5.792,3,2.499,4,4.452,255,0,
1578587706532,157,780764,6,1.265,3.670,-2.133,1,7.010,2,5.775,3,2.502,4,4.453,255,0,
1578587706683,151,780915,6,1.283,3.670,-2.137,1,7.014,2,5.750,3,2.498,4,4.454,255,0,
1578587706834,151,781066,6,1.302,3.670,-2.141,1,7.013,2,5.757,3,2.496,4,4.453,255,0,
1578587706976,142,781208,6,1.308,3.669,-2.143,1,7.011,2,5.776,3,2.497,4,4.450,255,0,
1578587707152,176,781384,6,1.316,3.669,-2.144,1,7.011,2,5.762,3,2.497,4,4.449,255,0,
1578587707307,155,781539,6,1.322,3.669,-2.145,1,7.016,2,5.741,3,2.497,4,4.451,255,0,
1578587707409,102,781641,6,1.326,3.668,-2.144,1,7.016,2,5.741,3,2.497,4,4.451,255,0,
1578587707557,148,781789,6,1.326,3.668,-2.144,1,7.014,2,5.775,3,2.498,4,4.448,255,0,
1578587707712,155,781944,6,1.325,3.668,-2.143,1,7.015,2,5.786,3,2.496,4,4.450,255,0,
1578587707858,146,782090,6,1.328,3.668,-2.144,1,7.016,2,5.767,3,2.496,4,4.450,255,0,
1578587708013,155,782245,6,1.323,3.669,-2.143,1,7.010,2,5.744,3,2.496,4,4.440,255,0,
1578587708013,0,782245,3,1.659,4.906,0.000,255,0,
1578587708199,186,782431,6,1.312,3.670,-2.141,1,7.012,2,6.148,3,2.497,4,4.448,255,0,
1578587708280,81,782512,6,1.292,3.670,-2.137,1,7.012,2,6.148,3,2.497,4,4.448,255,0,
1578587708441,161,782673,6,1.266,3.669,-2.131,1,7.012,2,7.556,3,2.497,4,4.444,255,0,
1578587708611,170,782843,6,1.259,3.669,-2.129,1,7.011,2,5.739,3,2.496,4,4.450,255,0,
1578587708689,78,782921,6,1.267,3.668,-2.131,1,7.014,2,5.782,3,2.497,4,4.450,255,0,
1578587709097,408,783329,6,1.293,3.667,-2.136,1,7.009,2,7.547,3,2.497,4,4.450,255,0,
1578587709272,175,783504,6,1.302,3.667,-2.138,1,7.013,2,5.823,3,2.499,4,4.450,255,0,
1578587709481,209,783713,6,1.299,3.667,-2.137,1,7.017,2,5.748,3,2.497,4,4.455,255,0,
1578587709525,44,783757,6,1.279,3.667,-2.132,1,7.017,2,5.748,3,2.497,4,4.455,255,0,
1578587709688,163,783920,6,1.263,3.666,-2.128,1,7.017,2,5.761,3,2.498,4,4.455,255,0,
1578587709844,156,784076,6,1.190,3.665,-2.111,1,7.013,2,5.750,3,2.497,4,4.452,255,0,
1578587709996,152,784228,6,1.179,3.667,-2.111,1,7.009,2,5.768,3,2.496,4,4.453,255,0,
1578587710146,150,784378,6,1.178,3.670,-2.114,1,7.014,2,7.570,3,2.495,4,4.449,255,0,
1578587710301,155,784533,6,1.183,3.670,-2.116,1,7.015,2,7.564,3,2.495,4,4.452,255,0,
1578587710470,169,784702,6,1.200,3.671,-2.121,1,7.015,2,7.565,3,2.495,4,4.449,255,0,
1578587710542,72,784774,6,1.231,3.670,-2.126,1,7.016,2,5.762,3,2.497,4,4.443,255,0,
1578587710684,142,784916,6,1.266,3.669,-2.131,1,7.016,2,5.751,3,2.494,4,4.441,255,0,
1578587710780,96,785012,4,0.000,0.000,0.000,255,0,
1578587710861,81,785093,6,1.296,3.669,-2.136,1,7.015,2,5.731,3,2.494,4,4.449,255,0,
1578587711112,251,785344,6,1.308,3.669,-2.138,1,7.013,2,5.792,3,2.495,4,4.448,255,0,
1578587711258,146,785490,6,1.308,3.669,-2.139,1,7.011,2,5.747,3,2.496,4,4.451,255,0,
1578587711410,152,785642,6,1.306,3.670,-2.139,1,7.011,2,5.747,3,2.496,4,4.451,255,0,
1578587711410,0,785642,1,1.825,-2.989,0.000,255,0,
1578587711581,171,785813,6,1.305,3.671,-2.139,1,7.017,2,5.754,3,2.496,4,4.448,255,0,
1578587711730,149,785962,6,1.308,3.671,-2.139,1,7.014,2,5.748,3,2.493,4,4.444,255,0,
1578587711875,145,786107,6,1.314,3.670,-2.140,1,7.010,2,5.820,3,2.495,4,4.442,255,0,
1578587712061,186,786293,6,1.316,3.670,-2.140,1,7.013,2,7.560,3,2.496,4,4.445,255,0,
1578587712140,79,786372,6,1.315,3.670,-2.139,1,7.016,2,7.559,3,2.499,4,4.439,255,0,
1578587712300,160,786532,6,1.313,3.670,-2.139,1,7.016,2,7.554,3,2.499,4,4.445,255,0,
1578587712460,160,786692,6,1.309,3.669,-2.138,1,7.015,2,7.553,3,2.497,4,4.445,255,0,
1578587712614,154,786846,6,1.306,3.669,-2.138,1,7.024,2,7.546,3,2.496,4,4.443,255,0,
1578587712756,142,786988,2,5.050,0.000,0.000,255,0,
1578587712756,0,786988,6,1.300,3.669,-2.138,1,7.018,2,7.568,3,2.496,4,4.471,255,0,
1578587712910,154,787142,6,1.296,3.670,-2.138,1,7.009,2,7.572,3,2.499,4,4.461,255,0,
1578587713053,143,787285,6,1.294,3.672,-2.140,1,6.980,2,7.550,3,2.507,4,4.435,255,0,
1578587713236,183,787468,6,1.299,3.679,-2.142,1,6.691,2,5.413,3,2.594,4,4.345,255,0,
1578587713386,150,787618,6,1.313,3.688,-2.138,1,6.533,2,5.209,3,2.718,4,4.172,255,0,
1578587713550,164,787782,6,1.321,3.691,-2.135,1,6.429,2,5.087,3,0.000,4,4.116,255,0,
1578587713695,145,787927,6,1.329,3.669,-2.139,1,6.383,2,5.026,3,0.000,4,4.105,255,0,
1578587713861,166,788093,6,1.341,3.616,-2.151,1,6.383,2,4.979,3,0.000,4,4.068,255,0,
1578587714009,148,788241,6,1.380,3.491,-2.188,1,6.222,2,4.880,3,4.253,4,3.981,255,0,
1578587714164,155,788396,6,1.437,3.364,-2.222,1,6.115,2,4.794,3,4.364,4,3.902,255,0,
1578587714349,185,788581,6,1.514,3.225,-2.248,1,6.115,2,4.794,3,4.364,4,3.902,255,0,
1578587714508,159,788740,6,1.586,3.101,-2.254,1,5.990,2,4.631,3,2.933,4,3.828,255,0,
1578587714675,167,788907,6,1.652,2.980,-2.246,1,5.903,2,4.577,3,2.945,4,3.803,255,0,
1578587714817,142,789049,6,1.678,2.903,-2.178,1,5.757,2,4.340,3,3.024,4,4.427,255,0,
1578587714990,173,789222,6,1.720,2.818,-2.146,1,5.539,2,4.198,3,3.164,4,3.523,255,0,
1578587715162,172,789394,6,1.803,2.714,-2.168,1,5.341,2,4.118,3,3.325,4,3.368,255,0,
1578587715307,145,789539,6,1.898,2.624,-2.202,1,5.202,2,8.761,3,3.545,4,3.291,255,0,
1578587715317,10,789549,6,2.016,2.505,-2.270,1,5.202,2,8.761,3,3.545,4,3.291,255,0,
1578587715516,199,789748,6,2.081,2.434,-2.262,1,5.202,2,8.761,3,3.545,4,3.291,255,0,
1578587715666,150,789898,6,2.081,2.326,-2.112,1,5.224,2,4.112,3,3.753,4,3.441,255,0,
1578587715807,141,790039,6,2.042,2.179,-1.966,1,5.264,2,4.146,3,3.784,4,3.492,255,0,
1578587715955,148,790187,6,2.085,2.044,-1.933,1,5.228,2,5.698,3,3.869,4,3.522,255,0,
1578587716194,239,790426,6,2.083,2.035,-1.936,1,4.379,2,3.684,3,4.559,4,3.236,255,0,
1578587716348,154,790580,6,1.883,1.918,-1.925,1,4.277,2,7.851,3,4.647,4,3.078,255,0,
1578587716633,285,790865,6,1.696,1.863,-1.894,1,4.277,2,7.851,3,4.647,4,3.078,255,0,
1578587716781,148,791013,6,1.507,1.785,-1.825,1,4.453,2,0.000,3,4.622,4,3.227,255,0,
1578587716930,149,791162,6,1.459,1.642,-1.801,1,4.413,2,8.164,3,4.673,4,3.190,255,0,
1578587717084,154,791316,6,1.594,1.348,-1.842,1,4.217,2,8.002,3,4.896,4,3.179,255,0,
1578587717237,153,791469,6,1.764,1.165,-1.938,1,3.883,2,8.002,3,5.233,4,3.514,255,0,
1578587717379,142,791611,6,2.070,0.946,-2.104,1,3.550,2,3.285,3,6.359,4,3.218,255,0,
1578587717536,157,791768,6,2.159,0.888,-2.143,1,3.404,2,3.223,3,6.518,4,3.226,255,0,
1578587717640,104,791872,6,2.231,0.770,-2.132,1,3.404,2,3.223,3,6.518,4,3.226,255,0,
1578587717908,268,792140,6,2.366,0.525,-2.099,1,3.610,2,3.493,3,0.000,4,9.802,255,0,
1578587718054,146,792286,6,2.491,0.166,-2.112,1,3.454,2,3.456,3,5.788,4,3.228,255,0,
1578587718055,1,792287,3,1.659,4.906,0.000,255,0,
1578587718204,149,792436,6,2.571,-0.118,-2.140,1,3.185,2,3.421,3,6.146,4,7.321,255,0,
1578587718356,152,792588,6,2.604,-0.299,-2.199,1,2.815,2,3.388,3,6.146,4,4.396,255,0,
1578587718518,162,792750,6,2.592,-0.325,-2.233,1,2.571,2,3.433,3,6.641,4,4.396,255,0,
1578587718677,159,792909,6,2.599,-0.477,-2.244,1,2.600,2,3.570,3,6.698,4,0.000,255,0,
1578587718840,163,793072,6,2.637,-0.670,-2.202,1,2.757,2,3.694,3,6.640,4,0.000,255,0,
1578587719008,168,793240,6,2.704,-0.961,-2.140,1,2.750,2,3.725,3,6.595,4,3.457,255,0,
1578587719154,146,793386,6,2.717,-1.203,-2.082,1,2.564,2,3.959,3,7.008,4,3.458,255,0,
1578587719353,199,793585,6,2.665,-1.341,-2.049,1,2.348,2,4.217,3,7.008,4,5.737,255,0,
1578587719527,174,793759,6,2.568,-1.342,-2.066,1,2.175,2,4.417,3,7.555,4,3.627,255,0,
1578587719687,160,793919,6,2.466,-1.317,-2.107,1,2.116,2,4.521,3,7.644,4,3.627,255,0,
1578587719931,244,794163,6,2.374,-1.366,-2.143,1,2.216,2,4.559,3,7.653,4,3.760,255,0,
1578587720103,172,794335,6,2.280,-1.527,-2.147,1,2.269,2,4.623,3,7.745,4,3.794,255,0,
1578587720254,151,794486,6,2.154,-1.787,-2.130,1,2.241,2,4.813,3,7.894,4,4.394,255,0,
1578587720410,156,794642,6,2.043,-2.027,-2.111,1,2.237,2,5.043,3,0.000,4,4.148,255,0,
1578587720574,164,794806,6,1.983,-2.206,-2.113,1,2.270,2,5.226,3,0.000,4,3.788,255,0,
1578587720662,88,794894,6,1.870,-2.369,-2.151,1,2.366,2,5.364,3,9.212,4,3.990,255,0,
1578587720814,152,795046,4,0.000,0.000,0.000,255,0,
1578587721004,190,795236,6,1.816,-2.502,-2.183,1,4.182,2,5.618,3,8.138,4,3.670,255,0,
1578587721247,243,795479,6,1.833,-2.808,-2.136,1,3.756,2,5.618,3,8.138,4,3.546,255,0,
1578587721392,145,795624,6,1.751,-3.026,-2.142,1,3.756,2,5.870,3,8.138,4,3.308,255,0,
1578587721548,156,795780,6,1.569,-3.051,-2.244,1,2.652,2,5.870,3,7.721,4,3.010,255,0,
1578587721548,0,795780,1,1.825,-2.989,0.000,255,0,
1578587721703,155,795935,6,1.395,-2.856,-2.412,1,2.630,2,5.856,3,7.584,4,2.795,255,0,
1578587721869,166,796101,6,0.591,-2.175,-2.815,1,2.694,2,5.921,3,7.526,4,2.717,255,0,
1578587721954,85,796186,6,0.140,-1.875,-2.789,1,2.769,2,5.981,3,7.531,4,2.730,255,0,
1578587722104,150,796336,6,-0.036,-1.904,-2.563,1,3.247,2,6.005,3,7.529,4,2.746,255,0,
1578587722263,159,796495,6,-0.099,-2.048,-2.213,1,2.793,2,5.980,3,7.529,4,2.737,255,0,
1578587722420,157,796652,6,-0.122,-2.147,-1.903,1,2.794,2,5.981,3,7.523,4,2.733,255,0,
1578587722571,151,796803,6,-0.187,-2.199,-1.710,1,2.790,2,5.980,3,7.526,4,2.729,255,0,
1578587722755,184,796987,6,-0.221,-2.195,-1.670,1,2.790,2,5.980,3,7.527,4,2.729,255,0,
1578587722767,12,796999,2,5.050,0.000,0.000,255,0,
1578587722913,146,797145,6,-0.254,-2.185,-1.646,1,3.235,2,5.987,3,7.527,4,2.731,255,0,
1578587723070,157,797302,6,-0.269,-2.180,-1.639,1,3.237,2,5.983,3,7.527,4,2.729,255,0,
1578587723320,250,797552,6,-0.273,-2.178,-1.635,1,3.235,2,5.984,3,7.526,4,2.728,255,0,
1578587723405,85,797637,6,-0.273,-2.179,-1.633,1,3.235,2,5.984,3,7.526,4,2.728,255,0,
1578587723557,152,797789,6,-0.274,-2.194,-1.616,1,3.236,2,5.987,3,7.526,4,2.732,255,0,
1578587723720,163,797952,6,-0.277,-2.215,-1.589,1,3.238,2,5.972,3,7.526,4,2.732,255,0,
1578587723904,184,798136,6,-0.280,-2.190,-1.611,1,3.238,2,5.972,3,7.526,4,2.732,255,0,
1578587724076,172,798308,6,-0.281,-2.095,-1.705,1,3.238,2,5.979,3,7.526,4,2.734,255,0,
1578587724220,144,798452,6,-0.268,-2.037,-1.769,1,3.244,2,5.979,3,7.526,4,2.732,255,0,
1578587724561,341,798793,6,-0.246,-1.968,-1.847,1,3.236,2,5.979,3,7.526,4,2.732,255,0,
1578587724710,149,798942,6,-0.291,-1.989,-1.816,1,3.232,2,5.983,3,7.526,4,2.732,255,0,
1578587724861,151,799093,6,-0.363,-2.031,-1.756,1,3.232,2,5.977,3,7.526,4,2.732,255,0,
1578587725283,422,799515,6,-0.455,-2.063,-1.702,1,3.233,2,5.976,3,7.526,4,2.731,255,0,
1578587725438,155,799670,6,-0.490,-2.018,-1.741,1,3.232,2,5.989,3,7.526,4,2.732,255,0,
1578587725596,158,799828,6,-0.495,-1.896,-1.867,1,3.225,2,5.983,3,7.525,4,2.732,255,0,
1578587725768,172,800000,6,-0.449,-1.830,-1.946,1,3.225,2,5.983,3,7.525,4,2.729,255,0,
1578587725929,161,800161,6,-0.391,-1.798,-1.994,1,3.217,2,5.982,3,7.527,4,2.731,255,0,
1578587726075,146,800307,6,-0.290,-1.897,-1.914,1,3.214,2,5.989,3,7.524,4,2.734,255,0,
1578587726414,339,800646,6,-0.282,-1.999,-1.808,1,3.228,2,5.973,3,7.525,4,2.731,255,0,
1578587726491,77,800723,6,-0.281,-2.079,-1.725,1,3.226,2,5.978,3,7.525,4,2.731,255,0,
1578587726646,155,800878,6,-0.280,-2.157,-1.643,1,3.226,2,5.978,3,7.525,4,2.731,255,0,
1578587726810,164,801042,6,-0.279,-2.182,-1.617,1,3.220,2,5.988,3,7.526,4,2.735,255,0,
1578587726903,93,801135,6,-0.278,-2.171,-1.628,1,3.236,2,5.983,3,7.524,4,2.733,255,0,
1578587727054,151,801286,6,-0.275,-2.120,-1.683,1,3.236,2,5.983,3,7.524,4,2.733,255,0,
1578587727302,248,801534,6,-0.275,-2.084,-1.721,1,3.238,2,5.977,3,7.523,4,2.732,255,0,
1578587727466,164,801698,6,-0.276,-2.077,-1.729,1,3.240,2,5.984,3,7.525,4,2.734,255,0,
1578587727616,150,801848,6,-0.278,-2.099,-1.707,1,3.241,2,5.977,3,7.530,4,2.731,255,0,
1578587727765,149,801997,6,-0.279,-2.122,-1.683,1,3.232,2,5.976,3,7.526,4,2.734,255,0,
1578587728032,267,802264,6,-0.278,-2.154,-1.649,1,3.226,2,5.957,3,7.526,4,2.735,255,0,
1578587728192,160,802424,3,1.659,4.906,0.000,255,0,
1578587728192,0,802424,6,-0.259,-2.181,-1.625,1,3.219,2,5.978,3,7.520,4,2.732,255,0,
1578587728337,145,802569,6,-0.263,-2.185,-1.619,1,3.208,2,5.979,3,7.524,4,2.732,255,0,
1578587729325,988,803557,6,-0.287,-2.195,-1.603,1,3.213,2,5.979,3,7.524,4,2.730,255,0,
1578587729467,142,803699,6,-0.322,-2.171,-1.620,1,3.225,2,5.981,3,7.524,4,2.730,255,0,
1578587729617,150,803849,6,-0.372,-2.130,-1.652,1,3.227,2,5.983,3,7.524,4,2.733,255,0,
1578587729762,145,803994,6,-0.375,-2.104,-1.679,1,3.228,2,5.985,3,7.530,4,2.730,255,0,
1578587729920,158,804152,6,-0.359,-2.076,-1.713,1,3.231,2,5.982,3,7.530,4,2.730,255,0,
1578587730133,213,804365,6,-0.278,-1.907,-1.908,1,3.233,2,5.988,3,7.530,4,2.730,255,0,
1578587730374,241,804606,6,-0.278,-1.871,-1.945,1,3.228,2,5.988,3,7.530,4,2.729,255,0,
1578587730536,162,804768,6,-0.279,-1.855,-1.960,1,2.748,2,5.980,3,7.521,4,2.732,255,0,
1578587730679,143,804911,6,-0.280,-1.833,-1.982,1,3.222,2,5.982,3,7.524,4,2.730,255,0,
1578587730828,149,805060,4,0.000,0.000,0.000,255,0,
1578587730828,0,805060,6,-0.280,-1.807,-2.009,1,3.235,2,5.981,3,7.524,4,2.730,255,0,
1578587730991,163,805223,6,-0.280,-1.804,-2.012,1,3.194,2,5.989,3,7.528,4,2.733,255,0,
1578587731405,414,805637,6,-0.280,-1.896,-1.916,1,3.227,2,5.975,3,7.523,4,2.733,255,0,
1578587731549,144,805781,6,-0.280,-2.005,-1.802,1,3.215,2,5.975,3,7.526,4,2.733,255,0,
1578587731549,0,805781,1,1.825,-2.989,0.000,255,0,
1578587731697,148,805929,6,-0.280,-2.083,-1.719,1,3.232,2,5.978,3,7.522,4,2.733,255,0,
1578587731860,163,806092,6,-0.280,-2.137,-1.664,1,3.218,2,5.977,3,7.525,4,2.731,255,0,
1578587732051,191,806283,6,-0.278,-2.159,-1.641,1,3.218,2,5.977,3,7.525,4,2.731,255,0,
1578587732217,166,806449,6,-0.274,-2.180,-1.620,1,3.234,2,5.989,3,7.522,4,2.731,255,0,
1578587732378,161,806610,6,-0.272,-2.196,-1.604,1,3.234,2,5.998,3,7.522,4,2.732,255,0,
1578587732549,171,806781,6,-0.272,-2.195,-1.606,1,3.235,2,5.990,3,7.527,4,2.733,255,0,
1578587732707,158,806939,6,-0.275,-2.169,-1.632,1,3.238,2,5.971,3,7.524,4,2.730,255,0,
1578587732797,90,807029,2,5.050,0.000,0.000,255,0,
1578587732797,0,807029,6,-0.261,-2.132,-1.675,1,3.238,2,5.971,3,7.524,4,2.730,255,0,
1578587732969,172,807201,6,-0.264,-2.076,-1.733,1,3.222,2,5.985,3,7.529,4,2.732,255,0,
1578587733146,177,807378,6,-0.299,-2.057,-1.744,1,3.222,2,5.985,3,7.529,4,2.732,255,0,
1578587733298,152,807530,6,-0.348,-2.068,-1.720,1,2.787,2,5.987,3,7.527,4,2.730,255,0,
1578587733466,168,807698,6,-0.404,-2.105,-1.668,1,3.246,2,5.977,3,7.527,4,2.732,255,0,
1578587733639,173,807871,6,-0.407,-2.136,-1.635,1,3.246,2,5.983,3,7.527,4,2.734,255,0,
1578587733786,147,808018,6,-0.382,-2.151,-1.625,1,3.251,2,6.008,3,7.527,4,2.735,255,0,
1578587733882,96,808114,6,-0.338,-2.116,-1.672,1,3.251,2,6.008,3,7.527,4,2.735,255,0,
1578587734032,150,808264,6,-0.298,-2.019,-1.783,1,3.254,2,6.024,3,7.525,4,2.732,255,0,
1578587734142,110,808374,6,-0.284,-1.891,-1.919,1,3.254,2,6.024,3,7.525,4,2.732,255,0,
1578587734306,164,808538,6,-0.285,-1.811,-2.005,1,3.245,2,5.979,3,7.525,4,2.729,255,0,
1578587734475,169,808707,6,-0.294,-1.805,-2.014,1,3.248,2,5.990,3,7.525,4,2.732,255,0,
1578587734651,176,808883,6,-0.301,-1.828,-1.987,1,3.294,2,5.894,3,7.494,4,2.707,255,0,
1578587734825,174,809057,6,-0.308,-1.828,-1.992,1,2.605,2,5.797,3,7.470,4,2.701,255,0,
1578587734984,159,809216,6,-0.321,-1.796,-2.031,1,2.542,2,5.702,3,7.479,4,2.767,255,0,
1578587735163,179,809395,6,-0.325,-1.791,-2.042,1,2.496,2,5.617,3,7.518,4,2.876,255,0,
1578587735255,92,809487,6,-0.292,-1.866,-1.961,1,2.496,2,5.617,3,7.518,4,2.876,255,0,
1578587735416,161,809648,6,-0.233,-1.984,-1.829,1,2.491,2,5.400,3,7.550,4,3.020,255,0,
1578587735666,250,809898,6,-0.116,-2.114,-1.718,1,2.316,2,5.252,3,7.540,4,3.109,255,0,
1578587735687,21,809919,6,0.038,-2.189,-1.716,1,2.316,2,5.252,3,7.540,4,3.109,255,0,
1578587735846,159,810078,6,0.208,-2.249,-1.747,1,2.353,2,5.277,3,7.567,4,3.187,255,0,
1578587735997,151,810229,6,0.302,-2.269,-1.771,1,4.226,2,5.361,3,7.671,4,3.265,255,0,
1578587736166,169,810398,6,0.459,-2.290,-1.813,1,3.652,2,5.470,3,7.785,4,3.362,255,0,
1578587736263,97,810495,6,0.640,-2.326,-1.894,1,2.485,2,5.472,3,7.785,4,3.424,255,0,
1578587736495,232,810727,6,0.651,-2.330,-1.901,1,2.485,2,5.352,3,7.785,4,3.411,255,0,
1578587736700,205,810932,6,0.689,-2.383,-1.973,1,2.449,2,4.947,3,7.408,4,3.295,255,0,
1578587736844,144,811076,6,0.681,-2.450,-2.042,1,2.388,2,4.698,3,7.238,4,3.220,255,0,
1578587737005,161,811237,6,0.694,-2.491,-2.115,1,2.377,2,4.495,3,7.082,4,3.202,255,0,
1578587737178,173,811410,6,0.730,-2.481,-2.147,1,2.435,2,4.395,3,7.002,4,3.212,255,0,
1578587737332,154,811564,6,0.916,-2.361,-2.180,1,2.542,2,4.405,3,6.968,4,3.231,255,0,
1578587737418,86,811650,6,1.135,-2.192,-2.166,1,2.542,2,4.405,3,6.968,4,3.231,255,0,
1578587737580,162,811812,6,1.290,-2.065,-2.142,1,2.554,2,4.358,3,6.959,4,0.000,255,0,
1578587737737,157,811969,6,1.429,-1.941,-2.130,1,2.604,2,4.250,3,6.898,4,0.000,255,0,
1578587737980,243,812212,6,1.530,-1.839,-2.143,1,2.814,2,3.676,3,6.758,4,3.457,255,0,
1578587737998,18,812230,6,1.593,-1.775,-2.170,1,2.814,2,3.676,3,6.758,4,3.457,255,0,
1578587738161,163,812393,6,1.616,-1.748,-2.188,1,2.798,2,3.392,3,0.000,4,3.559,255,0,
1578587738244,83,812476,3,1.659,4.906,0.000,255,0,
1578587738328,84,812560,6,1.672,-1.698,-2.210,1,2.834,2,3.351,3,6.526,4,3.623,255,0,
1578587738482,154,812714,6,1.819,-1.604,-2.207,1,2.874,2,3.428,3,6.718,4,3.781,255,0,
1578587738649,167,812881,6,2.146,-1.429,-2.169,1,2.874,2,3.428,3,6.718,4,3.781,255,0,
1578587738812,163,813044,6,2.184,-1.412,-2.162,1,2.967,2,3.458,3,6.770,4,3.839,255,0,
1578587738971,159,813203,6,2.431,-1.314,-2.120,1,3.109,2,3.169,3,6.767,4,4.113,255,0,
1578587739165,194,813397,6,2.598,-1.281,-2.106,1,3.233,2,2.876,3,6.788,4,4.309,255,0,
1578587739332,167,813564,6,2.640,-1.302,-2.133,1,3.279,2,2.686,3,6.847,4,4.478,255,0,
1578587739474,142,813706,6,2.710,-1.327,-2.169,1,3.315,2,2.640,3,6.916,4,4.571,255,0,
1578587739622,148,813854,6,2.846,-1.333,-2.185,1,3.348,2,2.702,3,6.968,4,4.635,255,0,
1578587739771,149,814003,6,3.075,-1.318,-2.164,1,3.358,2,2.806,3,7.004,4,4.650,255,0,
1578587739923,152,814155,6,3.414,-1.298,-2.100,1,3.362,2,2.909,3,7.046,4,4.653,255,0,
1578587740083,160,814315,6,3.634,-1.300,-2.052,1,3.426,2,2.877,3,7.046,4,4.753,255,0,
1578587740260,177,814492,6,3.763,-1.322,-2.039,1,3.614,2,2.760,3,7.164,4,4.969,255,0,
1578587740416,156,814648,6,3.816,-1.351,-2.062,1,4.990,2,2.506,3,7.282,4,5.294,255,0,
1578587740458,42,814690,6,3.844,-1.382,-2.109,1,4.990,2,2.506,3,7.282,4,5.294,255,0,
1578587740616,158,814848,6,3.871,-1.410,-2.156,1,6.789,2,2.539,3,7.324,4,5.446,255,0,
1578587740774,158,815006,6,3.995,-1.416,-2.176,1,5.603,2,2.601,3,7.344,4,5.311,255,0,
1578587740921,147,815153,4,0.000,0.000,0.000,255,0,
1578587740921,0,815153,6,4.226,-1.407,-2.165,1,3.782,2,2.561,3,7.312,4,5.261,255,0,
1578587741070,149,815302,6,4.456,-1.400,-2.136,1,3.810,2,2.490,3,7.251,4,5.257,255,0,
1578587741241,171,815473,6,4.503,-1.401,-2.131,1,3.843,2,2.360,3,7.191,4,5.255,255,0,
1578587741334,93,815566,6,4.613,-1.412,-2.115,1,3.843,2,2.360,3,7.191,4,5.255,255,0,
1578587741493,159,815725,6,4.655,-1.422,-2.094,1,3.793,2,2.269,3,7.167,4,5.219,255,0,
1578587741651,158,815883,6,4.661,-1.411,-2.061,1,3.758,2,2.264,3,7.200,4,5.216,255,0,
1578587741651,0,815883,1,1.825,-2.989,0.000,255,0,
1578587741806,155,816038,6,4.668,-1.383,-2.005,1,3.778,2,2.250,3,7.229,4,5.264,255,0,
1578587741962,156,816194,6,4.683,-1.349,-1.933,1,3.813,2,2.230,3,7.267,4,5.303,255,0,
1578587742115,153,816347,6,4.692,-1.339,-1.892,1,3.859,2,2.205,3,7.279,4,7.770,255,0,
1578587742278,163,816510,6,4.704,-1.341,-1.835,1,3.935,2,2.217,3,7.297,4,5.449,255,0,
1578587742431,153,816663,6,4.725,-1.357,-1.793,1,4.058,2,2.227,3,7.328,4,5.529,255,0,
1578587742639,208,816871,6,4.763,-1.373,-1.758,1,4.070,2,2.234,3,8.351,4,5.536,255,0,
1578587742791,152,817023,6,4.878,-1.342,-1.667,1,4.068,2,2.222,3,8.376,4,5.536,255,0,
1578587742936,145,817168,2,5.050,0.000,0.000,255,0,
1578587743010,74,817242,6,4.932,-1.346,-1.678,1,4.080,2,2.223,3,0.000,4,5.492,255,0,
1578587743059,49,817291,6,4.881,-1.406,-1.823,1,4.080,2,2.223,3,0.000,4,5.492,255,0,
1578587743211,152,817443,6,4.740,-1.509,-2.055,1,4.049,2,2.212,3,7.288,4,5.491,255,0,
1578587743374,163,817606,6,4.589,-1.606,-2.295,1,4.058,2,2.208,3,7.277,4,5.496,255,0,
1578587743530,156,817762,6,4.660,-1.552,-2.230,1,4.054,2,2.217,3,7.281,4,5.479,255,0,
1578587743700,170,817932,6,4.840,-1.418,-2.035,1,4.049,2,2.186,3,7.288,4,5.490,255,0,
1578587743869,169,818101,6,4.887,-1.383,-1.981,1,4.045,2,2.248,3,7.290,4,5.494,255,0,
1578587744016,147,818248,6,4.963,-1.325,-1.896,1,4.042,2,2.243,3,7.300,4,5.493,255,0,
1578587744168,152,818400,6,4.990,-1.300,-1.868,1,4.042,2,2.243,3,7.300,4,5.494,255,0,
1578587744273,105,818505,6,4.995,-1.295,-1.863,1,4.042,2,2.243,3,7.300,4,5.494,255,0,
1578587744440,167,818672,6,4.999,-1.295,-1.860,1,4.041,2,2.263,3,7.306,4,5.494,255,0,
1578587744526,86,818758,6,5.003,-1.300,-1.852,1,4.038,2,2.256,3,7.302,4,5.497,255,0,
1578587744674,148,818906,6,5.007,-1.305,-1.844,1,4.038,2,2.256,3,7.302,4,5.496,255,0,
1578587744852,178,819084,6,5.008,-1.311,-1.839,1,4.036,2,2.253,3,7.300,4,5.496,255,0,
1578587744999,147,819231,6,5.009,-1.313,-1.838,1,4.038,2,2.257,3,7.302,4,5.496,255,0,
1578587745166,167,819398,6,5.010,-1.315,-1.835,1,4.034,2,2.257,3,7.307,4,5.493,255,0,
1578587745307,141,819539,6,5.010,-1.316,-1.834,1,4.038,2,2.253,3,7.306,4,5.493,255,0,
1578587745497,190,819729,6,5.010,-1.316,-1.832,1,4.035,2,2.248,3,7.302,4,5.486,255,0,
1578587745520,23,819752,6,5.011,-1.317,-1.831,1,4.035,2,2.248,3,7.302,4,5.486,255,0,
1578587745679,159,819911,6,5.011,-1.317,-1.830,1,4.028,2,2.253,3,7.299,4,5.488,255,0,
1578587745830,151,820062,6,5.012,-1.319,-1.827,1,4.037,2,2.252,3,7.298,4,5.492,255,0,
1578587746030,200,820262,6,5.013,-1.319,-1.825,1,4.034,2,2.254,3,7.292,4,5.493,255,0,
1578587746170,140,820402,6,5.012,-1.319,-1.824,1,4.039,2,2.249,3,7.294,4,5.498,255,0,
1578587746331,161,820563,6,5.012,-1.318,-1.824,1,4.031,2,2.247,3,7.301,4,5.497,255,0,
1578587746506,175,820738,6,5.010,-1.317,-1.825,1,4.032,2,2.247,3,7.313,4,5.498,255,0,
1578587746594,88,820826,6,5.009,-1.315,-1.827,1,4.032,2,2.247,3,7.313,4,5.498,255,0,
1578587746755,161,820987,6,5.008,-1.312,-1.828,1,4.032,2,2.246,3,7.316,4,5.502,255,0,
1578587746910,155,821142,6,5.009,-1.312,-1.828,1,4.036,2,2.254,3,7.304,4,5.501,255,0,
1578587747066,156,821298,6,5.011,-1.315,-1.825,1,4.033,2,2.254,3,7.307,4,5.499,255,0,
1578587747160,94,821392,6,5.013,-1.320,-1.821,1,4.033,2,2.254,3,7.307,4,5.499,255,0,
1578587747329,169,821561,6,5.015,-1.322,-1.819,1,4.033,2,2.262,3,7.307,4,5.496,255,0,
1578587747476,147,821708,6,5.016,-1.325,-1.818,1,4.035,2,2.253,3,7.308,4,5.492,255,0,
1578587747586,110,821818,6,5.016,-1.325,-1.819,1,4.035,2,2.253,3,7.308,4,5.492,255,0,
1578587747739,153,821971,6,5.016,-1.325,-1.821,1,4.036,2,2.254,3,7.304,4,5.488,255,0,
1578587747889,150,822121,6,5.014,-1.324,-1.822,1,4.044,2,2.241,3,7.304,4,5.492,255,0,
1578587748050,161,822282,6,5.011,-1.324,-1.824,1,4.071,2,2.241,3,7.310,4,5.498,255,0,
1578587748203,153,822435,6,5.005,-1.323,-1.838,1,4.058,2,2.258,3,7.306,4,5.568,255,0,
1578587748298,95,822530,3,1.659,4.906,0.000,255,0,
1578587748312,14,822544,6,5.008,-1.321,-1.837,1,4.058,2,2.258,3,7.306,4,5.568,255,0,
1578587748474,162,822706,6,5.015,-1.319,-1.829,1,4.069,2,2.355,3,7.299,4,5.582,255,0,
1578587748626,152,822858,6,5.039,-1.317,-1.794,1,4.079,2,2.345,3,7.286,4,5.558,255,0,
1578587748790,164,823022,6,5.085,-1.314,-1.709,1,4.090,2,2.209,3,7.262,4,5.511,255,0,
1578587748985,195,823217,6,5.125,-1.310,-1.640,1,4.007,2,2.153,3,7.251,4,5.461,255,0,
1578587749147,162,823379,6,5.153,-1.303,-1.607,1,3.868,2,2.152,3,7.217,4,5.326,255,0,
1578587749296,149,823528,6,5.169,-1.288,-1.608,1,3.738,2,2.278,3,7.193,4,5.216,255,0,
1578587749462,166,823694,6,5.154,-1.274,-1.644,1,3.646,2,2.510,3,7.225,4,5.134,255,0,
1578587749634,172,823866,6,5.106,-1.270,-1.682,1,3.580,2,4.172,3,7.227,4,5.073,255,0,
1578587749784,150,824016,6,4.996,-1.291,-1.725,1,3.418,2,2.637,3,7.116,4,4.949,255,0,
1578587749944,160,824176,6,4.890,-1.327,-1.747,1,3.395,2,2.767,3,7.142,4,4.836,255,0,
1578587750088,144,824320,6,4.772,-1.368,-1.777,1,3.363,2,4.189,3,7.277,4,4.870,255,0,
1578587750287,199,824519,6,4.642,-1.403,-1.813,1,3.363,2,2.940,3,7.447,4,4.996,255,0,
1578587750576,289,824808,6,4.477,-1.411,-1.858,1,3.380,2,2.975,3,9.037,4,4.995,255,0,
1578587750748,172,824980,6,4.420,-1.398,-1.890,1,3.275,2,3.038,3,7.422,4,4.929,255,0,
1578587750896,148,825128,6,4.309,-1.480,-1.968,1,3.066,2,3.238,3,7.231,4,4.540,255,0,
1578587750986,90,825218,4,0.000,0.000,0.000,255,0,
1578587751154,168,825386,6,4.178,-1.639,-2.070,1,2.744,2,3.267,3,7.231,4,3.984,255,0,
1578587751304,150,825536,6,3.832,-1.983,-2.279,1,2.786,2,3.328,3,6.928,4,3.990,255,0,
1578587751470,166,825702,6,3.410,-2.226,-2.422,1,2.992,2,3.263,3,7.050,4,4.184,255,0,
1578587751734,264,825966,6,3.269,-2.130,-2.366,1,2.970,2,3.317,3,6.968,4,4.104,255,0,
1578587751734,0,825966,1,1.825,-2.989,0.000,255,0,
1578587751900,166,826132,6,3.215,-1.953,-2.258,1,2.852,2,3.495,3,6.896,4,3.872,255,0,
1578587752054,154,826286,6,3.194,-1.698,-2.132,1,2.756,2,4.787,3,6.708,4,3.518,255,0,
1578587752308,254,826540,6,3.191,-1.638,-2.146,1,2.431,2,3.469,3,6.394,4,3.144,255,0,
1578587752458,150,826690,6,3.145,-1.599,-2.186,1,2.456,2,3.308,3,6.307,4,3.101,255,0,
1578587752468,10,826700,6,2.978,-1.538,-2.218,1,2.456,2,3.308,3,6.307,4,3.101,255,0,
1578587752622,154,826854,6,2.821,-1.499,-2.209,1,2.454,2,3.340,3,6.284,4,3.047,255,0,
1578587752810,188,827042,6,2.628,-1.439,-2.138,1,2.423,2,3.350,3,6.298,4,3.038,255,0,
1578587752897,87,827129,6,2.426,-1.309,-1.911,1,2.401,2,3.402,3,6.323,4,3.031,255,0,
1578587753047,150,827279,6,2.364,-1.228,-1.752,1,2.389,2,3.394,3,6.338,4,3.021,255,0,
1578587753047,0,827279,2,5.050,0.000,0.000,255,0,
1578587753208,161,827440,6,2.363,-1.224,-1.742,1,2.373,2,3.416,3,6.351,4,3.034,255,0,
1578587753355,147,827587,6,2.355,-1.188,-1.632,1,5.756,2,3.458,3,6.390,4,3.066,255,0,
1578587753509,154,827741,6,2.335,-1.178,-1.566,1,2.450,2,3.526,3,6.447,4,3.125,255,0,
1578587753665,156,827897,6,2.320,-1.182,-1.556,1,2.475,2,3.603,3,6.509,4,3.197,255,0,
1578587753830,165,828062,6,2.301,-1.194,-1.563,1,2.479,2,3.564,3,7.403,4,3.231,255,0,
1578587753933,103,828165,6,2.289,-1.215,-1.595,1,2.479,2,3.564,3,7.403,4,3.231,255,0,
1578587754083,150,828315,6,2.286,-1.235,-1.640,1,2.360,2,3.535,3,6.654,4,3.223,255,0,
1578587754310,227,828542,6,2.291,-1.264,-1.689,1,2.392,2,3.610,3,0.000,4,3.295,255,0,
1578587754332,22,828564,6,2.299,-1.307,-1.726,1,2.392,2,3.610,3,0.000,4,3.295,255,0,
1578587754492,160,828724,6,2.308,-1.345,-1.747,1,2.355,2,3.680,3,0.000,4,3.329,255,0,
1578587754647,155,828879,6,2.313,-1.370,-1.745,1,2.324,2,3.716,3,6.813,4,3.344,255,0,
1578587754806,159,829038,6,2.316,-1.411,-1.750,1,2.316,2,3.764,3,6.846,4,3.342,255,0,
1578587754913,107,829145,6,2.311,-1.478,-1.775,1,2.298,2,3.842,3,6.927,4,3.323,255,0,
1578587755069,156,829301,6,2.311,-1.485,-1.779,1,2.276,2,3.920,3,6.980,4,3.305,255,0,
1578587755326,257,829558,6,2.298,-1.540,-1.810,1,2.198,2,4.003,3,6.971,4,3.282,255,0,
1578587755347,21,829579,6,2.253,-1.602,-1.837,1,2.198,2,4.003,3,6.971,4,3.282,255,0,
1578587755506,159,829738,6,2.202,-1.657,-1.858,1,2.202,2,4.077,3,7.006,4,3.268,255,0,
1578587755681,175,829913,6,2.161,-1.692,-1.869,1,2.208,2,4.184,3,7.009,4,3.245,255,0,
1578587755845,164,830077,6,2.106,-1.735,-1.876,1,2.162,2,4.144,3,6.996,4,3.212,255,0,
1578587756000,155,830232,6,2.021,-1.793,-1.876,1,2.182,2,4.112,3,6.949,4,3.166,255,0,
1578587756161,161,830393,6,2.014,-1.797,-1.876,1,2.276,2,4.065,3,6.778,4,3.133,255,0,
1578587756362,201,830594,6,1.956,-1.826,-1.875,1,2.337,2,3.907,3,6.685,4,3.078,255,0,
1578587756519,157,830751,6,1.901,-1.850,-1.868,1,2.419,2,3.843,3,6.590,4,3.058,255,0,
1578587756679,160,830911,6,1.868,-1.835,-1.856,1,2.485,2,3.785,3,6.514,4,3.053,255,0,
1578587756853,174,831085,6,1.866,-1.781,-1.844,1,2.514,2,3.753,3,6.493,4,3.072,255,0,
1578587756937,84,831169,6,1.891,-1.686,-1.834,1,2.502,2,3.791,3,6.525,4,3.080,255,0,
1578587757094,157,831326,6,1.937,-1.554,-1.829,1,2.471,2,3.868,3,6.596,4,3.096,255,0,
1578587757254,160,831486,6,1.981,-1.452,-1.831,1,2.410,2,3.968,3,6.719,4,3.136,255,0,
1578587757415,161,831647,6,2.017,-1.377,-1.841,1,2.328,2,4.072,3,0.000,4,3.176,255,0,
1578587757566,151,831798,6,2.036,-1.344,-1.858,1,2.231,2,4.286,3,0.000,4,3.225,255,0,
1578587757721,155,831953,6,2.031,-1.353,-1.869,1,2.166,2,4.286,3,0.000,4,3.264,255,0,
1578587757899,178,832131,6,1.998,-1.416,-1.889,1,2.163,2,4.344,3,0.000,4,3.297,255,0,
1578587758069,170,832301,6,1.943,-1.529,-1.904,1,2.174,2,4.507,3,7.380,4,3.388,255,0,
1578587758142,73,832374,6,1.878,-1.664,-1.914,1,2.166,2,4.590,3,7.380,4,3.407,255,0,
1578587758286,144,832518,6,1.827,-1.783,-1.917,1,2.166,2,4.590,3,7.380,4,3.407,255,0,
1578587758446,160,832678,3,1.659,4.906,0.000,255,0,
1578587758446,0,832678,6,1.788,-1.888,-1.920,1,2.219,2,4.713,3,7.469,4,3.421,255,0,
1578587758593,147,832825,6,1.745,-1.999,-1.934,1,2.312,2,4.891,3,7.542,4,3.450,255,0,
1578587758754,161,832986,6,1.698,-2.094,-1.956,1,2.575,2,5.091,3,7.666,4,3.547,255,0,
1578587758936,182,833168,6,1.669,-2.130,-1.970,1,2.647,2,5.211,3,7.678,4,3.588,255,0,
1578587759018,82,833250,6,1.593,-2.193,-2.021,1,2.647,2,5.211,3,7.678,4,3.588,255,0,
1578587759115,97,833347,6,1.504,-2.245,-2.087,1,2.729,2,5.260,3,7.703,4,3.613,255,0,
1578587759263,148,833495,6,1.408,-2.281,-2.174,1,2.729,2,5.278,3,7.703,4,3.626,255,0,
1578587759415,152,833647,6,1.298,-2.310,-2.284,1,2.749,2,5.294,3,7.703,4,3.639,255,0,
1578587759581,166,833813,6,1.189,-2.333,-2.397,1,2.751,2,5.287,3,7.703,4,3.638,255,0,
1578587759742,161,833974,6,1.151,-2.340,-2.439,1,2.757,2,5.291,3,7.703,4,3.637,255,0,
1578587759887,145,834119,6,1.119,-2.346,-2.477,1,2.759,2,5.288,3,7.693,4,3.640,255,0,
1578587760062,175,834294,6,1.089,-2.349,-2.517,1,2.762,2,5.289,3,7.699,4,3.640,255,0,
1578587760216,154,834448,6,1.075,-2.349,-2.541,1,2.762,2,5.285,3,7.699,4,3.639,255,0,
1578587760316,100,834548,6,1.069,-2.348,-2.556,1,2.762,2,5.285,3,7.699,4,3.639,255,0,
1578587760475,159,834707,6,1.066,-2.346,-2.564,1,2.767,2,5.283,3,7.699,4,3.641,255,0,
1578587760732,257,834964,6,1.067,-2.343,-2.568,1,2.770,2,5.340,3,7.699,4,3.642,255,0,
1578587760963,231,835195,6,1.067,-2.340,-2.571,1,2.770,2,5.324,3,7.698,4,3.642,255,0,
1578587760984,21,835216,6,1.064,-2.340,-2.573,1,2.770,2,5.324,3,7.698,4,3.642,255,0,
1578587761135,151,835367,4,0.000,0.000,0.000,255,0,
1578587761349,214,835581,6,1.074,-2.333,-2.580,1,2.758,2,5.286,3,7.696,4,3.642,255,0,
1578587761437,88,835669,6,1.052,-2.344,-2.577,1,2.758,2,5.288,3,7.707,4,3.642,255,0,
1578587761583,146,835815,6,0.996,-2.376,-2.562,1,2.758,2,5.288,3,7.707,4,3.642,255,0,
1578587761734,151,835966,6,0.922,-2.421,-2.535,1,2.755,2,5.286,3,7.703,4,3.644,255,0,
1578587761734,0,835966,1,1.825,-2.989,0.000,255,0,
1578587761901,167,836133,6,0.909,-2.429,-2.530,1,2.757,2,5.290,3,7.698,4,3.641,255,0,
1578587762052,151,836284,6,0.855,-2.469,-2.500,1,2.756,2,5.286,3,7.694,4,3.644,255,0,
1578587762297,245,836529,6,0.890,-2.449,-2.510,1,2.758,2,5.289,3,7.951,4,3.642,255,0,
1578587762547,250,836779,6,0.963,-2.408,-2.535,1,2.758,2,5.287,3,7.696,4,3.640,255,0,
1578587762573,26,836805,6,1.019,-2.376,-2.554,1,2.758,2,5.287,3,7.696,4,3.640,255,0,
1578587762716,143,836948,6,1.052,-2.357,-2.565,1,2.757,2,5.286,3,7.703,4,3.644,255,0,
1578587762865,149,837097,6,1.062,-2.351,-2.568,1,2.759,2,5.286,3,7.714,4,3.644,255,0,
1578587763028,163,837260,6,1.067,-2.347,-2.570,1,2.757,2,5.286,3,7.705,4,3.644,255,0,
1578587763195,167,837427,2,5.050,0.000,0.000,255,0,
1578587763195,0,837427,6,1.070,-2.344,-2.572,1,2.756,2,5.284,3,7.701,4,3.649,255,0,
1578587763296,101,837528,6,1.070,-2.344,-2.572,1,2.755,2,5.286,3,7.691,4,3.645,255,0,
1578587763444,148,837676,6,1.072,-2.344,-2.572,1,2.763,2,5.290,3,7.692,4,3.646,255,0,
1578587763597,153,837829,6,1.075,-2.346,-2.570,1,2.763,2,5.328,3,7.693,4,3.646,255,0,
1578587763749,152,837981,6,1.076,-2.346,-2.572,1,2.747,2,5.300,3,7.693,4,3.645,255,0,
1578587763916,167,838148,6,1.073,-2.343,-2.577,1,2.752,2,5.288,3,7.693,4,3.633,255,0,
1578587764067,151,838299,6,1.070,-2.341,-2.581,1,2.782,2,5.334,3,7.693,4,3.616,255,0,
1578587764247,180,838479,6,1.063,-2.335,-2.589,1,2.728,2,5.296,3,7.693,4,3.633,255,0,
1578587764409,162,838641,6,1.056,-2.334,-2.589,1,2.765,2,5.318,3,7.697,4,3.620,255,0,
1578587764488,79,838720,6,1.050,-2.337,-2.582,1,2.817,2,5.321,3,7.787,4,3.639,255,0,
1578587764636,148,838868,6,1.044,-2.338,-2.576,1,2.817,2,5.321,3,7.787,4,3.639,255,0,
1578587764797,161,839029,6,1.042,-2.345,-2.565,1,2.760,2,5.313,3,7.787,4,3.626,255,0,
1578587764945,148,839177,6,1.040,-2.355,-2.554,1,2.750,2,5.321,3,7.787,4,3.633,255,0,
1578587765051,106,839283,6,1.038,-2.366,-2.546,1,2.759,2,5.310,3,7.787,4,3.637,255,0,
1578587765215,164,839447,6,1.058,-2.360,-2.550,1,2.759,2,6.000,3,7.787,4,3.643,255,0,
1578587765384,169,839616,6,1.053,-2.364,-2.548,1,2.766,2,5.333,3,7.787,4,3.642,255,0,
1578587765464,80,839696,6,1.001,-2.392,-2.535,1,2.768,2,5.313,3,7.787,4,3.642,255,0,
1578587765610,146,839842,6,0.934,-2.427,-2.517,1,2.764,2,5.319,3,7.709,4,3.643,255,0,
1578587765766,156,839998,6,0.856,-2.471,-2.493,1,2.765,2,5.300,3,7.709,4,3.644,255,0,
1578587765928,162,840160,6,0.838,-2.481,-2.492,1,2.786,2,5.320,3,7.709,4,3.642,255,0,
1578587766081,153,840313,6,0.890,-2.450,-2.514,1,2.820,2,5.297,3,7.709,4,3.641,255,0,
1578587766251,170,840483,6,0.934,-2.423,-2.531,1,2.818,2,5.286,3,7.709,4,3.645,255,0,
1578587766420,169,840652,6,0.999,-2.379,-2.560,1,2.765,2,5.315,3,7.709,4,3.639,255,0,
1578587766575,155,840807,6,1.027,-2.353,-2.578,1,2.762,2,5.282,3,7.704,4,3.636,255,0,
1578587766725,150,840957,6,1.042,-2.331,-2.595,1,2.762,2,5.282,3,7.704,4,3.636,255,0,
1578587766892,167,841124,6,1.050,-2.315,-2.606,1,2.759,2,5.287,3,7.871,4,3.632,255,0,
1578587766914,22,841146,6,1.053,-2.309,-2.609,1,2.759,2,5.287,3,7.871,4,3.632,255,0,
1578587767066,152,841298,6,1.057,-2.310,-2.605,1,2.758,2,5.291,3,7.950,4,3.635,255,0,
1578587767226,160,841458,6,1.060,-2.318,-2.593,1,2.758,2,5.289,3,7.950,4,3.633,255,0,
1578587767398,172,841630,6,1.062,-2.327,-2.583,1,2.758,2,5.289,3,7.950,4,3.627,255,0,
1578587767571,173,841803,6,1.064,-2.333,-2.574,1,2.757,2,5.289,3,7.950,4,3.635,255,0,
1578587767728,157,841960,6,1.064,-2.334,-2.573,1,2.762,2,5.288,3,7.703,4,3.635,255,0,
1578587767873,145,842105,6,1.062,-2.336,-2.570,1,2.764,2,5.339,3,7.714,4,3.640,255,0,
1578587768013,140,842245,6,1.061,-2.336,-2.568,1,2.764,2,5.339,3,7.714,4,3.640,255,0,
1578587768119,106,842351,6,1.064,-2.338,-2.565,1,2.764,2,5.339,3,7.714,4,3.640,255,0,
1578587768289,170,842521,6,1.066,-2.339,-2.564,1,2.832,2,5.323,3,7.708,4,3.637,255,0,
1578587768450,161,842682,6,1.064,-2.337,-2.569,1,2.769,2,5.312,3,7.708,4,3.629,255,0,
1578587768450,0,842682,3,1.659,4.906,0.000,255,0,
1578587768642,192,842874,6,1.056,-2.329,-2.581,1,2.763,2,5.282,3,7.708,4,3.635,255,0,
1578587768956,314,843188,6,1.041,-2.318,-2.598,1,2.758,2,5.286,3,7.703,4,3.636,255,0,
1578587769108,152,843340,6,1.034,-2.314,-2.605,1,2.758,2,5.286,3,7.703,4,3.636,255,0,
1578587769268,160,843500,6,1.031,-2.314,-2.606,1,2.760,2,5.289,3,7.703,4,3.634,255,0,
1578587769429,161,843661,6,1.037,-2.320,-2.599,1,2.757,2,5.295,3,7.703,4,3.636,255,0,
1578587769590,161,843822,6,1.049,-2.328,-2.587,1,2.757,2,5.290,3,7.706,4,3.634,255,0,
1578587769748,158,843980,6,1.062,-2.337,-2.574,1,2.756,2,5.288,3,7.710,4,3.631,255,0,
1578587769893,145,844125,6,1.063,-2.338,-2.572,1,2.757,2,5.290,3,7.701,4,3.634,255,0,
1578587770098,205,844330,6,1.062,-2.339,-2.570,1,2.757,2,5.290,3,7.715,4,3.630,255,0,
1578587770252,154,844484,6,1.061,-2.339,-2.569,1,2.757,2,5.289,3,7.706,4,3.631,255,0,
1578587770420,168,844652,6,1.051,-2.329,-2.564,1,2.759,2,5.289,3,7.991,4,3.627,255,0,
1578587770586,166,844818,6,1.053,-2.331,-2.564,1,2.757,2,5.287,3,7.721,4,3.633,255,0,
1578587770669,83,844901,6,1.066,-2.345,-2.570,1,2.757,2,5.287,3,7.989,4,3.630,255,0,
1578587770892,223,845124,6,1.089,-2.370,-2.580,1,2.759,2,5.285,3,7.709,4,3.643,255,0,
1578587770976,84,845208,6,1.120,-2.402,-2.594,1,2.760,2,5.290,3,7.971,4,3.626,255,0,
1578587771140,164,845372,4,0.000,0.000,0.000,255,0,
1578587771140,0,845372,6,1.130,-2.412,-2.599,1,2.759,2,5.288,3,7.971,4,3.620,255,0,
1578587771299,159,845531,6,1.116,-2.395,-2.592,1,2.761,2,5.290,3,7.704,4,3.632,255,0,
1578587771391,92,845623,6,1.102,-2.379,-2.586,1,2.761,2,5.290,3,7.704,4,3.632,255,0,
1578587771659,268,845891,6,1.069,-2.342,-2.572,1,2.759,2,5.292,3,7.710,4,3.634,255,0,
1578587771681,22,845913,6,1.066,-2.338,-2.571,1,2.759,2,5.292,3,7.710,4,3.634,255,0,
1578587771835,154,846067,6,1.060,-2.334,-2.569,1,2.759,2,5.288,3,7.709,4,3.631,255,0,
1578587771835,0,846067,1,1.825,-2.989,0.000,255,0,
1578587771991,156,846223,6,1.058,-2.333,-2.568,1,2.756,2,5.289,3,7.711,4,3.629,255,0,
1578587772161,170,846393,6,1.059,-2.334,-2.568,1,2.756,2,5.294,3,7.707,4,3.635,255,0,
1578587772310,149,846542,6,1.059,-2.336,-2.568,1,2.759,2,5.290,3,7.709,4,3.637,255,0,
1578587772481,171,846713,6,1.059,-2.336,-2.568,1,2.759,2,5.286,3,7.700,4,3.638,255,0,
1578587772575,94,846807,6,1.059,-2.337,-2.568,1,2.759,2,5.294,3,7.694,4,3.635,255,0,
1578587772734,159,846966,6,1.060,-2.339,-2.568,1,2.759,2,5.294,3,7.694,4,3.634,255,0,
1578587772902,168,847134,6,1.061,-2.340,-2.568,1,2.763,2,5.289,3,7.701,4,3.631,255,0,
1578587773066,164,847298,6,1.062,-2.340,-2.569,1,2.756,2,5.288,3,7.692,4,3.633,255,0,
1578587773219,153,847451,6,1.062,-2.339,-2.570,1,2.759,2,5.285,3,7.695,4,3.636,255,0,
1578587773219,0,847451,2,5.050,0.000,0.000,255,0,
1578587773421,202,847653,6,1.062,-2.339,-2.570,1,2.762,2,5.294,3,7.701,4,3.634,255,0,
1578587773592,171,847824,6,1.061,-2.337,-2.570,1,2.755,2,5.286,3,7.701,4,3.636,255,0,
1578587773824,232,848056,6,1.062,-2.336,-2.570,1,2.761,2,5.009,3,7.701,4,3.635,255,0,
1578587773844,20,848076,6,1.062,-2.335,-2.570,1,2.761,2,5.009,3,7.701,4,3.635,255,0,
1578587774076,232,848308,6,1.062,-2.335,-2.570,1,2.759,2,5.285,3,7.701,4,3.637,255,0,
1578587774164,88,848396,6,1.064,-2.336,-2.570,1,2.760,2,5.284,3,7.701,4,3.631,255,0,
1578587774307,143,848539,6,1.066,-2.337,-2.570,1,2.760,2,5.284,3,7.701,4,3.631,255,0,
1578587774486,179,848718,6,1.068,-2.336,-2.571,1,2.760,2,5.285,3,7.699,4,3.632,255,0,
1578587774636,150,848868,6,1.068,-2.335,-2.571,1,2.761,2,5.282,3,7.696,4,3.630,255,0,
1578587774800,164,849032,6,1.066,-2.333,-2.570,1,2.758,2,5.292,3,7.696,4,3.633,255,0,
1578587774951,151,849183,6,1.065,-2.332,-2.570,1,2.758,2,5.290,3,8.972,4,3.631,255,0,
1578587775128,177,849360,6,1.064,-2.332,-2.570,1,2.758,2,5.289,3,8.974,4,3.631,255,0,
1578587775146,18,849378,6,1.064,-2.332,-2.570,1,2.758,2,5.289,3,8.974,4,3.631,255,0,
1578587775305,159,849537,6,1.063,-2.333,-2.570,1,2.757,2,5.286,3,8.974,4,3.633,255,0,
1578587775469,164,849701,6,1.062,-2.335,-2.569,1,2.760,2,5.283,3,8.966,4,3.633,255,0,
1578587775642,173,849874,6,1.063,-2.336,-2.569,1,2.759,2,5.286,3,8.970,4,3.631,255,0,
1578587775731,89,849963,6,1.063,-2.336,-2.568,1,2.759,2,5.286,3,8.970,4,3.631,255,0,
1578587775883,152,850115,6,1.063,-2.336,-2.568,1,2.759,2,5.285,3,8.966,4,3.633,255,0,
1578587776046,163,850278,6,1.063,-2.335,-2.568,1,2.758,2,5.285,3,8.973,4,3.629,255,0,
1578587776208,162,850440,6,1.063,-2.334,-2.568,1,2.756,2,5.291,3,8.980,4,3.633,255,0,
1578587776377,169,850609,6,1.063,-2.334,-2.568,1,2.756,2,5.297,3,8.980,4,3.635,255,0,
1578587776553,176,850785,6,1.063,-2.334,-2.568,1,2.759,2,5.286,3,8.976,4,3.635,255,0,
1578587776597,44,850829,6,1.062,-2.335,-2.568,1,2.759,2,5.286,3,8.976,4,3.635,255,0,
1578587776758,161,850990,6,1.061,-2.335,-2.567,1,2.756,2,5.286,3,8.971,4,3.666,255,0,
1578587776969,211,851201,6,1.060,-2.338,-2.568,1,2.758,2,5.292,3,8.981,4,3.632,255,0,
1578587777173,204,851405,6,1.063,-2.340,-2.569,1,2.758,2,5.283,3,8.002,4,3.631,255,0,
1578587777338,165,851570,6,1.067,-2.343,-2.571,1,2.757,2,5.286,3,7.689,4,3.631,255,0,
1578587777498,160,851730,6,1.068,-2.343,-2.572,1,2.759,2,5.278,3,7.689,4,3.634,255,0,
1578587777660,162,851892,6,1.067,-2.342,-2.571,1,2.758,2,5.286,3,7.696,4,3.632,255,0,
1578587777817,157,852049,6,1.066,-2.338,-2.570,1,2.759,2,5.291,3,7.697,4,3.632,255,0,
1578587777960,143,852192,6,1.064,-2.336,-2.569,1,2.756,2,5.284,3,7.700,4,3.634,255,0,
1578587778111,151,852343,6,1.065,-2.334,-2.569,1,2.757,2,5.282,3,7.687,4,3.640,255,0,
1578587778265,154,852497,6,1.066,-2.334,-2.569,1,2.759,2,5.283,3,7.687,4,3.633,255,0,
1578587778451,186,852683,3,1.659,4.906,0.000,255,0,
1578587778451,0,852683,6,1.067,-2.334,-2.569,1,2.758,2,5.301,3,7.687,4,3.629,255,0,
1578587778532,81,852764,6,1.070,-2.334,-2.570,1,2.758,2,5.301,3,7.687,4,3.629,255,0,
1578587778693,161,852925,6,1.071,-2.334,-2.570,1,2.758,2,5.288,3,7.706,4,3.631,255,0,
1578587778881,188,853113,6,1.070,-2.334,-2.570,1,2.760,2,5.285,3,7.703,4,3.627,255,0,
1578587778964,83,853196,6,1.065,-2.335,-2.569,1,2.757,2,5.289,3,8.977,4,3.634,255,0,
1578587779114,150,853346,6,1.059,-2.336,-2.568,1,2.757,2,5.289,3,8.977,4,3.634,255,0,
1578587779260,146,853492,6,1.059,-2.335,-2.568,1,2.760,2,5.293,3,8.975,4,3.633,255,0,
1578587779419,159,853651,6,1.060,-2.335,-2.568,1,2.757,2,5.287,3,8.972,4,3.636,255,0,
1578587779608,189,853840,6,1.020,-2.286,-2.566,1,2.756,2,5.285,3,8.970,4,3.632,255,0,
1578587779686,78,853918,6,1.006,-2.272,-2.566,1,2.756,2,5.285,3,8.970,4,3.632,255,0,
1578587779842,156,854074,6,1.035,-2.305,-2.568,1,2.756,2,5.286,3,8.974,4,3.634,255,0,
1578587779989,147,854221,6,1.178,-2.461,-2.576,1,2.758,2,5.291,3,8.975,4,3.636,255,0,
1578587780157,168,854389,6,1.448,-2.754,-2.592,1,2.758,2,5.282,3,7.998,4,3.632,255,0,
1578587780305,148,854537,6,1.777,-3.109,-2.610,1,2.758,2,5.284,3,7.998,4,3.629,255,0,
1578587780471,166,854703,6,1.880,-3.220,-2.616,1,2.758,2,5.284,3,7.998,4,3.629,255,0,
1578587780649,178,854881,6,1.943,-3.287,-2.618,1,2.758,2,5.292,3,7.695,4,3.626,255,0,
1578587780841,192,855073,6,1.873,-3.209,-2.613,1,2.756,2,5.281,3,7.700,4,3.621,255,0,
