Starting object 1
1578414636360,15493,15493,1,0.00,0.00,0.00,255,0,
1578414636360,0,15493,3,7.86,0.00,0.00,255,0,
1578414636360,0,15493,4,3.01,-1.78,0.00,255,0,
1578414636360,0,15493,6,3.74,-0.59,-2.14,1,0.00,3,0.00,4,0.00,255,0,
1578414636600,240,15733,6,3.743,-0.585,-2.140,1,0.000,3,0.000,4,0.000,255,0,
1578414636818,218,15951,6,3.743,-0.586,-2.139,1,0.000,3,0.000,4,0.000,255,0,
1578414636837,19,15970,6,3.743,-0.586,-2.139,1,0.000,3,0.000,4,0.000,255,0,
1578414637291,454,16424,6,3.743,-0.586,-2.139,1,4.350,3,4.685,4,2.561,255,0,
1578414640429,3138,19562,6,3.743,-0.586,-2.139,1,4.350,3,0.000,4,0.000,255,0,
1578414640557,128,19690,6,3.743,-0.586,-2.139,1,4.350,3,4.680,4,2.561,255,0,
1578414640737,180,19870,6,3.743,-0.586,-2.139,1,4.352,3,4.684,4,2.561,255,0,
1578414640839,102,19972,6,3.743,-0.586,-2.139,1,4.350,3,4.679,4,2.559,255,0,
1578414641031,192,20164,6,3.743,-0.589,-2.139,1,4.348,3,4.678,4,2.560,255,0,
1578414641142,111,20275,6,3.741,-0.588,-2.140,1,4.348,3,4.678,4,2.560,255,0,
1578414641290,148,20423,6,3.741,-0.587,-2.140,1,4.351,3,4.677,4,2.560,255,0,
1578414641428,138,20561,6,3.741,-0.586,-2.139,1,4.350,3,4.679,4,2.559,255,0,
1578414641558,130,20691,6,3.741,-0.585,-2.139,1,4.350,3,4.676,4,2.561,255,0,
1578414641671,113,20804,6,3.741,-0.585,-2.138,1,4.350,3,4.676,4,2.562,255,0,
1578414641856,185,20989,6,3.742,-0.585,-2.137,1,4.349,3,4.679,4,2.561,255,0,
1578414642010,154,21143,6,3.742,-0.583,-2.137,1,4.351,3,4.677,4,2.553,255,0,
1578414642092,82,21225,6,3.743,-0.582,-2.137,1,4.351,3,4.677,4,2.553,255,0,
1578414642419,327,21552,6,3.743,-0.580,-2.137,1,4.350,3,4.680,4,2.562,255,0,
1578414642568,149,21701,6,3.743,-0.581,-2.137,1,4.350,3,4.680,4,2.562,255,0,
1578414642704,136,21837,6,3.743,-0.582,-2.137,1,4.351,3,4.680,4,2.555,255,0,
1578414642847,143,21980,6,3.743,-0.583,-2.137,1,4.350,3,4.681,4,2.560,255,0,
1578414642972,125,22105,6,3.743,-0.583,-2.137,1,4.353,3,4.678,4,2.563,255,0,
1578414643112,140,22245,6,3.743,-0.585,-2.137,1,4.350,3,4.682,4,2.561,255,0,
1578414643254,142,22387,6,3.742,-0.586,-2.138,1,4.352,3,4.680,4,2.561,255,0,
1578414643419,165,22552,6,3.742,-0.586,-2.138,1,4.350,3,4.676,4,2.557,255,0,
1578414643514,95,22647,6,3.742,-0.586,-2.139,1,4.350,3,4.676,4,2.557,255,0,
1578414643676,162,22809,6,3.742,-0.586,-2.139,1,4.353,3,4.678,4,2.560,255,0,
1578414643812,136,22945,6,3.742,-0.585,-2.139,1,4.354,3,4.681,4,2.562,255,0,
1578414643963,151,23096,6,3.742,-0.585,-2.138,1,4.354,3,4.678,4,2.560,255,0,
1578414644103,140,23236,6,3.743,-0.586,-2.138,1,4.352,3,4.683,4,2.561,255,0,
1578414644252,149,23385,6,3.743,-0.586,-2.138,1,4.351,3,4.679,4,2.560,255,0,
1578414644395,143,23528,6,3.743,-0.587,-2.139,1,4.351,3,4.679,4,2.562,255,0,
1578414644509,114,23642,6,3.743,-0.588,-2.140,1,4.351,3,4.679,4,2.562,255,0,
1578414644685,176,23818,6,3.743,-0.588,-2.140,1,4.354,3,4.680,4,2.559,255,0,
1578414644786,101,23919,6,3.742,-0.587,-2.140,1,4.354,3,4.680,4,2.559,255,0,
1578414645022,236,24155,6,3.742,-0.586,-2.140,1,4.353,3,4.682,4,2.561,255,0,
1578414645209,187,24342,6,3.742,-0.587,-2.140,1,4.353,3,4.680,4,2.563,255,0,
1578414645364,155,24497,6,3.742,-0.587,-2.140,1,4.351,3,4.683,4,2.560,255,0,
1578414645629,265,24762,6,3.741,-0.587,-2.140,1,4.352,3,4.681,4,2.559,255,0,
1578414645722,93,24855,6,3.741,-0.587,-2.140,1,4.352,3,4.681,4,2.559,255,0,
1578414645877,155,25010,6,3.741,-0.586,-2.140,1,4.356,3,4.679,4,2.561,255,0,
1578414646055,178,25188,6,3.741,-0.587,-2.141,1,4.350,3,4.682,4,2.559,255,0,
1578414646233,178,25366,6,3.741,-0.588,-2.141,1,4.347,3,4.679,4,2.562,255,0,
1578414646388,155,25521,1,0.000,0.000,0.000,255,0,
1578414646388,0,25521,3,7.863,0.000,0.000,255,0,
1578414646388,0,25521,4,3.008,-1.785,0.000,255,0,
1578414646388,0,25521,6,3.741,-0.588,-2.141,1,4.353,3,4.678,4,2.560,255,0,
1578414646535,147,25668,6,3.741,-0.588,-2.141,1,4.351,3,4.680,4,2.561,255,0,
1578414646551,16,25684,6,3.741,-0.588,-2.141,1,4.351,3,4.680,4,2.561,255,0,
1578414646810,259,25943,6,3.742,-0.587,-2.140,1,4.351,3,4.683,4,2.560,255,0,
1578414647161,351,26294,6,3.742,-0.585,-2.138,1,4.349,3,4.679,4,2.561,255,0,
1578414647236,75,26369,6,3.742,-0.585,-2.138,1,4.349,3,4.679,4,2.561,255,0,
1578414647439,203,26572,6,3.742,-0.586,-2.139,1,4.351,3,4.678,4,2.561,255,0,
1578414647526,87,26659,6,3.742,-0.586,-2.139,1,4.351,3,4.678,4,2.562,255,0,
1578414647669,143,26802,6,3.741,-0.586,-2.139,1,4.353,3,4.680,4,2.563,255,0,
1578414647836,167,26969,6,3.741,-0.584,-2.138,1,4.350,3,4.679,4,2.556,255,0,
1578414648077,241,27210,6,3.741,-0.583,-2.138,1,4.351,3,4.678,4,2.562,255,0,
1578414648222,145,27355,6,3.742,-0.583,-2.139,1,4.351,3,4.678,4,2.561,255,0,
1578414648383,161,27516,6,3.742,-0.583,-2.139,1,4.350,3,4.677,4,2.562,255,0,
1578414648540,157,27673,6,3.743,-0.583,-2.138,1,4.348,3,4.680,4,2.555,255,0,
1578414648692,152,27825,6,3.743,-0.583,-2.138,1,4.350,3,4.683,4,2.561,255,0,
1578414648828,136,27961,6,3.743,-0.583,-2.137,1,4.350,3,4.681,4,2.561,255,0,
1578414648986,158,28119,6,3.742,-0.582,-2.137,1,4.349,3,4.676,4,2.561,255,0,
1578414649138,152,28271,6,3.742,-0.584,-2.138,1,4.350,3,4.681,4,2.561,255,0,
1578414649289,151,28422,6,3.741,-0.585,-2.138,1,4.350,3,4.681,4,2.561,255,0,
1578414649429,140,28562,6,3.741,-0.585,-2.139,1,4.351,3,4.679,4,2.560,255,0,
1578414649446,17,28579,6,3.741,-0.584,-2.139,1,4.351,3,4.679,4,2.560,255,0,
1578414649599,153,28732,6,3.741,-0.583,-2.138,1,4.352,3,4.678,4,2.558,255,0,
1578414649758,159,28891,6,3.741,-0.582,-2.138,1,4.351,3,4.683,4,2.561,255,0,
1578414649901,143,29034,6,3.742,-0.582,-2.138,1,4.351,3,4.678,4,2.557,255,0,
1578414650060,159,29193,6,3.742,-0.584,-2.139,1,4.350,3,4.677,4,2.556,255,0,
1578414650290,230,29423,6,3.742,-0.584,-2.139,1,4.352,3,4.682,4,2.561,255,0,
1578414650442,152,29575,6,3.742,-0.586,-2.139,1,4.353,3,4.683,4,2.561,255,0,
1578414650703,261,29836,6,3.742,-0.587,-2.138,1,4.349,3,4.684,4,2.563,255,0,
1578414650976,273,30109,6,3.742,-0.587,-2.138,1,4.350,3,4.682,4,2.562,255,0,
1578414651119,143,30252,6,3.742,-0.587,-2.139,1,4.350,3,4.680,4,2.560,255,0,
1578414651260,141,30393,6,3.741,-0.587,-2.140,1,4.349,3,4.677,4,2.555,255,0,
1578414651481,221,30614,6,3.740,-0.586,-2.141,1,4.351,3,4.678,4,2.560,255,0,
1578414651681,200,30814,6,3.740,-0.585,-2.140,1,4.350,3,4.677,4,2.558,255,0,
1578414651829,148,30962,6,3.741,-0.585,-2.139,1,4.353,3,9.596,4,2.559,255,0,
1578414652086,257,31219,6,3.748,-0.573,-2.131,1,4.351,3,9.596,4,2.561,255,0,
1578414652311,225,31444,6,3.747,-0.577,-2.133,1,4.349,3,4.679,4,2.554,255,0,
1578414652553,242,31686,6,3.734,-0.600,-2.147,1,4.351,3,4.677,4,2.560,255,0,
1578414652725,172,31858,6,3.717,-0.630,-2.165,1,4.351,3,4.677,4,2.560,255,0,
1578414652919,194,32052,6,3.698,-0.662,-2.184,1,4.351,3,4.675,4,2.553,255,0,
1578414653213,294,32346,6,3.689,-0.678,-2.194,1,4.350,3,4.676,4,2.560,255,0,
1578414653372,159,32505,6,3.701,-0.657,-2.181,1,4.352,3,4.679,4,2.559,255,0,
1578414653521,149,32654,6,3.719,-0.627,-2.162,1,4.350,3,4.681,4,2.560,255,0,
1578414653670,149,32803,6,3.734,-0.602,-2.146,1,4.347,3,4.682,4,2.560,255,0,
1578414654328,658,33461,6,3.740,-0.592,-2.140,1,4.351,3,4.680,4,2.560,255,0,
1578414654478,150,33611,6,3.741,-0.588,-2.139,1,4.351,3,4.680,4,2.560,255,0,
1578414654618,140,33751,6,3.741,-0.587,-2.139,1,4.351,3,4.682,4,2.561,255,0,
1578414654858,240,33991,6,3.741,-0.587,-2.139,1,4.351,3,4.681,4,2.563,255,0,
1578414655004,146,34137,6,3.741,-0.587,-2.139,1,4.351,3,4.681,4,2.560,255,0,
1578414655141,137,34274,6,3.741,-0.586,-2.139,1,4.352,3,4.681,4,2.554,255,0,
1578414655464,323,34597,6,3.741,-0.586,-2.139,1,4.351,3,4.678,4,2.560,255,0,
1578414655554,90,34687,6,3.741,-0.587,-2.139,1,4.351,3,4.678,4,2.560,255,0,
1578414655698,144,34831,6,3.741,-0.588,-2.140,1,4.349,3,4.680,4,2.559,255,0,
1578414655864,166,34997,6,3.741,-0.588,-2.140,1,4.351,3,4.681,4,2.555,255,0,
1578414656018,154,35151,6,3.742,-0.587,-2.140,1,4.351,3,4.681,4,2.560,255,0,
1578414656108,90,35241,6,3.742,-0.586,-2.139,1,4.349,3,4.683,4,2.560,255,0,
1578414656260,152,35393,6,3.742,-0.586,-2.138,1,4.348,3,4.685,4,2.562,255,0,
1578414656418,158,35551,4,3.008,-1.785,0.000,255,0,
1578414656418,0,35551,1,0.000,0.000,0.000,255,0,
1578414656418,0,35551,3,7.863,0.000,0.000,255,0,
1578414656504,86,35637,6,3.741,-0.587,-2.138,1,4.349,3,4.679,4,2.561,255,0,
1578414656525,21,35658,6,3.740,-0.588,-2.139,1,4.349,3,4.679,4,2.561,255,0,
1578414656677,152,35810,6,3.740,-0.588,-2.139,1,4.350,3,4.680,4,2.562,255,0,
1578414656831,154,35964,6,3.739,-0.587,-2.140,1,4.349,3,4.683,4,2.561,255,0,
1578414656992,161,36125,6,3.739,-0.586,-2.140,1,4.351,3,4.685,4,2.561,255,0,
1578414657136,144,36269,6,3.740,-0.583,-2.139,1,4.349,3,4.682,4,2.560,255,0,
1578414657218,82,36351,6,3.740,-0.583,-2.139,1,4.349,3,4.682,4,2.560,255,0,
1578414657366,148,36499,6,3.740,-0.582,-2.139,1,4.351,3,4.687,4,2.560,255,0,
1578414657523,157,36656,6,3.740,-0.582,-2.140,1,4.351,3,4.681,4,2.560,255,0,
1578414657670,147,36803,6,3.739,-0.584,-2.141,1,4.350,3,4.683,4,2.561,255,0,
1578414657913,243,37046,6,3.739,-0.586,-2.141,1,4.351,3,4.683,4,2.560,255,0,
1578414658083,170,37216,6,3.739,-0.587,-2.141,1,4.352,3,4.683,4,2.564,255,0,
1578414658219,136,37352,6,3.739,-0.588,-2.141,1,4.350,3,4.685,4,2.561,255,0,
1578414658470,251,37603,6,3.739,-0.588,-2.141,1,4.353,3,4.683,4,2.561,255,0,
1578414658615,145,37748,6,3.739,-0.588,-2.142,1,4.351,3,4.681,4,2.561,255,0,
1578414658762,147,37895,6,3.739,-0.588,-2.142,1,4.352,3,4.686,4,2.560,255,0,
1578414658915,153,38048,6,3.740,-0.588,-2.142,1,4.354,3,4.684,4,2.562,255,0,
1578414659071,156,38204,6,3.740,-0.589,-2.142,1,4.351,3,4.687,4,2.563,255,0,
1578414659215,144,38348,6,3.740,-0.590,-2.142,1,4.352,3,4.686,4,2.562,255,0,
1578414659356,141,38489,6,3.740,-0.590,-2.143,1,4.351,3,4.685,4,2.558,255,0,
1578414659513,157,38646,6,3.740,-0.590,-2.144,1,4.353,3,4.683,4,2.561,255,0,
1578414659662,149,38795,6,3.739,-0.591,-2.144,1,4.349,3,4.683,4,2.560,255,0,
1578414659816,154,38949,6,3.739,-0.591,-2.145,1,4.353,3,4.683,4,2.563,255,0,
1578414660011,195,39144,6,3.739,-0.592,-2.144,1,4.349,3,4.683,4,2.562,255,0,
1578414660256,245,39389,6,3.739,-0.591,-2.143,1,4.350,3,4.685,4,2.561,255,0,
1578414660335,79,39468,6,3.739,-0.590,-2.142,1,4.346,3,4.683,4,2.561,255,0,
1578414660412,77,39545,6,3.739,-0.589,-2.142,1,4.346,3,4.683,4,2.561,255,0,
1578414660557,145,39690,6,3.739,-0.587,-2.141,1,4.352,3,4.684,4,2.562,255,0,
1578414660707,150,39840,6,3.739,-0.585,-2.141,1,4.353,3,4.679,4,2.557,255,0,
1578414660852,145,39985,6,3.739,-0.585,-2.141,1,4.352,3,4.681,4,2.560,255,0,
1578414661022,170,40155,6,3.739,-0.585,-2.141,1,4.350,3,4.681,4,2.556,255,0,
1578414661169,147,40302,6,3.739,-0.586,-2.141,1,4.353,3,4.683,4,2.560,255,0,
1578414661304,135,40437,6,3.740,-0.588,-2.140,1,4.353,3,4.684,4,2.562,255,0,
1578414661443,139,40576,6,3.741,-0.589,-2.140,1,4.352,3,4.683,4,2.559,255,0,
1578414661590,147,40723,6,3.741,-0.590,-2.140,1,4.353,3,4.683,4,2.562,255,0,
1578414661728,138,40861,6,3.741,-0.591,-2.141,1,4.350,3,4.688,4,2.558,255,0,
1578414661886,158,41019,6,3.741,-0.591,-2.141,1,4.349,3,4.683,4,2.560,255,0,
1578414662043,157,41176,6,3.741,-0.591,-2.142,1,4.349,3,4.685,4,2.561,255,0,
1578414662196,153,41329,6,3.741,-0.592,-2.143,1,4.349,3,4.685,4,2.561,255,0,
1578414662279,83,41412,6,3.740,-0.593,-2.143,1,4.349,3,4.685,4,2.561,255,0,
1578414662448,169,41581,6,3.739,-0.593,-2.143,1,4.350,3,4.684,4,2.562,255,0,
1578414662597,149,41730,6,3.739,-0.592,-2.142,1,4.348,3,4.685,4,2.556,255,0,
1578414662752,155,41885,6,3.739,-0.590,-2.142,1,4.351,3,4.681,4,2.559,255,0,
1578414662887,135,42020,6,3.738,-0.588,-2.142,1,4.353,3,4.685,4,2.563,255,0,
1578414662910,23,42043,6,3.738,-0.587,-2.142,1,4.353,3,4.685,4,2.563,255,0,
1578414663078,168,42211,6,3.738,-0.587,-2.142,1,4.352,3,4.683,4,2.562,255,0,
1578414663228,150,42361,6,3.738,-0.588,-2.141,1,4.353,3,4.682,4,2.562,255,0,
1578414663368,140,42501,6,3.739,-0.589,-2.142,1,4.352,3,4.682,4,2.562,255,0,
1578414663529,161,42662,6,3.739,-0.589,-2.142,1,4.351,3,4.681,4,2.562,255,0,
1578414663679,150,42812,6,3.740,-0.589,-2.142,1,4.349,3,4.682,4,2.562,255,0,
1578414663827,148,42960,6,3.741,-0.589,-2.143,1,4.348,3,4.675,4,2.561,255,0,
1578414663970,143,43103,6,3.741,-0.588,-2.142,1,4.350,3,4.684,4,2.561,255,0,
1578414664107,137,43240,6,3.741,-0.586,-2.141,1,4.352,3,4.684,4,2.558,255,0,
1578414664217,110,43350,6,3.741,-0.584,-2.140,1,4.352,3,4.684,4,2.558,255,0,
1578414664443,226,43576,6,3.741,-0.582,-2.139,1,4.351,3,4.683,4,2.562,255,0,
1578414665001,558,44134,6,3.740,-0.583,-2.139,1,4.350,3,4.683,4,2.561,255,0,
1578414665230,229,44363,6,3.740,-0.585,-2.140,1,4.349,3,4.683,4,2.560,255,0,
1578414665271,41,44404,6,3.740,-0.586,-2.141,1,4.349,3,4.683,4,2.560,255,0,
1578414665418,147,44551,6,3.740,-0.587,-2.141,1,4.352,3,4.685,4,2.562,255,0,
1578414665718,300,44851,6,3.740,-0.588,-2.143,1,4.352,3,4.682,4,2.560,255,0,
1578414665857,139,44990,6,3.740,-0.589,-2.144,1,4.352,3,4.682,4,2.561,255,0,
1578414666000,143,45133,6,3.739,-0.589,-2.143,1,4.351,3,4.684,4,2.566,255,0,
1578414666243,243,45376,6,3.739,-0.588,-2.143,1,4.351,3,4.680,4,2.562,255,0,
1578414666397,154,45530,6,3.740,-0.588,-2.142,1,4.351,3,4.681,4,2.559,255,0,
1578414666547,150,45680,1,0.000,0.000,0.000,255,0,
1578414666547,0,45680,3,7.863,0.000,0.000,255,0,
1578414666547,0,45680,4,3.008,-1.785,0.000,255,0,
1578414666642,95,45775,6,3.740,-0.586,-2.142,1,4.351,3,4.681,4,2.558,255,0,
1578414666660,18,45793,6,3.740,-0.586,-2.141,1,4.351,3,4.681,4,2.558,255,0,
1578414666807,147,45940,6,3.740,-0.586,-2.141,1,4.349,3,4.679,4,2.560,255,0,
1578414667110,303,46243,6,3.740,-0.586,-2.140,1,4.354,3,4.679,4,2.560,255,0,
1578414667247,137,46380,6,3.741,-0.587,-2.140,1,4.354,3,4.679,4,2.560,255,0,
1578414667391,144,46524,6,3.741,-0.588,-2.140,1,4.352,3,4.680,4,2.562,255,0,
1578414667533,142,46666,6,3.741,-0.588,-2.140,1,4.354,3,4.679,4,2.560,255,0,
1578414667679,146,46812,6,3.741,-0.589,-2.141,1,4.351,3,4.679,4,2.564,255,0,
1578414667824,145,46957,6,3.742,-0.590,-2.141,1,4.353,3,4.677,4,2.561,255,0,
1578414667976,152,47109,6,3.742,-0.588,-2.141,1,4.353,3,4.682,4,2.556,255,0,
1578414668130,154,47263,6,3.743,-0.587,-2.141,1,4.354,3,4.679,4,2.564,255,0,
1578414668354,224,47487,6,3.743,-0.586,-2.140,1,4.354,3,4.678,4,2.562,255,0,
1578414668517,163,47650,6,3.743,-0.587,-2.140,1,4.350,3,4.682,4,2.555,255,0,
1578414668659,142,47792,6,3.743,-0.588,-2.140,1,4.350,3,4.682,4,2.555,255,0,
1578414668812,153,47945,6,3.744,-0.588,-2.141,1,4.354,3,4.683,4,2.560,255,0,
1578414668943,131,48076,6,3.744,-0.589,-2.141,1,4.353,3,4.685,4,2.561,255,0,
1578414669117,174,48250,6,3.743,-0.589,-2.140,1,4.352,3,4.682,4,2.562,255,0,
1578414669275,158,48408,6,3.743,-0.590,-2.140,1,4.351,3,4.677,4,2.564,255,0,
1578414669351,76,48484,6,3.742,-0.592,-2.141,1,4.351,3,4.677,4,2.564,255,0,
1578414669491,140,48624,6,3.741,-0.593,-2.142,1,4.350,3,4.682,4,2.562,255,0,
1578414669716,225,48849,6,3.741,-0.592,-2.142,1,4.347,3,4.683,4,2.562,255,0,
1578414669878,162,49011,6,3.741,-0.589,-2.142,1,4.352,3,4.683,4,2.561,255,0,
1578414670134,256,49267,6,3.741,-0.586,-2.141,1,4.347,3,4.681,4,2.561,255,0,
1578414670317,183,49450,6,3.741,-0.585,-2.141,1,4.349,3,4.682,4,2.562,255,0,
1578414670468,151,49601,6,3.741,-0.585,-2.141,1,4.353,3,4.681,4,2.562,255,0,
1578414670607,139,49740,6,3.741,-0.585,-2.141,1,4.355,3,4.680,4,2.564,255,0,
1578414670767,160,49900,6,3.740,-0.585,-2.141,1,4.351,3,4.680,4,2.564,255,0,
1578414670916,149,50049,6,3.740,-0.584,-2.141,1,4.365,3,4.676,4,2.562,255,0,
1578414671081,165,50214,6,3.740,-0.584,-2.141,1,4.354,3,4.663,4,2.578,255,0,
1578414671225,144,50358,6,3.741,-0.586,-2.141,1,4.352,3,4.658,4,2.565,255,0,
1578414671365,140,50498,6,3.742,-0.588,-2.142,1,4.352,3,4.658,4,2.565,255,0,
1578414671380,15,50513,6,3.747,-0.585,-2.140,1,4.352,3,4.658,4,2.565,255,0,
1578414671539,159,50672,6,3.751,-0.584,-2.140,1,4.264,3,4.638,4,2.475,255,0,
1578414671776,237,50909,6,3.751,-0.583,-2.147,1,4.239,3,4.663,4,2.447,255,0,
1578414671797,21,50930,6,3.745,-0.576,-2.142,1,4.239,3,4.663,4,2.447,255,0,
1578414671945,148,51078,6,3.738,-0.568,-2.132,1,4.216,3,4.852,4,2.412,255,0,
1578414672094,149,51227,6,3.739,-0.563,-2.127,1,4.202,3,4.765,4,2.406,255,0,
1578414672247,153,51380,6,3.727,-0.552,-2.091,1,4.209,3,4.775,4,2.400,255,0,
1578414672404,157,51537,6,3.689,-0.581,-2.056,1,4.222,3,4.784,4,2.406,255,0,
1578414672552,148,51685,6,3.682,-0.589,-2.055,1,4.245,3,4.775,4,2.413,255,0,
1578414672715,163,51848,6,3.643,-0.637,-2.054,1,4.283,3,4.788,4,2.426,255,0,
1578414672865,150,51998,6,3.621,-0.670,-2.056,1,4.283,3,4.779,4,2.415,255,0,
1578414673043,178,52176,6,3.612,-0.691,-2.061,1,4.277,3,4.787,4,2.407,255,0,
1578414673198,155,52331,6,3.615,-0.703,-2.068,1,4.272,3,4.797,4,2.402,255,0,
1578414673372,174,52505,6,3.620,-0.720,-2.079,1,4.280,3,4.807,4,2.408,255,0,
1578414673529,157,52662,6,3.627,-0.743,-2.089,1,4.269,3,4.806,4,2.411,255,0,
1578414673604,75,52737,6,3.632,-0.765,-2.096,1,4.269,3,4.806,4,2.411,255,0,
1578414673750,146,52883,6,3.633,-0.785,-2.102,1,4.294,3,4.811,4,2.401,255,0,
1578414673973,223,53106,6,3.631,-0.794,-2.105,1,4.279,3,4.809,4,2.401,255,0,
1578414674164,191,53297,6,3.628,-0.806,-2.110,1,4.293,3,4.812,4,2.401,255,0,
1578414674317,153,53450,6,3.626,-0.816,-2.113,1,4.295,3,4.808,4,2.404,255,0,
1578414674481,164,53614,6,3.626,-0.822,-2.115,1,4.293,3,4.806,4,2.406,255,0,
1578414674631,150,53764,6,3.627,-0.831,-2.117,1,4.297,3,4.795,4,2.400,255,0,
1578414674714,83,53847,6,3.628,-0.840,-2.119,1,4.297,3,4.795,4,2.400,255,0,
1578414674857,143,53990,6,3.630,-0.846,-2.121,1,4.294,3,4.803,4,2.402,255,0,
1578414675015,158,54148,6,3.632,-0.846,-2.121,1,4.299,3,4.798,4,2.403,255,0,
1578414675162,147,54295,6,3.634,-0.845,-2.120,1,4.298,3,4.801,4,2.400,255,0,
1578414675323,161,54456,6,3.637,-0.845,-2.118,1,4.297,3,4.797,4,2.401,255,0,
1578414675409,86,54542,6,3.638,-0.845,-2.118,1,4.296,3,4.800,4,2.399,255,0,
1578414675566,157,54699,6,3.639,-0.846,-2.118,1,4.294,3,4.799,4,2.400,255,0,
1578414675716,150,54849,6,3.640,-0.847,-2.118,1,4.297,3,4.800,4,2.401,255,0,
1578414676033,317,55166,6,3.640,-0.848,-2.117,1,4.298,3,4.801,4,2.398,255,0,
1578414676108,75,55241,6,3.640,-0.848,-2.117,1,4.298,3,4.801,4,2.398,255,0,
1578414676276,168,55409,6,3.640,-0.848,-2.117,1,4.301,3,4.800,4,2.396,255,0,
1578414676428,152,55561,6,3.640,-0.848,-2.117,1,4.298,3,4.802,4,2.398,255,0,
1578414676563,135,55696,4,3.008,-1.785,0.000,255,0,
1578414676563,0,55696,1,0.000,0.000,0.000,255,0,
1578414676563,0,55696,3,7.863,0.000,0.000,255,0,
1578414676573,10,55706,6,3.640,-0.850,-2.117,1,4.301,3,4.800,4,2.400,255,0,
1578414676723,150,55856,6,3.640,-0.853,-2.117,1,4.300,3,4.796,4,2.400,255,0,
1578414676864,141,55997,6,3.640,-0.855,-2.117,1,4.300,3,4.798,4,2.400,255,0,
1578414677006,142,56139,6,3.640,-0.856,-2.117,1,4.303,3,4.798,4,2.400,255,0,
1578414677155,149,56288,6,3.640,-0.856,-2.118,1,4.301,3,4.798,4,2.397,255,0,
1578414677293,138,56426,6,3.641,-0.855,-2.118,1,4.301,3,4.854,4,2.399,255,0,
1578414677395,102,56528,6,3.643,-0.852,-2.117,1,4.301,3,4.854,4,2.399,255,0,
1578414677545,150,56678,6,3.644,-0.852,-2.116,1,4.300,3,4.800,4,2.400,255,0,
1578414677686,141,56819,6,3.642,-0.856,-2.118,1,4.302,3,4.798,4,2.398,255,0,
1578414677828,142,56961,6,3.639,-0.862,-2.122,1,4.302,3,4.801,4,2.398,255,0,
1578414677968,140,57101,6,3.635,-0.869,-2.126,1,4.300,3,4.807,4,2.400,255,0,
1578414678105,137,57238,6,3.635,-0.870,-2.126,1,4.301,3,4.806,4,2.404,255,0,
1578414678254,149,57387,6,3.636,-0.869,-2.125,1,4.300,3,4.801,4,2.403,255,0,
1578414678403,149,57536,6,3.637,-0.865,-2.124,1,4.304,3,4.799,4,2.400,255,0,
1578414678582,179,57715,6,3.639,-0.861,-2.122,1,4.298,3,5.212,4,2.398,255,0,
1578414678597,15,57730,6,3.648,-0.844,-2.116,1,4.298,3,5.212,4,2.398,255,0,
1578414678752,155,57885,6,3.658,-0.827,-2.109,1,4.301,3,5.197,4,2.398,255,0,
1578414678896,144,58029,6,3.655,-0.832,-2.111,1,4.300,3,5.192,4,2.400,255,0,
1578414679048,152,58181,6,3.618,-0.896,-2.139,1,4.300,3,5.209,4,2.401,255,0,
1578414679292,244,58425,6,3.529,-1.046,-2.206,1,4.297,3,5.208,4,2.403,255,0,
1578414679452,160,58585,6,3.523,-1.056,-2.210,1,4.297,3,5.200,4,2.399,255,0,
1578414679599,147,58732,6,3.450,-1.177,-2.266,1,4.296,3,5.202,4,2.399,255,0,
1578414679742,143,58875,6,3.414,-1.237,-2.294,1,4.301,3,5.186,4,2.399,255,0,
1578414679887,145,59020,6,3.396,-1.264,-2.307,1,4.299,3,5.202,4,2.398,255,0,
1578414680029,142,59162,6,3.387,-1.278,-2.314,1,4.299,3,5.198,4,2.398,255,0,
1578414680169,140,59302,6,3.386,-1.279,-2.314,1,4.297,3,5.196,4,2.399,255,0,
1578414680305,136,59438,6,3.387,-1.279,-2.313,1,4.300,3,5.198,4,2.400,255,0,
1578414680464,159,59597,6,3.388,-1.279,-2.313,1,4.301,3,5.192,4,2.399,255,0,
1578414680609,145,59742,6,3.388,-1.280,-2.313,1,4.297,3,5.205,4,2.400,255,0,
1578414680738,129,59871,6,3.388,-1.280,-2.313,1,4.294,3,5.199,4,2.399,255,0,
1578414680885,147,60018,6,3.388,-1.280,-2.313,1,4.298,3,5.198,4,2.398,255,0,
1578414681027,142,60160,6,3.389,-1.278,-2.313,1,4.297,3,5.214,4,2.396,255,0,
1578414681163,136,60296,6,3.388,-1.278,-2.314,1,4.297,3,5.208,4,2.398,255,0,
1578414681315,152,60448,6,3.387,-1.279,-2.314,1,4.295,3,5.209,4,2.400,255,0,
1578414681464,149,60597,6,3.385,-1.281,-2.314,1,4.302,3,5.205,4,2.401,255,0,
1578414681611,147,60744,6,3.383,-1.285,-2.314,1,4.299,3,5.200,4,2.397,255,0,
1578414681796,185,60929,6,3.381,-1.288,-2.315,1,4.300,3,5.217,4,2.401,255,0,
1578414681953,157,61086,6,3.374,-1.301,-2.322,1,4.296,3,4.798,4,2.399,255,0,
1578414682192,239,61325,6,3.368,-1.312,-2.327,1,4.306,3,4.814,4,2.396,255,0,
1578414682207,15,61340,6,3.381,-1.291,-2.318,1,4.306,3,4.814,4,2.396,255,0,
1578414682351,144,61484,6,3.400,-1.260,-2.303,1,4.306,3,4.795,4,2.398,255,0,
1578414682510,159,61643,6,3.454,-1.171,-2.263,1,4.298,3,4.801,4,2.400,255,0,
1578414682663,153,61796,6,3.523,-1.058,-2.211,1,4.298,3,4.802,4,2.398,255,0,
1578414682805,142,61938,6,3.603,-0.925,-2.150,1,4.303,3,4.802,4,2.398,255,0,
1578414683025,220,62158,6,3.605,-0.922,-2.148,1,4.299,3,4.820,4,2.402,255,0,
1578414683044,19,62177,6,3.626,-0.886,-2.131,1,4.299,3,4.820,4,2.402,255,0,
1578414683201,157,62334,6,3.636,-0.868,-2.123,1,4.300,3,4.811,4,2.397,255,0,
1578414683366,165,62499,6,3.637,-0.865,-2.123,1,4.288,3,4.799,4,2.397,255,0,
1578414683529,163,62662,6,3.635,-0.868,-2.127,1,4.260,3,4.787,4,2.358,255,0,
1578414683687,158,62820,6,3.634,-0.869,-2.131,1,4.135,3,4.792,4,2.293,255,0,
1578414683833,146,62966,6,3.634,-0.868,-2.131,1,4.065,3,4.874,4,2.169,255,0,
1578414683971,138,63104,6,3.639,-0.859,-2.126,1,4.002,3,4.924,4,2.127,255,0,
1578414684129,158,63262,6,3.639,-0.850,-2.106,1,3.975,3,4.981,4,2.128,255,0,
1578414684152,23,63285,6,3.623,-0.848,-2.067,1,3.975,3,4.981,4,2.128,255,0,
1578414684309,157,63442,6,3.601,-0.851,-2.026,1,3.920,3,5.034,4,2.111,255,0,
1578414684465,156,63598,6,3.551,-0.863,-1.978,1,3.904,3,5.079,4,2.107,255,0,
1578414684629,164,63762,6,3.485,-0.881,-1.942,1,3.904,3,5.079,4,2.107,255,0,
1578414684781,152,63914,6,3.408,-0.903,-1.918,1,3.898,3,5.122,4,2.110,255,0,
1578414684932,151,64065,6,3.399,-0.905,-1.916,1,3.902,3,5.149,4,2.121,255,0,
1578414685075,143,64208,6,3.340,-0.926,-1.912,1,3.904,3,5.126,4,2.125,255,0,
1578414685212,137,64345,6,3.299,-0.944,-1.916,1,3.901,3,5.131,4,2.127,255,0,
1578414685386,174,64519,6,3.266,-0.965,-1.927,1,3.904,3,5.134,4,2.126,255,0,
1578414685400,14,64533,6,3.245,-0.980,-1.939,1,3.904,3,5.134,4,2.126,255,0,
1578414685564,164,64697,6,3.232,-0.990,-1.949,1,3.903,3,5.132,4,2.126,255,0,
1578414685745,181,64878,6,3.227,-0.992,-1.955,1,3.896,3,5.141,4,2.126,255,0,
1578414685820,75,64953,6,3.226,-0.991,-1.957,1,3.896,3,5.141,4,2.126,255,0,
1578414685962,142,65095,6,3.225,-0.992,-1.959,1,3.901,3,5.133,4,2.125,255,0,
1578414686105,143,65238,6,3.225,-0.992,-1.960,1,3.901,3,5.138,4,2.127,255,0,
1578414686322,217,65455,6,3.222,-0.994,-1.961,1,3.903,3,5.134,4,2.127,255,0,
1578414686517,195,65650,6,3.220,-0.995,-1.961,1,3.906,3,5.147,4,2.125,255,0,
1578414686589,72,65722,4,3.008,-1.785,0.000,255,0,
1578414686589,0,65722,1,0.000,0.000,0.000,255,0,
1578414686589,0,65722,3,7.863,0.000,0.000,255,0,
1578414686692,103,65825,6,3.220,-0.995,-1.961,1,3.904,3,5.137,4,2.127,255,0,
1578414686843,151,65976,6,3.220,-0.995,-1.962,1,3.903,3,5.139,4,2.128,255,0,
1578414686928,85,66061,6,3.220,-0.997,-1.962,1,3.903,3,5.139,4,2.128,255,0,
1578414687067,139,66200,6,3.220,-0.999,-1.963,1,3.905,3,5.145,4,2.127,255,0,
1578414687209,142,66342,6,3.219,-1.001,-1.964,1,3.901,3,5.144,4,2.127,255,0,
1578414687409,200,66542,6,3.219,-1.001,-1.965,1,3.903,3,5.144,4,2.127,255,0,
1578414687489,80,66622,6,3.218,-1.001,-1.965,1,3.903,3,5.142,4,2.128,255,0,
1578414687646,157,66779,6,3.218,-1.001,-1.965,1,3.901,3,5.142,4,2.127,255,0,
1578414687806,160,66939,6,3.218,-1.002,-1.966,1,3.898,3,5.143,4,2.128,255,0,
1578414688042,236,67175,6,3.217,-1.003,-1.967,1,3.903,3,5.142,4,2.128,255,0,
1578414688184,142,67317,6,3.217,-1.001,-1.966,1,3.898,3,5.143,4,2.125,255,0,
1578414688341,157,67474,6,3.217,-1.000,-1.966,1,3.899,3,5.142,4,2.126,255,0,
1578414688484,143,67617,6,3.217,-0.998,-1.965,1,3.900,3,5.143,4,2.124,255,0,
1578414688645,161,67778,6,3.218,-0.997,-1.964,1,3.900,3,5.143,4,2.124,255,0,
1578414688793,148,67926,6,3.217,-0.997,-1.964,1,3.905,3,5.142,4,2.125,255,0,
1578414688960,167,68093,6,3.216,-0.997,-1.963,1,3.904,3,5.141,4,2.128,255,0,
1578414689132,172,68265,6,3.216,-0.998,-1.963,1,3.902,3,5.141,4,2.127,255,0,
1578414689199,67,68332,6,3.216,-0.999,-1.964,1,3.902,3,5.104,4,2.126,255,0,
1578414689341,142,68474,6,3.216,-1.002,-1.965,1,3.902,3,5.104,4,2.126,255,0,
1578414689485,144,68618,6,3.217,-1.003,-1.965,1,3.903,3,5.147,4,2.128,255,0,
1578414689632,147,68765,6,3.219,-1.000,-1.964,1,3.906,3,5.147,4,2.127,255,0,
1578414689789,157,68922,6,3.222,-0.996,-1.962,1,3.901,3,5.146,4,2.127,255,0,
1578414689867,78,69000,6,3.223,-0.994,-1.961,1,3.907,3,5.141,4,2.127,255,0,
1578414690012,145,69145,6,3.224,-0.992,-1.961,1,3.907,3,5.141,4,2.128,255,0,
1578414690162,150,69295,6,3.223,-0.995,-1.962,1,3.907,3,5.148,4,2.129,255,0,
1578414690321,159,69454,6,3.221,-1.000,-1.964,1,3.904,3,5.145,4,2.130,255,0,
1578414690467,146,69600,6,3.218,-1.004,-1.966,1,3.907,3,5.140,4,2.128,255,0,
1578414690622,155,69755,6,3.218,-1.005,-1.967,1,3.905,3,5.143,4,2.129,255,0,
1578414690775,153,69908,6,3.218,-1.006,-1.968,1,3.910,3,5.142,4,2.128,255,0,
1578414690957,182,70090,6,3.218,-1.006,-1.969,1,3.890,3,5.084,4,2.102,255,0,
1578414691117,160,70250,6,3.218,-1.009,-1.974,1,3.785,3,5.138,4,2.067,255,0,
1578414691355,238,70488,6,3.220,-1.009,-1.976,1,3.742,3,5.204,4,2.039,255,0,
1578414691370,15,70503,6,3.225,-1.002,-1.968,1,3.742,3,5.204,4,2.039,255,0,
1578414691519,149,70652,6,3.231,-0.992,-1.955,1,3.698,3,5.269,4,2.044,255,0,
1578414691675,156,70808,6,3.231,-0.976,-1.926,1,3.669,3,5.248,4,2.057,255,0,
1578414691838,163,70971,6,3.206,-0.965,-1.899,1,3.659,3,5.279,4,2.065,255,0,
1578414691984,146,71117,6,3.142,-0.953,-1.872,1,3.657,3,5.279,4,2.064,255,0,
1578414692131,147,71264,6,3.134,-0.951,-1.871,1,3.653,3,5.408,4,2.065,255,0,
1578414692266,135,71399,6,3.086,-0.938,-1.865,1,3.639,3,5.295,4,2.068,255,0,
1578414692428,162,71561,6,3.049,-0.934,-1.867,1,3.604,3,5.313,4,2.073,255,0,
1578414692570,142,71703,6,3.018,-0.935,-1.873,1,3.593,3,5.349,4,2.090,255,0,
1578414692768,198,71901,6,2.997,-0.945,-1.879,1,3.586,3,5.366,4,2.123,255,0,
1578414692926,158,72059,6,2.985,-0.941,-1.879,1,3.583,3,5.387,4,2.130,255,0,
1578414693061,135,72194,6,2.976,-0.927,-1.879,1,3.569,3,5.388,4,2.131,255,0,
1578414693205,144,72338,6,2.962,-0.901,-1.882,1,3.555,3,5.391,4,2.128,255,0,
1578414693340,135,72473,6,2.948,-0.878,-1.888,1,3.552,3,5.408,4,2.124,255,0,
1578414693486,146,72619,6,2.926,-0.859,-1.899,1,3.553,3,5.404,4,2.124,255,0,
1578414693642,156,72775,6,2.910,-0.851,-1.904,1,3.558,3,5.400,4,2.126,255,0,
1578414693798,156,72931,6,2.898,-0.848,-1.904,1,3.555,3,5.395,4,2.127,255,0,
1578414693895,97,73028,6,2.890,-0.847,-1.904,1,3.555,3,5.395,4,2.127,255,0,
1578414694042,147,73175,6,2.884,-0.847,-1.903,1,3.551,3,5.404,4,2.125,255,0,
1578414694196,154,73329,6,2.882,-0.847,-1.903,1,3.543,3,5.410,4,2.126,255,0,
1578414694428,232,73561,6,2.881,-0.846,-1.903,1,3.543,3,5.416,4,2.129,255,0,
1578414694579,151,73712,6,2.880,-0.845,-1.903,1,3.535,3,5.411,4,2.125,255,0,
1578414694842,263,73975,6,2.879,-0.844,-1.902,1,3.519,3,5.438,4,2.122,255,0,
1578414695004,162,74137,6,2.878,-0.843,-1.902,1,3.503,3,5.468,4,2.116,255,0,
1578414695202,198,74335,6,2.876,-0.842,-1.902,1,3.491,3,5.486,4,2.115,255,0,
1578414695281,79,74414,6,2.868,-0.844,-1.901,1,3.493,3,5.483,4,2.117,255,0,
1578414695419,138,74552,6,2.860,-0.846,-1.900,1,3.493,3,5.483,4,2.117,255,0,
1578414695560,141,74693,6,2.838,-0.855,-1.898,1,3.495,3,5.483,4,2.116,255,0,
1578414695700,140,74833,6,2.821,-0.864,-1.898,1,3.495,3,5.482,4,2.117,255,0,
1578414695863,163,74996,6,2.804,-0.873,-1.899,1,3.495,3,5.484,4,2.116,255,0,
1578414696008,145,75141,6,2.800,-0.875,-1.899,1,3.493,3,5.484,4,2.119,255,0,
1578414696093,85,75226,6,2.797,-0.878,-1.900,1,3.493,3,5.479,4,2.121,255,0,
1578414696230,137,75363,6,2.796,-0.879,-1.900,1,3.494,3,5.482,4,2.120,255,0,
1578414696389,159,75522,6,2.795,-0.879,-1.901,1,3.493,3,5.484,4,2.121,255,0,
1578414696598,209,75731,1,0.000,0.000,0.000,255,0,
1578414696598,0,75731,3,7.863,0.000,0.000,255,0,
1578414696598,0,75731,4,3.008,-1.785,0.000,255,0,
1578414696598,0,75731,6,2.795,-0.878,-1.901,1,3.490,3,5.483,4,2.118,255,0,
1578414696673,75,75806,6,2.795,-0.875,-1.901,1,3.495,3,5.485,4,2.118,255,0,
1578414696833,160,75966,6,2.796,-0.874,-1.901,1,3.495,3,5.485,4,2.118,255,0,
1578414696987,154,76120,6,2.795,-0.873,-1.901,1,3.494,3,5.480,4,2.118,255,0,
1578414697072,85,76205,6,2.795,-0.873,-1.901,1,3.494,3,5.480,4,2.116,255,0,
1578414697286,214,76419,6,2.795,-0.874,-1.901,1,3.493,3,5.482,4,2.119,255,0,
1578414697377,91,76510,6,2.795,-0.875,-1.901,1,3.493,3,5.478,4,2.118,255,0,
1578414697553,176,76686,6,2.795,-0.876,-1.900,1,3.495,3,5.478,4,2.118,255,0,
1578414697780,227,76913,6,2.796,-0.876,-1.900,1,3.492,3,5.481,4,2.117,255,0,
1578414697920,140,77053,6,2.796,-0.876,-1.900,1,3.492,3,5.481,4,2.120,255,0,
1578414698073,153,77206,6,2.796,-0.875,-1.900,1,3.491,3,5.476,4,2.118,255,0,
1578414698221,148,77354,6,2.797,-0.874,-1.900,1,3.492,3,5.483,4,2.116,255,0,
1578414698366,145,77499,6,2.797,-0.873,-1.900,1,3.491,3,5.481,4,2.117,255,0,
1578414698507,141,77640,6,2.797,-0.872,-1.900,1,3.490,3,5.484,4,2.118,255,0,
1578414698674,167,77807,6,2.797,-0.872,-1.899,1,3.493,3,5.480,4,2.121,255,0,
1578414698823,149,77956,6,2.796,-0.872,-1.898,1,3.493,3,5.480,4,2.119,255,0,
1578414698992,169,78125,6,2.795,-0.872,-1.898,1,3.490,3,5.482,4,2.121,255,0,
1578414699074,82,78207,6,2.795,-0.873,-1.899,1,3.490,3,5.482,4,2.121,255,0,
1578414699226,152,78359,6,2.795,-0.873,-1.899,1,3.486,3,5.479,4,2.123,255,0,
1578414699371,145,78504,6,2.795,-0.873,-1.900,1,3.494,3,5.478,4,2.122,255,0,
1578414699511,140,78644,6,2.796,-0.871,-1.900,1,3.477,3,5.476,4,2.121,255,0,
1578414699663,152,78796,6,2.796,-0.869,-1.900,1,3.470,3,5.479,4,2.122,255,0,
1578414699766,103,78899,6,2.796,-0.868,-1.900,1,3.470,3,5.479,4,2.122,255,0,
1578414699918,152,79051,6,2.797,-0.866,-1.900,1,3.479,3,5.478,4,2.122,255,0,
1578414700101,183,79234,6,2.796,-0.862,-1.898,1,3.509,3,5.479,4,2.122,255,0,
1578414700116,15,79249,6,2.794,-0.856,-1.895,1,3.509,3,5.479,4,2.122,255,0,
1578414700262,146,79395,6,2.792,-0.850,-1.892,1,3.514,3,5.475,4,2.121,255,0,
1578414700407,145,79540,6,2.792,-0.848,-1.892,1,3.488,3,5.477,4,2.120,255,0,
1578414700562,155,79695,6,2.794,-0.854,-1.895,1,3.491,3,5.477,4,2.121,255,0,
1578414700706,144,79839,6,2.798,-0.865,-1.900,1,3.492,3,5.477,4,2.120,255,0,
1578414700951,245,80084,6,2.798,-0.865,-1.900,1,3.485,3,5.480,4,2.120,255,0,
1578414701112,161,80245,6,2.800,-0.869,-1.902,1,3.473,3,5.478,4,2.123,255,0,
1578414701255,143,80388,6,2.801,-0.870,-1.902,1,3.477,3,5.481,4,2.121,255,0,
1578414701397,142,80530,6,2.800,-0.868,-1.901,1,3.475,3,5.478,4,2.122,255,0,
1578414701534,137,80667,6,2.798,-0.866,-1.900,1,3.477,3,5.478,4,2.122,255,0,
1578414701680,146,80813,6,2.794,-0.858,-1.897,1,3.480,3,5.473,4,2.122,255,0,
1578414701903,223,81036,6,2.792,-0.853,-1.894,1,3.483,3,5.473,4,2.122,255,0,
1578414701930,27,81063,6,2.791,-0.849,-1.892,1,3.483,3,5.473,4,2.122,255,0,
1578414702076,146,81209,6,2.791,-0.846,-1.890,1,3.483,3,5.476,4,2.122,255,0,
1578414702343,267,81476,6,2.793,-0.845,-1.890,1,3.484,3,5.476,4,2.124,255,0,
1578414702643,300,81776,6,2.794,-0.846,-1.891,1,3.483,3,5.477,4,2.121,255,0,
1578414702786,143,81919,6,2.795,-0.847,-1.892,1,3.483,3,5.477,4,2.121,255,0,
1578414702941,155,82074,6,2.795,-0.848,-1.892,1,3.480,3,5.473,4,2.121,255,0,
1578414703082,141,82215,6,2.796,-0.849,-1.893,1,3.480,3,5.478,4,2.122,255,0,
1578414703236,154,82369,6,2.796,-0.850,-1.894,1,3.480,3,5.474,4,2.122,255,0,
1578414703396,160,82529,6,2.796,-0.851,-1.894,1,3.478,3,5.473,4,2.122,255,0,
1578414703542,146,82675,6,2.796,-0.850,-1.893,1,3.488,3,5.470,4,2.122,255,0,
1578414703687,145,82820,6,2.795,-0.849,-1.891,1,3.489,3,5.472,4,2.119,255,0,
1578414703865,178,82998,6,2.795,-0.847,-1.891,1,3.488,3,5.472,4,2.119,255,0,
1578414704032,167,83165,6,2.794,-0.844,-1.890,1,3.497,3,5.474,4,2.122,255,0,
1578414704176,144,83309,6,2.795,-0.845,-1.890,1,3.492,3,5.471,4,2.123,255,0,
1578414704338,162,83471,6,2.796,-0.847,-1.891,1,3.492,3,5.471,4,2.120,255,0,
1578414704425,87,83558,6,2.799,-0.851,-1.893,1,3.492,3,5.471,4,2.120,255,0,
1578414704564,139,83697,6,2.801,-0.856,-1.895,1,3.493,3,5.471,4,2.122,255,0,
1578414704710,146,83843,6,2.802,-0.859,-1.896,1,3.497,3,5.472,4,2.121,255,0,
1578414704864,154,83997,6,2.803,-0.860,-1.897,1,3.496,3,5.467,4,2.120,255,0,
1578414705017,153,84150,6,2.803,-0.861,-1.897,1,3.497,3,5.472,4,2.119,255,0,
1578414705171,154,84304,6,2.804,-0.861,-1.897,1,3.498,3,5.469,4,2.123,255,0,
1578414705305,134,84438,6,2.804,-0.861,-1.897,1,3.499,3,5.472,4,2.120,255,0,
1578414705442,137,84575,6,2.805,-0.861,-1.897,1,3.496,3,5.475,4,2.121,255,0,
1578414705598,156,84731,6,2.806,-0.862,-1.898,1,3.496,3,5.473,4,2.122,255,0,
1578414705731,133,84864,6,2.806,-0.863,-1.899,1,3.496,3,5.470,4,2.120,255,0,
1578414705872,141,85005,6,2.805,-0.864,-1.899,1,3.497,3,5.474,4,2.120,255,0,
1578414706019,147,85152,6,2.804,-0.864,-1.900,1,3.494,3,5.468,4,2.120,255,0,
1578414706190,171,85323,6,2.804,-0.865,-1.900,1,3.490,3,5.471,4,2.119,255,0,
1578414706341,151,85474,6,2.804,-0.865,-1.899,1,3.490,3,5.471,4,2.119,255,0,
1578414706479,138,85612,6,2.804,-0.864,-1.899,1,3.491,3,5.471,4,2.118,255,0,
1578414706642,163,85775,1,0.000,0.000,0.000,255,0,
1578414706642,0,85775,3,7.863,0.000,0.000,255,0,
1578414706642,0,85775,4,3.008,-1.785,0.000,255,0,
1578414706642,0,85775,6,2.803,-0.863,-1.898,1,3.497,3,5.472,4,2.119,255,0,
1578414706797,155,85930,6,2.802,-0.861,-1.897,1,3.495,3,5.469,4,2.117,255,0,
1578414706947,150,86080,6,2.802,-0.861,-1.897,1,3.488,3,5.472,4,2.117,255,0,
1578414707202,255,86335,6,2.802,-0.861,-1.896,1,3.499,3,5.472,4,2.122,255,0,
1578414707425,223,86558,6,2.803,-0.862,-1.896,1,3.499,3,5.468,4,2.121,255,0,
1578414707503,78,86636,6,2.803,-0.862,-1.895,1,3.496,3,5.469,4,2.120,255,0,
1578414707657,154,86790,6,2.803,-0.862,-1.895,1,3.496,3,5.469,4,2.120,255,0,
1578414707817,160,86950,6,2.804,-0.862,-1.896,1,3.489,3,5.469,4,2.119,255,0,
1578414707977,160,87110,6,2.805,-0.862,-1.897,1,3.495,3,5.468,4,2.119,255,0,
1578414708306,329,87439,6,2.806,-0.861,-1.897,1,3.498,3,5.467,4,2.120,255,0,
1578414708463,157,87596,6,2.806,-0.860,-1.897,1,3.493,3,5.470,4,2.120,255,0,
1578414708670,207,87803,6,2.806,-0.859,-1.895,1,3.487,3,5.461,4,2.119,255,0,
1578414708830,160,87963,6,2.806,-0.859,-1.895,1,3.486,3,5.436,4,2.118,255,0,
1578414708982,152,88115,6,2.806,-0.861,-1.896,1,3.486,3,5.436,4,2.118,255,0,
1578414709066,84,88199,6,2.802,-0.864,-1.898,1,3.486,3,5.436,4,2.118,255,0,
1578414709221,155,88354,6,2.794,-0.867,-1.898,1,3.598,3,5.263,4,2.140,255,0,
1578414709400,179,88533,6,2.793,-0.862,-1.892,1,3.706,3,5.141,4,2.247,255,0,
1578414709544,144,88677,6,2.815,-0.843,-1.882,1,3.737,3,5.123,4,2.260,255,0,
1578414709678,134,88811,6,2.856,-0.811,-1.873,1,3.737,3,5.123,4,2.260,255,0,
1578414709697,19,88830,6,2.889,-0.787,-1.869,1,3.737,3,5.123,4,2.260,255,0,
1578414709850,153,88983,6,2.952,-0.738,-1.865,1,3.783,3,5.093,4,2.268,255,0,
1578414709994,144,89127,6,3.029,-0.675,-1.877,1,3.851,3,5.024,4,2.283,255,0,
1578414710128,134,89261,6,3.085,-0.636,-1.895,1,3.969,3,4.888,4,2.307,255,0,
1578414710284,156,89417,6,3.133,-0.616,-1.911,1,4.104,3,4.764,4,2.414,255,0,
1578414710437,153,89570,6,3.136,-0.616,-1.912,1,4.201,3,4.692,4,2.417,255,0,
1578414710744,307,89877,6,3.201,-0.606,-1.923,1,4.342,3,4.655,4,2.531,255,0,
1578414710817,73,89950,6,3.296,-0.594,-1.934,1,4.342,3,4.655,4,2.531,255,0,
1578414710977,160,90110,6,3.390,-0.582,-1.945,1,4.354,3,4.651,4,2.548,255,0,
1578414711204,227,90337,6,3.484,-0.571,-1.960,1,4.388,3,4.642,4,2.552,255,0,
1578414711222,18,90355,6,3.565,-0.570,-1.986,1,4.388,3,4.642,4,2.552,255,0,
1578414711386,164,90519,6,3.687,-0.576,-2.044,1,4.382,3,4.645,4,2.548,255,0,
1578414711529,143,90662,6,3.712,-0.581,-2.064,1,4.389,3,4.651,4,2.555,255,0,
1578414711678,149,90811,6,3.746,-0.592,-2.096,1,4.388,3,4.649,4,2.550,255,0,
1578414711825,147,90958,6,3.772,-0.606,-2.123,1,4.383,3,4.647,4,2.550,255,0,
1578414712051,226,91184,6,3.773,-0.608,-2.124,1,4.385,3,4.649,4,2.542,255,0,
1578414712295,244,91428,6,3.778,-0.614,-2.130,1,4.383,3,4.649,4,2.542,255,0,
1578414712335,40,91468,6,3.779,-0.617,-2.132,1,4.383,3,4.649,4,2.542,255,0,
1578414712482,147,91615,6,3.779,-0.617,-2.132,1,4.386,3,4.648,4,2.546,255,0,
1578414712623,141,91756,6,3.779,-0.617,-2.131,1,4.384,3,4.649,4,2.545,255,0,
1578414712771,148,91904,6,3.778,-0.620,-2.129,1,4.388,3,4.650,4,2.546,255,0,
1578414712916,145,92049,6,3.778,-0.625,-2.128,1,4.387,3,4.651,4,2.548,255,0,
1578414713061,145,92194,6,3.778,-0.626,-2.129,1,4.388,3,4.649,4,2.546,255,0,
1578414713213,152,92346,6,3.779,-0.628,-2.130,1,4.387,3,4.649,4,2.545,255,0,
1578414713366,153,92499,6,3.779,-0.629,-2.131,1,4.387,3,4.650,4,2.550,255,0,
1578414713530,164,92663,6,3.779,-0.630,-2.133,1,4.388,3,4.649,4,2.546,255,0,
1578414713773,243,92906,6,3.779,-0.630,-2.133,1,4.388,3,4.646,4,2.546,255,0,
1578414714021,248,93154,6,3.780,-0.630,-2.134,1,4.388,3,4.648,4,2.546,255,0,
1578414714163,142,93296,6,3.780,-0.629,-2.134,1,4.388,3,4.652,4,2.544,255,0,
1578414714325,162,93458,6,3.780,-0.629,-2.134,1,4.386,3,4.648,4,2.544,255,0,
1578414714416,91,93549,6,3.781,-0.629,-2.134,1,4.387,3,4.648,4,2.546,255,0,
1578414714560,144,93693,6,3.781,-0.630,-2.133,1,4.387,3,4.651,4,2.545,255,0,
1578414714712,152,93845,6,3.781,-0.632,-2.133,1,4.390,3,4.652,4,2.547,255,0,
1578414714972,260,94105,6,3.780,-0.632,-2.133,1,4.388,3,4.647,4,2.548,255,0,
1578414715115,143,94248,6,3.780,-0.632,-2.133,1,4.388,3,4.646,4,2.546,255,0,
1578414715277,162,94410,6,3.780,-0.632,-2.133,1,4.386,3,4.647,4,2.548,255,0,
1578414715451,174,94584,6,3.780,-0.631,-2.133,1,4.389,3,4.648,4,2.545,255,0,
1578414715528,77,94661,6,3.780,-0.629,-2.133,1,4.389,3,4.648,4,2.545,255,0,
1578414715677,149,94810,6,3.781,-0.627,-2.132,1,4.387,3,4.643,4,2.548,255,0,
1578414715826,149,94959,6,3.782,-0.627,-2.132,1,4.389,3,4.643,4,2.544,255,0,
1578414716009,183,95142,6,3.782,-0.628,-2.132,1,4.391,3,4.646,4,2.544,255,0,
1578414716158,149,95291,6,3.782,-0.629,-2.132,1,4.391,3,4.646,4,2.545,255,0,
1578414716485,327,95618,6,3.782,-0.629,-2.131,1,4.390,3,4.648,4,2.548,255,0,
1578414716653,168,95786,1,0.000,0.000,0.000,255,0,
1578414716653,0,95786,3,7.863,0.000,0.000,255,0,
1578414716653,0,95786,4,3.008,-1.785,0.000,255,0,
1578414716653,0,95786,6,3.783,-0.630,-2.131,1,4.389,3,4.647,4,2.544,255,0,
1578414716793,140,95926,6,3.783,-0.631,-2.131,1,4.386,3,4.645,4,2.549,255,0,
1578414717035,242,96168,6,3.784,-0.632,-2.131,1,4.389,3,4.646,4,2.549,255,0,
1578414717055,20,96188,6,3.784,-0.631,-2.131,1,4.389,3,4.646,4,2.549,255,0,
1578414717203,148,96336,6,3.783,-0.630,-2.131,1,4.387,3,4.649,4,2.546,255,0,
1578414717347,144,96480,6,3.783,-0.628,-2.131,1,4.391,3,4.650,4,2.546,255,0,
1578414717511,164,96644,6,3.782,-0.628,-2.131,1,4.385,3,4.648,4,2.548,255,0,
1578414717663,152,96796,6,3.782,-0.628,-2.132,1,4.385,3,4.648,4,2.546,255,0,
1578414717888,225,97021,6,3.782,-0.628,-2.132,1,4.388,3,4.650,4,2.544,255,0,
1578414718046,158,97179,6,3.781,-0.628,-2.133,1,4.387,3,4.649,4,2.544,255,0,
1578414718200,154,97333,6,3.781,-0.629,-2.133,1,4.387,3,4.649,4,2.548,255,0,
1578414718362,162,97495,6,3.780,-0.630,-2.132,1,4.387,3,4.649,4,2.548,255,0,
1578414718512,150,97645,6,3.780,-0.631,-2.132,1,4.387,3,4.648,4,2.544,255,0,
1578414718679,167,97812,6,3.779,-0.632,-2.132,1,4.391,3,4.646,4,2.545,255,0,
1578414718754,75,97887,6,3.779,-0.631,-2.132,1,4.388,3,4.651,4,2.545,255,0,
1578414718900,146,98033,6,3.779,-0.630,-2.132,1,4.388,3,4.651,4,2.545,255,0,
1578414719049,149,98182,6,3.780,-0.630,-2.132,1,4.391,3,4.649,4,2.543,255,0,
1578414719192,143,98325,6,3.781,-0.631,-2.133,1,4.387,3,4.649,4,2.544,255,0,
1578414719340,148,98473,6,3.782,-0.634,-2.133,1,4.386,3,4.648,4,2.545,255,0,
1578414719515,175,98648,6,3.782,-0.635,-2.134,1,4.386,3,4.646,4,2.545,255,0,
1578414719699,184,98832,6,3.781,-0.636,-2.133,1,4.388,3,4.649,4,2.545,255,0,
1578414719855,156,98988,6,3.781,-0.635,-2.133,1,4.386,3,4.645,4,2.545,255,0,
1578414720066,211,99199,6,3.781,-0.633,-2.132,1,4.389,3,4.645,4,2.547,255,0,
1578414720150,84,99283,6,3.780,-0.631,-2.131,1,4.389,3,4.645,4,2.547,255,0,
1578414720298,148,99431,6,3.780,-0.630,-2.131,1,4.391,3,4.647,4,2.546,255,0,
1578414720443,145,99576,6,3.780,-0.629,-2.132,1,4.389,3,4.645,4,2.543,255,0,
1578414720607,164,99740,6,3.780,-0.630,-2.132,1,4.391,3,4.644,4,2.545,255,0,
1578414720706,99,99839,6,3.782,-0.631,-2.132,1,4.391,3,4.644,4,2.545,255,0,
1578414720865,159,99998,6,3.782,-0.632,-2.132,1,4.387,3,4.648,4,2.548,255,0,
1578414721000,135,100133,6,3.783,-0.633,-2.132,1,4.384,3,4.647,4,2.549,255,0,
1578414721160,160,100293,6,3.784,-0.633,-2.131,1,4.386,3,4.645,4,2.547,255,0,
1578414721315,155,100448,6,3.783,-0.632,-2.131,1,4.389,3,4.643,4,2.545,255,0,
1578414721475,160,100608,6,3.783,-0.630,-2.131,1,4.386,3,4.647,4,2.544,255,0,
1578414721704,229,100837,6,3.782,-0.626,-2.131,1,4.385,3,4.645,4,2.546,255,0,
1578414721866,162,100999,6,3.782,-0.624,-2.130,1,4.385,3,4.648,4,2.547,255,0,
1578414722017,151,101150,6,3.782,-0.623,-2.130,1,4.385,3,4.648,4,2.544,255,0,
1578414722117,100,101250,6,3.782,-0.624,-2.129,1,4.385,3,4.648,4,2.544,255,0,
1578414722529,412,101662,6,3.782,-0.626,-2.129,1,4.386,3,4.646,4,2.544,255,0,
1578414722609,80,101742,6,3.781,-0.626,-2.129,1,4.386,3,4.646,4,2.544,255,0,
1578414722758,149,101891,6,3.781,-0.626,-2.129,1,4.386,3,4.645,4,2.547,255,0,
1578414722907,149,102040,6,3.781,-0.626,-2.129,1,4.385,3,4.645,4,2.548,255,0,
1578414723063,156,102196,6,3.781,-0.627,-2.129,1,4.385,3,4.646,4,2.545,255,0,
1578414723209,146,102342,6,3.781,-0.627,-2.130,1,4.387,3,4.643,4,2.544,255,0,
1578414723349,140,102482,6,3.781,-0.626,-2.130,1,4.385,3,4.644,4,2.547,255,0,
1578414723588,239,102721,6,3.781,-0.625,-2.130,1,4.385,3,4.647,4,2.546,255,0,
1578414723752,164,102885,6,3.782,-0.624,-2.129,1,4.385,3,4.645,4,2.545,255,0,
1578414723895,143,103028,6,3.782,-0.624,-2.129,1,4.385,3,4.645,4,2.545,255,0,
1578414724038,143,103171,6,3.782,-0.624,-2.129,1,4.382,3,4.642,4,2.543,255,0,
1578414724185,147,103318,6,3.782,-0.624,-2.129,1,4.384,3,4.643,4,2.544,255,0,
1578414724334,149,103467,6,3.781,-0.624,-2.128,1,4.384,3,4.645,4,2.545,255,0,
1578414724462,128,103595,6,3.781,-0.623,-2.127,1,4.387,3,4.647,4,2.543,255,0,
1578414724633,171,103766,6,3.781,-0.622,-2.126,1,4.390,3,4.640,4,2.545,255,0,
1578414724778,145,103911,6,3.781,-0.622,-2.125,1,4.388,3,4.646,4,2.545,255,0,
1578414724952,174,104085,6,3.781,-0.623,-2.126,1,4.387,3,4.648,4,2.543,255,0,
1578414725026,74,104159,6,3.782,-0.625,-2.127,1,4.386,3,4.647,4,2.546,255,0,
1578414725168,142,104301,6,3.783,-0.627,-2.128,1,4.386,3,4.647,4,2.546,255,0,
1578414725326,158,104459,6,3.784,-0.629,-2.130,1,4.388,3,4.647,4,2.544,255,0,
1578414725479,153,104612,6,3.783,-0.630,-2.131,1,4.391,3,4.647,4,2.545,255,0,
1578414725607,128,104740,6,3.782,-0.630,-2.131,1,4.389,3,4.650,4,2.547,255,0,
1578414725736,129,104869,6,3.782,-0.631,-2.131,1,4.386,3,4.648,4,2.545,255,0,
1578414725903,167,105036,6,3.782,-0.631,-2.131,1,4.386,3,4.648,4,2.545,255,0,
1578414726142,239,105275,6,3.782,-0.632,-2.132,1,4.391,3,4.649,4,2.547,255,0,
1578414726286,144,105419,6,3.782,-0.632,-2.133,1,4.386,3,4.650,4,2.545,255,0,
1578414726440,154,105573,6,3.781,-0.632,-2.133,1,4.387,3,4.647,4,2.547,255,0,
1578414726587,147,105720,6,3.781,-0.632,-2.133,1,4.389,3,4.651,4,2.544,255,0,
1578414726725,138,105858,4,3.008,-1.785,0.000,255,0,
1578414726725,0,105858,6,3.781,-0.632,-2.133,1,4.387,3,4.648,4,2.544,255,0,
1578414726725,0,105858,1,0.000,0.000,0.000,255,0,
1578414726725,0,105858,3,7.863,0.000,0.000,255,0,
1578414726896,171,106029,6,3.780,-0.632,-2.133,1,4.387,3,4.648,4,2.544,255,0,
1578414726970,74,106103,6,3.781,-0.631,-2.133,1,4.387,3,4.648,4,2.544,255,0,
1578414727143,173,106276,6,3.781,-0.631,-2.132,1,4.388,3,4.648,4,2.545,255,0,
1578414727280,137,106413,6,3.781,-0.630,-2.132,1,4.389,3,4.646,4,2.546,255,0,
1578414727426,146,106559,6,3.781,-0.630,-2.132,1,4.391,3,4.650,4,2.544,255,0,
1578414727610,184,106743,6,3.781,-0.630,-2.132,1,4.388,3,4.649,4,2.545,255,0,
1578414727771,161,106904,6,3.781,-0.630,-2.132,1,4.388,3,4.648,4,2.546,255,0,
1578414727941,170,107074,6,3.781,-0.631,-2.133,1,4.389,3,4.647,4,2.545,255,0,
1578414728023,82,107156,6,3.781,-0.632,-2.133,1,4.389,3,4.647,4,2.545,255,0,
1578414728174,151,107307,6,3.781,-0.633,-2.133,1,4.391,3,4.645,4,2.544,255,0,
1578414728392,218,107525,6,3.782,-0.633,-2.133,1,4.391,3,4.643,4,2.545,255,0,
1578414728474,82,107607,6,3.783,-0.632,-2.132,1,4.389,3,4.644,4,2.543,255,0,
1578414728627,153,107760,6,3.783,-0.632,-2.132,1,4.389,3,4.644,4,2.543,255,0,
1578414728892,265,108025,6,3.784,-0.632,-2.131,1,4.386,3,4.648,4,2.545,255,0,
1578414729056,164,108189,6,3.784,-0.632,-2.131,1,4.391,3,4.648,4,2.544,255,0,
1578414729136,80,108269,6,3.784,-0.631,-2.130,1,4.391,3,4.648,4,2.544,255,0,
1578414729274,138,108407,6,3.784,-0.631,-2.130,1,4.390,3,4.650,4,2.545,255,0,
1578414729432,158,108565,6,3.783,-0.630,-2.130,1,4.391,3,4.650,4,2.543,255,0,
1578414729580,148,108713,6,3.782,-0.630,-2.130,1,4.391,3,4.647,4,2.544,255,0,
1578414729729,149,108862,6,3.782,-0.632,-2.131,1,4.392,3,4.649,4,2.547,255,0,
1578414729894,165,109027,6,3.782,-0.634,-2.132,1,4.391,3,4.647,4,2.544,255,0,
1578414730059,165,109192,6,3.781,-0.636,-2.134,1,4.391,3,4.640,4,2.545,255,0,
1578414730225,166,109358,6,3.782,-0.638,-2.134,1,4.390,3,4.649,4,2.545,255,0,
1578414730354,129,109487,6,3.783,-0.637,-2.134,1,4.389,3,4.649,4,2.545,255,0,
1578414730385,31,109518,6,3.784,-0.636,-2.133,1,4.389,3,4.649,4,2.545,255,0,
1578414730546,161,109679,6,3.784,-0.635,-2.132,1,4.387,3,4.648,4,2.543,255,0,
1578414730709,163,109842,6,3.785,-0.634,-2.132,1,4.390,3,4.647,4,2.544,255,0,
1578414730857,148,109990,6,3.784,-0.634,-2.132,1,4.390,3,4.647,4,2.544,255,0,
1578414731004,147,110137,6,3.783,-0.634,-2.133,1,4.390,3,4.649,4,2.543,255,0,
1578414731167,163,110300,6,3.783,-0.634,-2.133,1,4.389,3,4.642,4,2.544,255,0,
1578414731513,346,110646,6,3.782,-0.634,-2.133,1,4.387,3,4.645,4,2.548,255,0,
1578414731666,153,110799,6,3.782,-0.634,-2.132,1,4.388,3,4.641,4,2.544,255,0,
1578414731824,158,110957,6,3.782,-0.634,-2.132,1,4.388,3,4.647,4,2.544,255,0,
1578414731917,93,111050,6,3.783,-0.633,-2.132,1,4.388,3,4.647,4,2.544,255,0,
1578414732080,163,111213,6,3.784,-0.630,-2.130,1,4.391,3,4.678,4,2.545,255,0,
1578414732335,255,111468,6,3.785,-0.625,-2.128,1,4.389,3,4.660,4,2.544,255,0,
1578414732555,220,111688,6,3.785,-0.626,-2.128,1,4.387,3,4.648,4,2.546,255,0,
1578414732605,50,111738,6,3.782,-0.631,-2.132,1,4.387,3,4.648,4,2.546,255,0,
1578414732750,145,111883,6,3.780,-0.635,-2.135,1,4.387,3,4.646,4,2.547,255,0,
1578414732896,146,112029,6,3.776,-0.642,-2.140,1,4.389,3,4.643,4,2.544,255,0,
1578414733041,145,112174,6,3.775,-0.643,-2.141,1,4.389,3,4.646,4,2.546,255,0,
1578414733192,151,112325,6,3.778,-0.637,-2.137,1,4.389,3,4.643,4,2.545,255,0,
1578414733350,158,112483,6,3.779,-0.635,-2.135,1,4.388,3,4.646,4,2.544,255,0,
1578414733577,227,112710,6,3.781,-0.631,-2.132,1,4.389,3,4.646,4,2.544,255,0,
1578414734011,434,113144,6,3.782,-0.630,-2.131,1,4.388,3,4.646,4,2.547,255,0,
1578414734158,147,113291,6,3.783,-0.631,-2.131,1,4.388,3,4.644,4,2.543,255,0,
1578414734330,172,113463,6,3.783,-0.631,-2.131,1,4.388,3,4.648,4,2.546,255,0,
1578414734410,80,113543,6,3.782,-0.632,-2.131,1,4.388,3,4.648,4,2.546,255,0,
1578414734556,146,113689,6,3.782,-0.632,-2.132,1,4.388,3,4.647,4,2.545,255,0,
1578414734707,151,113840,6,3.782,-0.630,-2.131,1,4.390,3,4.645,4,2.545,255,0,
1578414734859,152,113992,6,3.783,-0.629,-2.131,1,4.388,3,4.646,4,2.545,255,0,
1578414735026,167,114159,6,3.783,-0.629,-2.131,1,4.390,3,4.649,4,2.543,255,0,
1578414735178,152,114311,6,3.782,-0.630,-2.131,1,4.390,3,4.648,4,2.547,255,0,
1578414735321,143,114454,6,3.782,-0.631,-2.132,1,4.392,3,4.639,4,2.545,255,0,
1578414735466,145,114599,6,3.782,-0.632,-2.132,1,4.393,3,4.644,4,2.547,255,0,
1578414735608,142,114741,6,3.782,-0.632,-2.132,1,4.388,3,4.645,4,2.545,255,0,
1578414735776,168,114909,6,3.783,-0.633,-2.133,1,4.389,3,4.646,4,2.545,255,0,
1578414735910,134,115043,6,3.785,-0.632,-2.132,1,4.388,3,4.644,4,2.544,255,0,
1578414736082,172,115215,6,3.785,-0.632,-2.131,1,4.391,3,4.644,4,2.546,255,0,
1578414736092,10,115225,6,3.786,-0.632,-2.131,1,4.391,3,4.644,4,2.546,255,0,
1578414736276,184,115409,6,3.785,-0.632,-2.130,1,4.391,3,4.644,4,2.546,255,0,
1578414736421,145,115554,6,3.785,-0.631,-2.131,1,4.389,3,4.646,4,2.544,255,0,
1578414736569,148,115702,6,3.784,-0.631,-2.130,1,4.389,3,4.648,4,2.547,255,0,
1578414736725,156,115858,4,3.008,-1.785,0.000,255,0,
1578414736725,0,115858,6,3.784,-0.631,-2.131,1,4.391,3,4.648,4,2.545,255,0,
1578414736725,0,115858,1,0.000,0.000,0.000,255,0,
1578414736725,0,115858,3,7.863,0.000,0.000,255,0,
1578414736891,166,116024,6,3.784,-0.631,-2.131,1,4.389,3,4.648,4,2.546,255,0,
1578414737053,162,116186,6,3.784,-0.632,-2.132,1,4.388,3,4.648,4,2.544,255,0,
1578414737206,153,116339,6,3.783,-0.633,-2.133,1,4.387,3,4.642,4,2.544,255,0,
1578414737392,186,116525,6,3.783,-0.634,-2.133,1,4.389,3,4.649,4,2.544,255,0,
1578414737614,222,116747,6,3.782,-0.634,-2.133,1,4.390,3,4.646,4,2.546,255,0,
1578414737765,151,116898,6,3.782,-0.634,-2.132,1,4.389,3,4.646,4,2.545,255,0,
1578414737919,154,117052,6,3.782,-0.633,-2.132,1,4.388,3,4.649,4,2.547,255,0,
1578414738312,393,117445,6,3.783,-0.633,-2.131,1,4.389,3,4.652,4,2.544,255,0,
1578414738486,174,117619,6,3.783,-0.633,-2.132,1,4.388,3,4.646,4,2.547,255,0,
1578414738634,148,117767,6,3.783,-0.632,-2.132,1,4.389,3,4.650,4,2.546,255,0,
1578414738870,236,118003,6,3.791,-0.617,-2.123,1,4.391,3,4.650,4,2.545,255,0,
1578414739022,152,118155,6,3.792,-0.615,-2.123,1,4.387,3,4.641,4,2.547,255,0,
1578414739181,159,118314,6,3.772,-0.646,-2.142,1,4.387,3,4.641,4,2.546,255,0,
1578414739333,152,118466,6,3.753,-0.680,-2.162,1,4.389,3,4.648,4,2.546,255,0,
1578414739475,142,118608,6,3.727,-0.722,-2.187,1,4.385,3,4.643,4,2.544,255,0,
1578414739636,161,118769,6,3.719,-0.736,-2.196,1,4.388,3,4.644,4,2.547,255,0,
1578414739772,136,118905,6,3.733,-0.713,-2.182,1,4.388,3,4.645,4,2.543,255,0,
1578414739928,156,119061,6,3.754,-0.676,-2.160,1,4.391,3,4.647,4,2.544,255,0,
1578414740099,171,119232,6,3.772,-0.645,-2.141,1,4.388,3,4.634,4,2.545,255,0,
1578414740252,153,119385,6,3.778,-0.634,-2.134,1,4.387,3,4.650,4,2.546,255,0,
1578414740409,157,119542,6,3.781,-0.630,-2.131,1,4.391,3,4.646,4,2.547,255,0,
1578414740556,147,119689,6,3.783,-0.630,-2.129,1,4.389,3,4.643,4,2.546,255,0,
1578414740700,144,119833,6,3.784,-0.629,-2.129,1,4.392,3,4.647,4,2.547,255,0,
1578414740858,158,119991,6,3.784,-0.628,-2.129,1,4.390,3,4.653,4,2.546,255,0,
1578414740996,138,120129,6,3.784,-0.629,-2.130,1,4.392,3,4.643,4,2.547,255,0,
1578414741164,168,120297,6,3.783,-0.630,-2.132,1,4.391,3,4.639,4,2.543,255,0,
1578414741329,165,120462,6,3.783,-0.631,-2.133,1,4.390,3,4.642,4,2.546,255,0,
1578414741477,148,120610,6,3.784,-0.632,-2.133,1,4.393,3,4.644,4,2.548,255,0,
1578414741633,156,120766,6,3.784,-0.632,-2.133,1,4.392,3,4.650,4,2.546,255,0,
1578414741779,146,120912,6,3.785,-0.632,-2.132,1,4.390,3,4.646,4,2.547,255,0,
1578414741932,153,121065,6,3.786,-0.631,-2.131,1,4.389,3,4.647,4,2.547,255,0,
1578414742088,156,121221,6,3.786,-0.630,-2.131,1,4.393,3,4.646,4,2.545,255,0,
1578414742248,160,121381,6,3.785,-0.631,-2.132,1,4.391,3,4.644,4,2.546,255,0,
1578414742486,238,121619,6,3.785,-0.632,-2.133,1,4.391,3,4.647,4,2.546,255,0,
1578414742813,327,121946,6,3.784,-0.633,-2.133,1,4.388,3,4.648,4,2.547,255,0,
1578414743040,227,122173,6,3.784,-0.633,-2.133,1,4.390,3,4.647,4,2.547,255,0,
1578414743199,159,122332,6,3.785,-0.633,-2.133,1,4.390,3,4.647,4,2.547,255,0,
1578414743352,153,122485,6,3.785,-0.632,-2.133,1,4.392,3,4.646,4,2.548,255,0,
1578414743496,144,122629,6,3.785,-0.631,-2.133,1,4.390,3,4.647,4,2.548,255,0,
1578414743729,233,122862,6,3.784,-0.630,-2.133,1,4.390,3,4.646,4,2.547,255,0,
1578414743885,156,123018,6,3.784,-0.630,-2.133,1,4.390,3,4.646,4,2.545,255,0,
1578414744318,433,123451,6,3.783,-0.630,-2.133,1,4.390,3,4.647,4,2.545,255,0,
1578414744530,212,123663,6,3.783,-0.630,-2.134,1,4.389,3,4.648,4,2.545,255,0,
1578414744546,16,123679,6,3.783,-0.630,-2.134,1,4.389,3,4.648,4,2.545,255,0,
1578414744696,150,123829,6,3.783,-0.630,-2.133,1,4.387,3,4.646,4,2.545,255,0,
1578414744842,146,123975,6,3.783,-0.631,-2.133,1,4.388,3,4.648,4,2.547,255,0,
1578414744991,149,124124,6,3.783,-0.631,-2.132,1,4.388,3,4.648,4,2.548,255,0,
1578414745195,204,124328,6,3.782,-0.631,-2.131,1,4.388,3,4.647,4,2.545,255,0,
1578414745241,46,124374,6,3.782,-0.631,-2.131,1,4.388,3,4.647,4,2.545,255,0,
1578414745396,155,124529,6,3.782,-0.629,-2.131,1,4.390,3,4.648,4,2.547,255,0,
1578414745655,259,124788,6,3.782,-0.629,-2.132,1,4.391,3,4.648,4,2.546,255,0,
1578414746103,448,125236,6,3.782,-0.629,-2.132,1,4.388,3,4.647,4,2.547,255,0,
1578414746357,254,125490,6,3.782,-0.630,-2.133,1,4.386,3,4.651,4,2.547,255,0,
1578414746507,150,125640,6,3.782,-0.631,-2.133,1,4.386,3,4.651,4,2.548,255,0,
1578414746643,136,125776,6,3.782,-0.632,-2.134,1,4.387,3,4.650,4,2.545,255,0,
1578414746785,142,125918,1,0.000,0.000,0.000,255,0,
1578414746785,0,125918,3,7.863,0.000,0.000,255,0,
1578414746785,0,125918,4,3.008,-1.785,0.000,255,0,
1578414746786,1,125919,6,3.782,-0.633,-2.134,1,4.383,3,4.649,4,2.544,255,0,
1578414746930,144,126063,6,3.781,-0.632,-2.134,1,4.388,3,4.649,4,2.546,255,0,
1578414747078,148,126211,6,3.780,-0.630,-2.133,1,4.386,3,4.652,4,2.545,255,0,
1578414747232,154,126365,6,3.780,-0.630,-2.133,1,4.389,3,4.651,4,2.545,255,0,
1578414747385,153,126518,6,3.779,-0.630,-2.132,1,4.385,3,4.652,4,2.545,255,0,
1578414747531,146,126664,6,3.779,-0.630,-2.132,1,4.389,3,4.653,4,2.546,255,0,
1578414747683,152,126816,6,3.779,-0.631,-2.133,1,4.387,3,4.650,4,2.545,255,0,
1578414747835,152,126968,6,3.779,-0.632,-2.134,1,4.387,3,4.648,4,2.542,255,0,
1578414747997,162,127130,6,3.779,-0.633,-2.135,1,4.388,3,4.654,4,2.544,255,0,
1578414748163,166,127296,6,3.779,-0.634,-2.135,1,4.389,3,4.652,4,2.547,255,0,
1578414748328,165,127461,6,3.779,-0.635,-2.135,1,4.386,3,4.650,4,2.545,255,0,
1578414748489,161,127622,6,3.779,-0.636,-2.134,1,4.386,3,4.650,4,2.545,255,0,
1578414748650,161,127783,6,3.779,-0.636,-2.134,1,4.387,3,4.650,4,2.544,255,0,
1578414748807,157,127940,6,3.779,-0.636,-2.135,1,4.390,3,4.648,4,2.545,255,0,
1578414748973,166,128106,6,3.779,-0.635,-2.135,1,4.386,3,4.651,4,2.543,255,0,
1578414749284,311,128417,6,3.779,-0.633,-2.134,1,4.387,3,4.648,4,2.543,255,0,
1578414749448,164,128581,6,3.779,-0.633,-2.133,1,4.387,3,4.650,4,2.545,255,0,
1578414749545,97,128678,6,3.780,-0.632,-2.132,1,4.389,3,4.650,4,2.544,255,0,
1578414749763,218,128896,6,3.780,-0.632,-2.132,1,4.388,3,4.652,4,2.545,255,0,
1578414749948,185,129081,6,3.780,-0.632,-2.132,1,4.387,3,4.652,4,2.545,255,0,
1578414749963,15,129096,6,3.780,-0.633,-2.132,1,4.387,3,4.652,4,2.545,255,0,
1578414750105,142,129238,6,3.780,-0.634,-2.132,1,4.386,3,4.655,4,2.544,255,0,
1578414750252,147,129385,6,3.780,-0.634,-2.133,1,4.387,3,4.651,4,2.547,255,0,
1578414750417,165,129550,6,3.779,-0.634,-2.133,1,4.386,3,4.652,4,2.545,255,0,
1578414750574,157,129707,6,3.778,-0.634,-2.134,1,4.389,3,4.654,4,2.547,255,0,
1578414750723,149,129856,6,3.778,-0.634,-2.134,1,4.386,3,4.650,4,2.546,255,0,
1578414750861,138,129994,6,3.778,-0.634,-2.135,1,4.386,3,4.654,4,2.546,255,0,
1578414751111,250,130244,6,3.778,-0.633,-2.135,1,4.391,3,4.652,4,2.545,255,0,
1578414751353,242,130486,6,3.778,-0.633,-2.135,1,4.387,3,4.652,4,2.548,255,0,
1578414751523,170,130656,6,3.778,-0.634,-2.136,1,4.388,3,4.648,4,2.547,255,0,
1578414751673,150,130806,6,3.778,-0.635,-2.137,1,4.388,3,4.649,4,2.549,255,0,
1578414751815,142,130948,6,3.778,-0.636,-2.137,1,4.391,3,4.644,4,2.546,255,0,
1578414752027,212,131160,6,3.779,-0.636,-2.137,1,4.390,3,4.644,4,2.548,255,0,
1578414752047,20,131180,6,3.780,-0.633,-2.136,1,4.390,3,4.644,4,2.548,255,0,
1578414752215,168,131348,6,3.781,-0.631,-2.135,1,4.389,3,4.646,4,2.546,255,0,
1578414752461,246,131594,6,3.782,-0.629,-2.134,1,4.390,3,4.648,4,2.548,255,0,
1578414752626,165,131759,6,3.783,-0.629,-2.133,1,4.389,3,4.647,4,2.546,255,0,
1578414752776,150,131909,6,3.784,-0.628,-2.132,1,4.390,3,4.649,4,2.545,255,0,
1578414752927,151,132060,6,3.783,-0.629,-2.132,1,4.392,3,4.647,4,2.546,255,0,
1578414753069,142,132202,6,3.783,-0.629,-2.132,1,4.391,3,4.649,4,2.545,255,0,
1578414753220,151,132353,6,3.782,-0.631,-2.133,1,4.388,3,4.646,4,2.547,255,0,
1578414753373,153,132506,6,3.783,-0.633,-2.133,1,4.393,3,4.647,4,2.548,255,0,
1578414753531,158,132664,6,3.783,-0.633,-2.134,1,4.392,3,4.645,4,2.545,255,0,
1578414753630,99,132763,6,3.783,-0.634,-2.134,1,4.392,3,4.645,4,2.545,255,0,
1578414753790,160,132923,6,3.783,-0.634,-2.134,1,4.390,3,4.646,4,2.546,255,0,
1578414753939,149,133072,6,3.783,-0.634,-2.134,1,4.388,3,4.650,4,2.546,255,0,
1578414754103,164,133236,6,3.784,-0.634,-2.135,1,4.390,3,4.647,4,2.546,255,0,
1578414754244,141,133377,6,3.784,-0.634,-2.135,1,4.390,3,4.648,4,2.546,255,0,
1578414754265,21,133398,6,3.784,-0.634,-2.135,1,4.390,3,4.648,4,2.546,255,0,
1578414755984,1719,135117,6,3.784,-0.634,-2.134,1,4.388,3,4.650,4,2.547,255,0,
1578414756115,131,135248,6,3.783,-0.634,-2.134,1,4.388,3,4.650,4,2.547,255,0,
1578414756415,300,135548,6,3.783,-0.634,-2.134,1,4.387,3,4.650,4,2.547,255,0,
1578414756487,72,135620,6,3.783,-0.634,-2.134,1,4.387,3,4.650,4,2.547,255,0,
1578414756709,222,135842,6,3.783,-0.634,-2.134,1,4.391,3,4.653,4,2.547,255,0,
1578414756904,195,136037,4,3.008,-1.785,0.000,255,0,
1578414756905,1,136038,6,3.782,-0.634,-2.135,1,4.390,3,4.652,4,2.545,255,0,
1578414756905,0,136038,1,0.000,0.000,0.000,255,0,
1578414756905,0,136038,3,7.863,0.000,0.000,255,0,
1578414757046,141,136179,6,3.781,-0.634,-2.135,1,4.389,3,4.652,4,2.547,255,0,
1578414757191,145,136324,6,3.779,-0.633,-2.135,1,4.392,3,4.653,4,2.546,255,0,
1578414757416,225,136549,6,3.779,-0.633,-2.135,1,4.389,3,4.652,4,2.546,255,0,
1578414757483,67,136616,6,3.779,-0.635,-2.137,1,4.391,3,4.649,4,2.545,255,0,
1578414757637,154,136770,6,3.779,-0.636,-2.137,1,4.391,3,4.649,4,2.545,255,0,
1578414757804,167,136937,6,3.780,-0.637,-2.137,1,4.389,3,4.650,4,2.548,255,0,
1578414757963,159,137096,6,3.780,-0.636,-2.136,1,4.390,3,4.651,4,2.545,255,0,
1578414758108,145,137241,6,3.780,-0.635,-2.136,1,4.390,3,4.646,4,2.546,255,0,
1578414758252,144,137385,6,3.781,-0.635,-2.136,1,4.390,3,4.646,4,2.546,255,0,
1578414758385,133,137518,6,3.781,-0.634,-2.136,1,4.389,3,4.650,4,2.546,255,0,
1578414758566,181,137699,6,3.781,-0.634,-2.135,1,4.386,3,4.652,4,2.547,255,0,
1578414758714,148,137847,6,3.782,-0.634,-2.135,1,4.387,3,4.650,4,2.546,255,0,
1578414758729,15,137862,6,3.783,-0.634,-2.134,1,4.387,3,4.650,4,2.546,255,0,
1578414758967,238,138100,6,3.783,-0.634,-2.134,1,4.394,3,4.647,4,2.549,255,0,
1578414758986,19,138119,6,3.782,-0.633,-2.134,1,4.394,3,4.647,4,2.549,255,0,
1578414759146,160,138279,6,3.780,-0.632,-2.134,1,4.390,3,4.653,4,2.546,255,0,
1578414759290,144,138423,6,3.780,-0.631,-2.134,1,4.391,3,4.655,4,2.548,255,0,
1578414759432,142,138565,6,3.780,-0.631,-2.134,1,4.392,3,4.649,4,2.547,255,0,
1578414759586,154,138719,6,3.781,-0.634,-2.135,1,4.390,3,4.651,4,2.547,255,0,
1578414759754,168,138887,6,3.781,-0.634,-2.136,1,4.392,3,4.651,4,2.547,255,0,
