Determining if the pthread_create exist failed with the following output:
Change Dir: /home/katomaran-ros/catkin_ws8/build/husky_description/CMakeFiles/CMakeTmp

Run Build Command:"/usr/bin/make" "cmTC_2110a/fast"
/usr/bin/make -f CMakeFiles/cmTC_2110a.dir/build.make CMakeFiles/cmTC_2110a.dir/build
make[1]: Entering directory '/home/katomaran-ros/catkin_ws8/build/husky_description/CMakeFiles/CMakeTmp'
Building C object CMakeFiles/cmTC_2110a.dir/CheckSymbolExists.c.o
/usr/bin/cc     -o CMakeFiles/cmTC_2110a.dir/CheckSymbolExists.c.o   -c /home/katomaran-ros/catkin_ws8/build/husky_description/CMakeFiles/CMakeTmp/CheckSymbolExists.c
Linking C executable cmTC_2110a
/usr/bin/cmake -E cmake_link_script CMakeFiles/cmTC_2110a.dir/link.txt --verbose=1
/usr/bin/cc       CMakeFiles/cmTC_2110a.dir/CheckSymbolExists.c.o  -o cmTC_2110a -rdynamic 
CMakeFiles/cmTC_2110a.dir/CheckSymbolExists.c.o: In function `main':
CheckSymbolExists.c:(.text+0x16): undefined reference to `pthread_create'
collect2: error: ld returned 1 exit status
CMakeFiles/cmTC_2110a.dir/build.make:97: recipe for target 'cmTC_2110a' failed
make[1]: *** [cmTC_2110a] Error 1
make[1]: Leaving directory '/home/katomaran-ros/catkin_ws8/build/husky_description/CMakeFiles/CMakeTmp'
Makefile:126: recipe for target 'cmTC_2110a/fast' failed
make: *** [cmTC_2110a/fast] Error 2

File /home/katomaran-ros/catkin_ws8/build/husky_description/CMakeFiles/CMakeTmp/CheckSymbolExists.c:
/* */
#include <pthread.h>

int main(int argc, char** argv)
{
  (void)argv;
#ifndef pthread_create
  return ((int*)(&pthread_create))[argc];
#else
  (void)argc;
  return 0;
#endif
}

Determining if the function pthread_create exists in the pthreads failed with the following output:
Change Dir: /home/katomaran-ros/catkin_ws8/build/husky_description/CMakeFiles/CMakeTmp

Run Build Command:"/usr/bin/make" "cmTC_56c56/fast"
/usr/bin/make -f CMakeFiles/cmTC_56c56.dir/build.make CMakeFiles/cmTC_56c56.dir/build
make[1]: Entering directory '/home/katomaran-ros/catkin_ws8/build/husky_description/CMakeFiles/CMakeTmp'
Building C object CMakeFiles/cmTC_56c56.dir/CheckFunctionExists.c.o
/usr/bin/cc    -DCHECK_FUNCTION_EXISTS=pthread_create   -o CMakeFiles/cmTC_56c56.dir/CheckFunctionExists.c.o   -c /usr/share/cmake-3.5/Modules/CheckFunctionExists.c
Linking C executable cmTC_56c56
/usr/bin/cmake -E cmake_link_script CMakeFiles/cmTC_56c56.dir/link.txt --verbose=1
/usr/bin/cc   -DCHECK_FUNCTION_EXISTS=pthread_create    CMakeFiles/cmTC_56c56.dir/CheckFunctionExists.c.o  -o cmTC_56c56 -rdynamic -lpthreads 
/usr/bin/ld: cannot find -lpthreads
collect2: error: ld returned 1 exit status
CMakeFiles/cmTC_56c56.dir/build.make:97: recipe for target 'cmTC_56c56' failed
make[1]: *** [cmTC_56c56] Error 1
make[1]: Leaving directory '/home/katomaran-ros/catkin_ws8/build/husky_description/CMakeFiles/CMakeTmp'
Makefile:126: recipe for target 'cmTC_56c56/fast' failed
make: *** [cmTC_56c56/fast] Error 2


