[  0%] Built target _marvelmind_nav_generate_messages_check_deps_hedge_pos_ang
[  0%] Built target _marvelmind_nav_generate_messages_check_deps_hedge_imu_raw
[  0%] Built target geometry_msgs_generate_messages_cpp
[  0%] Built target _marvelmind_nav_generate_messages_check_deps_beacon_pos_a
[  0%] Built target _marvelmind_nav_generate_messages_check_deps_hedge_imu_fusion
[  0%] Built target _marvelmind_nav_generate_messages_check_deps_beacon_distance
[  0%] Built target std_msgs_generate_messages_cpp
[  0%] Built target _marvelmind_nav_generate_messages_check_deps_hedge_pos_a
[  0%] Built target _marvelmind_nav_generate_messages_check_deps_hedge_pos
[  4%] Built target marvelmind_nav
[  4%] Built target geometry_msgs_generate_messages_nodejs
[  4%] Built target std_msgs_generate_messages_nodejs
[  4%] Built target std_msgs_generate_messages_py
[  4%] Built target geometry_msgs_generate_messages_py
[  4%] Built target std_msgs_generate_messages_eus
[  4%] Built target geometry_msgs_generate_messages_eus
[  4%] Built target geometry_msgs_generate_messages_lisp
[  4%] Built target std_msgs_generate_messages_lisp
[ 20%] Built target marvelmind_nav_generate_messages_cpp
[ 36%] Built target marvelmind_nav_generate_messages_nodejs
[ 54%] Built target marvelmind_nav_generate_messages_py
[ 72%] Built target marvelmind_nav_generate_messages_eus
[ 88%] Built target marvelmind_nav_generate_messages_lisp
[ 93%] Built target subscriber_test
[100%] Built target hedge_rcv_bin
[100%] Built target marvelmind_nav_generate_messages
