Symlinking /home/katomaran-ros/catkin_ws8/devel/share/marvelmind_nav/cmake/marvelmind_nav-msg-paths.cmake
Symlinking /home/katomaran-ros/catkin_ws8/devel/share/marvelmind_nav/cmake/marvelmind_nav-msg-extras.cmake
Symlinking /home/katomaran-ros/catkin_ws8/devel/share/marvelmind_nav/cmake/marvelmind_navConfig-version.cmake
Symlinking /home/katomaran-ros/catkin_ws8/devel/share/marvelmind_nav/cmake/marvelmind_navConfig.cmake
Symlinking /home/katomaran-ros/catkin_ws8/devel/share/roseus/ros/marvelmind_nav/manifest.l
Symlinking /home/katomaran-ros/catkin_ws8/devel/share/roseus/ros/marvelmind_nav/msg/beacon_distance.l
Symlinking /home/katomaran-ros/catkin_ws8/devel/share/roseus/ros/marvelmind_nav/msg/hedge_pos_a.l
Symlinking /home/katomaran-ros/catkin_ws8/devel/share/roseus/ros/marvelmind_nav/msg/hedge_pos.l
Symlinking /home/katomaran-ros/catkin_ws8/devel/share/roseus/ros/marvelmind_nav/msg/beacon_pos_a.l
Symlinking /home/katomaran-ros/catkin_ws8/devel/share/roseus/ros/marvelmind_nav/msg/hedge_imu_fusion.l
Symlinking /home/katomaran-ros/catkin_ws8/devel/share/roseus/ros/marvelmind_nav/msg/hedge_pos_ang.l
Symlinking /home/katomaran-ros/catkin_ws8/devel/share/roseus/ros/marvelmind_nav/msg/hedge_imu_raw.l
Symlinking /home/katomaran-ros/catkin_ws8/devel/share/gennodejs/ros/marvelmind_nav/_index.js
Symlinking /home/katomaran-ros/catkin_ws8/devel/share/gennodejs/ros/marvelmind_nav/msg/hedge_pos_ang.js
Symlinking /home/katomaran-ros/catkin_ws8/devel/share/gennodejs/ros/marvelmind_nav/msg/hedge_imu_raw.js
Symlinking /home/katomaran-ros/catkin_ws8/devel/share/gennodejs/ros/marvelmind_nav/msg/hedge_pos.js
Symlinking /home/katomaran-ros/catkin_ws8/devel/share/gennodejs/ros/marvelmind_nav/msg/_index.js
Symlinking /home/katomaran-ros/catkin_ws8/devel/share/gennodejs/ros/marvelmind_nav/msg/hedge_pos_a.js
Symlinking /home/katomaran-ros/catkin_ws8/devel/share/gennodejs/ros/marvelmind_nav/msg/beacon_pos_a.js
Symlinking /home/katomaran-ros/catkin_ws8/devel/share/gennodejs/ros/marvelmind_nav/msg/hedge_imu_fusion.js
Symlinking /home/katomaran-ros/catkin_ws8/devel/share/gennodejs/ros/marvelmind_nav/msg/beacon_distance.js
Symlinking /home/katomaran-ros/catkin_ws8/devel/share/common-lisp/ros/marvelmind_nav/msg/_package_hedge_pos.lisp
Symlinking /home/katomaran-ros/catkin_ws8/devel/share/common-lisp/ros/marvelmind_nav/msg/_package_hedge_pos_a.lisp
Symlinking /home/katomaran-ros/catkin_ws8/devel/share/common-lisp/ros/marvelmind_nav/msg/_package.lisp
Symlinking /home/katomaran-ros/catkin_ws8/devel/share/common-lisp/ros/marvelmind_nav/msg/_package_beacon_distance.lisp
Symlinking /home/katomaran-ros/catkin_ws8/devel/share/common-lisp/ros/marvelmind_nav/msg/beacon_distance.lisp
Symlinking /home/katomaran-ros/catkin_ws8/devel/share/common-lisp/ros/marvelmind_nav/msg/marvelmind_nav-msg.asd
Symlinking /home/katomaran-ros/catkin_ws8/devel/share/common-lisp/ros/marvelmind_nav/msg/hedge_pos_a.lisp
Symlinking /home/katomaran-ros/catkin_ws8/devel/share/common-lisp/ros/marvelmind_nav/msg/hedge_imu_raw.lisp
Symlinking /home/katomaran-ros/catkin_ws8/devel/share/common-lisp/ros/marvelmind_nav/msg/hedge_pos.lisp
Symlinking /home/katomaran-ros/catkin_ws8/devel/share/common-lisp/ros/marvelmind_nav/msg/beacon_pos_a.lisp
Symlinking /home/katomaran-ros/catkin_ws8/devel/share/common-lisp/ros/marvelmind_nav/msg/_package_beacon_pos_a.lisp
Symlinking /home/katomaran-ros/catkin_ws8/devel/share/common-lisp/ros/marvelmind_nav/msg/hedge_pos_ang.lisp
Symlinking /home/katomaran-ros/catkin_ws8/devel/share/common-lisp/ros/marvelmind_nav/msg/_package_hedge_imu_fusion.lisp
Symlinking /home/katomaran-ros/catkin_ws8/devel/share/common-lisp/ros/marvelmind_nav/msg/_package_hedge_pos_ang.lisp
Symlinking /home/katomaran-ros/catkin_ws8/devel/share/common-lisp/ros/marvelmind_nav/msg/_package_hedge_imu_raw.lisp
Symlinking /home/katomaran-ros/catkin_ws8/devel/share/common-lisp/ros/marvelmind_nav/msg/hedge_imu_fusion.lisp
Symlinking /home/katomaran-ros/catkin_ws8/devel/lib/libmarvelmind_nav.so
Symlinking /home/katomaran-ros/catkin_ws8/devel/lib/marvelmind_nav/hedge_rcv_bin
Symlinking /home/katomaran-ros/catkin_ws8/devel/lib/marvelmind_nav/subscriber_test
Symlinking /home/katomaran-ros/catkin_ws8/devel/lib/pkgconfig/marvelmind_nav.pc
Symlinking /home/katomaran-ros/catkin_ws8/devel/lib/python2.7/dist-packages/marvelmind_nav/__init__.py
Symlinking /home/katomaran-ros/catkin_ws8/devel/lib/python2.7/dist-packages/marvelmind_nav/msg/_beacon_pos_a.py
Symlinking /home/katomaran-ros/catkin_ws8/devel/lib/python2.7/dist-packages/marvelmind_nav/msg/__init__.py
Symlinking /home/katomaran-ros/catkin_ws8/devel/lib/python2.7/dist-packages/marvelmind_nav/msg/_hedge_imu_raw.py
Symlinking /home/katomaran-ros/catkin_ws8/devel/lib/python2.7/dist-packages/marvelmind_nav/msg/_hedge_pos_a.py
Symlinking /home/katomaran-ros/catkin_ws8/devel/lib/python2.7/dist-packages/marvelmind_nav/msg/_hedge_imu_fusion.py
Symlinking /home/katomaran-ros/catkin_ws8/devel/lib/python2.7/dist-packages/marvelmind_nav/msg/_hedge_pos.py
Symlinking /home/katomaran-ros/catkin_ws8/devel/lib/python2.7/dist-packages/marvelmind_nav/msg/_hedge_pos_ang.py
Symlinking /home/katomaran-ros/catkin_ws8/devel/lib/python2.7/dist-packages/marvelmind_nav/msg/_beacon_distance.py
Symlinking /home/katomaran-ros/catkin_ws8/devel/include/marvelmind_nav/hedge_pos_a.h
Symlinking /home/katomaran-ros/catkin_ws8/devel/include/marvelmind_nav/beacon_pos_a.h
Symlinking /home/katomaran-ros/catkin_ws8/devel/include/marvelmind_nav/hedge_imu_raw.h
Symlinking /home/katomaran-ros/catkin_ws8/devel/include/marvelmind_nav/hedge_pos_ang.h
Symlinking /home/katomaran-ros/catkin_ws8/devel/include/marvelmind_nav/hedge_pos.h
Symlinking /home/katomaran-ros/catkin_ws8/devel/include/marvelmind_nav/hedge_imu_fusion.h
Symlinking /home/katomaran-ros/catkin_ws8/devel/include/marvelmind_nav/beacon_distance.h
