[35m[1mScanning dependencies of target _marvelmind_nav_generate_messages_check_deps_hedge_pos_ang[0m
[  0%] Built target _marvelmind_nav_generate_messages_check_deps_hedge_pos_ang
[35m[1mScanning dependencies of target _marvelmind_nav_generate_messages_check_deps_hedge_imu_raw[0m
[  0%] Built target _marvelmind_nav_generate_messages_check_deps_hedge_imu_raw
[35m[1mScanning dependencies of target _marvelmind_nav_generate_messages_check_deps_beacon_pos_a[0m
[  0%] Built target _marvelmind_nav_generate_messages_check_deps_beacon_pos_a
[35m[1mScanning dependencies of target geometry_msgs_generate_messages_cpp[0m
[  0%] Built target geometry_msgs_generate_messages_cpp
[35m[1mScanning dependencies of target _marvelmind_nav_generate_messages_check_deps_hedge_imu_fusion[0m
[  0%] Built target _marvelmind_nav_generate_messages_check_deps_hedge_imu_fusion
[35m[1mScanning dependencies of target _marvelmind_nav_generate_messages_check_deps_beacon_distance[0m
[  0%] Built target _marvelmind_nav_generate_messages_check_deps_beacon_distance
[35m[1mScanning dependencies of target std_msgs_generate_messages_cpp[0m
[  0%] Built target std_msgs_generate_messages_cpp
[35m[1mScanning dependencies of target _marvelmind_nav_generate_messages_check_deps_hedge_pos_a[0m
[  0%] Built target _marvelmind_nav_generate_messages_check_deps_hedge_pos_a
[35m[1mScanning dependencies of target _marvelmind_nav_generate_messages_check_deps_hedge_pos[0m
[  0%] Built target _marvelmind_nav_generate_messages_check_deps_hedge_pos
[35m[1mScanning dependencies of target marvelmind_nav[0m
[  2%] [32mBuilding C object CMakeFiles/marvelmind_nav.dir/src/marvelmind_hedge.c.o[0m
[  4%] [32m[1mLinking C shared library /home/katomaran-ros/catkin_ws8/devel/.private/marvelmind_nav/lib/libmarvelmind_nav.so[0m
[  4%] Built target marvelmind_nav
[35m[1mScanning dependencies of target geometry_msgs_generate_messages_nodejs[0m
[  4%] Built target geometry_msgs_generate_messages_nodejs
[35m[1mScanning dependencies of target std_msgs_generate_messages_nodejs[0m
[  4%] Built target std_msgs_generate_messages_nodejs
[35m[1mScanning dependencies of target std_msgs_generate_messages_py[0m
[  4%] Built target std_msgs_generate_messages_py
[35m[1mScanning dependencies of target geometry_msgs_generate_messages_py[0m
[  4%] Built target geometry_msgs_generate_messages_py
[35m[1mScanning dependencies of target std_msgs_generate_messages_eus[0m
[  4%] Built target std_msgs_generate_messages_eus
[35m[1mScanning dependencies of target geometry_msgs_generate_messages_eus[0m
[  4%] Built target geometry_msgs_generate_messages_eus
[35m[1mScanning dependencies of target std_msgs_generate_messages_lisp[0m
[  4%] Built target std_msgs_generate_messages_lisp
[35m[1mScanning dependencies of target geometry_msgs_generate_messages_lisp[0m
[  4%] Built target geometry_msgs_generate_messages_lisp
[35m[1mScanning dependencies of target marvelmind_nav_generate_messages_cpp[0m
[  6%] [34m[1mGenerating C++ code from marvelmind_nav/hedge_imu_fusion.msg[0m
[  9%] [34m[1mGenerating C++ code from marvelmind_nav/beacon_pos_a.msg[0m
[ 11%] [34m[1mGenerating C++ code from marvelmind_nav/hedge_pos_a.msg[0m
[ 13%] [34m[1mGenerating C++ code from marvelmind_nav/hedge_pos.msg[0m
[ 15%] [34m[1mGenerating C++ code from marvelmind_nav/hedge_imu_raw.msg[0m
[ 18%] [34m[1mGenerating C++ code from marvelmind_nav/beacon_distance.msg[0m
[ 20%] [34m[1mGenerating C++ code from marvelmind_nav/hedge_pos_ang.msg[0m
[ 20%] Built target marvelmind_nav_generate_messages_cpp
[35m[1mScanning dependencies of target marvelmind_nav_generate_messages_nodejs[0m
[ 22%] [34m[1mGenerating Javascript code from marvelmind_nav/hedge_imu_fusion.msg[0m
[ 25%] [34m[1mGenerating Javascript code from marvelmind_nav/beacon_pos_a.msg[0m
[ 27%] [34m[1mGenerating Javascript code from marvelmind_nav/hedge_pos_a.msg[0m
[ 29%] [34m[1mGenerating Javascript code from marvelmind_nav/hedge_pos.msg[0m
[ 31%] [34m[1mGenerating Javascript code from marvelmind_nav/hedge_imu_raw.msg[0m
[ 34%] [34m[1mGenerating Javascript code from marvelmind_nav/beacon_distance.msg[0m
[ 36%] [34m[1mGenerating Javascript code from marvelmind_nav/hedge_pos_ang.msg[0m
[ 36%] Built target marvelmind_nav_generate_messages_nodejs
[35m[1mScanning dependencies of target marvelmind_nav_generate_messages_py[0m
[ 38%] [34m[1mGenerating Python from MSG marvelmind_nav/hedge_imu_fusion[0m
[ 40%] [34m[1mGenerating Python from MSG marvelmind_nav/beacon_pos_a[0m
[ 43%] [34m[1mGenerating Python from MSG marvelmind_nav/hedge_pos_a[0m
[ 45%] [34m[1mGenerating Python from MSG marvelmind_nav/hedge_pos[0m
[ 47%] [34m[1mGenerating Python from MSG marvelmind_nav/hedge_imu_raw[0m
[ 50%] [34m[1mGenerating Python from MSG marvelmind_nav/beacon_distance[0m
[ 52%] [34m[1mGenerating Python from MSG marvelmind_nav/hedge_pos_ang[0m
[ 54%] [34m[1mGenerating Python msg __init__.py for marvelmind_nav[0m
[ 54%] Built target marvelmind_nav_generate_messages_py
[35m[1mScanning dependencies of target marvelmind_nav_generate_messages_eus[0m
[ 56%] [34m[1mGenerating EusLisp code from marvelmind_nav/hedge_imu_fusion.msg[0m
[ 59%] [34m[1mGenerating EusLisp code from marvelmind_nav/beacon_pos_a.msg[0m
[ 61%] [34m[1mGenerating EusLisp code from marvelmind_nav/hedge_pos_a.msg[0m
[ 63%] [34m[1mGenerating EusLisp code from marvelmind_nav/hedge_pos.msg[0m
[ 65%] [34m[1mGenerating EusLisp code from marvelmind_nav/hedge_imu_raw.msg[0m
[ 68%] [34m[1mGenerating EusLisp code from marvelmind_nav/beacon_distance.msg[0m
[ 70%] [34m[1mGenerating EusLisp code from marvelmind_nav/hedge_pos_ang.msg[0m
[ 72%] [34m[1mGenerating EusLisp manifest code for marvelmind_nav[0m
[35m[1mScanning dependencies of target marvelmind_nav_generate_messages_lisp[0m
[ 75%] [34m[1mGenerating Lisp code from marvelmind_nav/hedge_imu_fusion.msg[0m
[ 77%] [34m[1mGenerating Lisp code from marvelmind_nav/beacon_pos_a.msg[0m
[ 79%] [34m[1mGenerating Lisp code from marvelmind_nav/hedge_pos_a.msg[0m
[ 81%] [34m[1mGenerating Lisp code from marvelmind_nav/hedge_pos.msg[0m
[ 84%] [34m[1mGenerating Lisp code from marvelmind_nav/hedge_imu_raw.msg[0m
[ 86%] [34m[1mGenerating Lisp code from marvelmind_nav/beacon_distance.msg[0m
[ 86%] Built target marvelmind_nav_generate_messages_eus
[ 88%] [34m[1mGenerating Lisp code from marvelmind_nav/hedge_pos_ang.msg[0m
[35m[1mScanning dependencies of target subscriber_test[0m
[ 90%] [32mBuilding CXX object CMakeFiles/subscriber_test.dir/src/subscriber_test.cpp.o[0m
[ 90%] Built target marvelmind_nav_generate_messages_lisp
[35m[1mScanning dependencies of target hedge_rcv_bin[0m
[ 93%] [32mBuilding CXX object CMakeFiles/hedge_rcv_bin.dir/src/hedge_rcv_bin.cpp.o[0m
[ 95%] [32mBuilding C object CMakeFiles/hedge_rcv_bin.dir/src/marvelmind_hedge.c.o[0m
[ 97%] [32m[1mLinking CXX executable /home/katomaran-ros/catkin_ws8/devel/.private/marvelmind_nav/lib/marvelmind_nav/hedge_rcv_bin[0m
[ 97%] Built target hedge_rcv_bin
[35m[1mScanning dependencies of target marvelmind_nav_generate_messages[0m
[ 97%] Built target marvelmind_nav_generate_messages
[100%] [32m[1mLinking CXX executable /home/katomaran-ros/catkin_ws8/devel/.private/marvelmind_nav/lib/marvelmind_nav/subscriber_test[0m
[100%] Built target subscriber_test
