[35m[1mScanning dependencies of target std_msgs_generate_messages_py[0m
[35m[1mScanning dependencies of target _web_robo_generate_messages_check_deps_WebCommand[0m
[35m[1mScanning dependencies of target _web_robo_generate_messages_check_deps_WebFeedback[0m
[35m[1mScanning dependencies of target std_msgs_generate_messages_eus[0m
[  0%] Built target std_msgs_generate_messages_py
[  0%] Built target std_msgs_generate_messages_eus
[35m[1mScanning dependencies of target std_msgs_generate_messages_lisp[0m
[35m[1mScanning dependencies of target std_msgs_generate_messages_nodejs[0m
[  0%] Built target std_msgs_generate_messages_nodejs
[  0%] Built target std_msgs_generate_messages_lisp
[35m[1mScanning dependencies of target std_msgs_generate_messages_cpp[0m
[  0%] Built target _web_robo_generate_messages_check_deps_WebCommand
[  0%] Built target _web_robo_generate_messages_check_deps_WebFeedback
[  0%] Built target std_msgs_generate_messages_cpp
[35m[1mScanning dependencies of target web_robo_generate_messages_lisp[0m
[35m[1mScanning dependencies of target web_robo_generate_messages_eus[0m
[35m[1mScanning dependencies of target web_robo_generate_messages_py[0m
[35m[1mScanning dependencies of target web_robo_generate_messages_nodejs[0m
[  8%] [34m[1mGenerating EusLisp code from web_robo/WebCommand.srv[0m
[ 16%] [34m[1mGenerating Javascript code from web_robo/WebCommand.srv[0m
[ 25%] [34m[1mGenerating Python code from SRV web_robo/WebCommand[0m
[ 33%] [34m[1mGenerating Lisp code from web_robo/WebCommand.srv[0m
[ 41%] [34m[1mGenerating Javascript code from web_robo/WebFeedback.srv[0m
[ 50%] [34m[1mGenerating Python code from SRV web_robo/WebFeedback[0m
[ 58%] [34m[1mGenerating Lisp code from web_robo/WebFeedback.srv[0m
[ 58%] Built target web_robo_generate_messages_nodejs
[ 66%] [34m[1mGenerating EusLisp code from web_robo/WebFeedback.srv[0m
[ 75%] [34m[1mGenerating Python srv __init__.py for web_robo[0m
[35m[1mScanning dependencies of target web_robo_generate_messages_cpp[0m
[ 83%] [34m[1mGenerating C++ code from web_robo/WebCommand.srv[0m
[ 83%] Built target web_robo_generate_messages_lisp
[ 91%] [34m[1mGenerating EusLisp manifest code for web_robo[0m
[ 91%] Built target web_robo_generate_messages_py
[100%] [34m[1mGenerating C++ code from web_robo/WebFeedback.srv[0m
[100%] Built target web_robo_generate_messages_cpp
[100%] Built target web_robo_generate_messages_eus
[35m[1mScanning dependencies of target web_robo_generate_messages[0m
[100%] Built target web_robo_generate_messages
