Symlinking /home/katomaran-ros/catkin_ws8/devel/share/roseus/ros/web_robo/manifest.l
Symlinking /home/katomaran-ros/catkin_ws8/devel/share/roseus/ros/web_robo/srv/WebCommand.l
Symlinking /home/katomaran-ros/catkin_ws8/devel/share/roseus/ros/web_robo/srv/WebFeedback.l
Symlinking /home/katomaran-ros/catkin_ws8/devel/share/gennodejs/ros/web_robo/_index.js
Symlinking /home/katomaran-ros/catkin_ws8/devel/share/gennodejs/ros/web_robo/srv/_index.js
Symlinking /home/katomaran-ros/catkin_ws8/devel/share/gennodejs/ros/web_robo/srv/WebCommand.js
Symlinking /home/katomaran-ros/catkin_ws8/devel/share/gennodejs/ros/web_robo/srv/WebFeedback.js
Symlinking /home/katomaran-ros/catkin_ws8/devel/share/common-lisp/ros/web_robo/srv/web_robo-srv.asd
Symlinking /home/katomaran-ros/catkin_ws8/devel/share/common-lisp/ros/web_robo/srv/WebFeedback.lisp
Symlinking /home/katomaran-ros/catkin_ws8/devel/share/common-lisp/ros/web_robo/srv/_package.lisp
Symlinking /home/katomaran-ros/catkin_ws8/devel/share/common-lisp/ros/web_robo/srv/_package_WebCommand.lisp
Symlinking /home/katomaran-ros/catkin_ws8/devel/share/common-lisp/ros/web_robo/srv/WebCommand.lisp
Symlinking /home/katomaran-ros/catkin_ws8/devel/share/common-lisp/ros/web_robo/srv/_package_WebFeedback.lisp
Symlinking /home/katomaran-ros/catkin_ws8/devel/share/web_robo/cmake/web_roboConfig-version.cmake
Symlinking /home/katomaran-ros/catkin_ws8/devel/share/web_robo/cmake/web_robo-msg-paths.cmake
Symlinking /home/katomaran-ros/catkin_ws8/devel/share/web_robo/cmake/web_robo-msg-extras.cmake
Symlinking /home/katomaran-ros/catkin_ws8/devel/share/web_robo/cmake/web_roboConfig.cmake
Symlinking /home/katomaran-ros/catkin_ws8/devel/lib/pkgconfig/web_robo.pc
Symlinking /home/katomaran-ros/catkin_ws8/devel/lib/python2.7/dist-packages/web_robo/__init__.py
Symlinking /home/katomaran-ros/catkin_ws8/devel/lib/python2.7/dist-packages/web_robo/srv/_WebCommand.py
Symlinking /home/katomaran-ros/catkin_ws8/devel/lib/python2.7/dist-packages/web_robo/srv/__init__.py
Symlinking /home/katomaran-ros/catkin_ws8/devel/lib/python2.7/dist-packages/web_robo/srv/_WebFeedback.py
Symlinking /home/katomaran-ros/catkin_ws8/devel/include/web_robo/WebCommandRequest.h
Symlinking /home/katomaran-ros/catkin_ws8/devel/include/web_robo/WebFeedback.h
Symlinking /home/katomaran-ros/catkin_ws8/devel/include/web_robo/WebFeedbackRequest.h
Symlinking /home/katomaran-ros/catkin_ws8/devel/include/web_robo/WebFeedbackResponse.h
Symlinking /home/katomaran-ros/catkin_ws8/devel/include/web_robo/WebCommandResponse.h
Symlinking /home/katomaran-ros/catkin_ws8/devel/include/web_robo/WebCommand.h
