Linked: (/home/katomaran-ros/catkin_ws8/devel/.private/web_robo/share/roseus/ros/web_robo/manifest.l, /home/katomaran-ros/catkin_ws8/devel/share/roseus/ros/web_robo/manifest.l)
Symlinking /home/katomaran-ros/catkin_ws8/devel/share/roseus/ros/web_robo/srv/ListHome.l
Linked: (/home/katomaran-ros/catkin_ws8/devel/.private/web_robo/share/roseus/ros/web_robo/srv/WebCommand.l, /home/katomaran-ros/catkin_ws8/devel/share/roseus/ros/web_robo/srv/WebCommand.l)
Linked: (/home/katomaran-ros/catkin_ws8/devel/.private/web_robo/share/roseus/ros/web_robo/srv/ListDirectory.l, /home/katomaran-ros/catkin_ws8/devel/share/roseus/ros/web_robo/srv/ListDirectory.l)
Linked: (/home/katomaran-ros/catkin_ws8/devel/.private/web_robo/share/roseus/ros/web_robo/srv/WebFeedback.l, /home/katomaran-ros/catkin_ws8/devel/share/roseus/ros/web_robo/srv/WebFeedback.l)
Linked: (/home/katomaran-ros/catkin_ws8/devel/.private/web_robo/share/gennodejs/ros/web_robo/_index.js, /home/katomaran-ros/catkin_ws8/devel/share/gennodejs/ros/web_robo/_index.js)
Symlinking /home/katomaran-ros/catkin_ws8/devel/share/gennodejs/ros/web_robo/srv/ListHome.js
Linked: (/home/katomaran-ros/catkin_ws8/devel/.private/web_robo/share/gennodejs/ros/web_robo/srv/ListDirectory.js, /home/katomaran-ros/catkin_ws8/devel/share/gennodejs/ros/web_robo/srv/ListDirectory.js)
Linked: (/home/katomaran-ros/catkin_ws8/devel/.private/web_robo/share/gennodejs/ros/web_robo/srv/_index.js, /home/katomaran-ros/catkin_ws8/devel/share/gennodejs/ros/web_robo/srv/_index.js)
Linked: (/home/katomaran-ros/catkin_ws8/devel/.private/web_robo/share/gennodejs/ros/web_robo/srv/WebCommand.js, /home/katomaran-ros/catkin_ws8/devel/share/gennodejs/ros/web_robo/srv/WebCommand.js)
Linked: (/home/katomaran-ros/catkin_ws8/devel/.private/web_robo/share/gennodejs/ros/web_robo/srv/WebFeedback.js, /home/katomaran-ros/catkin_ws8/devel/share/gennodejs/ros/web_robo/srv/WebFeedback.js)
Linked: (/home/katomaran-ros/catkin_ws8/devel/.private/web_robo/share/common-lisp/ros/web_robo/srv/web_robo-srv.asd, /home/katomaran-ros/catkin_ws8/devel/share/common-lisp/ros/web_robo/srv/web_robo-srv.asd)
Linked: (/home/katomaran-ros/catkin_ws8/devel/.private/web_robo/share/common-lisp/ros/web_robo/srv/_package_ListDirectory.lisp, /home/katomaran-ros/catkin_ws8/devel/share/common-lisp/ros/web_robo/srv/_package_ListDirectory.lisp)
Linked: (/home/katomaran-ros/catkin_ws8/devel/.private/web_robo/share/common-lisp/ros/web_robo/srv/WebFeedback.lisp, /home/katomaran-ros/catkin_ws8/devel/share/common-lisp/ros/web_robo/srv/WebFeedback.lisp)
Linked: (/home/katomaran-ros/catkin_ws8/devel/.private/web_robo/share/common-lisp/ros/web_robo/srv/_package.lisp, /home/katomaran-ros/catkin_ws8/devel/share/common-lisp/ros/web_robo/srv/_package.lisp)
Linked: (/home/katomaran-ros/catkin_ws8/devel/.private/web_robo/share/common-lisp/ros/web_robo/srv/_package_WebCommand.lisp, /home/katomaran-ros/catkin_ws8/devel/share/common-lisp/ros/web_robo/srv/_package_WebCommand.lisp)
Symlinking /home/katomaran-ros/catkin_ws8/devel/share/common-lisp/ros/web_robo/srv/_package_ListHome.lisp
Linked: (/home/katomaran-ros/catkin_ws8/devel/.private/web_robo/share/common-lisp/ros/web_robo/srv/WebCommand.lisp, /home/katomaran-ros/catkin_ws8/devel/share/common-lisp/ros/web_robo/srv/WebCommand.lisp)
Linked: (/home/katomaran-ros/catkin_ws8/devel/.private/web_robo/share/common-lisp/ros/web_robo/srv/ListDirectory.lisp, /home/katomaran-ros/catkin_ws8/devel/share/common-lisp/ros/web_robo/srv/ListDirectory.lisp)
Linked: (/home/katomaran-ros/catkin_ws8/devel/.private/web_robo/share/common-lisp/ros/web_robo/srv/_package_WebFeedback.lisp, /home/katomaran-ros/catkin_ws8/devel/share/common-lisp/ros/web_robo/srv/_package_WebFeedback.lisp)
Symlinking /home/katomaran-ros/catkin_ws8/devel/share/common-lisp/ros/web_robo/srv/ListHome.lisp
Linked: (/home/katomaran-ros/catkin_ws8/devel/.private/web_robo/share/web_robo/cmake/web_roboConfig-version.cmake, /home/katomaran-ros/catkin_ws8/devel/share/web_robo/cmake/web_roboConfig-version.cmake)
Linked: (/home/katomaran-ros/catkin_ws8/devel/.private/web_robo/share/web_robo/cmake/web_robo-msg-paths.cmake, /home/katomaran-ros/catkin_ws8/devel/share/web_robo/cmake/web_robo-msg-paths.cmake)
Linked: (/home/katomaran-ros/catkin_ws8/devel/.private/web_robo/share/web_robo/cmake/web_robo-msg-extras.cmake, /home/katomaran-ros/catkin_ws8/devel/share/web_robo/cmake/web_robo-msg-extras.cmake)
Linked: (/home/katomaran-ros/catkin_ws8/devel/.private/web_robo/share/web_robo/cmake/web_roboConfig.cmake, /home/katomaran-ros/catkin_ws8/devel/share/web_robo/cmake/web_roboConfig.cmake)
Linked: (/home/katomaran-ros/catkin_ws8/devel/.private/web_robo/lib/pkgconfig/web_robo.pc, /home/katomaran-ros/catkin_ws8/devel/lib/pkgconfig/web_robo.pc)
Linked: (/home/katomaran-ros/catkin_ws8/devel/.private/web_robo/lib/python2.7/dist-packages/web_robo/__init__.py, /home/katomaran-ros/catkin_ws8/devel/lib/python2.7/dist-packages/web_robo/__init__.py)
Symlinking /home/katomaran-ros/catkin_ws8/devel/lib/python2.7/dist-packages/web_robo/srv/_ListHome.py
Linked: (/home/katomaran-ros/catkin_ws8/devel/.private/web_robo/lib/python2.7/dist-packages/web_robo/srv/_WebCommand.py, /home/katomaran-ros/catkin_ws8/devel/lib/python2.7/dist-packages/web_robo/srv/_WebCommand.py)
Linked: (/home/katomaran-ros/catkin_ws8/devel/.private/web_robo/lib/python2.7/dist-packages/web_robo/srv/__init__.py, /home/katomaran-ros/catkin_ws8/devel/lib/python2.7/dist-packages/web_robo/srv/__init__.py)
Linked: (/home/katomaran-ros/catkin_ws8/devel/.private/web_robo/lib/python2.7/dist-packages/web_robo/srv/_ListDirectory.py, /home/katomaran-ros/catkin_ws8/devel/lib/python2.7/dist-packages/web_robo/srv/_ListDirectory.py)
Linked: (/home/katomaran-ros/catkin_ws8/devel/.private/web_robo/lib/python2.7/dist-packages/web_robo/srv/_WebFeedback.py, /home/katomaran-ros/catkin_ws8/devel/lib/python2.7/dist-packages/web_robo/srv/_WebFeedback.py)
Linked: (/home/katomaran-ros/catkin_ws8/devel/.private/web_robo/include/web_robo/ListDirectoryResponse.h, /home/katomaran-ros/catkin_ws8/devel/include/web_robo/ListDirectoryResponse.h)
Linked: (/home/katomaran-ros/catkin_ws8/devel/.private/web_robo/include/web_robo/WebCommandRequest.h, /home/katomaran-ros/catkin_ws8/devel/include/web_robo/WebCommandRequest.h)
Symlinking /home/katomaran-ros/catkin_ws8/devel/include/web_robo/ListHome.h
Symlinking /home/katomaran-ros/catkin_ws8/devel/include/web_robo/ListHomeRequest.h
Linked: (/home/katomaran-ros/catkin_ws8/devel/.private/web_robo/include/web_robo/WebFeedback.h, /home/katomaran-ros/catkin_ws8/devel/include/web_robo/WebFeedback.h)
Linked: (/home/katomaran-ros/catkin_ws8/devel/.private/web_robo/include/web_robo/WebFeedbackRequest.h, /home/katomaran-ros/catkin_ws8/devel/include/web_robo/WebFeedbackRequest.h)
Linked: (/home/katomaran-ros/catkin_ws8/devel/.private/web_robo/include/web_robo/ListDirectory.h, /home/katomaran-ros/catkin_ws8/devel/include/web_robo/ListDirectory.h)
Linked: (/home/katomaran-ros/catkin_ws8/devel/.private/web_robo/include/web_robo/WebFeedbackResponse.h, /home/katomaran-ros/catkin_ws8/devel/include/web_robo/WebFeedbackResponse.h)
Linked: (/home/katomaran-ros/catkin_ws8/devel/.private/web_robo/include/web_robo/WebCommandResponse.h, /home/katomaran-ros/catkin_ws8/devel/include/web_robo/WebCommandResponse.h)
Linked: (/home/katomaran-ros/catkin_ws8/devel/.private/web_robo/include/web_robo/ListDirectoryRequest.h, /home/katomaran-ros/catkin_ws8/devel/include/web_robo/ListDirectoryRequest.h)
Linked: (/home/katomaran-ros/catkin_ws8/devel/.private/web_robo/include/web_robo/WebCommand.h, /home/katomaran-ros/catkin_ws8/devel/include/web_robo/WebCommand.h)
Symlinking /home/katomaran-ros/catkin_ws8/devel/include/web_robo/ListHomeResponse.h
