Symlinking /home/katomaran-ros/catkin_ws8/devel/share/rslidar_msgs/cmake/rslidar_msgs-msg-extras.cmake
Symlinking /home/katomaran-ros/catkin_ws8/devel/share/rslidar_msgs/cmake/rslidar_msgsConfig-version.cmake
Symlinking /home/katomaran-ros/catkin_ws8/devel/share/rslidar_msgs/cmake/rslidar_msgsConfig.cmake
Symlinking /home/katomaran-ros/catkin_ws8/devel/share/rslidar_msgs/cmake/rslidar_msgs-msg-paths.cmake
Symlinking /home/katomaran-ros/catkin_ws8/devel/share/roseus/ros/rslidar_msgs/manifest.l
Symlinking /home/katomaran-ros/catkin_ws8/devel/share/roseus/ros/rslidar_msgs/msg/rslidarScan.l
Symlinking /home/katomaran-ros/catkin_ws8/devel/share/roseus/ros/rslidar_msgs/msg/rslidarPacket.l
Symlinking /home/katomaran-ros/catkin_ws8/devel/share/gennodejs/ros/rslidar_msgs/_index.js
Symlinking /home/katomaran-ros/catkin_ws8/devel/share/gennodejs/ros/rslidar_msgs/msg/rslidarPacket.js
Symlinking /home/katomaran-ros/catkin_ws8/devel/share/gennodejs/ros/rslidar_msgs/msg/_index.js
Symlinking /home/katomaran-ros/catkin_ws8/devel/share/gennodejs/ros/rslidar_msgs/msg/rslidarScan.js
Symlinking /home/katomaran-ros/catkin_ws8/devel/share/common-lisp/ros/rslidar_msgs/msg/_package.lisp
Symlinking /home/katomaran-ros/catkin_ws8/devel/share/common-lisp/ros/rslidar_msgs/msg/rslidarPacket.lisp
Symlinking /home/katomaran-ros/catkin_ws8/devel/share/common-lisp/ros/rslidar_msgs/msg/_package_rslidarScan.lisp
Symlinking /home/katomaran-ros/catkin_ws8/devel/share/common-lisp/ros/rslidar_msgs/msg/_package_rslidarPacket.lisp
Symlinking /home/katomaran-ros/catkin_ws8/devel/share/common-lisp/ros/rslidar_msgs/msg/rslidarScan.lisp
Symlinking /home/katomaran-ros/catkin_ws8/devel/share/common-lisp/ros/rslidar_msgs/msg/rslidar_msgs-msg.asd
Symlinking /home/katomaran-ros/catkin_ws8/devel/lib/pkgconfig/rslidar_msgs.pc
Symlinking /home/katomaran-ros/catkin_ws8/devel/lib/python2.7/dist-packages/rslidar_msgs/__init__.py
Symlinking /home/katomaran-ros/catkin_ws8/devel/lib/python2.7/dist-packages/rslidar_msgs/msg/__init__.py
Symlinking /home/katomaran-ros/catkin_ws8/devel/lib/python2.7/dist-packages/rslidar_msgs/msg/_rslidarPacket.py
Symlinking /home/katomaran-ros/catkin_ws8/devel/lib/python2.7/dist-packages/rslidar_msgs/msg/_rslidarScan.py
Symlinking /home/katomaran-ros/catkin_ws8/devel/include/rslidar_msgs/rslidarPacket.h
Symlinking /home/katomaran-ros/catkin_ws8/devel/include/rslidar_msgs/rslidarScan.h
