[35m[1mScanning dependencies of target _rslidar_msgs_generate_messages_check_deps_rslidarPacket[0m
[  0%] Built target _rslidar_msgs_generate_messages_check_deps_rslidarPacket
[35m[1mScanning dependencies of target _rslidar_msgs_generate_messages_check_deps_rslidarScan[0m
[  0%] Built target _rslidar_msgs_generate_messages_check_deps_rslidarScan
[35m[1mScanning dependencies of target std_msgs_generate_messages_eus[0m
[  0%] Built target std_msgs_generate_messages_eus
[35m[1mScanning dependencies of target std_msgs_generate_messages_py[0m
[  0%] Built target std_msgs_generate_messages_py
[35m[1mScanning dependencies of target std_msgs_generate_messages_lisp[0m
[  0%] Built target std_msgs_generate_messages_lisp
[35m[1mScanning dependencies of target std_msgs_generate_messages_nodejs[0m
[  0%] Built target std_msgs_generate_messages_nodejs
[35m[1mScanning dependencies of target std_msgs_generate_messages_cpp[0m
[  0%] Built target std_msgs_generate_messages_cpp
[35m[1mScanning dependencies of target rslidar_msgs_generate_messages_eus[0m
[  8%] [34m[1mGenerating EusLisp code from rslidar_msgs/rslidarScan.msg[0m
[ 16%] [34m[1mGenerating EusLisp code from rslidar_msgs/rslidarPacket.msg[0m
[ 25%] [34m[1mGenerating EusLisp manifest code for rslidar_msgs[0m
[ 25%] Built target rslidar_msgs_generate_messages_eus
[35m[1mScanning dependencies of target rslidar_msgs_generate_messages_py[0m
[ 33%] [34m[1mGenerating Python from MSG rslidar_msgs/rslidarScan[0m
[ 41%] [34m[1mGenerating Python from MSG rslidar_msgs/rslidarPacket[0m
[ 50%] [34m[1mGenerating Python msg __init__.py for rslidar_msgs[0m
[ 50%] Built target rslidar_msgs_generate_messages_py
[35m[1mScanning dependencies of target rslidar_msgs_generate_messages_lisp[0m
[ 58%] [34m[1mGenerating Lisp code from rslidar_msgs/rslidarScan.msg[0m
[ 66%] [34m[1mGenerating Lisp code from rslidar_msgs/rslidarPacket.msg[0m
[ 66%] Built target rslidar_msgs_generate_messages_lisp
[35m[1mScanning dependencies of target rslidar_msgs_generate_messages_nodejs[0m
[ 75%] [34m[1mGenerating Javascript code from rslidar_msgs/rslidarScan.msg[0m
[ 83%] [34m[1mGenerating Javascript code from rslidar_msgs/rslidarPacket.msg[0m
[ 83%] Built target rslidar_msgs_generate_messages_nodejs
[35m[1mScanning dependencies of target rslidar_msgs_generate_messages_cpp[0m
[ 91%] [34m[1mGenerating C++ code from rslidar_msgs/rslidarScan.msg[0m
[100%] [34m[1mGenerating C++ code from rslidar_msgs/rslidarPacket.msg[0m
[100%] Built target rslidar_msgs_generate_messages_cpp
[35m[1mScanning dependencies of target rslidar_msgs_generate_messages[0m
[100%] Built target rslidar_msgs_generate_messages
