Linked: (/home/katomaran-ros/catkin_ws8/devel/.private/rslidar_msgs/share/rslidar_msgs/cmake/rslidar_msgs-msg-extras.cmake, /home/katomaran-ros/catkin_ws8/devel/share/rslidar_msgs/cmake/rslidar_msgs-msg-extras.cmake)
Linked: (/home/katomaran-ros/catkin_ws8/devel/.private/rslidar_msgs/share/rslidar_msgs/cmake/rslidar_msgsConfig-version.cmake, /home/katomaran-ros/catkin_ws8/devel/share/rslidar_msgs/cmake/rslidar_msgsConfig-version.cmake)
Linked: (/home/katomaran-ros/catkin_ws8/devel/.private/rslidar_msgs/share/rslidar_msgs/cmake/rslidar_msgsConfig.cmake, /home/katomaran-ros/catkin_ws8/devel/share/rslidar_msgs/cmake/rslidar_msgsConfig.cmake)
Linked: (/home/katomaran-ros/catkin_ws8/devel/.private/rslidar_msgs/share/rslidar_msgs/cmake/rslidar_msgs-msg-paths.cmake, /home/katomaran-ros/catkin_ws8/devel/share/rslidar_msgs/cmake/rslidar_msgs-msg-paths.cmake)
Linked: (/home/katomaran-ros/catkin_ws8/devel/.private/rslidar_msgs/share/roseus/ros/rslidar_msgs/manifest.l, /home/katomaran-ros/catkin_ws8/devel/share/roseus/ros/rslidar_msgs/manifest.l)
Linked: (/home/katomaran-ros/catkin_ws8/devel/.private/rslidar_msgs/share/roseus/ros/rslidar_msgs/msg/rslidarScan.l, /home/katomaran-ros/catkin_ws8/devel/share/roseus/ros/rslidar_msgs/msg/rslidarScan.l)
Linked: (/home/katomaran-ros/catkin_ws8/devel/.private/rslidar_msgs/share/roseus/ros/rslidar_msgs/msg/rslidarPacket.l, /home/katomaran-ros/catkin_ws8/devel/share/roseus/ros/rslidar_msgs/msg/rslidarPacket.l)
Linked: (/home/katomaran-ros/catkin_ws8/devel/.private/rslidar_msgs/share/gennodejs/ros/rslidar_msgs/_index.js, /home/katomaran-ros/catkin_ws8/devel/share/gennodejs/ros/rslidar_msgs/_index.js)
Linked: (/home/katomaran-ros/catkin_ws8/devel/.private/rslidar_msgs/share/gennodejs/ros/rslidar_msgs/msg/rslidarPacket.js, /home/katomaran-ros/catkin_ws8/devel/share/gennodejs/ros/rslidar_msgs/msg/rslidarPacket.js)
Linked: (/home/katomaran-ros/catkin_ws8/devel/.private/rslidar_msgs/share/gennodejs/ros/rslidar_msgs/msg/_index.js, /home/katomaran-ros/catkin_ws8/devel/share/gennodejs/ros/rslidar_msgs/msg/_index.js)
Linked: (/home/katomaran-ros/catkin_ws8/devel/.private/rslidar_msgs/share/gennodejs/ros/rslidar_msgs/msg/rslidarScan.js, /home/katomaran-ros/catkin_ws8/devel/share/gennodejs/ros/rslidar_msgs/msg/rslidarScan.js)
Linked: (/home/katomaran-ros/catkin_ws8/devel/.private/rslidar_msgs/share/common-lisp/ros/rslidar_msgs/msg/_package.lisp, /home/katomaran-ros/catkin_ws8/devel/share/common-lisp/ros/rslidar_msgs/msg/_package.lisp)
Linked: (/home/katomaran-ros/catkin_ws8/devel/.private/rslidar_msgs/share/common-lisp/ros/rslidar_msgs/msg/rslidarPacket.lisp, /home/katomaran-ros/catkin_ws8/devel/share/common-lisp/ros/rslidar_msgs/msg/rslidarPacket.lisp)
Linked: (/home/katomaran-ros/catkin_ws8/devel/.private/rslidar_msgs/share/common-lisp/ros/rslidar_msgs/msg/_package_rslidarScan.lisp, /home/katomaran-ros/catkin_ws8/devel/share/common-lisp/ros/rslidar_msgs/msg/_package_rslidarScan.lisp)
Linked: (/home/katomaran-ros/catkin_ws8/devel/.private/rslidar_msgs/share/common-lisp/ros/rslidar_msgs/msg/_package_rslidarPacket.lisp, /home/katomaran-ros/catkin_ws8/devel/share/common-lisp/ros/rslidar_msgs/msg/_package_rslidarPacket.lisp)
Linked: (/home/katomaran-ros/catkin_ws8/devel/.private/rslidar_msgs/share/common-lisp/ros/rslidar_msgs/msg/rslidarScan.lisp, /home/katomaran-ros/catkin_ws8/devel/share/common-lisp/ros/rslidar_msgs/msg/rslidarScan.lisp)
Linked: (/home/katomaran-ros/catkin_ws8/devel/.private/rslidar_msgs/share/common-lisp/ros/rslidar_msgs/msg/rslidar_msgs-msg.asd, /home/katomaran-ros/catkin_ws8/devel/share/common-lisp/ros/rslidar_msgs/msg/rslidar_msgs-msg.asd)
Linked: (/home/katomaran-ros/catkin_ws8/devel/.private/rslidar_msgs/lib/pkgconfig/rslidar_msgs.pc, /home/katomaran-ros/catkin_ws8/devel/lib/pkgconfig/rslidar_msgs.pc)
Linked: (/home/katomaran-ros/catkin_ws8/devel/.private/rslidar_msgs/lib/python2.7/dist-packages/rslidar_msgs/__init__.py, /home/katomaran-ros/catkin_ws8/devel/lib/python2.7/dist-packages/rslidar_msgs/__init__.py)
Linked: (/home/katomaran-ros/catkin_ws8/devel/.private/rslidar_msgs/lib/python2.7/dist-packages/rslidar_msgs/msg/__init__.py, /home/katomaran-ros/catkin_ws8/devel/lib/python2.7/dist-packages/rslidar_msgs/msg/__init__.py)
Linked: (/home/katomaran-ros/catkin_ws8/devel/.private/rslidar_msgs/lib/python2.7/dist-packages/rslidar_msgs/msg/_rslidarPacket.py, /home/katomaran-ros/catkin_ws8/devel/lib/python2.7/dist-packages/rslidar_msgs/msg/_rslidarPacket.py)
Linked: (/home/katomaran-ros/catkin_ws8/devel/.private/rslidar_msgs/lib/python2.7/dist-packages/rslidar_msgs/msg/_rslidarScan.py, /home/katomaran-ros/catkin_ws8/devel/lib/python2.7/dist-packages/rslidar_msgs/msg/_rslidarScan.py)
Linked: (/home/katomaran-ros/catkin_ws8/devel/.private/rslidar_msgs/include/rslidar_msgs/rslidarPacket.h, /home/katomaran-ros/catkin_ws8/devel/include/rslidar_msgs/rslidarPacket.h)
Linked: (/home/katomaran-ros/catkin_ws8/devel/.private/rslidar_msgs/include/rslidar_msgs/rslidarScan.h, /home/katomaran-ros/catkin_ws8/devel/include/rslidar_msgs/rslidarScan.h)
