Symlinking /home/katomaran-ros/catkin_ws8/devel/share/path_planner/cmake/path_planner-msg-paths.cmake
Symlinking /home/katomaran-ros/catkin_ws8/devel/share/path_planner/cmake/path_plannerConfig-version.cmake
Symlinking /home/katomaran-ros/catkin_ws8/devel/share/path_planner/cmake/path_plannerConfig.cmake
Symlinking /home/katomaran-ros/catkin_ws8/devel/share/path_planner/cmake/path_planner-msg-extras.cmake
Symlinking /home/katomaran-ros/catkin_ws8/devel/share/roseus/ros/path_planner/manifest.l
Symlinking /home/katomaran-ros/catkin_ws8/devel/share/roseus/ros/path_planner/srv/Goal.l
Symlinking /home/katomaran-ros/catkin_ws8/devel/share/roseus/ros/path_planner/srv/Graph.l
Symlinking /home/katomaran-ros/catkin_ws8/devel/share/roseus/ros/path_planner/srv/Manager.l
Symlinking /home/katomaran-ros/catkin_ws8/devel/share/roseus/ros/path_planner/srv/PathFinder.l
Symlinking /home/katomaran-ros/catkin_ws8/devel/share/gennodejs/ros/path_planner/_index.js
Symlinking /home/katomaran-ros/catkin_ws8/devel/share/gennodejs/ros/path_planner/srv/Graph.js
Symlinking /home/katomaran-ros/catkin_ws8/devel/share/gennodejs/ros/path_planner/srv/_index.js
Symlinking /home/katomaran-ros/catkin_ws8/devel/share/gennodejs/ros/path_planner/srv/Goal.js
Symlinking /home/katomaran-ros/catkin_ws8/devel/share/gennodejs/ros/path_planner/srv/PathFinder.js
Symlinking /home/katomaran-ros/catkin_ws8/devel/share/gennodejs/ros/path_planner/srv/Manager.js
Symlinking /home/katomaran-ros/catkin_ws8/devel/share/common-lisp/ros/path_planner/srv/_package_Graph.lisp
Symlinking /home/katomaran-ros/catkin_ws8/devel/share/common-lisp/ros/path_planner/srv/_package.lisp
Symlinking /home/katomaran-ros/catkin_ws8/devel/share/common-lisp/ros/path_planner/srv/path_planner-srv.asd
Symlinking /home/katomaran-ros/catkin_ws8/devel/share/common-lisp/ros/path_planner/srv/Manager.lisp
Symlinking /home/katomaran-ros/catkin_ws8/devel/share/common-lisp/ros/path_planner/srv/Graph.lisp
Symlinking /home/katomaran-ros/catkin_ws8/devel/share/common-lisp/ros/path_planner/srv/_package_Goal.lisp
Symlinking /home/katomaran-ros/catkin_ws8/devel/share/common-lisp/ros/path_planner/srv/_package_Manager.lisp
Symlinking /home/katomaran-ros/catkin_ws8/devel/share/common-lisp/ros/path_planner/srv/_package_PathFinder.lisp
Symlinking /home/katomaran-ros/catkin_ws8/devel/share/common-lisp/ros/path_planner/srv/Goal.lisp
Symlinking /home/katomaran-ros/catkin_ws8/devel/share/common-lisp/ros/path_planner/srv/PathFinder.lisp
Symlinking /home/katomaran-ros/catkin_ws8/devel/lib/libpath_planner_lib.so
Symlinking /home/katomaran-ros/catkin_ws8/devel/lib/pkgconfig/path_planner.pc
Symlinking /home/katomaran-ros/catkin_ws8/devel/lib/python2.7/dist-packages/path_planner/__init__.py
Symlinking /home/katomaran-ros/catkin_ws8/devel/lib/python2.7/dist-packages/path_planner/srv/__init__.py
Symlinking /home/katomaran-ros/catkin_ws8/devel/lib/python2.7/dist-packages/path_planner/srv/_PathFinder.py
Symlinking /home/katomaran-ros/catkin_ws8/devel/lib/python2.7/dist-packages/path_planner/srv/_Goal.py
Symlinking /home/katomaran-ros/catkin_ws8/devel/lib/python2.7/dist-packages/path_planner/srv/_Manager.py
Symlinking /home/katomaran-ros/catkin_ws8/devel/lib/python2.7/dist-packages/path_planner/srv/_Graph.py
Symlinking /home/katomaran-ros/catkin_ws8/devel/include/path_planner/GoalRequest.h
Symlinking /home/katomaran-ros/catkin_ws8/devel/include/path_planner/PathFinderRequest.h
Symlinking /home/katomaran-ros/catkin_ws8/devel/include/path_planner/Manager.h
Symlinking /home/katomaran-ros/catkin_ws8/devel/include/path_planner/Goal.h
Symlinking /home/katomaran-ros/catkin_ws8/devel/include/path_planner/PathFinderResponse.h
Symlinking /home/katomaran-ros/catkin_ws8/devel/include/path_planner/GraphResponse.h
Symlinking /home/katomaran-ros/catkin_ws8/devel/include/path_planner/ManagerResponse.h
Symlinking /home/katomaran-ros/catkin_ws8/devel/include/path_planner/PathFinder.h
Symlinking /home/katomaran-ros/catkin_ws8/devel/include/path_planner/Graph.h
Symlinking /home/katomaran-ros/catkin_ws8/devel/include/path_planner/GoalResponse.h
Symlinking /home/katomaran-ros/catkin_ws8/devel/include/path_planner/GraphRequest.h
Symlinking /home/katomaran-ros/catkin_ws8/devel/include/path_planner/ManagerRequest.h
