Linked: (/home/katomaran-ros/catkin_ws8/devel/.private/path_planner/share/path_planner/cmake/path_planner-msg-paths.cmake, /home/katomaran-ros/catkin_ws8/devel/share/path_planner/cmake/path_planner-msg-paths.cmake)
Linked: (/home/katomaran-ros/catkin_ws8/devel/.private/path_planner/share/path_planner/cmake/path_plannerConfig-version.cmake, /home/katomaran-ros/catkin_ws8/devel/share/path_planner/cmake/path_plannerConfig-version.cmake)
Linked: (/home/katomaran-ros/catkin_ws8/devel/.private/path_planner/share/path_planner/cmake/path_plannerConfig.cmake, /home/katomaran-ros/catkin_ws8/devel/share/path_planner/cmake/path_plannerConfig.cmake)
Linked: (/home/katomaran-ros/catkin_ws8/devel/.private/path_planner/share/path_planner/cmake/path_planner-msg-extras.cmake, /home/katomaran-ros/catkin_ws8/devel/share/path_planner/cmake/path_planner-msg-extras.cmake)
Linked: (/home/katomaran-ros/catkin_ws8/devel/.private/path_planner/share/roseus/ros/path_planner/manifest.l, /home/katomaran-ros/catkin_ws8/devel/share/roseus/ros/path_planner/manifest.l)
Linked: (/home/katomaran-ros/catkin_ws8/devel/.private/path_planner/share/roseus/ros/path_planner/srv/Goal.l, /home/katomaran-ros/catkin_ws8/devel/share/roseus/ros/path_planner/srv/Goal.l)
Linked: (/home/katomaran-ros/catkin_ws8/devel/.private/path_planner/share/roseus/ros/path_planner/srv/Graph.l, /home/katomaran-ros/catkin_ws8/devel/share/roseus/ros/path_planner/srv/Graph.l)
Linked: (/home/katomaran-ros/catkin_ws8/devel/.private/path_planner/share/roseus/ros/path_planner/srv/Manager.l, /home/katomaran-ros/catkin_ws8/devel/share/roseus/ros/path_planner/srv/Manager.l)
Linked: (/home/katomaran-ros/catkin_ws8/devel/.private/path_planner/share/roseus/ros/path_planner/srv/PathFinder.l, /home/katomaran-ros/catkin_ws8/devel/share/roseus/ros/path_planner/srv/PathFinder.l)
Linked: (/home/katomaran-ros/catkin_ws8/devel/.private/path_planner/share/gennodejs/ros/path_planner/_index.js, /home/katomaran-ros/catkin_ws8/devel/share/gennodejs/ros/path_planner/_index.js)
Linked: (/home/katomaran-ros/catkin_ws8/devel/.private/path_planner/share/gennodejs/ros/path_planner/srv/Graph.js, /home/katomaran-ros/catkin_ws8/devel/share/gennodejs/ros/path_planner/srv/Graph.js)
Linked: (/home/katomaran-ros/catkin_ws8/devel/.private/path_planner/share/gennodejs/ros/path_planner/srv/_index.js, /home/katomaran-ros/catkin_ws8/devel/share/gennodejs/ros/path_planner/srv/_index.js)
Linked: (/home/katomaran-ros/catkin_ws8/devel/.private/path_planner/share/gennodejs/ros/path_planner/srv/Goal.js, /home/katomaran-ros/catkin_ws8/devel/share/gennodejs/ros/path_planner/srv/Goal.js)
Linked: (/home/katomaran-ros/catkin_ws8/devel/.private/path_planner/share/gennodejs/ros/path_planner/srv/PathFinder.js, /home/katomaran-ros/catkin_ws8/devel/share/gennodejs/ros/path_planner/srv/PathFinder.js)
Linked: (/home/katomaran-ros/catkin_ws8/devel/.private/path_planner/share/gennodejs/ros/path_planner/srv/Manager.js, /home/katomaran-ros/catkin_ws8/devel/share/gennodejs/ros/path_planner/srv/Manager.js)
Linked: (/home/katomaran-ros/catkin_ws8/devel/.private/path_planner/share/common-lisp/ros/path_planner/srv/_package_Graph.lisp, /home/katomaran-ros/catkin_ws8/devel/share/common-lisp/ros/path_planner/srv/_package_Graph.lisp)
Linked: (/home/katomaran-ros/catkin_ws8/devel/.private/path_planner/share/common-lisp/ros/path_planner/srv/_package.lisp, /home/katomaran-ros/catkin_ws8/devel/share/common-lisp/ros/path_planner/srv/_package.lisp)
Linked: (/home/katomaran-ros/catkin_ws8/devel/.private/path_planner/share/common-lisp/ros/path_planner/srv/path_planner-srv.asd, /home/katomaran-ros/catkin_ws8/devel/share/common-lisp/ros/path_planner/srv/path_planner-srv.asd)
Linked: (/home/katomaran-ros/catkin_ws8/devel/.private/path_planner/share/common-lisp/ros/path_planner/srv/Manager.lisp, /home/katomaran-ros/catkin_ws8/devel/share/common-lisp/ros/path_planner/srv/Manager.lisp)
Linked: (/home/katomaran-ros/catkin_ws8/devel/.private/path_planner/share/common-lisp/ros/path_planner/srv/Graph.lisp, /home/katomaran-ros/catkin_ws8/devel/share/common-lisp/ros/path_planner/srv/Graph.lisp)
Linked: (/home/katomaran-ros/catkin_ws8/devel/.private/path_planner/share/common-lisp/ros/path_planner/srv/_package_Goal.lisp, /home/katomaran-ros/catkin_ws8/devel/share/common-lisp/ros/path_planner/srv/_package_Goal.lisp)
Linked: (/home/katomaran-ros/catkin_ws8/devel/.private/path_planner/share/common-lisp/ros/path_planner/srv/_package_Manager.lisp, /home/katomaran-ros/catkin_ws8/devel/share/common-lisp/ros/path_planner/srv/_package_Manager.lisp)
Linked: (/home/katomaran-ros/catkin_ws8/devel/.private/path_planner/share/common-lisp/ros/path_planner/srv/_package_PathFinder.lisp, /home/katomaran-ros/catkin_ws8/devel/share/common-lisp/ros/path_planner/srv/_package_PathFinder.lisp)
Linked: (/home/katomaran-ros/catkin_ws8/devel/.private/path_planner/share/common-lisp/ros/path_planner/srv/Goal.lisp, /home/katomaran-ros/catkin_ws8/devel/share/common-lisp/ros/path_planner/srv/Goal.lisp)
Linked: (/home/katomaran-ros/catkin_ws8/devel/.private/path_planner/share/common-lisp/ros/path_planner/srv/PathFinder.lisp, /home/katomaran-ros/catkin_ws8/devel/share/common-lisp/ros/path_planner/srv/PathFinder.lisp)
Linked: (/home/katomaran-ros/catkin_ws8/devel/.private/path_planner/lib/libpath_planner_lib.so, /home/katomaran-ros/catkin_ws8/devel/lib/libpath_planner_lib.so)
Linked: (/home/katomaran-ros/catkin_ws8/devel/.private/path_planner/lib/pkgconfig/path_planner.pc, /home/katomaran-ros/catkin_ws8/devel/lib/pkgconfig/path_planner.pc)
Linked: (/home/katomaran-ros/catkin_ws8/devel/.private/path_planner/lib/python2.7/dist-packages/path_planner/__init__.py, /home/katomaran-ros/catkin_ws8/devel/lib/python2.7/dist-packages/path_planner/__init__.py)
Linked: (/home/katomaran-ros/catkin_ws8/devel/.private/path_planner/lib/python2.7/dist-packages/path_planner/srv/__init__.py, /home/katomaran-ros/catkin_ws8/devel/lib/python2.7/dist-packages/path_planner/srv/__init__.py)
Linked: (/home/katomaran-ros/catkin_ws8/devel/.private/path_planner/lib/python2.7/dist-packages/path_planner/srv/_PathFinder.py, /home/katomaran-ros/catkin_ws8/devel/lib/python2.7/dist-packages/path_planner/srv/_PathFinder.py)
Linked: (/home/katomaran-ros/catkin_ws8/devel/.private/path_planner/lib/python2.7/dist-packages/path_planner/srv/_Goal.py, /home/katomaran-ros/catkin_ws8/devel/lib/python2.7/dist-packages/path_planner/srv/_Goal.py)
Linked: (/home/katomaran-ros/catkin_ws8/devel/.private/path_planner/lib/python2.7/dist-packages/path_planner/srv/_Manager.py, /home/katomaran-ros/catkin_ws8/devel/lib/python2.7/dist-packages/path_planner/srv/_Manager.py)
Linked: (/home/katomaran-ros/catkin_ws8/devel/.private/path_planner/lib/python2.7/dist-packages/path_planner/srv/_Graph.py, /home/katomaran-ros/catkin_ws8/devel/lib/python2.7/dist-packages/path_planner/srv/_Graph.py)
Linked: (/home/katomaran-ros/catkin_ws8/devel/.private/path_planner/include/path_planner/GoalRequest.h, /home/katomaran-ros/catkin_ws8/devel/include/path_planner/GoalRequest.h)
Linked: (/home/katomaran-ros/catkin_ws8/devel/.private/path_planner/include/path_planner/PathFinderRequest.h, /home/katomaran-ros/catkin_ws8/devel/include/path_planner/PathFinderRequest.h)
Linked: (/home/katomaran-ros/catkin_ws8/devel/.private/path_planner/include/path_planner/Manager.h, /home/katomaran-ros/catkin_ws8/devel/include/path_planner/Manager.h)
Linked: (/home/katomaran-ros/catkin_ws8/devel/.private/path_planner/include/path_planner/Goal.h, /home/katomaran-ros/catkin_ws8/devel/include/path_planner/Goal.h)
Linked: (/home/katomaran-ros/catkin_ws8/devel/.private/path_planner/include/path_planner/PathFinderResponse.h, /home/katomaran-ros/catkin_ws8/devel/include/path_planner/PathFinderResponse.h)
Linked: (/home/katomaran-ros/catkin_ws8/devel/.private/path_planner/include/path_planner/GraphResponse.h, /home/katomaran-ros/catkin_ws8/devel/include/path_planner/GraphResponse.h)
Linked: (/home/katomaran-ros/catkin_ws8/devel/.private/path_planner/include/path_planner/ManagerResponse.h, /home/katomaran-ros/catkin_ws8/devel/include/path_planner/ManagerResponse.h)
Linked: (/home/katomaran-ros/catkin_ws8/devel/.private/path_planner/include/path_planner/PathFinder.h, /home/katomaran-ros/catkin_ws8/devel/include/path_planner/PathFinder.h)
Linked: (/home/katomaran-ros/catkin_ws8/devel/.private/path_planner/include/path_planner/Graph.h, /home/katomaran-ros/catkin_ws8/devel/include/path_planner/Graph.h)
Linked: (/home/katomaran-ros/catkin_ws8/devel/.private/path_planner/include/path_planner/GoalResponse.h, /home/katomaran-ros/catkin_ws8/devel/include/path_planner/GoalResponse.h)
Linked: (/home/katomaran-ros/catkin_ws8/devel/.private/path_planner/include/path_planner/GraphRequest.h, /home/katomaran-ros/catkin_ws8/devel/include/path_planner/GraphRequest.h)
Linked: (/home/katomaran-ros/catkin_ws8/devel/.private/path_planner/include/path_planner/ManagerRequest.h, /home/katomaran-ros/catkin_ws8/devel/include/path_planner/ManagerRequest.h)
