[35m[1mScanning dependencies of target std_msgs_generate_messages_cpp[0m
[  0%] Built target std_msgs_generate_messages_cpp
[35m[1mScanning dependencies of target _path_planner_generate_messages_check_deps_Graph[0m
[  0%] Built target _path_planner_generate_messages_check_deps_Graph
[35m[1mScanning dependencies of target _path_planner_generate_messages_check_deps_Goal[0m
[  0%] Built target _path_planner_generate_messages_check_deps_Goal
[35m[1mScanning dependencies of target _path_planner_generate_messages_check_deps_Manager[0m
[  0%] Built target _path_planner_generate_messages_check_deps_Manager
[35m[1mScanning dependencies of target _path_planner_generate_messages_check_deps_PathFinder[0m
[  0%] Built target _path_planner_generate_messages_check_deps_PathFinder
[35m[1mScanning dependencies of target roadmap_global_planner_msgs_generate_messages_cpp[0m
[  0%] Built target roadmap_global_planner_msgs_generate_messages_cpp
[35m[1mScanning dependencies of target geometry_msgs_generate_messages_cpp[0m
[  0%] Built target geometry_msgs_generate_messages_cpp
[35m[1mScanning dependencies of target roadmap_global_planner_msgs_generate_messages_py[0m
[  0%] Built target roadmap_global_planner_msgs_generate_messages_py
[35m[1mScanning dependencies of target std_msgs_generate_messages_py[0m
[  0%] Built target std_msgs_generate_messages_py
[35m[1mScanning dependencies of target geometry_msgs_generate_messages_py[0m
[  0%] Built target geometry_msgs_generate_messages_py
[35m[1mScanning dependencies of target geometry_msgs_generate_messages_lisp[0m
[  0%] Built target geometry_msgs_generate_messages_lisp
[35m[1mScanning dependencies of target roadmap_global_planner_msgs_generate_messages_lisp[0m
[  0%] Built target roadmap_global_planner_msgs_generate_messages_lisp
[35m[1mScanning dependencies of target std_msgs_generate_messages_lisp[0m
[  0%] Built target std_msgs_generate_messages_lisp
[35m[1mScanning dependencies of target std_msgs_generate_messages_eus[0m
[  0%] Built target std_msgs_generate_messages_eus
[35m[1mScanning dependencies of target roadmap_global_planner_msgs_generate_messages_eus[0m
[  0%] Built target roadmap_global_planner_msgs_generate_messages_eus
[35m[1mScanning dependencies of target geometry_msgs_generate_messages_eus[0m
[  0%] Built target geometry_msgs_generate_messages_eus
[35m[1mScanning dependencies of target geometry_msgs_generate_messages_nodejs[0m
[  0%] Built target geometry_msgs_generate_messages_nodejs
[35m[1mScanning dependencies of target std_msgs_generate_messages_nodejs[0m
[  0%] Built target std_msgs_generate_messages_nodejs
[35m[1mScanning dependencies of target roadmap_global_planner_msgs_generate_messages_nodejs[0m
[  0%] Built target roadmap_global_planner_msgs_generate_messages_nodejs
[35m[1mScanning dependencies of target path_planner_lib[0m
[  4%] [32mBuilding CXX object CMakeFiles/path_planner_lib.dir/src/path_planner.cpp.o[0m
[  8%] [32mBuilding CXX object CMakeFiles/path_planner_lib.dir/src/orientation_filler.cpp.o[0m
In file included from [01m[K/home/katomaran-ros/catkin_ws8/src/path_planner/src/path_planner.cpp:2:0[m[K:
[01m[K/home/katomaran-ros/catkin_ws8/src/path_planner/include/path_planner.h:19:33:[m[K [01;31m[Kfatal error: [m[Kpath_planner/Graph.h: No such file or directory
compilation terminated.
CMakeFiles/path_planner_lib.dir/build.make:62: recipe for target 'CMakeFiles/path_planner_lib.dir/src/path_planner.cpp.o' failed
make[2]: *** [CMakeFiles/path_planner_lib.dir/src/path_planner.cpp.o] Error 1
make[2]: *** Waiting for unfinished jobs....
CMakeFiles/Makefile2:894: recipe for target 'CMakeFiles/path_planner_lib.dir/all' failed
make[1]: *** [CMakeFiles/path_planner_lib.dir/all] Error 2
Makefile:138: recipe for target 'all' failed
make: *** [all] Error 2
