[  0%] Built target std_msgs_generate_messages_cpp
[  0%] Built target _path_planner_generate_messages_check_deps_Goal
[  0%] Built target _path_planner_generate_messages_check_deps_Graph
[  0%] Built target _path_planner_generate_messages_check_deps_Manager
[  0%] Built target geometry_msgs_generate_messages_cpp
[  0%] Built target roadmap_global_planner_msgs_generate_messages_cpp
[  0%] Built target _path_planner_generate_messages_check_deps_PathFinder
[  0%] Built target roadmap_global_planner_msgs_generate_messages_py
[  0%] Built target geometry_msgs_generate_messages_py
[  0%] Built target std_msgs_generate_messages_py
[  0%] Built target geometry_msgs_generate_messages_lisp
[  0%] Built target roadmap_global_planner_msgs_generate_messages_lisp
[  0%] Built target std_msgs_generate_messages_eus
[  0%] Built target std_msgs_generate_messages_lisp
[  0%] Built target roadmap_global_planner_msgs_generate_messages_eus
[  0%] Built target geometry_msgs_generate_messages_eus
[  0%] Built target geometry_msgs_generate_messages_nodejs
[  0%] Built target roadmap_global_planner_msgs_generate_messages_nodejs
[  0%] Built target std_msgs_generate_messages_nodejs
[35m[1mScanning dependencies of target path_planner_generate_messages_cpp[0m
[35m[1mScanning dependencies of target path_planner_generate_messages_lisp[0m
[35m[1mScanning dependencies of target path_planner_generate_messages_py[0m
[  8%] [32mBuilding CXX object CMakeFiles/path_planner_lib.dir/src/path_planner.cpp.o[0m
[  8%] [34m[1mGenerating C++ code from path_planner/PathFinder.srv[0m
[ 16%] [34m[1mGenerating Lisp code from path_planner/PathFinder.srv[0m
[ 16%] [34m[1mGenerating Python code from SRV path_planner/PathFinder[0m
[ 20%] [34m[1mGenerating Python code from SRV path_planner/Manager[0m
[ 24%] [34m[1mGenerating Lisp code from path_planner/Manager.srv[0m
[ 28%] [34m[1mGenerating Lisp code from path_planner/Goal.srv[0m
[ 32%] [34m[1mGenerating Python code from SRV path_planner/Goal[0m
[ 36%] [34m[1mGenerating Python code from SRV path_planner/Graph[0m
[ 40%] [34m[1mGenerating Lisp code from path_planner/Graph.srv[0m
[ 44%] [34m[1mGenerating Python srv __init__.py for path_planner[0m
[ 44%] Built target path_planner_generate_messages_lisp
[35m[1mScanning dependencies of target path_planner_generate_messages_eus[0m
[ 48%] [34m[1mGenerating EusLisp code from path_planner/PathFinder.srv[0m
[ 48%] Built target path_planner_generate_messages_py
[35m[1mScanning dependencies of target path_planner_generate_messages_nodejs[0m
[ 52%] [34m[1mGenerating Javascript code from path_planner/PathFinder.srv[0m
[ 56%] [34m[1mGenerating C++ code from path_planner/Manager.srv[0m
[ 60%] [34m[1mGenerating EusLisp code from path_planner/Manager.srv[0m
[ 64%] [34m[1mGenerating Javascript code from path_planner/Manager.srv[0m
[ 68%] [34m[1mGenerating Javascript code from path_planner/Goal.srv[0m
[ 72%] [34m[1mGenerating EusLisp code from path_planner/Goal.srv[0m
[ 76%] [34m[1mGenerating Javascript code from path_planner/Graph.srv[0m
[ 80%] [34m[1mGenerating EusLisp code from path_planner/Graph.srv[0m
[ 80%] Built target path_planner_generate_messages_nodejs
[ 84%] [34m[1mGenerating EusLisp manifest code for path_planner[0m
[ 88%] [34m[1mGenerating C++ code from path_planner/Goal.srv[0m
[ 92%] [34m[1mGenerating C++ code from path_planner/Graph.srv[0m
[ 92%] Built target path_planner_generate_messages_cpp
[ 92%] Built target path_planner_generate_messages_eus
[35m[1mScanning dependencies of target path_planner_generate_messages[0m
[ 92%] Built target path_planner_generate_messages
[ 96%] [32m[1mLinking CXX shared library /home/katomaran-ros/catkin_ws8/devel/.private/path_planner/lib/libpath_planner_lib.so[0m
[100%] Built target path_planner_lib
