[  0%] Built target std_msgs_generate_messages_cpp
[  0%] Built target _path_planner_generate_messages_check_deps_Graph
[  0%] Built target _path_planner_generate_messages_check_deps_Goal
[  0%] Built target _path_planner_generate_messages_check_deps_Manager
[  0%] Built target roadmap_global_planner_msgs_generate_messages_cpp
[  0%] Built target geometry_msgs_generate_messages_cpp
[  0%] Built target _path_planner_generate_messages_check_deps_PathFinder
[  0%] Built target roadmap_global_planner_msgs_generate_messages_py
[  0%] Built target std_msgs_generate_messages_py
[  0%] Built target geometry_msgs_generate_messages_py
[  0%] Built target geometry_msgs_generate_messages_lisp
[  0%] Built target roadmap_global_planner_msgs_generate_messages_lisp
[  0%] Built target std_msgs_generate_messages_lisp
[  0%] Built target std_msgs_generate_messages_eus
[  0%] Built target roadmap_global_planner_msgs_generate_messages_eus
[  0%] Built target geometry_msgs_generate_messages_eus
[  0%] Built target geometry_msgs_generate_messages_nodejs
[  0%] Built target std_msgs_generate_messages_nodejs
[  0%] Built target roadmap_global_planner_msgs_generate_messages_nodejs
[ 12%] Built target path_planner_lib
[ 28%] Built target path_planner_generate_messages_cpp
[ 48%] Built target path_planner_generate_messages_py
[ 64%] Built target path_planner_generate_messages_lisp
[ 84%] Built target path_planner_generate_messages_eus
[100%] Built target path_planner_generate_messages_nodejs
[100%] Built target path_planner_generate_messages
