Determining if the pthread_create exist failed with the following output:
Change Dir: /home/katomaran-ros/catkin_ws8/build/razor_imu_9dof/CMakeFiles/CMakeTmp

Run Build Command:"/usr/bin/make" "cmTC_0d48b/fast"
/usr/bin/make -f CMakeFiles/cmTC_0d48b.dir/build.make CMakeFiles/cmTC_0d48b.dir/build
make[1]: Entering directory '/home/katomaran-ros/catkin_ws8/build/razor_imu_9dof/CMakeFiles/CMakeTmp'
Building C object CMakeFiles/cmTC_0d48b.dir/CheckSymbolExists.c.o
/usr/bin/cc     -o CMakeFiles/cmTC_0d48b.dir/CheckSymbolExists.c.o   -c /home/katomaran-ros/catkin_ws8/build/razor_imu_9dof/CMakeFiles/CMakeTmp/CheckSymbolExists.c
Linking C executable cmTC_0d48b
/usr/bin/cmake -E cmake_link_script CMakeFiles/cmTC_0d48b.dir/link.txt --verbose=1
/usr/bin/cc       CMakeFiles/cmTC_0d48b.dir/CheckSymbolExists.c.o  -o cmTC_0d48b -rdynamic 
CMakeFiles/cmTC_0d48b.dir/CheckSymbolExists.c.o: In function `main':
CheckSymbolExists.c:(.text+0x16): undefined reference to `pthread_create'
collect2: error: ld returned 1 exit status
CMakeFiles/cmTC_0d48b.dir/build.make:97: recipe for target 'cmTC_0d48b' failed
make[1]: *** [cmTC_0d48b] Error 1
make[1]: Leaving directory '/home/katomaran-ros/catkin_ws8/build/razor_imu_9dof/CMakeFiles/CMakeTmp'
Makefile:126: recipe for target 'cmTC_0d48b/fast' failed
make: *** [cmTC_0d48b/fast] Error 2

File /home/katomaran-ros/catkin_ws8/build/razor_imu_9dof/CMakeFiles/CMakeTmp/CheckSymbolExists.c:
/* */
#include <pthread.h>

int main(int argc, char** argv)
{
  (void)argv;
#ifndef pthread_create
  return ((int*)(&pthread_create))[argc];
#else
  (void)argc;
  return 0;
#endif
}

Determining if the function pthread_create exists in the pthreads failed with the following output:
Change Dir: /home/katomaran-ros/catkin_ws8/build/razor_imu_9dof/CMakeFiles/CMakeTmp

Run Build Command:"/usr/bin/make" "cmTC_1eade/fast"
/usr/bin/make -f CMakeFiles/cmTC_1eade.dir/build.make CMakeFiles/cmTC_1eade.dir/build
make[1]: Entering directory '/home/katomaran-ros/catkin_ws8/build/razor_imu_9dof/CMakeFiles/CMakeTmp'
Building C object CMakeFiles/cmTC_1eade.dir/CheckFunctionExists.c.o
/usr/bin/cc    -DCHECK_FUNCTION_EXISTS=pthread_create   -o CMakeFiles/cmTC_1eade.dir/CheckFunctionExists.c.o   -c /usr/share/cmake-3.5/Modules/CheckFunctionExists.c
Linking C executable cmTC_1eade
/usr/bin/cmake -E cmake_link_script CMakeFiles/cmTC_1eade.dir/link.txt --verbose=1
/usr/bin/cc   -DCHECK_FUNCTION_EXISTS=pthread_create    CMakeFiles/cmTC_1eade.dir/CheckFunctionExists.c.o  -o cmTC_1eade -rdynamic -lpthreads 
/usr/bin/ld: cannot find -lpthreads
collect2: error: ld returned 1 exit status
CMakeFiles/cmTC_1eade.dir/build.make:97: recipe for target 'cmTC_1eade' failed
make[1]: *** [cmTC_1eade] Error 1
make[1]: Leaving directory '/home/katomaran-ros/catkin_ws8/build/razor_imu_9dof/CMakeFiles/CMakeTmp'
Makefile:126: recipe for target 'cmTC_1eade/fast' failed
make: *** [cmTC_1eade/fast] Error 2


