Determining if the pthread_create exist failed with the following output:
Change Dir: /home/katomaran-ros/catkin_ws8/build/rslidar_sync/CMakeFiles/CMakeTmp

Run Build Command:"/usr/bin/make" "cmTC_79125/fast"
/usr/bin/make -f CMakeFiles/cmTC_79125.dir/build.make CMakeFiles/cmTC_79125.dir/build
make[1]: Entering directory '/home/katomaran-ros/catkin_ws8/build/rslidar_sync/CMakeFiles/CMakeTmp'
Building C object CMakeFiles/cmTC_79125.dir/CheckSymbolExists.c.o
/usr/bin/cc     -o CMakeFiles/cmTC_79125.dir/CheckSymbolExists.c.o   -c /home/katomaran-ros/catkin_ws8/build/rslidar_sync/CMakeFiles/CMakeTmp/CheckSymbolExists.c
Linking C executable cmTC_79125
/usr/bin/cmake -E cmake_link_script CMakeFiles/cmTC_79125.dir/link.txt --verbose=1
/usr/bin/cc       CMakeFiles/cmTC_79125.dir/CheckSymbolExists.c.o  -o cmTC_79125 -rdynamic 
CMakeFiles/cmTC_79125.dir/CheckSymbolExists.c.o: In function `main':
CheckSymbolExists.c:(.text+0x16): undefined reference to `pthread_create'
collect2: error: ld returned 1 exit status
CMakeFiles/cmTC_79125.dir/build.make:97: recipe for target 'cmTC_79125' failed
make[1]: *** [cmTC_79125] Error 1
make[1]: Leaving directory '/home/katomaran-ros/catkin_ws8/build/rslidar_sync/CMakeFiles/CMakeTmp'
Makefile:126: recipe for target 'cmTC_79125/fast' failed
make: *** [cmTC_79125/fast] Error 2

File /home/katomaran-ros/catkin_ws8/build/rslidar_sync/CMakeFiles/CMakeTmp/CheckSymbolExists.c:
/* */
#include <pthread.h>

int main(int argc, char** argv)
{
  (void)argv;
#ifndef pthread_create
  return ((int*)(&pthread_create))[argc];
#else
  (void)argc;
  return 0;
#endif
}

Determining if the function pthread_create exists in the pthreads failed with the following output:
Change Dir: /home/katomaran-ros/catkin_ws8/build/rslidar_sync/CMakeFiles/CMakeTmp

Run Build Command:"/usr/bin/make" "cmTC_d79dc/fast"
/usr/bin/make -f CMakeFiles/cmTC_d79dc.dir/build.make CMakeFiles/cmTC_d79dc.dir/build
make[1]: Entering directory '/home/katomaran-ros/catkin_ws8/build/rslidar_sync/CMakeFiles/CMakeTmp'
Building C object CMakeFiles/cmTC_d79dc.dir/CheckFunctionExists.c.o
/usr/bin/cc    -DCHECK_FUNCTION_EXISTS=pthread_create   -o CMakeFiles/cmTC_d79dc.dir/CheckFunctionExists.c.o   -c /usr/share/cmake-3.5/Modules/CheckFunctionExists.c
Linking C executable cmTC_d79dc
/usr/bin/cmake -E cmake_link_script CMakeFiles/cmTC_d79dc.dir/link.txt --verbose=1
/usr/bin/cc   -DCHECK_FUNCTION_EXISTS=pthread_create    CMakeFiles/cmTC_d79dc.dir/CheckFunctionExists.c.o  -o cmTC_d79dc -rdynamic -lpthreads 
/usr/bin/ld: cannot find -lpthreads
collect2: error: ld returned 1 exit status
CMakeFiles/cmTC_d79dc.dir/build.make:97: recipe for target 'cmTC_d79dc' failed
make[1]: *** [cmTC_d79dc] Error 1
make[1]: Leaving directory '/home/katomaran-ros/catkin_ws8/build/rslidar_sync/CMakeFiles/CMakeTmp'
Makefile:126: recipe for target 'cmTC_d79dc/fast' failed
make: *** [cmTC_d79dc/fast] Error 2


