[35m[1mScanning dependencies of target _my_change_generate_messages_check_deps_Sonic[0m
[  0%] Built target _my_change_generate_messages_check_deps_Sonic
[35m[1mScanning dependencies of target my_change_generate_messages_eus[0m
[35m[1mScanning dependencies of target my_change_generate_messages_py[0m
[35m[1mScanning dependencies of target my_change_generate_messages_nodejs[0m
[35m[1mScanning dependencies of target my_change_generate_messages_lisp[0m
[ 14%] [34m[1mGenerating Javascript code from my_change/Sonic.msg[0m
[ 28%] [34m[1mGenerating EusLisp code from my_change/Sonic.msg[0m
[ 42%] [34m[1mGenerating Lisp code from my_change/Sonic.msg[0m
[ 57%] [34m[1mGenerating Python from MSG my_change/Sonic[0m
[ 57%] Built target my_change_generate_messages_lisp
[ 57%] Built target my_change_generate_messages_nodejs
[ 71%] [34m[1mGenerating EusLisp manifest code for my_change[0m
[35m[1mScanning dependencies of target my_change_generate_messages_cpp[0m
[ 85%] [34m[1mGenerating C++ code from my_change/Sonic.msg[0m
[100%] [34m[1mGenerating Python msg __init__.py for my_change[0m
[100%] Built target my_change_generate_messages_py
[100%] Built target my_change_generate_messages_cpp
[100%] Built target my_change_generate_messages_eus
[35m[1mScanning dependencies of target my_change_generate_messages[0m
[100%] Built target my_change_generate_messages
