[35m[1mScanning dependencies of target _robot_base_servo_generate_messages_check_deps_speed[0m
[  0%] Built target _robot_base_servo_generate_messages_check_deps_speed
[35m[1mScanning dependencies of target _robot_base_servo_generate_messages_check_deps_voltage[0m
[  0%] Built target _robot_base_servo_generate_messages_check_deps_voltage
[35m[1mScanning dependencies of target robot_base_servo_generate_messages_lisp[0m
[  8%] [34m[1mGenerating Lisp code from robot_base_servo/speed.srv[0m
[ 16%] [34m[1mGenerating Lisp code from robot_base_servo/voltage.srv[0m
[ 16%] Built target robot_base_servo_generate_messages_lisp
[35m[1mScanning dependencies of target robot_base_servo_generate_messages_py[0m
[ 25%] [34m[1mGenerating Python code from SRV robot_base_servo/speed[0m
[ 33%] [34m[1mGenerating Python code from SRV robot_base_servo/voltage[0m
[ 41%] [34m[1mGenerating Python srv __init__.py for robot_base_servo[0m
[ 41%] Built target robot_base_servo_generate_messages_py
[35m[1mScanning dependencies of target robot_base_servo_generate_messages_cpp[0m
[ 50%] [34m[1mGenerating C++ code from robot_base_servo/speed.srv[0m
[ 58%] [34m[1mGenerating C++ code from robot_base_servo/voltage.srv[0m
[ 58%] Built target robot_base_servo_generate_messages_cpp
[35m[1mScanning dependencies of target robot_base_servo_generate_messages_nodejs[0m
[ 66%] [34m[1mGenerating Javascript code from robot_base_servo/speed.srv[0m
[ 75%] [34m[1mGenerating Javascript code from robot_base_servo/voltage.srv[0m
[ 75%] Built target robot_base_servo_generate_messages_nodejs
[35m[1mScanning dependencies of target robot_base_servo_generate_messages_eus[0m
[ 83%] [34m[1mGenerating EusLisp code from robot_base_servo/speed.srv[0m
[ 91%] [34m[1mGenerating EusLisp code from robot_base_servo/voltage.srv[0m
[100%] [34m[1mGenerating EusLisp manifest code for robot_base_servo[0m
[100%] Built target robot_base_servo_generate_messages_eus
[35m[1mScanning dependencies of target robot_base_servo_generate_messages[0m
[100%] Built target robot_base_servo_generate_messages
