Symlinking /home/katomaran-ros/catkin_ws8/devel/share/robot_base_servo/cmake/robot_base_servoConfig-version.cmake
Symlinking /home/katomaran-ros/catkin_ws8/devel/share/robot_base_servo/cmake/robot_base_servo-msg-paths.cmake
Symlinking /home/katomaran-ros/catkin_ws8/devel/share/robot_base_servo/cmake/robot_base_servo-msg-extras.cmake
Symlinking /home/katomaran-ros/catkin_ws8/devel/share/robot_base_servo/cmake/robot_base_servoConfig.cmake
Symlinking /home/katomaran-ros/catkin_ws8/devel/share/roseus/ros/robot_base_servo/manifest.l
Symlinking /home/katomaran-ros/catkin_ws8/devel/share/roseus/ros/robot_base_servo/srv/voltage.l
Symlinking /home/katomaran-ros/catkin_ws8/devel/share/roseus/ros/robot_base_servo/srv/speed.l
Symlinking /home/katomaran-ros/catkin_ws8/devel/share/gennodejs/ros/robot_base_servo/_index.js
Symlinking /home/katomaran-ros/catkin_ws8/devel/share/gennodejs/ros/robot_base_servo/srv/_index.js
Symlinking /home/katomaran-ros/catkin_ws8/devel/share/gennodejs/ros/robot_base_servo/srv/speed.js
Symlinking /home/katomaran-ros/catkin_ws8/devel/share/gennodejs/ros/robot_base_servo/srv/voltage.js
Symlinking /home/katomaran-ros/catkin_ws8/devel/share/common-lisp/ros/robot_base_servo/srv/_package_speed.lisp
Symlinking /home/katomaran-ros/catkin_ws8/devel/share/common-lisp/ros/robot_base_servo/srv/_package.lisp
Symlinking /home/katomaran-ros/catkin_ws8/devel/share/common-lisp/ros/robot_base_servo/srv/voltage.lisp
Symlinking /home/katomaran-ros/catkin_ws8/devel/share/common-lisp/ros/robot_base_servo/srv/speed.lisp
Symlinking /home/katomaran-ros/catkin_ws8/devel/share/common-lisp/ros/robot_base_servo/srv/_package_voltage.lisp
Symlinking /home/katomaran-ros/catkin_ws8/devel/share/common-lisp/ros/robot_base_servo/srv/robot_base_servo-srv.asd
Symlinking /home/katomaran-ros/catkin_ws8/devel/lib/pkgconfig/robot_base_servo.pc
Symlinking /home/katomaran-ros/catkin_ws8/devel/lib/python2.7/dist-packages/robot_base_servo/__init__.py
Symlinking /home/katomaran-ros/catkin_ws8/devel/lib/python2.7/dist-packages/robot_base_servo/srv/__init__.py
Symlinking /home/katomaran-ros/catkin_ws8/devel/lib/python2.7/dist-packages/robot_base_servo/srv/_speed.py
Symlinking /home/katomaran-ros/catkin_ws8/devel/lib/python2.7/dist-packages/robot_base_servo/srv/_voltage.py
Symlinking /home/katomaran-ros/catkin_ws8/devel/include/robot_base_servo/speedRequest.h
Symlinking /home/katomaran-ros/catkin_ws8/devel/include/robot_base_servo/speedResponse.h
Symlinking /home/katomaran-ros/catkin_ws8/devel/include/robot_base_servo/voltageRequest.h
Symlinking /home/katomaran-ros/catkin_ws8/devel/include/robot_base_servo/voltage.h
Symlinking /home/katomaran-ros/catkin_ws8/devel/include/robot_base_servo/voltageResponse.h
Symlinking /home/katomaran-ros/catkin_ws8/devel/include/robot_base_servo/speed.h
