Linked: (/home/katomaran-ros/catkin_ws8/devel/.private/robot_base_servo/share/robot_base_servo/cmake/robot_base_servoConfig-version.cmake, /home/katomaran-ros/catkin_ws8/devel/share/robot_base_servo/cmake/robot_base_servoConfig-version.cmake)
Linked: (/home/katomaran-ros/catkin_ws8/devel/.private/robot_base_servo/share/robot_base_servo/cmake/robot_base_servo-msg-paths.cmake, /home/katomaran-ros/catkin_ws8/devel/share/robot_base_servo/cmake/robot_base_servo-msg-paths.cmake)
Linked: (/home/katomaran-ros/catkin_ws8/devel/.private/robot_base_servo/share/robot_base_servo/cmake/robot_base_servo-msg-extras.cmake, /home/katomaran-ros/catkin_ws8/devel/share/robot_base_servo/cmake/robot_base_servo-msg-extras.cmake)
Linked: (/home/katomaran-ros/catkin_ws8/devel/.private/robot_base_servo/share/robot_base_servo/cmake/robot_base_servoConfig.cmake, /home/katomaran-ros/catkin_ws8/devel/share/robot_base_servo/cmake/robot_base_servoConfig.cmake)
Linked: (/home/katomaran-ros/catkin_ws8/devel/.private/robot_base_servo/share/roseus/ros/robot_base_servo/manifest.l, /home/katomaran-ros/catkin_ws8/devel/share/roseus/ros/robot_base_servo/manifest.l)
Linked: (/home/katomaran-ros/catkin_ws8/devel/.private/robot_base_servo/share/roseus/ros/robot_base_servo/srv/voltage.l, /home/katomaran-ros/catkin_ws8/devel/share/roseus/ros/robot_base_servo/srv/voltage.l)
Linked: (/home/katomaran-ros/catkin_ws8/devel/.private/robot_base_servo/share/roseus/ros/robot_base_servo/srv/speed.l, /home/katomaran-ros/catkin_ws8/devel/share/roseus/ros/robot_base_servo/srv/speed.l)
Linked: (/home/katomaran-ros/catkin_ws8/devel/.private/robot_base_servo/share/gennodejs/ros/robot_base_servo/_index.js, /home/katomaran-ros/catkin_ws8/devel/share/gennodejs/ros/robot_base_servo/_index.js)
Linked: (/home/katomaran-ros/catkin_ws8/devel/.private/robot_base_servo/share/gennodejs/ros/robot_base_servo/srv/_index.js, /home/katomaran-ros/catkin_ws8/devel/share/gennodejs/ros/robot_base_servo/srv/_index.js)
Linked: (/home/katomaran-ros/catkin_ws8/devel/.private/robot_base_servo/share/gennodejs/ros/robot_base_servo/srv/speed.js, /home/katomaran-ros/catkin_ws8/devel/share/gennodejs/ros/robot_base_servo/srv/speed.js)
Linked: (/home/katomaran-ros/catkin_ws8/devel/.private/robot_base_servo/share/gennodejs/ros/robot_base_servo/srv/voltage.js, /home/katomaran-ros/catkin_ws8/devel/share/gennodejs/ros/robot_base_servo/srv/voltage.js)
Linked: (/home/katomaran-ros/catkin_ws8/devel/.private/robot_base_servo/share/common-lisp/ros/robot_base_servo/srv/_package_speed.lisp, /home/katomaran-ros/catkin_ws8/devel/share/common-lisp/ros/robot_base_servo/srv/_package_speed.lisp)
Linked: (/home/katomaran-ros/catkin_ws8/devel/.private/robot_base_servo/share/common-lisp/ros/robot_base_servo/srv/_package.lisp, /home/katomaran-ros/catkin_ws8/devel/share/common-lisp/ros/robot_base_servo/srv/_package.lisp)
Linked: (/home/katomaran-ros/catkin_ws8/devel/.private/robot_base_servo/share/common-lisp/ros/robot_base_servo/srv/voltage.lisp, /home/katomaran-ros/catkin_ws8/devel/share/common-lisp/ros/robot_base_servo/srv/voltage.lisp)
Linked: (/home/katomaran-ros/catkin_ws8/devel/.private/robot_base_servo/share/common-lisp/ros/robot_base_servo/srv/speed.lisp, /home/katomaran-ros/catkin_ws8/devel/share/common-lisp/ros/robot_base_servo/srv/speed.lisp)
Linked: (/home/katomaran-ros/catkin_ws8/devel/.private/robot_base_servo/share/common-lisp/ros/robot_base_servo/srv/_package_voltage.lisp, /home/katomaran-ros/catkin_ws8/devel/share/common-lisp/ros/robot_base_servo/srv/_package_voltage.lisp)
Linked: (/home/katomaran-ros/catkin_ws8/devel/.private/robot_base_servo/share/common-lisp/ros/robot_base_servo/srv/robot_base_servo-srv.asd, /home/katomaran-ros/catkin_ws8/devel/share/common-lisp/ros/robot_base_servo/srv/robot_base_servo-srv.asd)
Linked: (/home/katomaran-ros/catkin_ws8/devel/.private/robot_base_servo/lib/pkgconfig/robot_base_servo.pc, /home/katomaran-ros/catkin_ws8/devel/lib/pkgconfig/robot_base_servo.pc)
Linked: (/home/katomaran-ros/catkin_ws8/devel/.private/robot_base_servo/lib/python2.7/dist-packages/robot_base_servo/__init__.py, /home/katomaran-ros/catkin_ws8/devel/lib/python2.7/dist-packages/robot_base_servo/__init__.py)
Linked: (/home/katomaran-ros/catkin_ws8/devel/.private/robot_base_servo/lib/python2.7/dist-packages/robot_base_servo/srv/__init__.py, /home/katomaran-ros/catkin_ws8/devel/lib/python2.7/dist-packages/robot_base_servo/srv/__init__.py)
Linked: (/home/katomaran-ros/catkin_ws8/devel/.private/robot_base_servo/lib/python2.7/dist-packages/robot_base_servo/srv/_speed.py, /home/katomaran-ros/catkin_ws8/devel/lib/python2.7/dist-packages/robot_base_servo/srv/_speed.py)
Linked: (/home/katomaran-ros/catkin_ws8/devel/.private/robot_base_servo/lib/python2.7/dist-packages/robot_base_servo/srv/_voltage.py, /home/katomaran-ros/catkin_ws8/devel/lib/python2.7/dist-packages/robot_base_servo/srv/_voltage.py)
Linked: (/home/katomaran-ros/catkin_ws8/devel/.private/robot_base_servo/include/robot_base_servo/speedRequest.h, /home/katomaran-ros/catkin_ws8/devel/include/robot_base_servo/speedRequest.h)
Linked: (/home/katomaran-ros/catkin_ws8/devel/.private/robot_base_servo/include/robot_base_servo/speedResponse.h, /home/katomaran-ros/catkin_ws8/devel/include/robot_base_servo/speedResponse.h)
Linked: (/home/katomaran-ros/catkin_ws8/devel/.private/robot_base_servo/include/robot_base_servo/voltageRequest.h, /home/katomaran-ros/catkin_ws8/devel/include/robot_base_servo/voltageRequest.h)
Linked: (/home/katomaran-ros/catkin_ws8/devel/.private/robot_base_servo/include/robot_base_servo/voltage.h, /home/katomaran-ros/catkin_ws8/devel/include/robot_base_servo/voltage.h)
Linked: (/home/katomaran-ros/catkin_ws8/devel/.private/robot_base_servo/include/robot_base_servo/voltageResponse.h, /home/katomaran-ros/catkin_ws8/devel/include/robot_base_servo/voltageResponse.h)
Linked: (/home/katomaran-ros/catkin_ws8/devel/.private/robot_base_servo/include/robot_base_servo/speed.h, /home/katomaran-ros/catkin_ws8/devel/include/robot_base_servo/speed.h)
