Symlinking /home/katomaran-ros/catkin_ws8/devel/share/patrol_planner/cmake/patrol_plannerConfig-version.cmake
Symlinking /home/katomaran-ros/catkin_ws8/devel/share/patrol_planner/cmake/patrol_plannerConfig.cmake
Symlinking /home/katomaran-ros/catkin_ws8/devel/share/patrol_planner/cmake/patrol_planner-msg-extras.cmake
Symlinking /home/katomaran-ros/catkin_ws8/devel/share/patrol_planner/cmake/patrol_planner-msg-paths.cmake
Symlinking /home/katomaran-ros/catkin_ws8/devel/share/roseus/ros/patrol_planner/manifest.l
Symlinking /home/katomaran-ros/catkin_ws8/devel/share/roseus/ros/patrol_planner/msg/Milestone.l
Symlinking /home/katomaran-ros/catkin_ws8/devel/share/roseus/ros/patrol_planner/msg/Tabled.l
Symlinking /home/katomaran-ros/catkin_ws8/devel/share/roseus/ros/patrol_planner/msg/PoseList.l
Symlinking /home/katomaran-ros/catkin_ws8/devel/share/roseus/ros/patrol_planner/srv/GetPlan.l
Symlinking /home/katomaran-ros/catkin_ws8/devel/share/roseus/ros/patrol_planner/srv/PathLoad.l
Symlinking /home/katomaran-ros/catkin_ws8/devel/share/roseus/ros/patrol_planner/srv/Obstacle.l
Symlinking /home/katomaran-ros/catkin_ws8/devel/share/roseus/ros/patrol_planner/srv/GPSGoal.l
Symlinking /home/katomaran-ros/catkin_ws8/devel/share/roseus/ros/patrol_planner/srv/Save.l
Symlinking /home/katomaran-ros/catkin_ws8/devel/share/roseus/ros/patrol_planner/srv/Pause.l
Symlinking /home/katomaran-ros/catkin_ws8/devel/share/roseus/ros/patrol_planner/srv/Tl_gl.l
Symlinking /home/katomaran-ros/catkin_ws8/devel/share/roseus/ros/patrol_planner/srv/Park.l
Symlinking /home/katomaran-ros/catkin_ws8/devel/share/roseus/ros/patrol_planner/srv/Table.l
Symlinking /home/katomaran-ros/catkin_ws8/devel/share/gennodejs/ros/patrol_planner/_index.js
Symlinking /home/katomaran-ros/catkin_ws8/devel/share/gennodejs/ros/patrol_planner/msg/Milestone.js
Symlinking /home/katomaran-ros/catkin_ws8/devel/share/gennodejs/ros/patrol_planner/msg/_index.js
Symlinking /home/katomaran-ros/catkin_ws8/devel/share/gennodejs/ros/patrol_planner/msg/PoseList.js
Symlinking /home/katomaran-ros/catkin_ws8/devel/share/gennodejs/ros/patrol_planner/msg/Tabled.js
Symlinking /home/katomaran-ros/catkin_ws8/devel/share/gennodejs/ros/patrol_planner/srv/PathLoad.js
Symlinking /home/katomaran-ros/catkin_ws8/devel/share/gennodejs/ros/patrol_planner/srv/_index.js
Symlinking /home/katomaran-ros/catkin_ws8/devel/share/gennodejs/ros/patrol_planner/srv/GPSGoal.js
Symlinking /home/katomaran-ros/catkin_ws8/devel/share/gennodejs/ros/patrol_planner/srv/GetPlan.js
Symlinking /home/katomaran-ros/catkin_ws8/devel/share/gennodejs/ros/patrol_planner/srv/Table.js
Symlinking /home/katomaran-ros/catkin_ws8/devel/share/gennodejs/ros/patrol_planner/srv/Park.js
Symlinking /home/katomaran-ros/catkin_ws8/devel/share/gennodejs/ros/patrol_planner/srv/Pause.js
Symlinking /home/katomaran-ros/catkin_ws8/devel/share/gennodejs/ros/patrol_planner/srv/Obstacle.js
Symlinking /home/katomaran-ros/catkin_ws8/devel/share/gennodejs/ros/patrol_planner/srv/Tl_gl.js
Symlinking /home/katomaran-ros/catkin_ws8/devel/share/gennodejs/ros/patrol_planner/srv/Save.js
Symlinking /home/katomaran-ros/catkin_ws8/devel/share/common-lisp/ros/patrol_planner/msg/Tabled.lisp
Symlinking /home/katomaran-ros/catkin_ws8/devel/share/common-lisp/ros/patrol_planner/msg/patrol_planner-msg.asd
Symlinking /home/katomaran-ros/catkin_ws8/devel/share/common-lisp/ros/patrol_planner/msg/_package_Milestone.lisp
Symlinking /home/katomaran-ros/catkin_ws8/devel/share/common-lisp/ros/patrol_planner/msg/_package.lisp
Symlinking /home/katomaran-ros/catkin_ws8/devel/share/common-lisp/ros/patrol_planner/msg/PoseList.lisp
Symlinking /home/katomaran-ros/catkin_ws8/devel/share/common-lisp/ros/patrol_planner/msg/_package_PoseList.lisp
Symlinking /home/katomaran-ros/catkin_ws8/devel/share/common-lisp/ros/patrol_planner/msg/Milestone.lisp
Symlinking /home/katomaran-ros/catkin_ws8/devel/share/common-lisp/ros/patrol_planner/msg/_package_Tabled.lisp
Symlinking /home/katomaran-ros/catkin_ws8/devel/share/common-lisp/ros/patrol_planner/srv/Tl_gl.lisp
Symlinking /home/katomaran-ros/catkin_ws8/devel/share/common-lisp/ros/patrol_planner/srv/_package_Table.lisp
Symlinking /home/katomaran-ros/catkin_ws8/devel/share/common-lisp/ros/patrol_planner/srv/_package_PathLoad.lisp
Symlinking /home/katomaran-ros/catkin_ws8/devel/share/common-lisp/ros/patrol_planner/srv/_package.lisp
Symlinking /home/katomaran-ros/catkin_ws8/devel/share/common-lisp/ros/patrol_planner/srv/_package_GetPlan.lisp
Symlinking /home/katomaran-ros/catkin_ws8/devel/share/common-lisp/ros/patrol_planner/srv/_package_Park.lisp
Symlinking /home/katomaran-ros/catkin_ws8/devel/share/common-lisp/ros/patrol_planner/srv/_package_Obstacle.lisp
Symlinking /home/katomaran-ros/catkin_ws8/devel/share/common-lisp/ros/patrol_planner/srv/Pause.lisp
Symlinking /home/katomaran-ros/catkin_ws8/devel/share/common-lisp/ros/patrol_planner/srv/patrol_planner-srv.asd
Symlinking /home/katomaran-ros/catkin_ws8/devel/share/common-lisp/ros/patrol_planner/srv/_package_GPSGoal.lisp
Symlinking /home/katomaran-ros/catkin_ws8/devel/share/common-lisp/ros/patrol_planner/srv/PathLoad.lisp
Symlinking /home/katomaran-ros/catkin_ws8/devel/share/common-lisp/ros/patrol_planner/srv/Save.lisp
Symlinking /home/katomaran-ros/catkin_ws8/devel/share/common-lisp/ros/patrol_planner/srv/Table.lisp
Symlinking /home/katomaran-ros/catkin_ws8/devel/share/common-lisp/ros/patrol_planner/srv/GetPlan.lisp
Symlinking /home/katomaran-ros/catkin_ws8/devel/share/common-lisp/ros/patrol_planner/srv/GPSGoal.lisp
Symlinking /home/katomaran-ros/catkin_ws8/devel/share/common-lisp/ros/patrol_planner/srv/Obstacle.lisp
Symlinking /home/katomaran-ros/catkin_ws8/devel/share/common-lisp/ros/patrol_planner/srv/Park.lisp
Symlinking /home/katomaran-ros/catkin_ws8/devel/share/common-lisp/ros/patrol_planner/srv/_package_Save.lisp
Symlinking /home/katomaran-ros/catkin_ws8/devel/share/common-lisp/ros/patrol_planner/srv/_package_Tl_gl.lisp
Symlinking /home/katomaran-ros/catkin_ws8/devel/share/common-lisp/ros/patrol_planner/srv/_package_Pause.lisp
Symlinking /home/katomaran-ros/catkin_ws8/devel/lib/libpatrol_planner_lib.so
Symlinking /home/katomaran-ros/catkin_ws8/devel/lib/pkgconfig/patrol_planner.pc
Symlinking /home/katomaran-ros/catkin_ws8/devel/lib/python2.7/dist-packages/patrol_planner/__init__.py
Symlinking /home/katomaran-ros/catkin_ws8/devel/lib/python2.7/dist-packages/patrol_planner/msg/__init__.py
Symlinking /home/katomaran-ros/catkin_ws8/devel/lib/python2.7/dist-packages/patrol_planner/msg/_PoseList.py
Symlinking /home/katomaran-ros/catkin_ws8/devel/lib/python2.7/dist-packages/patrol_planner/msg/_Milestone.py
Symlinking /home/katomaran-ros/catkin_ws8/devel/lib/python2.7/dist-packages/patrol_planner/msg/_Tabled.py
Symlinking /home/katomaran-ros/catkin_ws8/devel/lib/python2.7/dist-packages/patrol_planner/srv/_Tl_gl.py
Symlinking /home/katomaran-ros/catkin_ws8/devel/lib/python2.7/dist-packages/patrol_planner/srv/_GetPlan.py
Symlinking /home/katomaran-ros/catkin_ws8/devel/lib/python2.7/dist-packages/patrol_planner/srv/__init__.py
Symlinking /home/katomaran-ros/catkin_ws8/devel/lib/python2.7/dist-packages/patrol_planner/srv/_Save.py
Symlinking /home/katomaran-ros/catkin_ws8/devel/lib/python2.7/dist-packages/patrol_planner/srv/_Park.py
Symlinking /home/katomaran-ros/catkin_ws8/devel/lib/python2.7/dist-packages/patrol_planner/srv/_GPSGoal.py
Symlinking /home/katomaran-ros/catkin_ws8/devel/lib/python2.7/dist-packages/patrol_planner/srv/_PathLoad.py
Symlinking /home/katomaran-ros/catkin_ws8/devel/lib/python2.7/dist-packages/patrol_planner/srv/_Table.py
Symlinking /home/katomaran-ros/catkin_ws8/devel/lib/python2.7/dist-packages/patrol_planner/srv/_Pause.py
Symlinking /home/katomaran-ros/catkin_ws8/devel/lib/python2.7/dist-packages/patrol_planner/srv/_Obstacle.py
Symlinking /home/katomaran-ros/catkin_ws8/devel/include/patrol_planner/TableRequest.h
Symlinking /home/katomaran-ros/catkin_ws8/devel/include/patrol_planner/SaveRequest.h
Symlinking /home/katomaran-ros/catkin_ws8/devel/include/patrol_planner/ParkResponse.h
Symlinking /home/katomaran-ros/catkin_ws8/devel/include/patrol_planner/GPSGoal.h
Symlinking /home/katomaran-ros/catkin_ws8/devel/include/patrol_planner/Tabled.h
Symlinking /home/katomaran-ros/catkin_ws8/devel/include/patrol_planner/PauseRequest.h
Symlinking /home/katomaran-ros/catkin_ws8/devel/include/patrol_planner/Park.h
Symlinking /home/katomaran-ros/catkin_ws8/devel/include/patrol_planner/PathLoadResponse.h
Symlinking /home/katomaran-ros/catkin_ws8/devel/include/patrol_planner/Pause.h
Symlinking /home/katomaran-ros/catkin_ws8/devel/include/patrol_planner/Table.h
Symlinking /home/katomaran-ros/catkin_ws8/devel/include/patrol_planner/Tl_gl.h
Symlinking /home/katomaran-ros/catkin_ws8/devel/include/patrol_planner/ParkRequest.h
Symlinking /home/katomaran-ros/catkin_ws8/devel/include/patrol_planner/PauseResponse.h
Symlinking /home/katomaran-ros/catkin_ws8/devel/include/patrol_planner/TableResponse.h
Symlinking /home/katomaran-ros/catkin_ws8/devel/include/patrol_planner/PathLoadRequest.h
Symlinking /home/katomaran-ros/catkin_ws8/devel/include/patrol_planner/Save.h
Symlinking /home/katomaran-ros/catkin_ws8/devel/include/patrol_planner/Obstacle.h
Symlinking /home/katomaran-ros/catkin_ws8/devel/include/patrol_planner/GetPlanResponse.h
Symlinking /home/katomaran-ros/catkin_ws8/devel/include/patrol_planner/SaveResponse.h
Symlinking /home/katomaran-ros/catkin_ws8/devel/include/patrol_planner/Milestone.h
Symlinking /home/katomaran-ros/catkin_ws8/devel/include/patrol_planner/PoseList.h
Symlinking /home/katomaran-ros/catkin_ws8/devel/include/patrol_planner/ObstacleResponse.h
Symlinking /home/katomaran-ros/catkin_ws8/devel/include/patrol_planner/Tl_glResponse.h
Symlinking /home/katomaran-ros/catkin_ws8/devel/include/patrol_planner/ObstacleRequest.h
Symlinking /home/katomaran-ros/catkin_ws8/devel/include/patrol_planner/GetPlanRequest.h
Symlinking /home/katomaran-ros/catkin_ws8/devel/include/patrol_planner/GPSGoalRequest.h
Symlinking /home/katomaran-ros/catkin_ws8/devel/include/patrol_planner/GetPlan.h
Symlinking /home/katomaran-ros/catkin_ws8/devel/include/patrol_planner/Tl_glRequest.h
Symlinking /home/katomaran-ros/catkin_ws8/devel/include/patrol_planner/GPSGoalResponse.h
Symlinking /home/katomaran-ros/catkin_ws8/devel/include/patrol_planner/PathLoad.h
