[35m[1mScanning dependencies of target _patrol_planner_generate_messages_check_deps_Pause[0m
[35m[1mScanning dependencies of target _patrol_planner_generate_messages_check_deps_PoseList[0m
[  0%] Built target _patrol_planner_generate_messages_check_deps_PoseList
[  0%] Built target _patrol_planner_generate_messages_check_deps_Pause
[35m[1mScanning dependencies of target _patrol_planner_generate_messages_check_deps_Table[0m
[35m[1mScanning dependencies of target _patrol_planner_generate_messages_check_deps_PathLoad[0m
[  0%] Built target _patrol_planner_generate_messages_check_deps_Table
[35m[1mScanning dependencies of target _patrol_planner_generate_messages_check_deps_Tl_gl[0m
[  0%] Built target _patrol_planner_generate_messages_check_deps_PathLoad
[35m[1mScanning dependencies of target _patrol_planner_generate_messages_check_deps_Obstacle[0m
[35m[1mScanning dependencies of target _patrol_planner_generate_messages_check_deps_Tabled[0m
[  0%] Built target _patrol_planner_generate_messages_check_deps_Tl_gl
[35m[1mScanning dependencies of target _patrol_planner_generate_messages_check_deps_Park[0m
[  0%] Built target _patrol_planner_generate_messages_check_deps_Obstacle
[  0%] Built target _patrol_planner_generate_messages_check_deps_Tabled
[35m[1mScanning dependencies of target _patrol_planner_generate_messages_check_deps_Save[0m
[35m[1mScanning dependencies of target _patrol_planner_generate_messages_check_deps_GetPlan[0m
[  0%] Built target _patrol_planner_generate_messages_check_deps_Park
[35m[1mScanning dependencies of target _patrol_planner_generate_messages_check_deps_GPSGoal[0m
[  0%] Built target _patrol_planner_generate_messages_check_deps_GetPlan
[  0%] Built target _patrol_planner_generate_messages_check_deps_Save
[35m[1mScanning dependencies of target geometry_msgs_generate_messages_cpp[0m
[35m[1mScanning dependencies of target std_msgs_generate_messages_cpp[0m
[  0%] Built target geometry_msgs_generate_messages_cpp
[  0%] Built target std_msgs_generate_messages_cpp
[35m[1mScanning dependencies of target _patrol_planner_generate_messages_check_deps_Milestone[0m
[  0%] Built target _patrol_planner_generate_messages_check_deps_GPSGoal
[35m[1mScanning dependencies of target std_msgs_generate_messages_lisp[0m
[35m[1mScanning dependencies of target geometry_msgs_generate_messages_lisp[0m
[  0%] Built target std_msgs_generate_messages_lisp
[  0%] Built target geometry_msgs_generate_messages_lisp
[35m[1mScanning dependencies of target std_msgs_generate_messages_eus[0m
[35m[1mScanning dependencies of target geometry_msgs_generate_messages_eus[0m
[35m[1mScanning dependencies of target std_msgs_generate_messages_nodejs[0m
[  0%] Built target std_msgs_generate_messages_eus
[  0%] Built target geometry_msgs_generate_messages_eus
[  0%] Built target _patrol_planner_generate_messages_check_deps_Milestone
[35m[1mScanning dependencies of target geometry_msgs_generate_messages_nodejs[0m
[  0%] Built target std_msgs_generate_messages_nodejs
[35m[1mScanning dependencies of target std_msgs_generate_messages_py[0m
[35m[1mScanning dependencies of target geometry_msgs_generate_messages_py[0m
[  0%] Built target geometry_msgs_generate_messages_nodejs
[35m[1mScanning dependencies of target patrol_planner_lib[0m
[  0%] Built target std_msgs_generate_messages_py
[  0%] Built target geometry_msgs_generate_messages_py
[35m[1mScanning dependencies of target patrol_planner_generate_messages_cpp[0m
[35m[1mScanning dependencies of target patrol_planner_generate_messages_eus[0m
[35m[1mScanning dependencies of target patrol_planner_generate_messages_lisp[0m
[  1%] [34m[1mGenerating C++ code from patrol_planner/Milestone.msg[0m
[  3%] [34m[1mGenerating Lisp code from patrol_planner/Milestone.msg[0m
[  4%] [34m[1mGenerating EusLisp code from patrol_planner/Milestone.msg[0m
[  6%] [34m[1mGenerating Lisp code from patrol_planner/PoseList.msg[0m
[  7%] [34m[1mGenerating EusLisp code from patrol_planner/PoseList.msg[0m
[  9%] [34m[1mGenerating Lisp code from patrol_planner/Tabled.msg[0m
[ 10%] [34m[1mGenerating EusLisp code from patrol_planner/Tabled.msg[0m
[ 12%] [34m[1mGenerating C++ code from patrol_planner/PoseList.msg[0m
[ 13%] [34m[1mGenerating Lisp code from patrol_planner/Save.srv[0m
[ 15%] [34m[1mGenerating EusLisp code from patrol_planner/Save.srv[0m
[ 16%] [34m[1mGenerating Lisp code from patrol_planner/GPSGoal.srv[0m
[ 18%] [34m[1mGenerating EusLisp code from patrol_planner/GPSGoal.srv[0m
[ 20%] [34m[1mGenerating Lisp code from patrol_planner/Park.srv[0m
[ 21%] [34m[1mGenerating EusLisp code from patrol_planner/Park.srv[0m
[ 23%] [34m[1mGenerating EusLisp code from patrol_planner/Obstacle.srv[0m
[ 24%] [34m[1mGenerating C++ code from patrol_planner/Tabled.msg[0m
[ 26%] [34m[1mGenerating EusLisp code from patrol_planner/Tl_gl.srv[0m
[ 27%] [34m[1mGenerating Lisp code from patrol_planner/Obstacle.srv[0m
[ 29%] [34m[1mGenerating Lisp code from patrol_planner/Tl_gl.srv[0m
[ 30%] [34m[1mGenerating EusLisp code from patrol_planner/GetPlan.srv[0m
[ 32%] [34m[1mGenerating Lisp code from patrol_planner/GetPlan.srv[0m
[ 33%] [34m[1mGenerating C++ code from patrol_planner/Save.srv[0m
[ 35%] [34m[1mGenerating EusLisp code from patrol_planner/PathLoad.srv[0m
[ 36%] [34m[1mGenerating Lisp code from patrol_planner/PathLoad.srv[0m
[ 38%] [32mBuilding CXX object CMakeFiles/patrol_planner_lib.dir/src/patrol_planner.cpp.o[0m
[ 40%] [34m[1mGenerating Lisp code from patrol_planner/Table.srv[0m
[ 41%] [34m[1mGenerating EusLisp code from patrol_planner/Table.srv[0m
[ 43%] [34m[1mGenerating Lisp code from patrol_planner/Pause.srv[0m
[ 44%] [34m[1mGenerating EusLisp code from patrol_planner/Pause.srv[0m
[ 44%] Built target patrol_planner_generate_messages_lisp
[35m[1mScanning dependencies of target patrol_planner_generate_messages_nodejs[0m
[ 46%] [34m[1mGenerating Javascript code from patrol_planner/Milestone.msg[0m
[ 47%] [34m[1mGenerating EusLisp manifest code for patrol_planner[0m
[ 49%] [34m[1mGenerating Javascript code from patrol_planner/PoseList.msg[0m
[ 50%] [34m[1mGenerating C++ code from patrol_planner/GPSGoal.srv[0m
[ 52%] [34m[1mGenerating Javascript code from patrol_planner/Tabled.msg[0m
[ 53%] [34m[1mGenerating Javascript code from patrol_planner/Save.srv[0m
[ 55%] [34m[1mGenerating Javascript code from patrol_planner/GPSGoal.srv[0m
[ 56%] [34m[1mGenerating Javascript code from patrol_planner/Park.srv[0m
[ 58%] [34m[1mGenerating Javascript code from patrol_planner/Obstacle.srv[0m
[ 60%] [34m[1mGenerating C++ code from patrol_planner/Park.srv[0m
[ 61%] [34m[1mGenerating Javascript code from patrol_planner/Tl_gl.srv[0m
[ 63%] [34m[1mGenerating Javascript code from patrol_planner/GetPlan.srv[0m
[ 64%] [34m[1mGenerating Javascript code from patrol_planner/PathLoad.srv[0m
[ 66%] [34m[1mGenerating Javascript code from patrol_planner/Table.srv[0m
[ 67%] [34m[1mGenerating C++ code from patrol_planner/Obstacle.srv[0m
[ 69%] [34m[1mGenerating Javascript code from patrol_planner/Pause.srv[0m
[ 69%] Built target patrol_planner_generate_messages_nodejs
[ 70%] [34m[1mGenerating C++ code from patrol_planner/Tl_gl.srv[0m
[ 72%] [34m[1mGenerating C++ code from patrol_planner/GetPlan.srv[0m
[ 73%] [34m[1mGenerating C++ code from patrol_planner/PathLoad.srv[0m
[ 75%] [34m[1mGenerating C++ code from patrol_planner/Table.srv[0m
[35m[1mScanning dependencies of target patrol_planner_generate_messages_py[0m
[ 76%] [34m[1mGenerating Python from MSG patrol_planner/Milestone[0m
[ 78%] [34m[1mGenerating Python from MSG patrol_planner/PoseList[0m
[ 80%] [34m[1mGenerating Python from MSG patrol_planner/Tabled[0m
[ 81%] [34m[1mGenerating Python code from SRV patrol_planner/Save[0m
[ 83%] [34m[1mGenerating C++ code from patrol_planner/Pause.srv[0m
[ 83%] Built target patrol_planner_generate_messages_eus
[ 84%] [34m[1mGenerating Python code from SRV patrol_planner/GPSGoal[0m
[ 86%] [34m[1mGenerating Python code from SRV patrol_planner/Park[0m
[ 87%] [34m[1mGenerating Python code from SRV patrol_planner/Obstacle[0m
[ 89%] [34m[1mGenerating Python code from SRV patrol_planner/Tl_gl[0m
[ 90%] [34m[1mGenerating Python code from SRV patrol_planner/GetPlan[0m
[ 92%] [34m[1mGenerating Python code from SRV patrol_planner/PathLoad[0m
[ 93%] [34m[1mGenerating Python code from SRV patrol_planner/Table[0m
[ 95%] [34m[1mGenerating Python code from SRV patrol_planner/Pause[0m
[ 96%] [34m[1mGenerating Python msg __init__.py for patrol_planner[0m
[ 98%] [34m[1mGenerating Python srv __init__.py for patrol_planner[0m
[ 98%] Built target patrol_planner_generate_messages_cpp
[ 98%] Built target patrol_planner_generate_messages_py
[35m[1mScanning dependencies of target patrol_planner_generate_messages[0m
[ 98%] Built target patrol_planner_generate_messages
[100%] [32m[1mLinking CXX shared library /home/katomaran-ros/catkin_ws8/devel/.private/patrol_planner/lib/libpatrol_planner_lib.so[0m
[100%] Built target patrol_planner_lib
