Linked: (/home/katomaran-ros/catkin_ws8/devel/.private/patrol_planner/share/patrol_planner/cmake/patrol_plannerConfig-version.cmake, /home/katomaran-ros/catkin_ws8/devel/share/patrol_planner/cmake/patrol_plannerConfig-version.cmake)
Linked: (/home/katomaran-ros/catkin_ws8/devel/.private/patrol_planner/share/patrol_planner/cmake/patrol_plannerConfig.cmake, /home/katomaran-ros/catkin_ws8/devel/share/patrol_planner/cmake/patrol_plannerConfig.cmake)
Linked: (/home/katomaran-ros/catkin_ws8/devel/.private/patrol_planner/share/patrol_planner/cmake/patrol_planner-msg-extras.cmake, /home/katomaran-ros/catkin_ws8/devel/share/patrol_planner/cmake/patrol_planner-msg-extras.cmake)
Linked: (/home/katomaran-ros/catkin_ws8/devel/.private/patrol_planner/share/patrol_planner/cmake/patrol_planner-msg-paths.cmake, /home/katomaran-ros/catkin_ws8/devel/share/patrol_planner/cmake/patrol_planner-msg-paths.cmake)
Linked: (/home/katomaran-ros/catkin_ws8/devel/.private/patrol_planner/share/roseus/ros/patrol_planner/manifest.l, /home/katomaran-ros/catkin_ws8/devel/share/roseus/ros/patrol_planner/manifest.l)
Linked: (/home/katomaran-ros/catkin_ws8/devel/.private/patrol_planner/share/roseus/ros/patrol_planner/msg/Milestone.l, /home/katomaran-ros/catkin_ws8/devel/share/roseus/ros/patrol_planner/msg/Milestone.l)
Linked: (/home/katomaran-ros/catkin_ws8/devel/.private/patrol_planner/share/roseus/ros/patrol_planner/msg/Tabled.l, /home/katomaran-ros/catkin_ws8/devel/share/roseus/ros/patrol_planner/msg/Tabled.l)
Linked: (/home/katomaran-ros/catkin_ws8/devel/.private/patrol_planner/share/roseus/ros/patrol_planner/msg/PoseList.l, /home/katomaran-ros/catkin_ws8/devel/share/roseus/ros/patrol_planner/msg/PoseList.l)
Linked: (/home/katomaran-ros/catkin_ws8/devel/.private/patrol_planner/share/roseus/ros/patrol_planner/srv/GetPlan.l, /home/katomaran-ros/catkin_ws8/devel/share/roseus/ros/patrol_planner/srv/GetPlan.l)
Linked: (/home/katomaran-ros/catkin_ws8/devel/.private/patrol_planner/share/roseus/ros/patrol_planner/srv/PathLoad.l, /home/katomaran-ros/catkin_ws8/devel/share/roseus/ros/patrol_planner/srv/PathLoad.l)
Linked: (/home/katomaran-ros/catkin_ws8/devel/.private/patrol_planner/share/roseus/ros/patrol_planner/srv/Obstacle.l, /home/katomaran-ros/catkin_ws8/devel/share/roseus/ros/patrol_planner/srv/Obstacle.l)
Linked: (/home/katomaran-ros/catkin_ws8/devel/.private/patrol_planner/share/roseus/ros/patrol_planner/srv/GPSGoal.l, /home/katomaran-ros/catkin_ws8/devel/share/roseus/ros/patrol_planner/srv/GPSGoal.l)
Linked: (/home/katomaran-ros/catkin_ws8/devel/.private/patrol_planner/share/roseus/ros/patrol_planner/srv/Save.l, /home/katomaran-ros/catkin_ws8/devel/share/roseus/ros/patrol_planner/srv/Save.l)
Linked: (/home/katomaran-ros/catkin_ws8/devel/.private/patrol_planner/share/roseus/ros/patrol_planner/srv/Pause.l, /home/katomaran-ros/catkin_ws8/devel/share/roseus/ros/patrol_planner/srv/Pause.l)
Linked: (/home/katomaran-ros/catkin_ws8/devel/.private/patrol_planner/share/roseus/ros/patrol_planner/srv/Tl_gl.l, /home/katomaran-ros/catkin_ws8/devel/share/roseus/ros/patrol_planner/srv/Tl_gl.l)
Linked: (/home/katomaran-ros/catkin_ws8/devel/.private/patrol_planner/share/roseus/ros/patrol_planner/srv/Park.l, /home/katomaran-ros/catkin_ws8/devel/share/roseus/ros/patrol_planner/srv/Park.l)
Linked: (/home/katomaran-ros/catkin_ws8/devel/.private/patrol_planner/share/roseus/ros/patrol_planner/srv/Table.l, /home/katomaran-ros/catkin_ws8/devel/share/roseus/ros/patrol_planner/srv/Table.l)
Linked: (/home/katomaran-ros/catkin_ws8/devel/.private/patrol_planner/share/gennodejs/ros/patrol_planner/_index.js, /home/katomaran-ros/catkin_ws8/devel/share/gennodejs/ros/patrol_planner/_index.js)
Linked: (/home/katomaran-ros/catkin_ws8/devel/.private/patrol_planner/share/gennodejs/ros/patrol_planner/msg/Milestone.js, /home/katomaran-ros/catkin_ws8/devel/share/gennodejs/ros/patrol_planner/msg/Milestone.js)
Linked: (/home/katomaran-ros/catkin_ws8/devel/.private/patrol_planner/share/gennodejs/ros/patrol_planner/msg/_index.js, /home/katomaran-ros/catkin_ws8/devel/share/gennodejs/ros/patrol_planner/msg/_index.js)
Linked: (/home/katomaran-ros/catkin_ws8/devel/.private/patrol_planner/share/gennodejs/ros/patrol_planner/msg/PoseList.js, /home/katomaran-ros/catkin_ws8/devel/share/gennodejs/ros/patrol_planner/msg/PoseList.js)
Linked: (/home/katomaran-ros/catkin_ws8/devel/.private/patrol_planner/share/gennodejs/ros/patrol_planner/msg/Tabled.js, /home/katomaran-ros/catkin_ws8/devel/share/gennodejs/ros/patrol_planner/msg/Tabled.js)
Linked: (/home/katomaran-ros/catkin_ws8/devel/.private/patrol_planner/share/gennodejs/ros/patrol_planner/srv/PathLoad.js, /home/katomaran-ros/catkin_ws8/devel/share/gennodejs/ros/patrol_planner/srv/PathLoad.js)
Linked: (/home/katomaran-ros/catkin_ws8/devel/.private/patrol_planner/share/gennodejs/ros/patrol_planner/srv/_index.js, /home/katomaran-ros/catkin_ws8/devel/share/gennodejs/ros/patrol_planner/srv/_index.js)
Linked: (/home/katomaran-ros/catkin_ws8/devel/.private/patrol_planner/share/gennodejs/ros/patrol_planner/srv/GPSGoal.js, /home/katomaran-ros/catkin_ws8/devel/share/gennodejs/ros/patrol_planner/srv/GPSGoal.js)
Linked: (/home/katomaran-ros/catkin_ws8/devel/.private/patrol_planner/share/gennodejs/ros/patrol_planner/srv/GetPlan.js, /home/katomaran-ros/catkin_ws8/devel/share/gennodejs/ros/patrol_planner/srv/GetPlan.js)
Linked: (/home/katomaran-ros/catkin_ws8/devel/.private/patrol_planner/share/gennodejs/ros/patrol_planner/srv/Table.js, /home/katomaran-ros/catkin_ws8/devel/share/gennodejs/ros/patrol_planner/srv/Table.js)
Linked: (/home/katomaran-ros/catkin_ws8/devel/.private/patrol_planner/share/gennodejs/ros/patrol_planner/srv/Park.js, /home/katomaran-ros/catkin_ws8/devel/share/gennodejs/ros/patrol_planner/srv/Park.js)
Linked: (/home/katomaran-ros/catkin_ws8/devel/.private/patrol_planner/share/gennodejs/ros/patrol_planner/srv/Pause.js, /home/katomaran-ros/catkin_ws8/devel/share/gennodejs/ros/patrol_planner/srv/Pause.js)
Linked: (/home/katomaran-ros/catkin_ws8/devel/.private/patrol_planner/share/gennodejs/ros/patrol_planner/srv/Obstacle.js, /home/katomaran-ros/catkin_ws8/devel/share/gennodejs/ros/patrol_planner/srv/Obstacle.js)
Linked: (/home/katomaran-ros/catkin_ws8/devel/.private/patrol_planner/share/gennodejs/ros/patrol_planner/srv/Tl_gl.js, /home/katomaran-ros/catkin_ws8/devel/share/gennodejs/ros/patrol_planner/srv/Tl_gl.js)
Linked: (/home/katomaran-ros/catkin_ws8/devel/.private/patrol_planner/share/gennodejs/ros/patrol_planner/srv/Save.js, /home/katomaran-ros/catkin_ws8/devel/share/gennodejs/ros/patrol_planner/srv/Save.js)
Linked: (/home/katomaran-ros/catkin_ws8/devel/.private/patrol_planner/share/common-lisp/ros/patrol_planner/msg/Tabled.lisp, /home/katomaran-ros/catkin_ws8/devel/share/common-lisp/ros/patrol_planner/msg/Tabled.lisp)
Linked: (/home/katomaran-ros/catkin_ws8/devel/.private/patrol_planner/share/common-lisp/ros/patrol_planner/msg/patrol_planner-msg.asd, /home/katomaran-ros/catkin_ws8/devel/share/common-lisp/ros/patrol_planner/msg/patrol_planner-msg.asd)
Linked: (/home/katomaran-ros/catkin_ws8/devel/.private/patrol_planner/share/common-lisp/ros/patrol_planner/msg/_package_Milestone.lisp, /home/katomaran-ros/catkin_ws8/devel/share/common-lisp/ros/patrol_planner/msg/_package_Milestone.lisp)
Linked: (/home/katomaran-ros/catkin_ws8/devel/.private/patrol_planner/share/common-lisp/ros/patrol_planner/msg/_package.lisp, /home/katomaran-ros/catkin_ws8/devel/share/common-lisp/ros/patrol_planner/msg/_package.lisp)
Linked: (/home/katomaran-ros/catkin_ws8/devel/.private/patrol_planner/share/common-lisp/ros/patrol_planner/msg/PoseList.lisp, /home/katomaran-ros/catkin_ws8/devel/share/common-lisp/ros/patrol_planner/msg/PoseList.lisp)
Linked: (/home/katomaran-ros/catkin_ws8/devel/.private/patrol_planner/share/common-lisp/ros/patrol_planner/msg/_package_PoseList.lisp, /home/katomaran-ros/catkin_ws8/devel/share/common-lisp/ros/patrol_planner/msg/_package_PoseList.lisp)
Linked: (/home/katomaran-ros/catkin_ws8/devel/.private/patrol_planner/share/common-lisp/ros/patrol_planner/msg/Milestone.lisp, /home/katomaran-ros/catkin_ws8/devel/share/common-lisp/ros/patrol_planner/msg/Milestone.lisp)
Linked: (/home/katomaran-ros/catkin_ws8/devel/.private/patrol_planner/share/common-lisp/ros/patrol_planner/msg/_package_Tabled.lisp, /home/katomaran-ros/catkin_ws8/devel/share/common-lisp/ros/patrol_planner/msg/_package_Tabled.lisp)
Linked: (/home/katomaran-ros/catkin_ws8/devel/.private/patrol_planner/share/common-lisp/ros/patrol_planner/srv/Tl_gl.lisp, /home/katomaran-ros/catkin_ws8/devel/share/common-lisp/ros/patrol_planner/srv/Tl_gl.lisp)
Linked: (/home/katomaran-ros/catkin_ws8/devel/.private/patrol_planner/share/common-lisp/ros/patrol_planner/srv/_package_Table.lisp, /home/katomaran-ros/catkin_ws8/devel/share/common-lisp/ros/patrol_planner/srv/_package_Table.lisp)
Linked: (/home/katomaran-ros/catkin_ws8/devel/.private/patrol_planner/share/common-lisp/ros/patrol_planner/srv/_package_PathLoad.lisp, /home/katomaran-ros/catkin_ws8/devel/share/common-lisp/ros/patrol_planner/srv/_package_PathLoad.lisp)
Linked: (/home/katomaran-ros/catkin_ws8/devel/.private/patrol_planner/share/common-lisp/ros/patrol_planner/srv/_package.lisp, /home/katomaran-ros/catkin_ws8/devel/share/common-lisp/ros/patrol_planner/srv/_package.lisp)
Linked: (/home/katomaran-ros/catkin_ws8/devel/.private/patrol_planner/share/common-lisp/ros/patrol_planner/srv/_package_GetPlan.lisp, /home/katomaran-ros/catkin_ws8/devel/share/common-lisp/ros/patrol_planner/srv/_package_GetPlan.lisp)
Linked: (/home/katomaran-ros/catkin_ws8/devel/.private/patrol_planner/share/common-lisp/ros/patrol_planner/srv/_package_Park.lisp, /home/katomaran-ros/catkin_ws8/devel/share/common-lisp/ros/patrol_planner/srv/_package_Park.lisp)
Linked: (/home/katomaran-ros/catkin_ws8/devel/.private/patrol_planner/share/common-lisp/ros/patrol_planner/srv/_package_Obstacle.lisp, /home/katomaran-ros/catkin_ws8/devel/share/common-lisp/ros/patrol_planner/srv/_package_Obstacle.lisp)
Linked: (/home/katomaran-ros/catkin_ws8/devel/.private/patrol_planner/share/common-lisp/ros/patrol_planner/srv/Pause.lisp, /home/katomaran-ros/catkin_ws8/devel/share/common-lisp/ros/patrol_planner/srv/Pause.lisp)
Linked: (/home/katomaran-ros/catkin_ws8/devel/.private/patrol_planner/share/common-lisp/ros/patrol_planner/srv/patrol_planner-srv.asd, /home/katomaran-ros/catkin_ws8/devel/share/common-lisp/ros/patrol_planner/srv/patrol_planner-srv.asd)
Linked: (/home/katomaran-ros/catkin_ws8/devel/.private/patrol_planner/share/common-lisp/ros/patrol_planner/srv/_package_GPSGoal.lisp, /home/katomaran-ros/catkin_ws8/devel/share/common-lisp/ros/patrol_planner/srv/_package_GPSGoal.lisp)
Linked: (/home/katomaran-ros/catkin_ws8/devel/.private/patrol_planner/share/common-lisp/ros/patrol_planner/srv/PathLoad.lisp, /home/katomaran-ros/catkin_ws8/devel/share/common-lisp/ros/patrol_planner/srv/PathLoad.lisp)
Linked: (/home/katomaran-ros/catkin_ws8/devel/.private/patrol_planner/share/common-lisp/ros/patrol_planner/srv/Save.lisp, /home/katomaran-ros/catkin_ws8/devel/share/common-lisp/ros/patrol_planner/srv/Save.lisp)
Linked: (/home/katomaran-ros/catkin_ws8/devel/.private/patrol_planner/share/common-lisp/ros/patrol_planner/srv/Table.lisp, /home/katomaran-ros/catkin_ws8/devel/share/common-lisp/ros/patrol_planner/srv/Table.lisp)
Linked: (/home/katomaran-ros/catkin_ws8/devel/.private/patrol_planner/share/common-lisp/ros/patrol_planner/srv/GetPlan.lisp, /home/katomaran-ros/catkin_ws8/devel/share/common-lisp/ros/patrol_planner/srv/GetPlan.lisp)
Linked: (/home/katomaran-ros/catkin_ws8/devel/.private/patrol_planner/share/common-lisp/ros/patrol_planner/srv/GPSGoal.lisp, /home/katomaran-ros/catkin_ws8/devel/share/common-lisp/ros/patrol_planner/srv/GPSGoal.lisp)
Linked: (/home/katomaran-ros/catkin_ws8/devel/.private/patrol_planner/share/common-lisp/ros/patrol_planner/srv/Obstacle.lisp, /home/katomaran-ros/catkin_ws8/devel/share/common-lisp/ros/patrol_planner/srv/Obstacle.lisp)
Linked: (/home/katomaran-ros/catkin_ws8/devel/.private/patrol_planner/share/common-lisp/ros/patrol_planner/srv/Park.lisp, /home/katomaran-ros/catkin_ws8/devel/share/common-lisp/ros/patrol_planner/srv/Park.lisp)
Linked: (/home/katomaran-ros/catkin_ws8/devel/.private/patrol_planner/share/common-lisp/ros/patrol_planner/srv/_package_Save.lisp, /home/katomaran-ros/catkin_ws8/devel/share/common-lisp/ros/patrol_planner/srv/_package_Save.lisp)
Linked: (/home/katomaran-ros/catkin_ws8/devel/.private/patrol_planner/share/common-lisp/ros/patrol_planner/srv/_package_Tl_gl.lisp, /home/katomaran-ros/catkin_ws8/devel/share/common-lisp/ros/patrol_planner/srv/_package_Tl_gl.lisp)
Linked: (/home/katomaran-ros/catkin_ws8/devel/.private/patrol_planner/share/common-lisp/ros/patrol_planner/srv/_package_Pause.lisp, /home/katomaran-ros/catkin_ws8/devel/share/common-lisp/ros/patrol_planner/srv/_package_Pause.lisp)
Linked: (/home/katomaran-ros/catkin_ws8/devel/.private/patrol_planner/lib/libpatrol_planner_lib.so, /home/katomaran-ros/catkin_ws8/devel/lib/libpatrol_planner_lib.so)
Linked: (/home/katomaran-ros/catkin_ws8/devel/.private/patrol_planner/lib/pkgconfig/patrol_planner.pc, /home/katomaran-ros/catkin_ws8/devel/lib/pkgconfig/patrol_planner.pc)
Linked: (/home/katomaran-ros/catkin_ws8/devel/.private/patrol_planner/lib/python2.7/dist-packages/patrol_planner/__init__.py, /home/katomaran-ros/catkin_ws8/devel/lib/python2.7/dist-packages/patrol_planner/__init__.py)
Linked: (/home/katomaran-ros/catkin_ws8/devel/.private/patrol_planner/lib/python2.7/dist-packages/patrol_planner/msg/__init__.py, /home/katomaran-ros/catkin_ws8/devel/lib/python2.7/dist-packages/patrol_planner/msg/__init__.py)
Linked: (/home/katomaran-ros/catkin_ws8/devel/.private/patrol_planner/lib/python2.7/dist-packages/patrol_planner/msg/_PoseList.py, /home/katomaran-ros/catkin_ws8/devel/lib/python2.7/dist-packages/patrol_planner/msg/_PoseList.py)
Linked: (/home/katomaran-ros/catkin_ws8/devel/.private/patrol_planner/lib/python2.7/dist-packages/patrol_planner/msg/_Milestone.py, /home/katomaran-ros/catkin_ws8/devel/lib/python2.7/dist-packages/patrol_planner/msg/_Milestone.py)
Linked: (/home/katomaran-ros/catkin_ws8/devel/.private/patrol_planner/lib/python2.7/dist-packages/patrol_planner/msg/_Tabled.py, /home/katomaran-ros/catkin_ws8/devel/lib/python2.7/dist-packages/patrol_planner/msg/_Tabled.py)
Linked: (/home/katomaran-ros/catkin_ws8/devel/.private/patrol_planner/lib/python2.7/dist-packages/patrol_planner/srv/_Tl_gl.py, /home/katomaran-ros/catkin_ws8/devel/lib/python2.7/dist-packages/patrol_planner/srv/_Tl_gl.py)
Linked: (/home/katomaran-ros/catkin_ws8/devel/.private/patrol_planner/lib/python2.7/dist-packages/patrol_planner/srv/_GetPlan.py, /home/katomaran-ros/catkin_ws8/devel/lib/python2.7/dist-packages/patrol_planner/srv/_GetPlan.py)
Linked: (/home/katomaran-ros/catkin_ws8/devel/.private/patrol_planner/lib/python2.7/dist-packages/patrol_planner/srv/__init__.py, /home/katomaran-ros/catkin_ws8/devel/lib/python2.7/dist-packages/patrol_planner/srv/__init__.py)
Linked: (/home/katomaran-ros/catkin_ws8/devel/.private/patrol_planner/lib/python2.7/dist-packages/patrol_planner/srv/_Save.py, /home/katomaran-ros/catkin_ws8/devel/lib/python2.7/dist-packages/patrol_planner/srv/_Save.py)
Linked: (/home/katomaran-ros/catkin_ws8/devel/.private/patrol_planner/lib/python2.7/dist-packages/patrol_planner/srv/_Park.py, /home/katomaran-ros/catkin_ws8/devel/lib/python2.7/dist-packages/patrol_planner/srv/_Park.py)
Linked: (/home/katomaran-ros/catkin_ws8/devel/.private/patrol_planner/lib/python2.7/dist-packages/patrol_planner/srv/_GPSGoal.py, /home/katomaran-ros/catkin_ws8/devel/lib/python2.7/dist-packages/patrol_planner/srv/_GPSGoal.py)
Linked: (/home/katomaran-ros/catkin_ws8/devel/.private/patrol_planner/lib/python2.7/dist-packages/patrol_planner/srv/_PathLoad.py, /home/katomaran-ros/catkin_ws8/devel/lib/python2.7/dist-packages/patrol_planner/srv/_PathLoad.py)
Linked: (/home/katomaran-ros/catkin_ws8/devel/.private/patrol_planner/lib/python2.7/dist-packages/patrol_planner/srv/_Table.py, /home/katomaran-ros/catkin_ws8/devel/lib/python2.7/dist-packages/patrol_planner/srv/_Table.py)
Linked: (/home/katomaran-ros/catkin_ws8/devel/.private/patrol_planner/lib/python2.7/dist-packages/patrol_planner/srv/_Pause.py, /home/katomaran-ros/catkin_ws8/devel/lib/python2.7/dist-packages/patrol_planner/srv/_Pause.py)
Linked: (/home/katomaran-ros/catkin_ws8/devel/.private/patrol_planner/lib/python2.7/dist-packages/patrol_planner/srv/_Obstacle.py, /home/katomaran-ros/catkin_ws8/devel/lib/python2.7/dist-packages/patrol_planner/srv/_Obstacle.py)
Linked: (/home/katomaran-ros/catkin_ws8/devel/.private/patrol_planner/include/patrol_planner/TableRequest.h, /home/katomaran-ros/catkin_ws8/devel/include/patrol_planner/TableRequest.h)
Linked: (/home/katomaran-ros/catkin_ws8/devel/.private/patrol_planner/include/patrol_planner/SaveRequest.h, /home/katomaran-ros/catkin_ws8/devel/include/patrol_planner/SaveRequest.h)
Linked: (/home/katomaran-ros/catkin_ws8/devel/.private/patrol_planner/include/patrol_planner/ParkResponse.h, /home/katomaran-ros/catkin_ws8/devel/include/patrol_planner/ParkResponse.h)
Linked: (/home/katomaran-ros/catkin_ws8/devel/.private/patrol_planner/include/patrol_planner/GPSGoal.h, /home/katomaran-ros/catkin_ws8/devel/include/patrol_planner/GPSGoal.h)
Linked: (/home/katomaran-ros/catkin_ws8/devel/.private/patrol_planner/include/patrol_planner/Tabled.h, /home/katomaran-ros/catkin_ws8/devel/include/patrol_planner/Tabled.h)
Linked: (/home/katomaran-ros/catkin_ws8/devel/.private/patrol_planner/include/patrol_planner/PauseRequest.h, /home/katomaran-ros/catkin_ws8/devel/include/patrol_planner/PauseRequest.h)
Linked: (/home/katomaran-ros/catkin_ws8/devel/.private/patrol_planner/include/patrol_planner/Park.h, /home/katomaran-ros/catkin_ws8/devel/include/patrol_planner/Park.h)
Linked: (/home/katomaran-ros/catkin_ws8/devel/.private/patrol_planner/include/patrol_planner/PathLoadResponse.h, /home/katomaran-ros/catkin_ws8/devel/include/patrol_planner/PathLoadResponse.h)
Linked: (/home/katomaran-ros/catkin_ws8/devel/.private/patrol_planner/include/patrol_planner/Pause.h, /home/katomaran-ros/catkin_ws8/devel/include/patrol_planner/Pause.h)
Linked: (/home/katomaran-ros/catkin_ws8/devel/.private/patrol_planner/include/patrol_planner/Table.h, /home/katomaran-ros/catkin_ws8/devel/include/patrol_planner/Table.h)
Linked: (/home/katomaran-ros/catkin_ws8/devel/.private/patrol_planner/include/patrol_planner/Tl_gl.h, /home/katomaran-ros/catkin_ws8/devel/include/patrol_planner/Tl_gl.h)
Linked: (/home/katomaran-ros/catkin_ws8/devel/.private/patrol_planner/include/patrol_planner/ParkRequest.h, /home/katomaran-ros/catkin_ws8/devel/include/patrol_planner/ParkRequest.h)
Linked: (/home/katomaran-ros/catkin_ws8/devel/.private/patrol_planner/include/patrol_planner/PauseResponse.h, /home/katomaran-ros/catkin_ws8/devel/include/patrol_planner/PauseResponse.h)
Linked: (/home/katomaran-ros/catkin_ws8/devel/.private/patrol_planner/include/patrol_planner/TableResponse.h, /home/katomaran-ros/catkin_ws8/devel/include/patrol_planner/TableResponse.h)
Linked: (/home/katomaran-ros/catkin_ws8/devel/.private/patrol_planner/include/patrol_planner/PathLoadRequest.h, /home/katomaran-ros/catkin_ws8/devel/include/patrol_planner/PathLoadRequest.h)
Linked: (/home/katomaran-ros/catkin_ws8/devel/.private/patrol_planner/include/patrol_planner/Save.h, /home/katomaran-ros/catkin_ws8/devel/include/patrol_planner/Save.h)
Linked: (/home/katomaran-ros/catkin_ws8/devel/.private/patrol_planner/include/patrol_planner/Obstacle.h, /home/katomaran-ros/catkin_ws8/devel/include/patrol_planner/Obstacle.h)
Linked: (/home/katomaran-ros/catkin_ws8/devel/.private/patrol_planner/include/patrol_planner/GetPlanResponse.h, /home/katomaran-ros/catkin_ws8/devel/include/patrol_planner/GetPlanResponse.h)
Linked: (/home/katomaran-ros/catkin_ws8/devel/.private/patrol_planner/include/patrol_planner/SaveResponse.h, /home/katomaran-ros/catkin_ws8/devel/include/patrol_planner/SaveResponse.h)
Linked: (/home/katomaran-ros/catkin_ws8/devel/.private/patrol_planner/include/patrol_planner/Milestone.h, /home/katomaran-ros/catkin_ws8/devel/include/patrol_planner/Milestone.h)
Linked: (/home/katomaran-ros/catkin_ws8/devel/.private/patrol_planner/include/patrol_planner/PoseList.h, /home/katomaran-ros/catkin_ws8/devel/include/patrol_planner/PoseList.h)
Linked: (/home/katomaran-ros/catkin_ws8/devel/.private/patrol_planner/include/patrol_planner/ObstacleResponse.h, /home/katomaran-ros/catkin_ws8/devel/include/patrol_planner/ObstacleResponse.h)
Linked: (/home/katomaran-ros/catkin_ws8/devel/.private/patrol_planner/include/patrol_planner/Tl_glResponse.h, /home/katomaran-ros/catkin_ws8/devel/include/patrol_planner/Tl_glResponse.h)
Linked: (/home/katomaran-ros/catkin_ws8/devel/.private/patrol_planner/include/patrol_planner/ObstacleRequest.h, /home/katomaran-ros/catkin_ws8/devel/include/patrol_planner/ObstacleRequest.h)
Linked: (/home/katomaran-ros/catkin_ws8/devel/.private/patrol_planner/include/patrol_planner/GetPlanRequest.h, /home/katomaran-ros/catkin_ws8/devel/include/patrol_planner/GetPlanRequest.h)
Linked: (/home/katomaran-ros/catkin_ws8/devel/.private/patrol_planner/include/patrol_planner/GPSGoalRequest.h, /home/katomaran-ros/catkin_ws8/devel/include/patrol_planner/GPSGoalRequest.h)
Linked: (/home/katomaran-ros/catkin_ws8/devel/.private/patrol_planner/include/patrol_planner/GetPlan.h, /home/katomaran-ros/catkin_ws8/devel/include/patrol_planner/GetPlan.h)
Linked: (/home/katomaran-ros/catkin_ws8/devel/.private/patrol_planner/include/patrol_planner/Tl_glRequest.h, /home/katomaran-ros/catkin_ws8/devel/include/patrol_planner/Tl_glRequest.h)
Linked: (/home/katomaran-ros/catkin_ws8/devel/.private/patrol_planner/include/patrol_planner/GPSGoalResponse.h, /home/katomaran-ros/catkin_ws8/devel/include/patrol_planner/GPSGoalResponse.h)
Linked: (/home/katomaran-ros/catkin_ws8/devel/.private/patrol_planner/include/patrol_planner/PathLoad.h, /home/katomaran-ros/catkin_ws8/devel/include/patrol_planner/PathLoad.h)
