[  0%] Built target _patrol_planner_generate_messages_check_deps_PoseList
[  0%] Built target _patrol_planner_generate_messages_check_deps_Pause
[  0%] Built target _patrol_planner_generate_messages_check_deps_Table
[  0%] Built target _patrol_planner_generate_messages_check_deps_PathLoad
[  0%] Built target _patrol_planner_generate_messages_check_deps_Tl_gl
[  0%] Built target _patrol_planner_generate_messages_check_deps_Obstacle
[  0%] Built target _patrol_planner_generate_messages_check_deps_Tabled
[  0%] Built target _patrol_planner_generate_messages_check_deps_Park
[  0%] Built target _patrol_planner_generate_messages_check_deps_Save
[  0%] Built target _patrol_planner_generate_messages_check_deps_GetPlan
[  0%] Built target _patrol_planner_generate_messages_check_deps_GPSGoal
[  0%] Built target geometry_msgs_generate_messages_cpp
[  0%] Built target std_msgs_generate_messages_cpp
[  0%] Built target _patrol_planner_generate_messages_check_deps_Milestone
[  0%] Built target std_msgs_generate_messages_lisp
[  0%] Built target geometry_msgs_generate_messages_lisp
[  0%] Built target geometry_msgs_generate_messages_eus
[  0%] Built target std_msgs_generate_messages_eus
[  0%] Built target std_msgs_generate_messages_nodejs
[  0%] Built target geometry_msgs_generate_messages_nodejs
[  0%] Built target std_msgs_generate_messages_py
[  0%] Built target geometry_msgs_generate_messages_py
[  3%] Built target patrol_planner_lib
[ 21%] Built target patrol_planner_generate_messages_cpp
[ 40%] Built target patrol_planner_generate_messages_lisp
[ 60%] Built target patrol_planner_generate_messages_eus
[ 78%] Built target patrol_planner_generate_messages_nodejs
[100%] Built target patrol_planner_generate_messages_py
[100%] Built target patrol_planner_generate_messages
