Symlinking /home/katomaran-ros/catkin_ws8/devel/share/roseus/ros/roadmap_global_planner_msgs/manifest.l
Symlinking /home/katomaran-ros/catkin_ws8/devel/share/roseus/ros/roadmap_global_planner_msgs/msg/AdjacencyList.l
Symlinking /home/katomaran-ros/catkin_ws8/devel/share/roseus/ros/roadmap_global_planner_msgs/msg/PointList.l
Symlinking /home/katomaran-ros/catkin_ws8/devel/share/roseus/ros/roadmap_global_planner_msgs/msg/MapPair.l
Symlinking /home/katomaran-ros/catkin_ws8/devel/share/gennodejs/ros/roadmap_global_planner_msgs/_index.js
Symlinking /home/katomaran-ros/catkin_ws8/devel/share/gennodejs/ros/roadmap_global_planner_msgs/msg/_index.js
Symlinking /home/katomaran-ros/catkin_ws8/devel/share/gennodejs/ros/roadmap_global_planner_msgs/msg/MapPair.js
Symlinking /home/katomaran-ros/catkin_ws8/devel/share/gennodejs/ros/roadmap_global_planner_msgs/msg/AdjacencyList.js
Symlinking /home/katomaran-ros/catkin_ws8/devel/share/gennodejs/ros/roadmap_global_planner_msgs/msg/PointList.js
Symlinking /home/katomaran-ros/catkin_ws8/devel/share/roadmap_global_planner_msgs/cmake/roadmap_global_planner_msgs-msg-extras.cmake
Symlinking /home/katomaran-ros/catkin_ws8/devel/share/roadmap_global_planner_msgs/cmake/roadmap_global_planner_msgs-msg-paths.cmake
Symlinking /home/katomaran-ros/catkin_ws8/devel/share/roadmap_global_planner_msgs/cmake/roadmap_global_planner_msgsConfig.cmake
Symlinking /home/katomaran-ros/catkin_ws8/devel/share/roadmap_global_planner_msgs/cmake/roadmap_global_planner_msgsConfig-version.cmake
Symlinking /home/katomaran-ros/catkin_ws8/devel/share/common-lisp/ros/roadmap_global_planner_msgs/msg/MapPair.lisp
Symlinking /home/katomaran-ros/catkin_ws8/devel/share/common-lisp/ros/roadmap_global_planner_msgs/msg/_package.lisp
Symlinking /home/katomaran-ros/catkin_ws8/devel/share/common-lisp/ros/roadmap_global_planner_msgs/msg/roadmap_global_planner_msgs-msg.asd
Symlinking /home/katomaran-ros/catkin_ws8/devel/share/common-lisp/ros/roadmap_global_planner_msgs/msg/_package_MapPair.lisp
Symlinking /home/katomaran-ros/catkin_ws8/devel/share/common-lisp/ros/roadmap_global_planner_msgs/msg/AdjacencyList.lisp
Symlinking /home/katomaran-ros/catkin_ws8/devel/share/common-lisp/ros/roadmap_global_planner_msgs/msg/PointList.lisp
Symlinking /home/katomaran-ros/catkin_ws8/devel/share/common-lisp/ros/roadmap_global_planner_msgs/msg/_package_PointList.lisp
Symlinking /home/katomaran-ros/catkin_ws8/devel/share/common-lisp/ros/roadmap_global_planner_msgs/msg/_package_AdjacencyList.lisp
Symlinking /home/katomaran-ros/catkin_ws8/devel/lib/pkgconfig/roadmap_global_planner_msgs.pc
Symlinking /home/katomaran-ros/catkin_ws8/devel/lib/python2.7/dist-packages/roadmap_global_planner_msgs/__init__.py
Symlinking /home/katomaran-ros/catkin_ws8/devel/lib/python2.7/dist-packages/roadmap_global_planner_msgs/msg/_PointList.py
Symlinking /home/katomaran-ros/catkin_ws8/devel/lib/python2.7/dist-packages/roadmap_global_planner_msgs/msg/_MapPair.py
Symlinking /home/katomaran-ros/catkin_ws8/devel/lib/python2.7/dist-packages/roadmap_global_planner_msgs/msg/__init__.py
Symlinking /home/katomaran-ros/catkin_ws8/devel/lib/python2.7/dist-packages/roadmap_global_planner_msgs/msg/_AdjacencyList.py
Symlinking /home/katomaran-ros/catkin_ws8/devel/include/roadmap_global_planner_msgs/PointList.h
Symlinking /home/katomaran-ros/catkin_ws8/devel/include/roadmap_global_planner_msgs/AdjacencyList.h
Symlinking /home/katomaran-ros/catkin_ws8/devel/include/roadmap_global_planner_msgs/MapPair.h
