Determining if the pthread_create exist failed with the following output:
Change Dir: /home/katomaran-ros/catkin_ws8/build/husky_navigation/CMakeFiles/CMakeTmp

Run Build Command:"/usr/bin/make" "cmTC_db7ed/fast"
/usr/bin/make -f CMakeFiles/cmTC_db7ed.dir/build.make CMakeFiles/cmTC_db7ed.dir/build
make[1]: Entering directory '/home/katomaran-ros/catkin_ws8/build/husky_navigation/CMakeFiles/CMakeTmp'
Building C object CMakeFiles/cmTC_db7ed.dir/CheckSymbolExists.c.o
/usr/bin/cc     -o CMakeFiles/cmTC_db7ed.dir/CheckSymbolExists.c.o   -c /home/katomaran-ros/catkin_ws8/build/husky_navigation/CMakeFiles/CMakeTmp/CheckSymbolExists.c
Linking C executable cmTC_db7ed
/usr/bin/cmake -E cmake_link_script CMakeFiles/cmTC_db7ed.dir/link.txt --verbose=1
/usr/bin/cc       CMakeFiles/cmTC_db7ed.dir/CheckSymbolExists.c.o  -o cmTC_db7ed -rdynamic 
CMakeFiles/cmTC_db7ed.dir/CheckSymbolExists.c.o: In function `main':
CheckSymbolExists.c:(.text+0x16): undefined reference to `pthread_create'
collect2: error: ld returned 1 exit status
CMakeFiles/cmTC_db7ed.dir/build.make:97: recipe for target 'cmTC_db7ed' failed
make[1]: *** [cmTC_db7ed] Error 1
make[1]: Leaving directory '/home/katomaran-ros/catkin_ws8/build/husky_navigation/CMakeFiles/CMakeTmp'
Makefile:126: recipe for target 'cmTC_db7ed/fast' failed
make: *** [cmTC_db7ed/fast] Error 2

File /home/katomaran-ros/catkin_ws8/build/husky_navigation/CMakeFiles/CMakeTmp/CheckSymbolExists.c:
/* */
#include <pthread.h>

int main(int argc, char** argv)
{
  (void)argv;
#ifndef pthread_create
  return ((int*)(&pthread_create))[argc];
#else
  (void)argc;
  return 0;
#endif
}

Determining if the function pthread_create exists in the pthreads failed with the following output:
Change Dir: /home/katomaran-ros/catkin_ws8/build/husky_navigation/CMakeFiles/CMakeTmp

Run Build Command:"/usr/bin/make" "cmTC_6daf4/fast"
/usr/bin/make -f CMakeFiles/cmTC_6daf4.dir/build.make CMakeFiles/cmTC_6daf4.dir/build
make[1]: Entering directory '/home/katomaran-ros/catkin_ws8/build/husky_navigation/CMakeFiles/CMakeTmp'
Building C object CMakeFiles/cmTC_6daf4.dir/CheckFunctionExists.c.o
/usr/bin/cc    -DCHECK_FUNCTION_EXISTS=pthread_create   -o CMakeFiles/cmTC_6daf4.dir/CheckFunctionExists.c.o   -c /usr/share/cmake-3.5/Modules/CheckFunctionExists.c
Linking C executable cmTC_6daf4
/usr/bin/cmake -E cmake_link_script CMakeFiles/cmTC_6daf4.dir/link.txt --verbose=1
/usr/bin/cc   -DCHECK_FUNCTION_EXISTS=pthread_create    CMakeFiles/cmTC_6daf4.dir/CheckFunctionExists.c.o  -o cmTC_6daf4 -rdynamic -lpthreads 
/usr/bin/ld: cannot find -lpthreads
collect2: error: ld returned 1 exit status
CMakeFiles/cmTC_6daf4.dir/build.make:97: recipe for target 'cmTC_6daf4' failed
make[1]: *** [cmTC_6daf4] Error 1
make[1]: Leaving directory '/home/katomaran-ros/catkin_ws8/build/husky_navigation/CMakeFiles/CMakeTmp'
Makefile:126: recipe for target 'cmTC_6daf4/fast' failed
make: *** [cmTC_6daf4/fast] Error 2


