Determining if the pthread_create exist failed with the following output:
Change Dir: /home/katomaran-ros/catkin_ws8/build/husky_base/CMakeFiles/CMakeTmp

Run Build Command:"/usr/bin/make" "cmTC_bcb91/fast"
/usr/bin/make -f CMakeFiles/cmTC_bcb91.dir/build.make CMakeFiles/cmTC_bcb91.dir/build
make[1]: Entering directory '/home/katomaran-ros/catkin_ws8/build/husky_base/CMakeFiles/CMakeTmp'
Building C object CMakeFiles/cmTC_bcb91.dir/CheckSymbolExists.c.o
/usr/bin/cc     -o CMakeFiles/cmTC_bcb91.dir/CheckSymbolExists.c.o   -c /home/katomaran-ros/catkin_ws8/build/husky_base/CMakeFiles/CMakeTmp/CheckSymbolExists.c
Linking C executable cmTC_bcb91
/usr/bin/cmake -E cmake_link_script CMakeFiles/cmTC_bcb91.dir/link.txt --verbose=1
/usr/bin/cc       CMakeFiles/cmTC_bcb91.dir/CheckSymbolExists.c.o  -o cmTC_bcb91 -rdynamic 
CMakeFiles/cmTC_bcb91.dir/CheckSymbolExists.c.o: In function `main':
CheckSymbolExists.c:(.text+0x16): undefined reference to `pthread_create'
collect2: error: ld returned 1 exit status
CMakeFiles/cmTC_bcb91.dir/build.make:97: recipe for target 'cmTC_bcb91' failed
make[1]: *** [cmTC_bcb91] Error 1
make[1]: Leaving directory '/home/katomaran-ros/catkin_ws8/build/husky_base/CMakeFiles/CMakeTmp'
Makefile:126: recipe for target 'cmTC_bcb91/fast' failed
make: *** [cmTC_bcb91/fast] Error 2

File /home/katomaran-ros/catkin_ws8/build/husky_base/CMakeFiles/CMakeTmp/CheckSymbolExists.c:
/* */
#include <pthread.h>

int main(int argc, char** argv)
{
  (void)argv;
#ifndef pthread_create
  return ((int*)(&pthread_create))[argc];
#else
  (void)argc;
  return 0;
#endif
}

Determining if the function pthread_create exists in the pthreads failed with the following output:
Change Dir: /home/katomaran-ros/catkin_ws8/build/husky_base/CMakeFiles/CMakeTmp

Run Build Command:"/usr/bin/make" "cmTC_8efcc/fast"
/usr/bin/make -f CMakeFiles/cmTC_8efcc.dir/build.make CMakeFiles/cmTC_8efcc.dir/build
make[1]: Entering directory '/home/katomaran-ros/catkin_ws8/build/husky_base/CMakeFiles/CMakeTmp'
Building C object CMakeFiles/cmTC_8efcc.dir/CheckFunctionExists.c.o
/usr/bin/cc    -DCHECK_FUNCTION_EXISTS=pthread_create   -o CMakeFiles/cmTC_8efcc.dir/CheckFunctionExists.c.o   -c /usr/share/cmake-3.5/Modules/CheckFunctionExists.c
Linking C executable cmTC_8efcc
/usr/bin/cmake -E cmake_link_script CMakeFiles/cmTC_8efcc.dir/link.txt --verbose=1
/usr/bin/cc   -DCHECK_FUNCTION_EXISTS=pthread_create    CMakeFiles/cmTC_8efcc.dir/CheckFunctionExists.c.o  -o cmTC_8efcc -rdynamic -lpthreads 
/usr/bin/ld: cannot find -lpthreads
collect2: error: ld returned 1 exit status
CMakeFiles/cmTC_8efcc.dir/build.make:97: recipe for target 'cmTC_8efcc' failed
make[1]: *** [cmTC_8efcc] Error 1
make[1]: Leaving directory '/home/katomaran-ros/catkin_ws8/build/husky_base/CMakeFiles/CMakeTmp'
Makefile:126: recipe for target 'cmTC_8efcc/fast' failed
make: *** [cmTC_8efcc/fast] Error 2


