Determining if the pthread_create exist failed with the following output:
Change Dir: /home/katomaran-ros/catkin_ws8/build/waypoint_global_planner/CMakeFiles/CMakeTmp

Run Build Command:"/usr/bin/make" "cmTC_26bcb/fast"
/usr/bin/make -f CMakeFiles/cmTC_26bcb.dir/build.make CMakeFiles/cmTC_26bcb.dir/build
make[1]: Entering directory '/home/katomaran-ros/catkin_ws8/build/waypoint_global_planner/CMakeFiles/CMakeTmp'
Building C object CMakeFiles/cmTC_26bcb.dir/CheckSymbolExists.c.o
/usr/bin/cc     -o CMakeFiles/cmTC_26bcb.dir/CheckSymbolExists.c.o   -c /home/katomaran-ros/catkin_ws8/build/waypoint_global_planner/CMakeFiles/CMakeTmp/CheckSymbolExists.c
Linking C executable cmTC_26bcb
/usr/bin/cmake -E cmake_link_script CMakeFiles/cmTC_26bcb.dir/link.txt --verbose=1
/usr/bin/cc       CMakeFiles/cmTC_26bcb.dir/CheckSymbolExists.c.o  -o cmTC_26bcb -rdynamic 
CMakeFiles/cmTC_26bcb.dir/CheckSymbolExists.c.o: In function `main':
CheckSymbolExists.c:(.text+0x16): undefined reference to `pthread_create'
collect2: error: ld returned 1 exit status
CMakeFiles/cmTC_26bcb.dir/build.make:97: recipe for target 'cmTC_26bcb' failed
make[1]: *** [cmTC_26bcb] Error 1
make[1]: Leaving directory '/home/katomaran-ros/catkin_ws8/build/waypoint_global_planner/CMakeFiles/CMakeTmp'
Makefile:126: recipe for target 'cmTC_26bcb/fast' failed
make: *** [cmTC_26bcb/fast] Error 2

File /home/katomaran-ros/catkin_ws8/build/waypoint_global_planner/CMakeFiles/CMakeTmp/CheckSymbolExists.c:
/* */
#include <pthread.h>

int main(int argc, char** argv)
{
  (void)argv;
#ifndef pthread_create
  return ((int*)(&pthread_create))[argc];
#else
  (void)argc;
  return 0;
#endif
}

Determining if the function pthread_create exists in the pthreads failed with the following output:
Change Dir: /home/katomaran-ros/catkin_ws8/build/waypoint_global_planner/CMakeFiles/CMakeTmp

Run Build Command:"/usr/bin/make" "cmTC_19773/fast"
/usr/bin/make -f CMakeFiles/cmTC_19773.dir/build.make CMakeFiles/cmTC_19773.dir/build
make[1]: Entering directory '/home/katomaran-ros/catkin_ws8/build/waypoint_global_planner/CMakeFiles/CMakeTmp'
Building C object CMakeFiles/cmTC_19773.dir/CheckFunctionExists.c.o
/usr/bin/cc    -DCHECK_FUNCTION_EXISTS=pthread_create   -o CMakeFiles/cmTC_19773.dir/CheckFunctionExists.c.o   -c /usr/share/cmake-3.5/Modules/CheckFunctionExists.c
Linking C executable cmTC_19773
/usr/bin/cmake -E cmake_link_script CMakeFiles/cmTC_19773.dir/link.txt --verbose=1
/usr/bin/cc   -DCHECK_FUNCTION_EXISTS=pthread_create    CMakeFiles/cmTC_19773.dir/CheckFunctionExists.c.o  -o cmTC_19773 -rdynamic -lpthreads 
/usr/bin/ld: cannot find -lpthreads
collect2: error: ld returned 1 exit status
CMakeFiles/cmTC_19773.dir/build.make:97: recipe for target 'cmTC_19773' failed
make[1]: *** [cmTC_19773] Error 1
make[1]: Leaving directory '/home/katomaran-ros/catkin_ws8/build/waypoint_global_planner/CMakeFiles/CMakeTmp'
Makefile:126: recipe for target 'cmTC_19773/fast' failed
make: *** [cmTC_19773/fast] Error 2


