Determining if the pthread_create exist failed with the following output:
Change Dir: /home/katomaran-ros/catkin_ws8/build/husky_bringup/CMakeFiles/CMakeTmp

Run Build Command:"/usr/bin/make" "cmTC_c94fe/fast"
/usr/bin/make -f CMakeFiles/cmTC_c94fe.dir/build.make CMakeFiles/cmTC_c94fe.dir/build
make[1]: Entering directory '/home/katomaran-ros/catkin_ws8/build/husky_bringup/CMakeFiles/CMakeTmp'
Building C object CMakeFiles/cmTC_c94fe.dir/CheckSymbolExists.c.o
/usr/bin/cc     -o CMakeFiles/cmTC_c94fe.dir/CheckSymbolExists.c.o   -c /home/katomaran-ros/catkin_ws8/build/husky_bringup/CMakeFiles/CMakeTmp/CheckSymbolExists.c
Linking C executable cmTC_c94fe
/usr/bin/cmake -E cmake_link_script CMakeFiles/cmTC_c94fe.dir/link.txt --verbose=1
/usr/bin/cc       CMakeFiles/cmTC_c94fe.dir/CheckSymbolExists.c.o  -o cmTC_c94fe -rdynamic 
CMakeFiles/cmTC_c94fe.dir/CheckSymbolExists.c.o: In function `main':
CheckSymbolExists.c:(.text+0x16): undefined reference to `pthread_create'
collect2: error: ld returned 1 exit status
CMakeFiles/cmTC_c94fe.dir/build.make:97: recipe for target 'cmTC_c94fe' failed
make[1]: *** [cmTC_c94fe] Error 1
make[1]: Leaving directory '/home/katomaran-ros/catkin_ws8/build/husky_bringup/CMakeFiles/CMakeTmp'
Makefile:126: recipe for target 'cmTC_c94fe/fast' failed
make: *** [cmTC_c94fe/fast] Error 2

File /home/katomaran-ros/catkin_ws8/build/husky_bringup/CMakeFiles/CMakeTmp/CheckSymbolExists.c:
/* */
#include <pthread.h>

int main(int argc, char** argv)
{
  (void)argv;
#ifndef pthread_create
  return ((int*)(&pthread_create))[argc];
#else
  (void)argc;
  return 0;
#endif
}

Determining if the function pthread_create exists in the pthreads failed with the following output:
Change Dir: /home/katomaran-ros/catkin_ws8/build/husky_bringup/CMakeFiles/CMakeTmp

Run Build Command:"/usr/bin/make" "cmTC_0ef0c/fast"
/usr/bin/make -f CMakeFiles/cmTC_0ef0c.dir/build.make CMakeFiles/cmTC_0ef0c.dir/build
make[1]: Entering directory '/home/katomaran-ros/catkin_ws8/build/husky_bringup/CMakeFiles/CMakeTmp'
Building C object CMakeFiles/cmTC_0ef0c.dir/CheckFunctionExists.c.o
/usr/bin/cc    -DCHECK_FUNCTION_EXISTS=pthread_create   -o CMakeFiles/cmTC_0ef0c.dir/CheckFunctionExists.c.o   -c /usr/share/cmake-3.5/Modules/CheckFunctionExists.c
Linking C executable cmTC_0ef0c
/usr/bin/cmake -E cmake_link_script CMakeFiles/cmTC_0ef0c.dir/link.txt --verbose=1
/usr/bin/cc   -DCHECK_FUNCTION_EXISTS=pthread_create    CMakeFiles/cmTC_0ef0c.dir/CheckFunctionExists.c.o  -o cmTC_0ef0c -rdynamic -lpthreads 
/usr/bin/ld: cannot find -lpthreads
collect2: error: ld returned 1 exit status
CMakeFiles/cmTC_0ef0c.dir/build.make:97: recipe for target 'cmTC_0ef0c' failed
make[1]: *** [cmTC_0ef0c] Error 1
make[1]: Leaving directory '/home/katomaran-ros/catkin_ws8/build/husky_bringup/CMakeFiles/CMakeTmp'
Makefile:126: recipe for target 'cmTC_0ef0c/fast' failed
make: *** [cmTC_0ef0c/fast] Error 2


